2018-09-25 11:38:20.764 [main] DEBUG org.apache.ibatis.logging.LogFactory - Logging initialized using 'class org.apache.ibatis.logging.slf4j.Slf4jImpl' adapter.
2018-09-25 11:38:22.135 [main] DEBUG druid.sql.Connection - {conn-10001} connected
2018-09-25 11:38:22.135 [main] DEBUG druid.sql.Connection - {conn-10001} connected
2018-09-25 11:38:22.212 [main] DEBUG druid.sql.Connection - {conn-10002} connected
2018-09-25 11:38:22.213 [main] DEBUG druid.sql.Connection - {conn-10002} connected
2018-09-25 11:38:22.702 [main] DEBUG org.mybatis.spring.SqlSessionFactoryBean - Parsed configuration file: 'class path resource [mybatis-config.xml]'
2018-09-25 11:38:22.783 [main] DEBUG org.mybatis.spring.SqlSessionFactoryBean - Parsed mapper file: 'file [/Users/fangwending/github/x/tuanche/taisf-service/target/classes/com/taisf/services/order/dao/map/orderMoney.xml]'
2018-09-25 11:38:22.803 [main] DEBUG org.mybatis.spring.SqlSessionFactoryBean - Parsed mapper file: 'file [/Users/fangwending/github/x/tuanche/taisf-service/target/classes/com/taisf/services/order/dao/map/orderBase.xml]'
2018-09-25 11:38:22.813 [main] DEBUG org.mybatis.spring.SqlSessionFactoryBean - Parsed mapper file: 'file [/Users/fangwending/github/x/tuanche/taisf-service/target/classes/com/taisf/services/order/dao/map/orderPay.xml]'
2018-09-25 11:38:22.840 [main] DEBUG org.mybatis.spring.SqlSessionFactoryBean - Parsed mapper file: 'file [/Users/fangwending/github/x/tuanche/taisf-service/target/classes/com/taisf/services/order/dao/map/orderInfoDao.xml]'
2018-09-25 11:38:22.851 [main] DEBUG org.mybatis.spring.SqlSessionFactoryBean - Parsed mapper file: 'file [/Users/fangwending/github/x/tuanche/taisf-service/target/classes/com/taisf/services/order/dao/map/orderProductDao.xml]'
2018-09-25 11:38:22.861 [main] DEBUG org.mybatis.spring.SqlSessionFactoryBean - Parsed mapper file: 'file [/Users/fangwending/github/x/tuanche/taisf-service/target/classes/com/taisf/services/order/dao/map/orderActivityDao.xml]'
2018-09-25 11:38:22.872 [main] DEBUG org.mybatis.spring.SqlSessionFactoryBean - Parsed mapper file: 'file [/Users/fangwending/github/x/tuanche/taisf-service/target/classes/com/taisf/services/order/dao/map/orderLogDao.xml]'
2018-09-25 11:38:22.886 [main] DEBUG org.mybatis.spring.SqlSessionFactoryBean - Parsed mapper file: 'file [/Users/fangwending/github/x/tuanche/taisf-service/target/classes/com/taisf/services/order/dao/map/cartDao.xml]'
2018-09-25 11:38:22.897 [main] DEBUG org.mybatis.spring.SqlSessionFactoryBean - Parsed mapper file: 'file [/Users/fangwending/github/x/tuanche/taisf-service/target/classes/com/taisf/services/classify/dao/map/productClassifyDao.xml]'
2018-09-25 11:38:22.908 [main] DEBUG org.mybatis.spring.SqlSessionFactoryBean - Parsed mapper file: 'file [/Users/fangwending/github/x/tuanche/taisf-service/target/classes/com/taisf/services/enterprise/dao/map/enterpriseContactsDao.xml]'
2018-09-25 11:38:22.923 [main] DEBUG org.mybatis.spring.SqlSessionFactoryBean - Parsed mapper file: 'file [/Users/fangwending/github/x/tuanche/taisf-service/target/classes/com/taisf/services/enterprise/dao/map/enterpriseDayDao.xml]'
2018-09-25 11:38:22.938 [main] DEBUG org.mybatis.spring.SqlSessionFactoryBean - Parsed mapper file: 'file [/Users/fangwending/github/x/tuanche/taisf-service/target/classes/com/taisf/services/enterprise/dao/map/enterpriseDao.xml]'
2018-09-25 11:38:22.946 [main] DEBUG org.mybatis.spring.SqlSessionFactoryBean - Parsed mapper file: 'file [/Users/fangwending/github/x/tuanche/taisf-service/target/classes/com/taisf/services/enterprise/dao/map/enterpriseConfigDao.xml]'
2018-09-25 11:38:22.956 [main] DEBUG org.mybatis.spring.SqlSessionFactoryBean - Parsed mapper file: 'file [/Users/fangwending/github/x/tuanche/taisf-service/target/classes/com/taisf/services/enterprise/dao/map/enterpriseAddressDao.xml]'
2018-09-25 11:38:22.963 [main] DEBUG org.mybatis.spring.SqlSessionFactoryBean - Parsed mapper file: 'file [/Users/fangwending/github/x/tuanche/taisf-service/target/classes/com/taisf/services/enterprise/dao/map/enterpriseFinanceDao.xml]'
2018-09-25 11:38:22.973 [main] DEBUG org.mybatis.spring.SqlSessionFactoryBean - Parsed mapper file: 'file [/Users/fangwending/github/x/tuanche/taisf-service/target/classes/com/taisf/services/pay/dao/map/rechargeOrderDao.xml]'
2018-09-25 11:38:22.981 [main] DEBUG org.mybatis.spring.SqlSessionFactoryBean - Parsed mapper file: 'file [/Users/fangwending/github/x/tuanche/taisf-service/target/classes/com/taisf/services/pay/dao/map/payRecordDao.xml]'
2018-09-25 11:38:22.989 [main] DEBUG org.mybatis.spring.SqlSessionFactoryBean - Parsed mapper file: 'file [/Users/fangwending/github/x/tuanche/taisf-service/target/classes/com/taisf/services/user/dao/map/loginTokenDao.xml]'
2018-09-25 11:38:23.017 [main] DEBUG org.mybatis.spring.SqlSessionFactoryBean - Parsed mapper file: 'file [/Users/fangwending/github/x/tuanche/taisf-service/target/classes/com/taisf/services/user/dao/map/userDao.xml]'
2018-09-25 11:38:23.025 [main] DEBUG org.mybatis.spring.SqlSessionFactoryBean - Parsed mapper file: 'file [/Users/fangwending/github/x/tuanche/taisf-service/target/classes/com/taisf/services/user/dao/map/userAddressDao.xml]'
2018-09-25 11:38:23.038 [main] DEBUG org.mybatis.spring.SqlSessionFactoryBean - Parsed mapper file: 'file [/Users/fangwending/github/x/tuanche/taisf-service/target/classes/com/taisf/services/user/dao/map/accountLogDao.xml]'
2018-09-25 11:38:23.074 [main] DEBUG org.mybatis.spring.SqlSessionFactoryBean - Parsed mapper file: 'file [/Users/fangwending/github/x/tuanche/taisf-service/target/classes/com/taisf/services/user/dao/map/userAccountDao.xml]'
2018-09-25 11:38:23.092 [main] DEBUG org.mybatis.spring.SqlSessionFactoryBean - Parsed mapper file: 'file [/Users/fangwending/github/x/tuanche/taisf-service/target/classes/com/taisf/services/product/dao/map/ProductDao.xml]'
2018-09-25 11:38:23.115 [main] DEBUG org.mybatis.spring.SqlSessionFactoryBean - Parsed mapper file: 'file [/Users/fangwending/github/x/tuanche/taisf-service/target/classes/com/taisf/services/supplier/dao/map/supplierPackageDao.xml]'
2018-09-25 11:38:23.137 [main] DEBUG org.mybatis.spring.SqlSessionFactoryBean - Parsed mapper file: 'file [/Users/fangwending/github/x/tuanche/taisf-service/target/classes/com/taisf/services/supplier/dao/map/supplierContactsDao.xml]'
2018-09-25 11:38:23.152 [main] DEBUG org.mybatis.spring.SqlSessionFactoryBean - Parsed mapper file: 'file [/Users/fangwending/github/x/tuanche/taisf-service/target/classes/com/taisf/services/supplier/dao/map/supplierProductDao.xml]'
2018-09-25 11:38:23.165 [main] DEBUG org.mybatis.spring.SqlSessionFactoryBean - Parsed mapper file: 'file [/Users/fangwending/github/x/tuanche/taisf-service/target/classes/com/taisf/services/supplier/dao/map/supplierFinanceDao.xml]'
2018-09-25 11:38:23.188 [main] DEBUG org.mybatis.spring.SqlSessionFactoryBean - Parsed mapper file: 'file [/Users/fangwending/github/x/tuanche/taisf-service/target/classes/com/taisf/services/supplier/dao/map/supplierDao.xml]'
2018-09-25 11:38:23.201 [main] DEBUG org.mybatis.spring.SqlSessionFactoryBean - Parsed mapper file: 'file [/Users/fangwending/github/x/tuanche/taisf-service/target/classes/com/taisf/services/supplier/dao/map/supplierPrintterDao.xml]'
2018-09-25 11:38:23.219 [main] DEBUG org.mybatis.spring.SqlSessionFactoryBean - Parsed mapper file: 'file [/Users/fangwending/github/x/tuanche/taisf-service/target/classes/com/taisf/services/supplier/dao/map/supplierExtDao.xml]'
2018-09-25 11:38:23.230 [main] DEBUG org.mybatis.spring.SqlSessionFactoryBean - Parsed mapper file: 'file [/Users/fangwending/github/x/tuanche/taisf-service/target/classes/com/taisf/services/window/dao/map/supplierWindowDao.xml]'
2018-09-25 11:38:23.250 [main] DEBUG org.mybatis.spring.SqlSessionFactoryBean - Parsed mapper file: 'file [/Users/fangwending/github/x/tuanche/taisf-service/target/classes/com/taisf/services/recharge/dao/map/rechargeDao.xml]'
2018-09-25 11:38:23.260 [main] DEBUG org.mybatis.spring.SqlSessionFactoryBean - Parsed mapper file: 'file [/Users/fangwending/github/x/tuanche/taisf-service/target/classes/com/taisf/services/recharge/dao/map/rechargeLogDao.xml]'
2018-09-25 11:38:23.269 [main] DEBUG org.mybatis.spring.SqlSessionFactoryBean - Parsed mapper file: 'file [/Users/fangwending/github/x/tuanche/taisf-service/target/classes/com/taisf/services/stock/dao/map/stockProductMapper.xml]'
2018-09-25 11:38:23.278 [main] DEBUG org.mybatis.spring.SqlSessionFactoryBean - Parsed mapper file: 'file [/Users/fangwending/github/x/tuanche/taisf-service/target/classes/com/taisf/services/stock/dao/map/stockWeekMapper.xml]'
2018-09-25 11:38:23.292 [main] DEBUG org.mybatis.spring.SqlSessionFactoryBean - Parsed mapper file: 'file [/Users/fangwending/github/x/tuanche/taisf-service/target/classes/com/taisf/services/check/dao/map/orderStatsDao.xml]'
2018-09-25 11:38:23.300 [main] DEBUG org.mybatis.spring.SqlSessionFactoryBean - Parsed mapper file: 'file [/Users/fangwending/github/x/tuanche/taisf-service/target/classes/com/taisf/services/refund/dao/map/refundLogDao.xml]'
2018-09-25 11:38:23.317 [main] DEBUG org.mybatis.spring.SqlSessionFactoryBean - Parsed mapper file: 'file [/Users/fangwending/github/x/tuanche/taisf-service/target/classes/com/taisf/services/refund/dao/map/refundDao.xml]'
2018-09-25 11:38:23.339 [main] DEBUG org.mybatis.spring.SqlSessionFactoryBean - Parsed mapper file: 'file [/Users/fangwending/github/x/tuanche/taisf-service/target/classes/com/taisf/services/base/dao/map/upGradeDao.xml]'
2018-09-25 11:38:23.351 [main] DEBUG org.mybatis.spring.SqlSessionFactoryBean - Parsed mapper file: 'file [/Users/fangwending/github/x/tuanche/taisf-service/target/classes/com/taisf/services/base/dao/map/areaRegionDao.xml]'
2018-09-25 11:38:23.370 [main] DEBUG org.mybatis.spring.SqlSessionFactoryBean - Parsed mapper file: 'file [/Users/fangwending/github/x/tuanche/ups-service/target/classes/com/taisf/services/ups/dao/map/roleDao.xml]'
2018-09-25 11:38:23.388 [main] DEBUG org.mybatis.spring.SqlSessionFactoryBean - Parsed mapper file: 'file [/Users/fangwending/github/x/tuanche/ups-service/target/classes/com/taisf/services/ups/dao/map/roleResDao.xml]'
2018-09-25 11:38:23.403 [main] DEBUG org.mybatis.spring.SqlSessionFactoryBean - Parsed mapper file: 'file [/Users/fangwending/github/x/tuanche/ups-service/target/classes/com/taisf/services/ups/dao/map/employeeDao.xml]'
2018-09-25 11:38:23.431 [main] DEBUG org.mybatis.spring.SqlSessionFactoryBean - Parsed mapper file: 'file [/Users/fangwending/github/x/tuanche/ups-service/target/classes/com/taisf/services/ups/dao/map/resourceDao.xml]'
2018-09-25 11:38:23.478 [main] DEBUG org.mybatis.spring.SqlSessionFactoryBean - Parsed mapper file: 'file [/Users/fangwending/github/x/tuanche/ups-service/target/classes/com/taisf/services/ups/dao/map/employeeRoleDao.xml]'
2018-09-25 11:38:23.485 [main] DEBUG org.mybatis.spring.SqlSessionFactoryBean - Parsed mapper file: 'file [/Users/fangwending/github/x/tuanche/push-service/target/classes/com/taisf/services/device/dao/map/deviceDao.xml]'
2018-09-25 11:38:23.843 [main] DEBUG druid.sql.Connection - {conn-110001} connected
2018-09-25 11:38:23.844 [main] DEBUG druid.sql.Connection - {conn-110001} connected
2018-09-25 11:38:24.148 [main] DEBUG druid.sql.Connection - {conn-110002} connected
2018-09-25 11:38:24.148 [main] DEBUG druid.sql.Connection - {conn-110002} connected
2018-09-25 11:38:24.206 [main] DEBUG org.mybatis.spring.SqlSessionFactoryBean - Parsed configuration file: 'class path resource [mybatis-config.xml]'
2018-09-25 11:38:24.214 [main] DEBUG org.mybatis.spring.SqlSessionFactoryBean - Parsed mapper file: 'file [/Users/fangwending/github/x/tuanche/taisf-service/target/classes/com/taisf/services/order/dao/map/orderMoney.xml]'
2018-09-25 11:38:24.222 [main] DEBUG org.mybatis.spring.SqlSessionFactoryBean - Parsed mapper file: 'file [/Users/fangwending/github/x/tuanche/taisf-service/target/classes/com/taisf/services/order/dao/map/orderBase.xml]'
2018-09-25 11:38:24.233 [main] DEBUG org.mybatis.spring.SqlSessionFactoryBean - Parsed mapper file: 'file [/Users/fangwending/github/x/tuanche/taisf-service/target/classes/com/taisf/services/order/dao/map/orderPay.xml]'
2018-09-25 11:38:24.241 [main] DEBUG org.mybatis.spring.SqlSessionFactoryBean - Parsed mapper file: 'file [/Users/fangwending/github/x/tuanche/taisf-service/target/classes/com/taisf/services/order/dao/map/orderInfoDao.xml]'
2018-09-25 11:38:24.245 [main] DEBUG org.mybatis.spring.SqlSessionFactoryBean - Parsed mapper file: 'file [/Users/fangwending/github/x/tuanche/taisf-service/target/classes/com/taisf/services/order/dao/map/orderProductDao.xml]'
2018-09-25 11:38:24.250 [main] DEBUG org.mybatis.spring.SqlSessionFactoryBean - Parsed mapper file: 'file [/Users/fangwending/github/x/tuanche/taisf-service/target/classes/com/taisf/services/order/dao/map/orderActivityDao.xml]'
2018-09-25 11:38:24.259 [main] DEBUG org.mybatis.spring.SqlSessionFactoryBean - Parsed mapper file: 'file [/Users/fangwending/github/x/tuanche/taisf-service/target/classes/com/taisf/services/order/dao/map/orderLogDao.xml]'
2018-09-25 11:38:24.264 [main] DEBUG org.mybatis.spring.SqlSessionFactoryBean - Parsed mapper file: 'file [/Users/fangwending/github/x/tuanche/taisf-service/target/classes/com/taisf/services/order/dao/map/cartDao.xml]'
2018-09-25 11:38:24.269 [main] DEBUG org.mybatis.spring.SqlSessionFactoryBean - Parsed mapper file: 'file [/Users/fangwending/github/x/tuanche/taisf-service/target/classes/com/taisf/services/classify/dao/map/productClassifyDao.xml]'
2018-09-25 11:38:24.274 [main] DEBUG org.mybatis.spring.SqlSessionFactoryBean - Parsed mapper file: 'file [/Users/fangwending/github/x/tuanche/taisf-service/target/classes/com/taisf/services/enterprise/dao/map/enterpriseContactsDao.xml]'
2018-09-25 11:38:24.279 [main] DEBUG org.mybatis.spring.SqlSessionFactoryBean - Parsed mapper file: 'file [/Users/fangwending/github/x/tuanche/taisf-service/target/classes/com/taisf/services/enterprise/dao/map/enterpriseDayDao.xml]'
2018-09-25 11:38:24.286 [main] DEBUG org.mybatis.spring.SqlSessionFactoryBean - Parsed mapper file: 'file [/Users/fangwending/github/x/tuanche/taisf-service/target/classes/com/taisf/services/enterprise/dao/map/enterpriseDao.xml]'
2018-09-25 11:38:24.290 [main] DEBUG org.mybatis.spring.SqlSessionFactoryBean - Parsed mapper file: 'file [/Users/fangwending/github/x/tuanche/taisf-service/target/classes/com/taisf/services/enterprise/dao/map/enterpriseConfigDao.xml]'
2018-09-25 11:38:24.296 [main] DEBUG org.mybatis.spring.SqlSessionFactoryBean - Parsed mapper file: 'file [/Users/fangwending/github/x/tuanche/taisf-service/target/classes/com/taisf/services/enterprise/dao/map/enterpriseAddressDao.xml]'
2018-09-25 11:38:24.300 [main] DEBUG org.mybatis.spring.SqlSessionFactoryBean - Parsed mapper file: 'file [/Users/fangwending/github/x/tuanche/taisf-service/target/classes/com/taisf/services/enterprise/dao/map/enterpriseFinanceDao.xml]'
2018-09-25 11:38:24.308 [main] DEBUG org.mybatis.spring.SqlSessionFactoryBean - Parsed mapper file: 'file [/Users/fangwending/github/x/tuanche/taisf-service/target/classes/com/taisf/services/pay/dao/map/rechargeOrderDao.xml]'
2018-09-25 11:38:24.313 [main] DEBUG org.mybatis.spring.SqlSessionFactoryBean - Parsed mapper file: 'file [/Users/fangwending/github/x/tuanche/taisf-service/target/classes/com/taisf/services/pay/dao/map/payRecordDao.xml]'
2018-09-25 11:38:24.317 [main] DEBUG org.mybatis.spring.SqlSessionFactoryBean - Parsed mapper file: 'file [/Users/fangwending/github/x/tuanche/taisf-service/target/classes/com/taisf/services/user/dao/map/loginTokenDao.xml]'
2018-09-25 11:38:24.325 [main] DEBUG org.mybatis.spring.SqlSessionFactoryBean - Parsed mapper file: 'file [/Users/fangwending/github/x/tuanche/taisf-service/target/classes/com/taisf/services/user/dao/map/userDao.xml]'
2018-09-25 11:38:24.333 [main] DEBUG org.mybatis.spring.SqlSessionFactoryBean - Parsed mapper file: 'file [/Users/fangwending/github/x/tuanche/taisf-service/target/classes/com/taisf/services/user/dao/map/userAddressDao.xml]'
2018-09-25 11:38:24.337 [main] DEBUG org.mybatis.spring.SqlSessionFactoryBean - Parsed mapper file: 'file [/Users/fangwending/github/x/tuanche/taisf-service/target/classes/com/taisf/services/user/dao/map/accountLogDao.xml]'
2018-09-25 11:38:24.342 [main] DEBUG org.mybatis.spring.SqlSessionFactoryBean - Parsed mapper file: 'file [/Users/fangwending/github/x/tuanche/taisf-service/target/classes/com/taisf/services/user/dao/map/userAccountDao.xml]'
2018-09-25 11:38:24.347 [main] DEBUG org.mybatis.spring.SqlSessionFactoryBean - Parsed mapper file: 'file [/Users/fangwending/github/x/tuanche/taisf-service/target/classes/com/taisf/services/product/dao/map/ProductDao.xml]'
2018-09-25 11:38:24.356 [main] DEBUG org.mybatis.spring.SqlSessionFactoryBean - Parsed mapper file: 'file [/Users/fangwending/github/x/tuanche/taisf-service/target/classes/com/taisf/services/supplier/dao/map/supplierPackageDao.xml]'
2018-09-25 11:38:24.366 [main] DEBUG org.mybatis.spring.SqlSessionFactoryBean - Parsed mapper file: 'file [/Users/fangwending/github/x/tuanche/taisf-service/target/classes/com/taisf/services/supplier/dao/map/supplierContactsDao.xml]'
2018-09-25 11:38:24.372 [main] DEBUG org.mybatis.spring.SqlSessionFactoryBean - Parsed mapper file: 'file [/Users/fangwending/github/x/tuanche/taisf-service/target/classes/com/taisf/services/supplier/dao/map/supplierProductDao.xml]'
2018-09-25 11:38:24.376 [main] DEBUG org.mybatis.spring.SqlSessionFactoryBean - Parsed mapper file: 'file [/Users/fangwending/github/x/tuanche/taisf-service/target/classes/com/taisf/services/supplier/dao/map/supplierFinanceDao.xml]'
2018-09-25 11:38:24.381 [main] DEBUG org.mybatis.spring.SqlSessionFactoryBean - Parsed mapper file: 'file [/Users/fangwending/github/x/tuanche/taisf-service/target/classes/com/taisf/services/supplier/dao/map/supplierDao.xml]'
2018-09-25 11:38:24.385 [main] DEBUG org.mybatis.spring.SqlSessionFactoryBean - Parsed mapper file: 'file [/Users/fangwending/github/x/tuanche/taisf-service/target/classes/com/taisf/services/supplier/dao/map/supplierPrintterDao.xml]'
2018-09-25 11:38:24.390 [main] DEBUG org.mybatis.spring.SqlSessionFactoryBean - Parsed mapper file: 'file [/Users/fangwending/github/x/tuanche/taisf-service/target/classes/com/taisf/services/supplier/dao/map/supplierExtDao.xml]'
2018-09-25 11:38:24.404 [main] DEBUG org.mybatis.spring.SqlSessionFactoryBean - Parsed mapper file: 'file [/Users/fangwending/github/x/tuanche/taisf-service/target/classes/com/taisf/services/window/dao/map/supplierWindowDao.xml]'
2018-09-25 11:38:24.410 [main] DEBUG org.mybatis.spring.SqlSessionFactoryBean - Parsed mapper file: 'file [/Users/fangwending/github/x/tuanche/taisf-service/target/classes/com/taisf/services/recharge/dao/map/rechargeDao.xml]'
2018-09-25 11:38:24.414 [main] DEBUG org.mybatis.spring.SqlSessionFactoryBean - Parsed mapper file: 'file [/Users/fangwending/github/x/tuanche/taisf-service/target/classes/com/taisf/services/recharge/dao/map/rechargeLogDao.xml]'
2018-09-25 11:38:24.418 [main] DEBUG org.mybatis.spring.SqlSessionFactoryBean - Parsed mapper file: 'file [/Users/fangwending/github/x/tuanche/taisf-service/target/classes/com/taisf/services/stock/dao/map/stockProductMapper.xml]'
2018-09-25 11:38:24.422 [main] DEBUG org.mybatis.spring.SqlSessionFactoryBean - Parsed mapper file: 'file [/Users/fangwending/github/x/tuanche/taisf-service/target/classes/com/taisf/services/stock/dao/map/stockWeekMapper.xml]'
2018-09-25 11:38:24.429 [main] DEBUG org.mybatis.spring.SqlSessionFactoryBean - Parsed mapper file: 'file [/Users/fangwending/github/x/tuanche/taisf-service/target/classes/com/taisf/services/check/dao/map/orderStatsDao.xml]'
2018-09-25 11:38:24.438 [main] DEBUG org.mybatis.spring.SqlSessionFactoryBean - Parsed mapper file: 'file [/Users/fangwending/github/x/tuanche/taisf-service/target/classes/com/taisf/services/refund/dao/map/refundLogDao.xml]'
2018-09-25 11:38:24.445 [main] DEBUG org.mybatis.spring.SqlSessionFactoryBean - Parsed mapper file: 'file [/Users/fangwending/github/x/tuanche/taisf-service/target/classes/com/taisf/services/refund/dao/map/refundDao.xml]'
2018-09-25 11:38:24.449 [main] DEBUG org.mybatis.spring.SqlSessionFactoryBean - Parsed mapper file: 'file [/Users/fangwending/github/x/tuanche/taisf-service/target/classes/com/taisf/services/base/dao/map/upGradeDao.xml]'
2018-09-25 11:38:24.455 [main] DEBUG org.mybatis.spring.SqlSessionFactoryBean - Parsed mapper file: 'file [/Users/fangwending/github/x/tuanche/taisf-service/target/classes/com/taisf/services/base/dao/map/areaRegionDao.xml]'
2018-09-25 11:38:24.461 [main] DEBUG org.mybatis.spring.SqlSessionFactoryBean - Parsed mapper file: 'file [/Users/fangwending/github/x/tuanche/ups-service/target/classes/com/taisf/services/ups/dao/map/roleDao.xml]'
2018-09-25 11:38:24.475 [main] DEBUG org.mybatis.spring.SqlSessionFactoryBean - Parsed mapper file: 'file [/Users/fangwending/github/x/tuanche/ups-service/target/classes/com/taisf/services/ups/dao/map/roleResDao.xml]'
2018-09-25 11:38:24.488 [main] DEBUG org.mybatis.spring.SqlSessionFactoryBean - Parsed mapper file: 'file [/Users/fangwending/github/x/tuanche/ups-service/target/classes/com/taisf/services/ups/dao/map/employeeDao.xml]'
2018-09-25 11:38:24.495 [main] DEBUG org.mybatis.spring.SqlSessionFactoryBean - Parsed mapper file: 'file [/Users/fangwending/github/x/tuanche/ups-service/target/classes/com/taisf/services/ups/dao/map/resourceDao.xml]'
2018-09-25 11:38:24.501 [main] DEBUG org.mybatis.spring.SqlSessionFactoryBean - Parsed mapper file: 'file [/Users/fangwending/github/x/tuanche/ups-service/target/classes/com/taisf/services/ups/dao/map/employeeRoleDao.xml]'
2018-09-25 11:38:24.513 [main] DEBUG org.mybatis.spring.SqlSessionFactoryBean - Parsed mapper file: 'file [/Users/fangwending/github/x/tuanche/push-service/target/classes/com/taisf/services/device/dao/map/deviceDao.xml]'
2018-09-25 11:38:24.674 [main] DEBUG druid.sql.Connection - {conn-210001} connected
2018-09-25 11:38:24.674 [main] DEBUG druid.sql.Connection - {conn-210001} connected
2018-09-25 11:38:24.777 [main] DEBUG druid.sql.Connection - {conn-210002} connected
2018-09-25 11:38:24.777 [main] DEBUG druid.sql.Connection - {conn-210002} connected
2018-09-25 11:38:25.134 [main] DEBUG druid.sql.Connection - {conn-310001} connected
2018-09-25 11:38:25.134 [main] DEBUG druid.sql.Connection - {conn-310001} connected
2018-09-25 11:38:25.231 [main] DEBUG druid.sql.Connection - {conn-310002} connected
2018-09-25 11:38:25.232 [main] DEBUG druid.sql.Connection - {conn-310002} connected
2018-09-25 11:38:25.530 [main] DEBUG org.mybatis.spring.SqlSessionFactoryBean - Parsed configuration file: 'class path resource [mybatis-config.xml]'
2018-09-25 11:38:25.537 [main] DEBUG org.mybatis.spring.SqlSessionFactoryBean - Parsed mapper file: 'file [/Users/fangwending/github/x/tuanche/taisf-service/target/classes/com/taisf/services/order/dao/map/orderMoney.xml]'
2018-09-25 11:38:25.547 [main] DEBUG org.mybatis.spring.SqlSessionFactoryBean - Parsed mapper file: 'file [/Users/fangwending/github/x/tuanche/taisf-service/target/classes/com/taisf/services/order/dao/map/orderBase.xml]'
2018-09-25 11:38:25.555 [main] DEBUG org.mybatis.spring.SqlSessionFactoryBean - Parsed mapper file: 'file [/Users/fangwending/github/x/tuanche/taisf-service/target/classes/com/taisf/services/order/dao/map/orderPay.xml]'
2018-09-25 11:38:25.571 [main] DEBUG org.mybatis.spring.SqlSessionFactoryBean - Parsed mapper file: 'file [/Users/fangwending/github/x/tuanche/taisf-service/target/classes/com/taisf/services/order/dao/map/orderInfoDao.xml]'
2018-09-25 11:38:25.580 [main] DEBUG org.mybatis.spring.SqlSessionFactoryBean - Parsed mapper file: 'file [/Users/fangwending/github/x/tuanche/taisf-service/target/classes/com/taisf/services/order/dao/map/orderProductDao.xml]'
2018-09-25 11:38:25.586 [main] DEBUG org.mybatis.spring.SqlSessionFactoryBean - Parsed mapper file: 'file [/Users/fangwending/github/x/tuanche/taisf-service/target/classes/com/taisf/services/order/dao/map/orderActivityDao.xml]'
2018-09-25 11:38:25.594 [main] DEBUG org.mybatis.spring.SqlSessionFactoryBean - Parsed mapper file: 'file [/Users/fangwending/github/x/tuanche/taisf-service/target/classes/com/taisf/services/order/dao/map/orderLogDao.xml]'
2018-09-25 11:38:25.604 [main] DEBUG org.mybatis.spring.SqlSessionFactoryBean - Parsed mapper file: 'file [/Users/fangwending/github/x/tuanche/taisf-service/target/classes/com/taisf/services/order/dao/map/cartDao.xml]'
2018-09-25 11:38:25.622 [main] DEBUG org.mybatis.spring.SqlSessionFactoryBean - Parsed mapper file: 'file [/Users/fangwending/github/x/tuanche/taisf-service/target/classes/com/taisf/services/classify/dao/map/productClassifyDao.xml]'
2018-09-25 11:38:25.633 [main] DEBUG org.mybatis.spring.SqlSessionFactoryBean - Parsed mapper file: 'file [/Users/fangwending/github/x/tuanche/taisf-service/target/classes/com/taisf/services/enterprise/dao/map/enterpriseContactsDao.xml]'
2018-09-25 11:38:25.644 [main] DEBUG org.mybatis.spring.SqlSessionFactoryBean - Parsed mapper file: 'file [/Users/fangwending/github/x/tuanche/taisf-service/target/classes/com/taisf/services/enterprise/dao/map/enterpriseDayDao.xml]'
2018-09-25 11:38:25.657 [main] DEBUG org.mybatis.spring.SqlSessionFactoryBean - Parsed mapper file: 'file [/Users/fangwending/github/x/tuanche/taisf-service/target/classes/com/taisf/services/enterprise/dao/map/enterpriseDao.xml]'
2018-09-25 11:38:25.669 [main] DEBUG org.mybatis.spring.SqlSessionFactoryBean - Parsed mapper file: 'file [/Users/fangwending/github/x/tuanche/taisf-service/target/classes/com/taisf/services/enterprise/dao/map/enterpriseConfigDao.xml]'
2018-09-25 11:38:25.679 [main] DEBUG org.mybatis.spring.SqlSessionFactoryBean - Parsed mapper file: 'file [/Users/fangwending/github/x/tuanche/taisf-service/target/classes/com/taisf/services/enterprise/dao/map/enterpriseAddressDao.xml]'
2018-09-25 11:38:25.688 [main] DEBUG org.mybatis.spring.SqlSessionFactoryBean - Parsed mapper file: 'file [/Users/fangwending/github/x/tuanche/taisf-service/target/classes/com/taisf/services/enterprise/dao/map/enterpriseFinanceDao.xml]'
2018-09-25 11:38:25.698 [main] DEBUG org.mybatis.spring.SqlSessionFactoryBean - Parsed mapper file: 'file [/Users/fangwending/github/x/tuanche/taisf-service/target/classes/com/taisf/services/pay/dao/map/rechargeOrderDao.xml]'
2018-09-25 11:38:25.714 [main] DEBUG org.mybatis.spring.SqlSessionFactoryBean - Parsed mapper file: 'file [/Users/fangwending/github/x/tuanche/taisf-service/target/classes/com/taisf/services/pay/dao/map/payRecordDao.xml]'
2018-09-25 11:38:25.729 [main] DEBUG org.mybatis.spring.SqlSessionFactoryBean - Parsed mapper file: 'file [/Users/fangwending/github/x/tuanche/taisf-service/target/classes/com/taisf/services/user/dao/map/loginTokenDao.xml]'
2018-09-25 11:38:25.751 [main] DEBUG org.mybatis.spring.SqlSessionFactoryBean - Parsed mapper file: 'file [/Users/fangwending/github/x/tuanche/taisf-service/target/classes/com/taisf/services/user/dao/map/userDao.xml]'
2018-09-25 11:38:25.759 [main] DEBUG org.mybatis.spring.SqlSessionFactoryBean - Parsed mapper file: 'file [/Users/fangwending/github/x/tuanche/taisf-service/target/classes/com/taisf/services/user/dao/map/userAddressDao.xml]'
2018-09-25 11:38:25.769 [main] DEBUG org.mybatis.spring.SqlSessionFactoryBean - Parsed mapper file: 'file [/Users/fangwending/github/x/tuanche/taisf-service/target/classes/com/taisf/services/user/dao/map/accountLogDao.xml]'
2018-09-25 11:38:25.789 [main] DEBUG org.mybatis.spring.SqlSessionFactoryBean - Parsed mapper file: 'file [/Users/fangwending/github/x/tuanche/taisf-service/target/classes/com/taisf/services/user/dao/map/userAccountDao.xml]'
2018-09-25 11:38:25.800 [main] DEBUG org.mybatis.spring.SqlSessionFactoryBean - Parsed mapper file: 'file [/Users/fangwending/github/x/tuanche/taisf-service/target/classes/com/taisf/services/product/dao/map/ProductDao.xml]'
2018-09-25 11:38:25.821 [main] DEBUG org.mybatis.spring.SqlSessionFactoryBean - Parsed mapper file: 'file [/Users/fangwending/github/x/tuanche/taisf-service/target/classes/com/taisf/services/supplier/dao/map/supplierPackageDao.xml]'
2018-09-25 11:38:25.839 [main] DEBUG org.mybatis.spring.SqlSessionFactoryBean - Parsed mapper file: 'file [/Users/fangwending/github/x/tuanche/taisf-service/target/classes/com/taisf/services/supplier/dao/map/supplierContactsDao.xml]'
2018-09-25 11:38:25.850 [main] DEBUG org.mybatis.spring.SqlSessionFactoryBean - Parsed mapper file: 'file [/Users/fangwending/github/x/tuanche/taisf-service/target/classes/com/taisf/services/supplier/dao/map/supplierProductDao.xml]'
2018-09-25 11:38:25.865 [main] DEBUG org.mybatis.spring.SqlSessionFactoryBean - Parsed mapper file: 'file [/Users/fangwending/github/x/tuanche/taisf-service/target/classes/com/taisf/services/supplier/dao/map/supplierFinanceDao.xml]'
2018-09-25 11:38:25.876 [main] DEBUG org.mybatis.spring.SqlSessionFactoryBean - Parsed mapper file: 'file [/Users/fangwending/github/x/tuanche/taisf-service/target/classes/com/taisf/services/supplier/dao/map/supplierDao.xml]'
2018-09-25 11:38:25.885 [main] DEBUG org.mybatis.spring.SqlSessionFactoryBean - Parsed mapper file: 'file [/Users/fangwending/github/x/tuanche/taisf-service/target/classes/com/taisf/services/supplier/dao/map/supplierPrintterDao.xml]'
2018-09-25 11:38:25.900 [main] DEBUG org.mybatis.spring.SqlSessionFactoryBean - Parsed mapper file: 'file [/Users/fangwending/github/x/tuanche/taisf-service/target/classes/com/taisf/services/supplier/dao/map/supplierExtDao.xml]'
2018-09-25 11:38:25.915 [main] DEBUG org.mybatis.spring.SqlSessionFactoryBean - Parsed mapper file: 'file [/Users/fangwending/github/x/tuanche/taisf-service/target/classes/com/taisf/services/window/dao/map/supplierWindowDao.xml]'
2018-09-25 11:38:25.925 [main] DEBUG org.mybatis.spring.SqlSessionFactoryBean - Parsed mapper file: 'file [/Users/fangwending/github/x/tuanche/taisf-service/target/classes/com/taisf/services/recharge/dao/map/rechargeDao.xml]'
2018-09-25 11:38:25.933 [main] DEBUG org.mybatis.spring.SqlSessionFactoryBean - Parsed mapper file: 'file [/Users/fangwending/github/x/tuanche/taisf-service/target/classes/com/taisf/services/recharge/dao/map/rechargeLogDao.xml]'
2018-09-25 11:38:25.954 [main] DEBUG org.mybatis.spring.SqlSessionFactoryBean - Parsed mapper file: 'file [/Users/fangwending/github/x/tuanche/taisf-service/target/classes/com/taisf/services/stock/dao/map/stockProductMapper.xml]'
2018-09-25 11:38:26.005 [main] DEBUG org.mybatis.spring.SqlSessionFactoryBean - Parsed mapper file: 'file [/Users/fangwending/github/x/tuanche/taisf-service/target/classes/com/taisf/services/stock/dao/map/stockWeekMapper.xml]'
2018-09-25 11:38:26.010 [main] DEBUG org.mybatis.spring.SqlSessionFactoryBean - Parsed mapper file: 'file [/Users/fangwending/github/x/tuanche/taisf-service/target/classes/com/taisf/services/check/dao/map/orderStatsDao.xml]'
2018-09-25 11:38:26.015 [main] DEBUG org.mybatis.spring.SqlSessionFactoryBean - Parsed mapper file: 'file [/Users/fangwending/github/x/tuanche/taisf-service/target/classes/com/taisf/services/refund/dao/map/refundLogDao.xml]'
2018-09-25 11:38:26.029 [main] DEBUG org.mybatis.spring.SqlSessionFactoryBean - Parsed mapper file: 'file [/Users/fangwending/github/x/tuanche/taisf-service/target/classes/com/taisf/services/refund/dao/map/refundDao.xml]'
2018-09-25 11:38:26.037 [main] DEBUG org.mybatis.spring.SqlSessionFactoryBean - Parsed mapper file: 'file [/Users/fangwending/github/x/tuanche/taisf-service/target/classes/com/taisf/services/base/dao/map/upGradeDao.xml]'
2018-09-25 11:38:26.048 [main] DEBUG org.mybatis.spring.SqlSessionFactoryBean - Parsed mapper file: 'file [/Users/fangwending/github/x/tuanche/taisf-service/target/classes/com/taisf/services/base/dao/map/areaRegionDao.xml]'
2018-09-25 11:38:26.055 [main] DEBUG org.mybatis.spring.SqlSessionFactoryBean - Parsed mapper file: 'file [/Users/fangwending/github/x/tuanche/ups-service/target/classes/com/taisf/services/ups/dao/map/roleDao.xml]'
2018-09-25 11:38:26.060 [main] DEBUG org.mybatis.spring.SqlSessionFactoryBean - Parsed mapper file: 'file [/Users/fangwending/github/x/tuanche/ups-service/target/classes/com/taisf/services/ups/dao/map/roleResDao.xml]'
2018-09-25 11:38:26.066 [main] DEBUG org.mybatis.spring.SqlSessionFactoryBean - Parsed mapper file: 'file [/Users/fangwending/github/x/tuanche/ups-service/target/classes/com/taisf/services/ups/dao/map/employeeDao.xml]'
2018-09-25 11:38:26.073 [main] DEBUG org.mybatis.spring.SqlSessionFactoryBean - Parsed mapper file: 'file [/Users/fangwending/github/x/tuanche/ups-service/target/classes/com/taisf/services/ups/dao/map/resourceDao.xml]'
2018-09-25 11:38:26.088 [main] DEBUG org.mybatis.spring.SqlSessionFactoryBean - Parsed mapper file: 'file [/Users/fangwending/github/x/tuanche/ups-service/target/classes/com/taisf/services/ups/dao/map/employeeRoleDao.xml]'
2018-09-25 11:38:26.100 [main] DEBUG org.mybatis.spring.SqlSessionFactoryBean - Parsed mapper file: 'file [/Users/fangwending/github/x/tuanche/push-service/target/classes/com/taisf/services/device/dao/map/deviceDao.xml]'
2018-09-25 11:38:26.201 [main] DEBUG druid.sql.Connection - {conn-410001} connected
2018-09-25 11:38:26.202 [main] DEBUG druid.sql.Connection - {conn-410001} connected
2018-09-25 11:38:27.592 [main] DEBUG druid.sql.Connection - {conn-410002} connected
2018-09-25 11:38:27.592 [main] DEBUG druid.sql.Connection - {conn-410002} connected
2018-09-25 11:38:27.630 [main] DEBUG org.mybatis.spring.SqlSessionFactoryBean - Parsed configuration file: 'class path resource [mybatis-config.xml]'
2018-09-25 11:38:27.634 [main] DEBUG org.mybatis.spring.SqlSessionFactoryBean - Parsed mapper file: 'file [/Users/fangwending/github/x/tuanche/taisf-service/target/classes/com/taisf/services/order/dao/map/orderMoney.xml]'
2018-09-25 11:38:27.639 [main] DEBUG org.mybatis.spring.SqlSessionFactoryBean - Parsed mapper file: 'file [/Users/fangwending/github/x/tuanche/taisf-service/target/classes/com/taisf/services/order/dao/map/orderBase.xml]'
2018-09-25 11:38:27.642 [main] DEBUG org.mybatis.spring.SqlSessionFactoryBean - Parsed mapper file: 'file [/Users/fangwending/github/x/tuanche/taisf-service/target/classes/com/taisf/services/order/dao/map/orderPay.xml]'
2018-09-25 11:38:27.648 [main] DEBUG org.mybatis.spring.SqlSessionFactoryBean - Parsed mapper file: 'file [/Users/fangwending/github/x/tuanche/taisf-service/target/classes/com/taisf/services/order/dao/map/orderInfoDao.xml]'
2018-09-25 11:38:27.655 [main] DEBUG org.mybatis.spring.SqlSessionFactoryBean - Parsed mapper file: 'file [/Users/fangwending/github/x/tuanche/taisf-service/target/classes/com/taisf/services/order/dao/map/orderProductDao.xml]'
2018-09-25 11:38:27.659 [main] DEBUG org.mybatis.spring.SqlSessionFactoryBean - Parsed mapper file: 'file [/Users/fangwending/github/x/tuanche/taisf-service/target/classes/com/taisf/services/order/dao/map/orderActivityDao.xml]'
2018-09-25 11:38:27.663 [main] DEBUG org.mybatis.spring.SqlSessionFactoryBean - Parsed mapper file: 'file [/Users/fangwending/github/x/tuanche/taisf-service/target/classes/com/taisf/services/order/dao/map/orderLogDao.xml]'
2018-09-25 11:38:27.668 [main] DEBUG org.mybatis.spring.SqlSessionFactoryBean - Parsed mapper file: 'file [/Users/fangwending/github/x/tuanche/taisf-service/target/classes/com/taisf/services/order/dao/map/cartDao.xml]'
2018-09-25 11:38:27.671 [main] DEBUG org.mybatis.spring.SqlSessionFactoryBean - Parsed mapper file: 'file [/Users/fangwending/github/x/tuanche/taisf-service/target/classes/com/taisf/services/classify/dao/map/productClassifyDao.xml]'
2018-09-25 11:38:27.675 [main] DEBUG org.mybatis.spring.SqlSessionFactoryBean - Parsed mapper file: 'file [/Users/fangwending/github/x/tuanche/taisf-service/target/classes/com/taisf/services/enterprise/dao/map/enterpriseContactsDao.xml]'
2018-09-25 11:38:27.679 [main] DEBUG org.mybatis.spring.SqlSessionFactoryBean - Parsed mapper file: 'file [/Users/fangwending/github/x/tuanche/taisf-service/target/classes/com/taisf/services/enterprise/dao/map/enterpriseDayDao.xml]'
2018-09-25 11:38:27.684 [main] DEBUG org.mybatis.spring.SqlSessionFactoryBean - Parsed mapper file: 'file [/Users/fangwending/github/x/tuanche/taisf-service/target/classes/com/taisf/services/enterprise/dao/map/enterpriseDao.xml]'
2018-09-25 11:38:27.687 [main] DEBUG org.mybatis.spring.SqlSessionFactoryBean - Parsed mapper file: 'file [/Users/fangwending/github/x/tuanche/taisf-service/target/classes/com/taisf/services/enterprise/dao/map/enterpriseConfigDao.xml]'
2018-09-25 11:38:27.691 [main] DEBUG org.mybatis.spring.SqlSessionFactoryBean - Parsed mapper file: 'file [/Users/fangwending/github/x/tuanche/taisf-service/target/classes/com/taisf/services/enterprise/dao/map/enterpriseAddressDao.xml]'
2018-09-25 11:38:27.694 [main] DEBUG org.mybatis.spring.SqlSessionFactoryBean - Parsed mapper file: 'file [/Users/fangwending/github/x/tuanche/taisf-service/target/classes/com/taisf/services/enterprise/dao/map/enterpriseFinanceDao.xml]'
2018-09-25 11:38:27.698 [main] DEBUG org.mybatis.spring.SqlSessionFactoryBean - Parsed mapper file: 'file [/Users/fangwending/github/x/tuanche/taisf-service/target/classes/com/taisf/services/pay/dao/map/rechargeOrderDao.xml]'
2018-09-25 11:38:27.702 [main] DEBUG org.mybatis.spring.SqlSessionFactoryBean - Parsed mapper file: 'file [/Users/fangwending/github/x/tuanche/taisf-service/target/classes/com/taisf/services/pay/dao/map/payRecordDao.xml]'
2018-09-25 11:38:27.706 [main] DEBUG org.mybatis.spring.SqlSessionFactoryBean - Parsed mapper file: 'file [/Users/fangwending/github/x/tuanche/taisf-service/target/classes/com/taisf/services/user/dao/map/loginTokenDao.xml]'
2018-09-25 11:38:27.713 [main] DEBUG org.mybatis.spring.SqlSessionFactoryBean - Parsed mapper file: 'file [/Users/fangwending/github/x/tuanche/taisf-service/target/classes/com/taisf/services/user/dao/map/userDao.xml]'
2018-09-25 11:38:27.717 [main] DEBUG org.mybatis.spring.SqlSessionFactoryBean - Parsed mapper file: 'file [/Users/fangwending/github/x/tuanche/taisf-service/target/classes/com/taisf/services/user/dao/map/userAddressDao.xml]'
2018-09-25 11:38:27.720 [main] DEBUG org.mybatis.spring.SqlSessionFactoryBean - Parsed mapper file: 'file [/Users/fangwending/github/x/tuanche/taisf-service/target/classes/com/taisf/services/user/dao/map/accountLogDao.xml]'
2018-09-25 11:38:27.724 [main] DEBUG org.mybatis.spring.SqlSessionFactoryBean - Parsed mapper file: 'file [/Users/fangwending/github/x/tuanche/taisf-service/target/classes/com/taisf/services/user/dao/map/userAccountDao.xml]'
2018-09-25 11:38:27.728 [main] DEBUG org.mybatis.spring.SqlSessionFactoryBean - Parsed mapper file: 'file [/Users/fangwending/github/x/tuanche/taisf-service/target/classes/com/taisf/services/product/dao/map/ProductDao.xml]'
2018-09-25 11:38:27.732 [main] DEBUG org.mybatis.spring.SqlSessionFactoryBean - Parsed mapper file: 'file [/Users/fangwending/github/x/tuanche/taisf-service/target/classes/com/taisf/services/supplier/dao/map/supplierPackageDao.xml]'
2018-09-25 11:38:27.736 [main] DEBUG org.mybatis.spring.SqlSessionFactoryBean - Parsed mapper file: 'file [/Users/fangwending/github/x/tuanche/taisf-service/target/classes/com/taisf/services/supplier/dao/map/supplierContactsDao.xml]'
2018-09-25 11:38:27.740 [main] DEBUG org.mybatis.spring.SqlSessionFactoryBean - Parsed mapper file: 'file [/Users/fangwending/github/x/tuanche/taisf-service/target/classes/com/taisf/services/supplier/dao/map/supplierProductDao.xml]'
2018-09-25 11:38:27.744 [main] DEBUG org.mybatis.spring.SqlSessionFactoryBean - Parsed mapper file: 'file [/Users/fangwending/github/x/tuanche/taisf-service/target/classes/com/taisf/services/supplier/dao/map/supplierFinanceDao.xml]'
2018-09-25 11:38:27.747 [main] DEBUG org.mybatis.spring.SqlSessionFactoryBean - Parsed mapper file: 'file [/Users/fangwending/github/x/tuanche/taisf-service/target/classes/com/taisf/services/supplier/dao/map/supplierDao.xml]'
2018-09-25 11:38:27.752 [main] DEBUG org.mybatis.spring.SqlSessionFactoryBean - Parsed mapper file: 'file [/Users/fangwending/github/x/tuanche/taisf-service/target/classes/com/taisf/services/supplier/dao/map/supplierPrintterDao.xml]'
2018-09-25 11:38:27.759 [main] DEBUG org.mybatis.spring.SqlSessionFactoryBean - Parsed mapper file: 'file [/Users/fangwending/github/x/tuanche/taisf-service/target/classes/com/taisf/services/supplier/dao/map/supplierExtDao.xml]'
2018-09-25 11:38:27.764 [main] DEBUG org.mybatis.spring.SqlSessionFactoryBean - Parsed mapper file: 'file [/Users/fangwending/github/x/tuanche/taisf-service/target/classes/com/taisf/services/window/dao/map/supplierWindowDao.xml]'
2018-09-25 11:38:27.768 [main] DEBUG org.mybatis.spring.SqlSessionFactoryBean - Parsed mapper file: 'file [/Users/fangwending/github/x/tuanche/taisf-service/target/classes/com/taisf/services/recharge/dao/map/rechargeDao.xml]'
2018-09-25 11:38:27.772 [main] DEBUG org.mybatis.spring.SqlSessionFactoryBean - Parsed mapper file: 'file [/Users/fangwending/github/x/tuanche/taisf-service/target/classes/com/taisf/services/recharge/dao/map/rechargeLogDao.xml]'
2018-09-25 11:38:27.775 [main] DEBUG org.mybatis.spring.SqlSessionFactoryBean - Parsed mapper file: 'file [/Users/fangwending/github/x/tuanche/taisf-service/target/classes/com/taisf/services/stock/dao/map/stockProductMapper.xml]'
2018-09-25 11:38:27.779 [main] DEBUG org.mybatis.spring.SqlSessionFactoryBean - Parsed mapper file: 'file [/Users/fangwending/github/x/tuanche/taisf-service/target/classes/com/taisf/services/stock/dao/map/stockWeekMapper.xml]'
2018-09-25 11:38:27.782 [main] DEBUG org.mybatis.spring.SqlSessionFactoryBean - Parsed mapper file: 'file [/Users/fangwending/github/x/tuanche/taisf-service/target/classes/com/taisf/services/check/dao/map/orderStatsDao.xml]'
2018-09-25 11:38:27.784 [main] DEBUG org.mybatis.spring.SqlSessionFactoryBean - Parsed mapper file: 'file [/Users/fangwending/github/x/tuanche/taisf-service/target/classes/com/taisf/services/refund/dao/map/refundLogDao.xml]'
2018-09-25 11:38:27.789 [main] DEBUG org.mybatis.spring.SqlSessionFactoryBean - Parsed mapper file: 'file [/Users/fangwending/github/x/tuanche/taisf-service/target/classes/com/taisf/services/refund/dao/map/refundDao.xml]'
2018-09-25 11:38:27.792 [main] DEBUG org.mybatis.spring.SqlSessionFactoryBean - Parsed mapper file: 'file [/Users/fangwending/github/x/tuanche/taisf-service/target/classes/com/taisf/services/base/dao/map/upGradeDao.xml]'
2018-09-25 11:38:27.796 [main] DEBUG org.mybatis.spring.SqlSessionFactoryBean - Parsed mapper file: 'file [/Users/fangwending/github/x/tuanche/taisf-service/target/classes/com/taisf/services/base/dao/map/areaRegionDao.xml]'
2018-09-25 11:38:27.800 [main] DEBUG org.mybatis.spring.SqlSessionFactoryBean - Parsed mapper file: 'file [/Users/fangwending/github/x/tuanche/ups-service/target/classes/com/taisf/services/ups/dao/map/roleDao.xml]'
2018-09-25 11:38:27.805 [main] DEBUG org.mybatis.spring.SqlSessionFactoryBean - Parsed mapper file: 'file [/Users/fangwending/github/x/tuanche/ups-service/target/classes/com/taisf/services/ups/dao/map/roleResDao.xml]'
2018-09-25 11:38:27.811 [main] DEBUG org.mybatis.spring.SqlSessionFactoryBean - Parsed mapper file: 'file [/Users/fangwending/github/x/tuanche/ups-service/target/classes/com/taisf/services/ups/dao/map/employeeDao.xml]'
2018-09-25 11:38:27.817 [main] DEBUG org.mybatis.spring.SqlSessionFactoryBean - Parsed mapper file: 'file [/Users/fangwending/github/x/tuanche/ups-service/target/classes/com/taisf/services/ups/dao/map/resourceDao.xml]'
2018-09-25 11:38:27.821 [main] DEBUG org.mybatis.spring.SqlSessionFactoryBean - Parsed mapper file: 'file [/Users/fangwending/github/x/tuanche/ups-service/target/classes/com/taisf/services/ups/dao/map/employeeRoleDao.xml]'
2018-09-25 11:38:27.826 [main] DEBUG org.mybatis.spring.SqlSessionFactoryBean - Parsed mapper file: 'file [/Users/fangwending/github/x/tuanche/push-service/target/classes/com/taisf/services/device/dao/map/deviceDao.xml]'
2018-09-25 11:38:28.061 [main] DEBUG org.mybatis.spring.SqlSessionFactoryBean - Parsed configuration file: 'class path resource [mybatis-config.xml]'
2018-09-25 11:38:28.066 [main] DEBUG org.mybatis.spring.SqlSessionFactoryBean - Parsed mapper file: 'file [/Users/fangwending/github/x/tuanche/taisf-service/target/classes/com/taisf/services/order/dao/map/orderMoney.xml]'
2018-09-25 11:38:28.073 [main] DEBUG org.mybatis.spring.SqlSessionFactoryBean - Parsed mapper file: 'file [/Users/fangwending/github/x/tuanche/taisf-service/target/classes/com/taisf/services/order/dao/map/orderBase.xml]'
2018-09-25 11:38:28.077 [main] DEBUG org.mybatis.spring.SqlSessionFactoryBean - Parsed mapper file: 'file [/Users/fangwending/github/x/tuanche/taisf-service/target/classes/com/taisf/services/order/dao/map/orderPay.xml]'
2018-09-25 11:38:28.083 [main] DEBUG org.mybatis.spring.SqlSessionFactoryBean - Parsed mapper file: 'file [/Users/fangwending/github/x/tuanche/taisf-service/target/classes/com/taisf/services/order/dao/map/orderInfoDao.xml]'
2018-09-25 11:38:28.087 [main] DEBUG org.mybatis.spring.SqlSessionFactoryBean - Parsed mapper file: 'file [/Users/fangwending/github/x/tuanche/taisf-service/target/classes/com/taisf/services/order/dao/map/orderProductDao.xml]'
2018-09-25 11:38:28.091 [main] DEBUG org.mybatis.spring.SqlSessionFactoryBean - Parsed mapper file: 'file [/Users/fangwending/github/x/tuanche/taisf-service/target/classes/com/taisf/services/order/dao/map/orderActivityDao.xml]'
2018-09-25 11:38:28.096 [main] DEBUG org.mybatis.spring.SqlSessionFactoryBean - Parsed mapper file: 'file [/Users/fangwending/github/x/tuanche/taisf-service/target/classes/com/taisf/services/order/dao/map/orderLogDao.xml]'
2018-09-25 11:38:28.107 [main] DEBUG org.mybatis.spring.SqlSessionFactoryBean - Parsed mapper file: 'file [/Users/fangwending/github/x/tuanche/taisf-service/target/classes/com/taisf/services/order/dao/map/cartDao.xml]'
2018-09-25 11:38:28.115 [main] DEBUG org.mybatis.spring.SqlSessionFactoryBean - Parsed mapper file: 'file [/Users/fangwending/github/x/tuanche/taisf-service/target/classes/com/taisf/services/classify/dao/map/productClassifyDao.xml]'
2018-09-25 11:38:28.119 [main] DEBUG org.mybatis.spring.SqlSessionFactoryBean - Parsed mapper file: 'file [/Users/fangwending/github/x/tuanche/taisf-service/target/classes/com/taisf/services/enterprise/dao/map/enterpriseContactsDao.xml]'
2018-09-25 11:38:28.124 [main] DEBUG org.mybatis.spring.SqlSessionFactoryBean - Parsed mapper file: 'file [/Users/fangwending/github/x/tuanche/taisf-service/target/classes/com/taisf/services/enterprise/dao/map/enterpriseDayDao.xml]'
2018-09-25 11:38:28.130 [main] DEBUG org.mybatis.spring.SqlSessionFactoryBean - Parsed mapper file: 'file [/Users/fangwending/github/x/tuanche/taisf-service/target/classes/com/taisf/services/enterprise/dao/map/enterpriseDao.xml]'
2018-09-25 11:38:28.134 [main] DEBUG org.mybatis.spring.SqlSessionFactoryBean - Parsed mapper file: 'file [/Users/fangwending/github/x/tuanche/taisf-service/target/classes/com/taisf/services/enterprise/dao/map/enterpriseConfigDao.xml]'
2018-09-25 11:38:28.144 [main] DEBUG org.mybatis.spring.SqlSessionFactoryBean - Parsed mapper file: 'file [/Users/fangwending/github/x/tuanche/taisf-service/target/classes/com/taisf/services/enterprise/dao/map/enterpriseAddressDao.xml]'
2018-09-25 11:38:28.154 [main] DEBUG org.mybatis.spring.SqlSessionFactoryBean - Parsed mapper file: 'file [/Users/fangwending/github/x/tuanche/taisf-service/target/classes/com/taisf/services/enterprise/dao/map/enterpriseFinanceDao.xml]'
2018-09-25 11:38:28.159 [main] DEBUG org.mybatis.spring.SqlSessionFactoryBean - Parsed mapper file: 'file [/Users/fangwending/github/x/tuanche/taisf-service/target/classes/com/taisf/services/pay/dao/map/rechargeOrderDao.xml]'
2018-09-25 11:38:28.163 [main] DEBUG org.mybatis.spring.SqlSessionFactoryBean - Parsed mapper file: 'file [/Users/fangwending/github/x/tuanche/taisf-service/target/classes/com/taisf/services/pay/dao/map/payRecordDao.xml]'
2018-09-25 11:38:28.168 [main] DEBUG org.mybatis.spring.SqlSessionFactoryBean - Parsed mapper file: 'file [/Users/fangwending/github/x/tuanche/taisf-service/target/classes/com/taisf/services/user/dao/map/loginTokenDao.xml]'
2018-09-25 11:38:28.176 [main] DEBUG org.mybatis.spring.SqlSessionFactoryBean - Parsed mapper file: 'file [/Users/fangwending/github/x/tuanche/taisf-service/target/classes/com/taisf/services/user/dao/map/userDao.xml]'
2018-09-25 11:38:28.186 [main] DEBUG org.mybatis.spring.SqlSessionFactoryBean - Parsed mapper file: 'file [/Users/fangwending/github/x/tuanche/taisf-service/target/classes/com/taisf/services/user/dao/map/userAddressDao.xml]'
2018-09-25 11:38:28.198 [main] DEBUG org.mybatis.spring.SqlSessionFactoryBean - Parsed mapper file: 'file [/Users/fangwending/github/x/tuanche/taisf-service/target/classes/com/taisf/services/user/dao/map/accountLogDao.xml]'
2018-09-25 11:38:28.205 [main] DEBUG org.mybatis.spring.SqlSessionFactoryBean - Parsed mapper file: 'file [/Users/fangwending/github/x/tuanche/taisf-service/target/classes/com/taisf/services/user/dao/map/userAccountDao.xml]'
2018-09-25 11:38:28.210 [main] DEBUG org.mybatis.spring.SqlSessionFactoryBean - Parsed mapper file: 'file [/Users/fangwending/github/x/tuanche/taisf-service/target/classes/com/taisf/services/product/dao/map/ProductDao.xml]'
2018-09-25 11:38:28.215 [main] DEBUG org.mybatis.spring.SqlSessionFactoryBean - Parsed mapper file: 'file [/Users/fangwending/github/x/tuanche/taisf-service/target/classes/com/taisf/services/supplier/dao/map/supplierPackageDao.xml]'
2018-09-25 11:38:28.219 [main] DEBUG org.mybatis.spring.SqlSessionFactoryBean - Parsed mapper file: 'file [/Users/fangwending/github/x/tuanche/taisf-service/target/classes/com/taisf/services/supplier/dao/map/supplierContactsDao.xml]'
2018-09-25 11:38:28.232 [main] DEBUG org.mybatis.spring.SqlSessionFactoryBean - Parsed mapper file: 'file [/Users/fangwending/github/x/tuanche/taisf-service/target/classes/com/taisf/services/supplier/dao/map/supplierProductDao.xml]'
2018-09-25 11:38:28.239 [main] DEBUG org.mybatis.spring.SqlSessionFactoryBean - Parsed mapper file: 'file [/Users/fangwending/github/x/tuanche/taisf-service/target/classes/com/taisf/services/supplier/dao/map/supplierFinanceDao.xml]'
2018-09-25 11:38:28.246 [main] DEBUG org.mybatis.spring.SqlSessionFactoryBean - Parsed mapper file: 'file [/Users/fangwending/github/x/tuanche/taisf-service/target/classes/com/taisf/services/supplier/dao/map/supplierDao.xml]'
2018-09-25 11:38:28.254 [main] DEBUG org.mybatis.spring.SqlSessionFactoryBean - Parsed mapper file: 'file [/Users/fangwending/github/x/tuanche/taisf-service/target/classes/com/taisf/services/supplier/dao/map/supplierPrintterDao.xml]'
2018-09-25 11:38:28.260 [main] DEBUG org.mybatis.spring.SqlSessionFactoryBean - Parsed mapper file: 'file [/Users/fangwending/github/x/tuanche/taisf-service/target/classes/com/taisf/services/supplier/dao/map/supplierExtDao.xml]'
2018-09-25 11:38:28.267 [main] DEBUG org.mybatis.spring.SqlSessionFactoryBean - Parsed mapper file: 'file [/Users/fangwending/github/x/tuanche/taisf-service/target/classes/com/taisf/services/window/dao/map/supplierWindowDao.xml]'
2018-09-25 11:38:28.275 [main] DEBUG org.mybatis.spring.SqlSessionFactoryBean - Parsed mapper file: 'file [/Users/fangwending/github/x/tuanche/taisf-service/target/classes/com/taisf/services/recharge/dao/map/rechargeDao.xml]'
2018-09-25 11:38:28.286 [main] DEBUG org.mybatis.spring.SqlSessionFactoryBean - Parsed mapper file: 'file [/Users/fangwending/github/x/tuanche/taisf-service/target/classes/com/taisf/services/recharge/dao/map/rechargeLogDao.xml]'
2018-09-25 11:38:28.295 [main] DEBUG org.mybatis.spring.SqlSessionFactoryBean - Parsed mapper file: 'file [/Users/fangwending/github/x/tuanche/taisf-service/target/classes/com/taisf/services/stock/dao/map/stockProductMapper.xml]'
2018-09-25 11:38:28.302 [main] DEBUG org.mybatis.spring.SqlSessionFactoryBean - Parsed mapper file: 'file [/Users/fangwending/github/x/tuanche/taisf-service/target/classes/com/taisf/services/stock/dao/map/stockWeekMapper.xml]'
2018-09-25 11:38:28.310 [main] DEBUG org.mybatis.spring.SqlSessionFactoryBean - Parsed mapper file: 'file [/Users/fangwending/github/x/tuanche/taisf-service/target/classes/com/taisf/services/check/dao/map/orderStatsDao.xml]'
2018-09-25 11:38:28.319 [main] DEBUG org.mybatis.spring.SqlSessionFactoryBean - Parsed mapper file: 'file [/Users/fangwending/github/x/tuanche/taisf-service/target/classes/com/taisf/services/refund/dao/map/refundLogDao.xml]'
2018-09-25 11:38:28.327 [main] DEBUG org.mybatis.spring.SqlSessionFactoryBean - Parsed mapper file: 'file [/Users/fangwending/github/x/tuanche/taisf-service/target/classes/com/taisf/services/refund/dao/map/refundDao.xml]'
2018-09-25 11:38:28.332 [main] DEBUG org.mybatis.spring.SqlSessionFactoryBean - Parsed mapper file: 'file [/Users/fangwending/github/x/tuanche/taisf-service/target/classes/com/taisf/services/base/dao/map/upGradeDao.xml]'
2018-09-25 11:38:28.353 [main] DEBUG org.mybatis.spring.SqlSessionFactoryBean - Parsed mapper file: 'file [/Users/fangwending/github/x/tuanche/taisf-service/target/classes/com/taisf/services/base/dao/map/areaRegionDao.xml]'
2018-09-25 11:38:28.360 [main] DEBUG org.mybatis.spring.SqlSessionFactoryBean - Parsed mapper file: 'file [/Users/fangwending/github/x/tuanche/ups-service/target/classes/com/taisf/services/ups/dao/map/roleDao.xml]'
2018-09-25 11:38:28.376 [main] DEBUG org.mybatis.spring.SqlSessionFactoryBean - Parsed mapper file: 'file [/Users/fangwending/github/x/tuanche/ups-service/target/classes/com/taisf/services/ups/dao/map/roleResDao.xml]'
2018-09-25 11:38:28.396 [main] DEBUG org.mybatis.spring.SqlSessionFactoryBean - Parsed mapper file: 'file [/Users/fangwending/github/x/tuanche/ups-service/target/classes/com/taisf/services/ups/dao/map/employeeDao.xml]'
2018-09-25 11:38:28.408 [main] DEBUG org.mybatis.spring.SqlSessionFactoryBean - Parsed mapper file: 'file [/Users/fangwending/github/x/tuanche/ups-service/target/classes/com/taisf/services/ups/dao/map/resourceDao.xml]'
2018-09-25 11:38:28.423 [main] DEBUG org.mybatis.spring.SqlSessionFactoryBean - Parsed mapper file: 'file [/Users/fangwending/github/x/tuanche/ups-service/target/classes/com/taisf/services/ups/dao/map/employeeRoleDao.xml]'
2018-09-25 11:38:28.457 [main] DEBUG org.mybatis.spring.SqlSessionFactoryBean - Parsed mapper file: 'file [/Users/fangwending/github/x/tuanche/push-service/target/classes/com/taisf/services/device/dao/map/deviceDao.xml]'
2018-09-25 11:38:28.727 [main] DEBUG druid.sql.Connection - {conn-510001} connected
2018-09-25 11:38:28.727 [main] DEBUG druid.sql.Connection - {conn-510001} connected
2018-09-25 11:38:28.798 [main] DEBUG druid.sql.Connection - {conn-510002} connected
2018-09-25 11:38:28.798 [main] DEBUG druid.sql.Connection - {conn-510002} connected
2018-09-25 11:38:29.058 [main] DEBUG org.mybatis.spring.SqlSessionFactoryBean - Parsed configuration file: 'class path resource [mybatis-config.xml]'
2018-09-25 11:38:29.066 [main] DEBUG org.mybatis.spring.SqlSessionFactoryBean - Parsed mapper file: 'file [/Users/fangwending/github/x/tuanche/taisf-service/target/classes/com/taisf/services/order/dao/map/orderMoney.xml]'
2018-09-25 11:38:29.070 [main] DEBUG org.mybatis.spring.SqlSessionFactoryBean - Parsed mapper file: 'file [/Users/fangwending/github/x/tuanche/taisf-service/target/classes/com/taisf/services/order/dao/map/orderBase.xml]'
2018-09-25 11:38:29.074 [main] DEBUG org.mybatis.spring.SqlSessionFactoryBean - Parsed mapper file: 'file [/Users/fangwending/github/x/tuanche/taisf-service/target/classes/com/taisf/services/order/dao/map/orderPay.xml]'
2018-09-25 11:38:29.080 [main] DEBUG org.mybatis.spring.SqlSessionFactoryBean - Parsed mapper file: 'file [/Users/fangwending/github/x/tuanche/taisf-service/target/classes/com/taisf/services/order/dao/map/orderInfoDao.xml]'
2018-09-25 11:38:29.084 [main] DEBUG org.mybatis.spring.SqlSessionFactoryBean - Parsed mapper file: 'file [/Users/fangwending/github/x/tuanche/taisf-service/target/classes/com/taisf/services/order/dao/map/orderProductDao.xml]'
2018-09-25 11:38:29.087 [main] DEBUG org.mybatis.spring.SqlSessionFactoryBean - Parsed mapper file: 'file [/Users/fangwending/github/x/tuanche/taisf-service/target/classes/com/taisf/services/order/dao/map/orderActivityDao.xml]'
2018-09-25 11:38:29.090 [main] DEBUG org.mybatis.spring.SqlSessionFactoryBean - Parsed mapper file: 'file [/Users/fangwending/github/x/tuanche/taisf-service/target/classes/com/taisf/services/order/dao/map/orderLogDao.xml]'
2018-09-25 11:38:29.094 [main] DEBUG org.mybatis.spring.SqlSessionFactoryBean - Parsed mapper file: 'file [/Users/fangwending/github/x/tuanche/taisf-service/target/classes/com/taisf/services/order/dao/map/cartDao.xml]'
2018-09-25 11:38:29.098 [main] DEBUG org.mybatis.spring.SqlSessionFactoryBean - Parsed mapper file: 'file [/Users/fangwending/github/x/tuanche/taisf-service/target/classes/com/taisf/services/classify/dao/map/productClassifyDao.xml]'
2018-09-25 11:38:29.102 [main] DEBUG org.mybatis.spring.SqlSessionFactoryBean - Parsed mapper file: 'file [/Users/fangwending/github/x/tuanche/taisf-service/target/classes/com/taisf/services/enterprise/dao/map/enterpriseContactsDao.xml]'
2018-09-25 11:38:29.106 [main] DEBUG org.mybatis.spring.SqlSessionFactoryBean - Parsed mapper file: 'file [/Users/fangwending/github/x/tuanche/taisf-service/target/classes/com/taisf/services/enterprise/dao/map/enterpriseDayDao.xml]'
2018-09-25 11:38:29.119 [main] DEBUG org.mybatis.spring.SqlSessionFactoryBean - Parsed mapper file: 'file [/Users/fangwending/github/x/tuanche/taisf-service/target/classes/com/taisf/services/enterprise/dao/map/enterpriseDao.xml]'
2018-09-25 11:38:29.123 [main] DEBUG org.mybatis.spring.SqlSessionFactoryBean - Parsed mapper file: 'file [/Users/fangwending/github/x/tuanche/taisf-service/target/classes/com/taisf/services/enterprise/dao/map/enterpriseConfigDao.xml]'
2018-09-25 11:38:29.127 [main] DEBUG org.mybatis.spring.SqlSessionFactoryBean - Parsed mapper file: 'file [/Users/fangwending/github/x/tuanche/taisf-service/target/classes/com/taisf/services/enterprise/dao/map/enterpriseAddressDao.xml]'
2018-09-25 11:38:29.130 [main] DEBUG org.mybatis.spring.SqlSessionFactoryBean - Parsed mapper file: 'file [/Users/fangwending/github/x/tuanche/taisf-service/target/classes/com/taisf/services/enterprise/dao/map/enterpriseFinanceDao.xml]'
2018-09-25 11:38:29.134 [main] DEBUG org.mybatis.spring.SqlSessionFactoryBean - Parsed mapper file: 'file [/Users/fangwending/github/x/tuanche/taisf-service/target/classes/com/taisf/services/pay/dao/map/rechargeOrderDao.xml]'
2018-09-25 11:38:29.137 [main] DEBUG org.mybatis.spring.SqlSessionFactoryBean - Parsed mapper file: 'file [/Users/fangwending/github/x/tuanche/taisf-service/target/classes/com/taisf/services/pay/dao/map/payRecordDao.xml]'
2018-09-25 11:38:29.141 [main] DEBUG org.mybatis.spring.SqlSessionFactoryBean - Parsed mapper file: 'file [/Users/fangwending/github/x/tuanche/taisf-service/target/classes/com/taisf/services/user/dao/map/loginTokenDao.xml]'
2018-09-25 11:38:29.147 [main] DEBUG org.mybatis.spring.SqlSessionFactoryBean - Parsed mapper file: 'file [/Users/fangwending/github/x/tuanche/taisf-service/target/classes/com/taisf/services/user/dao/map/userDao.xml]'
2018-09-25 11:38:29.150 [main] DEBUG org.mybatis.spring.SqlSessionFactoryBean - Parsed mapper file: 'file [/Users/fangwending/github/x/tuanche/taisf-service/target/classes/com/taisf/services/user/dao/map/userAddressDao.xml]'
2018-09-25 11:38:29.155 [main] DEBUG org.mybatis.spring.SqlSessionFactoryBean - Parsed mapper file: 'file [/Users/fangwending/github/x/tuanche/taisf-service/target/classes/com/taisf/services/user/dao/map/accountLogDao.xml]'
2018-09-25 11:38:29.159 [main] DEBUG org.mybatis.spring.SqlSessionFactoryBean - Parsed mapper file: 'file [/Users/fangwending/github/x/tuanche/taisf-service/target/classes/com/taisf/services/user/dao/map/userAccountDao.xml]'
2018-09-25 11:38:29.169 [main] DEBUG org.mybatis.spring.SqlSessionFactoryBean - Parsed mapper file: 'file [/Users/fangwending/github/x/tuanche/taisf-service/target/classes/com/taisf/services/product/dao/map/ProductDao.xml]'
2018-09-25 11:38:29.173 [main] DEBUG org.mybatis.spring.SqlSessionFactoryBean - Parsed mapper file: 'file [/Users/fangwending/github/x/tuanche/taisf-service/target/classes/com/taisf/services/supplier/dao/map/supplierPackageDao.xml]'
2018-09-25 11:38:29.177 [main] DEBUG org.mybatis.spring.SqlSessionFactoryBean - Parsed mapper file: 'file [/Users/fangwending/github/x/tuanche/taisf-service/target/classes/com/taisf/services/supplier/dao/map/supplierContactsDao.xml]'
2018-09-25 11:38:29.182 [main] DEBUG org.mybatis.spring.SqlSessionFactoryBean - Parsed mapper file: 'file [/Users/fangwending/github/x/tuanche/taisf-service/target/classes/com/taisf/services/supplier/dao/map/supplierProductDao.xml]'
2018-09-25 11:38:29.186 [main] DEBUG org.mybatis.spring.SqlSessionFactoryBean - Parsed mapper file: 'file [/Users/fangwending/github/x/tuanche/taisf-service/target/classes/com/taisf/services/supplier/dao/map/supplierFinanceDao.xml]'
2018-09-25 11:38:29.190 [main] DEBUG org.mybatis.spring.SqlSessionFactoryBean - Parsed mapper file: 'file [/Users/fangwending/github/x/tuanche/taisf-service/target/classes/com/taisf/services/supplier/dao/map/supplierDao.xml]'
2018-09-25 11:38:29.193 [main] DEBUG org.mybatis.spring.SqlSessionFactoryBean - Parsed mapper file: 'file [/Users/fangwending/github/x/tuanche/taisf-service/target/classes/com/taisf/services/supplier/dao/map/supplierPrintterDao.xml]'
2018-09-25 11:38:29.197 [main] DEBUG org.mybatis.spring.SqlSessionFactoryBean - Parsed mapper file: 'file [/Users/fangwending/github/x/tuanche/taisf-service/target/classes/com/taisf/services/supplier/dao/map/supplierExtDao.xml]'
2018-09-25 11:38:29.200 [main] DEBUG org.mybatis.spring.SqlSessionFactoryBean - Parsed mapper file: 'file [/Users/fangwending/github/x/tuanche/taisf-service/target/classes/com/taisf/services/window/dao/map/supplierWindowDao.xml]'
2018-09-25 11:38:29.204 [main] DEBUG org.mybatis.spring.SqlSessionFactoryBean - Parsed mapper file: 'file [/Users/fangwending/github/x/tuanche/taisf-service/target/classes/com/taisf/services/recharge/dao/map/rechargeDao.xml]'
2018-09-25 11:38:29.210 [main] DEBUG org.mybatis.spring.SqlSessionFactoryBean - Parsed mapper file: 'file [/Users/fangwending/github/x/tuanche/taisf-service/target/classes/com/taisf/services/recharge/dao/map/rechargeLogDao.xml]'
2018-09-25 11:38:29.219 [main] DEBUG org.mybatis.spring.SqlSessionFactoryBean - Parsed mapper file: 'file [/Users/fangwending/github/x/tuanche/taisf-service/target/classes/com/taisf/services/stock/dao/map/stockProductMapper.xml]'
2018-09-25 11:38:29.223 [main] DEBUG org.mybatis.spring.SqlSessionFactoryBean - Parsed mapper file: 'file [/Users/fangwending/github/x/tuanche/taisf-service/target/classes/com/taisf/services/stock/dao/map/stockWeekMapper.xml]'
2018-09-25 11:38:29.226 [main] DEBUG org.mybatis.spring.SqlSessionFactoryBean - Parsed mapper file: 'file [/Users/fangwending/github/x/tuanche/taisf-service/target/classes/com/taisf/services/check/dao/map/orderStatsDao.xml]'
2018-09-25 11:38:29.229 [main] DEBUG org.mybatis.spring.SqlSessionFactoryBean - Parsed mapper file: 'file [/Users/fangwending/github/x/tuanche/taisf-service/target/classes/com/taisf/services/refund/dao/map/refundLogDao.xml]'
2018-09-25 11:38:29.233 [main] DEBUG org.mybatis.spring.SqlSessionFactoryBean - Parsed mapper file: 'file [/Users/fangwending/github/x/tuanche/taisf-service/target/classes/com/taisf/services/refund/dao/map/refundDao.xml]'
2018-09-25 11:38:29.236 [main] DEBUG org.mybatis.spring.SqlSessionFactoryBean - Parsed mapper file: 'file [/Users/fangwending/github/x/tuanche/taisf-service/target/classes/com/taisf/services/base/dao/map/upGradeDao.xml]'
2018-09-25 11:38:29.240 [main] DEBUG org.mybatis.spring.SqlSessionFactoryBean - Parsed mapper file: 'file [/Users/fangwending/github/x/tuanche/taisf-service/target/classes/com/taisf/services/base/dao/map/areaRegionDao.xml]'
2018-09-25 11:38:29.243 [main] DEBUG org.mybatis.spring.SqlSessionFactoryBean - Parsed mapper file: 'file [/Users/fangwending/github/x/tuanche/ups-service/target/classes/com/taisf/services/ups/dao/map/roleDao.xml]'
2018-09-25 11:38:29.247 [main] DEBUG org.mybatis.spring.SqlSessionFactoryBean - Parsed mapper file: 'file [/Users/fangwending/github/x/tuanche/ups-service/target/classes/com/taisf/services/ups/dao/map/roleResDao.xml]'
2018-09-25 11:38:29.251 [main] DEBUG org.mybatis.spring.SqlSessionFactoryBean - Parsed mapper file: 'file [/Users/fangwending/github/x/tuanche/ups-service/target/classes/com/taisf/services/ups/dao/map/employeeDao.xml]'
2018-09-25 11:38:29.256 [main] DEBUG org.mybatis.spring.SqlSessionFactoryBean - Parsed mapper file: 'file [/Users/fangwending/github/x/tuanche/ups-service/target/classes/com/taisf/services/ups/dao/map/resourceDao.xml]'
2018-09-25 11:38:29.259 [main] DEBUG org.mybatis.spring.SqlSessionFactoryBean - Parsed mapper file: 'file [/Users/fangwending/github/x/tuanche/ups-service/target/classes/com/taisf/services/ups/dao/map/employeeRoleDao.xml]'
2018-09-25 11:38:29.267 [main] DEBUG org.mybatis.spring.SqlSessionFactoryBean - Parsed mapper file: 'file [/Users/fangwending/github/x/tuanche/push-service/target/classes/com/taisf/services/device/dao/map/deviceDao.xml]'
2018-09-25 11:38:29.783 [main] DEBUG org.mybatis.spring.SqlSessionUtils - Creating a new SqlSession
2018-09-25 11:38:29.801 [main] DEBUG org.mybatis.spring.SqlSessionUtils - SqlSession [org.apache.ibatis.session.defaults.DefaultSqlSession@7351a16e] was not registered for synchronization because synchronization is not active
2018-09-25 11:38:29.849 [main] DEBUG druid.sql.Connection - {conn-110002} pool-connect
2018-09-25 11:38:29.849 [main] DEBUG druid.sql.Connection - {conn-110002} pool-connect
2018-09-25 11:38:29.849 [main] DEBUG o.m.spring.transaction.SpringManagedTransaction - JDBC Connection [com.alibaba.druid.proxy.jdbc.ConnectionProxyImpl@256a1825] will not be managed by Spring
2018-09-25 11:38:29.853 [main] DEBUG order.orderInfoDao.getEnterpriseOrderStats - ==>  Preparing: SELECT p.enterprise_name as enterpriseName, ll.enterpriseCode, ll.orderNum, ll.faceNum, ll.knightNum, ll.allNum, ll.payMoney, ll.payBalance FROM ( SELECT tmp.enterprise_code AS enterpriseCode, SUM( orderNum ) AS orderNum, SUM( faceNum ) AS faceNum, SUM( knightNum ) AS knightNum, SUM( allNum ) AS allNum, SUM( payMoney ) AS payMoney, SUM( payBalance ) AS payBalance FROM ( SELECT t.enterprise_code, CASE WHEN t.face_type = 0 THEN 1 ELSE 0 END AS orderNum, CASE WHEN t.face_type = 1 THEN 1 ELSE 0 END AS faceNum, CASE WHEN t.face_type = 2 THEN 1 ELSE 0 END AS knightNum, 1 AS allNum, m.pay_balance AS payBalance, m.pay_money AS payMoney FROM t_order t INNER JOIN t_order_money m ON t.order_sn = m.order_sn WHERE t.enterprise_code IS NOT NULL ) tmp GROUP BY tmp.enterprise_code ) ll LEFT JOIN t_enterprise p ON ll.enterpriseCode = p.enterprise_code 
2018-09-25 11:38:29.872 [main] DEBUG druid.sql.Statement - {conn-110002, pstmt-120000} created. 
SELECT
        p.enterprise_name as enterpriseName,
        ll.enterpriseCode,
        ll.orderNum,
        ll.faceNum,
        ll.knightNum,
        ll.allNum,
        ll.payMoney,
        ll.payBalance
        FROM
        (
        SELECT
        tmp.enterprise_code AS enterpriseCode,
        SUM( orderNum ) AS orderNum,
        SUM( faceNum ) AS faceNum,
        SUM( knightNum ) AS knightNum,
        SUM( allNum ) AS allNum,
        SUM( payMoney ) AS payMoney,
        SUM( payBalance ) AS payBalance
        FROM
        (
        SELECT
        t.enterprise_code,

        CASE
          WHEN t.face_type = 0 THEN
        1 ELSE 0
        END AS orderNum,

        CASE
        WHEN t.face_type = 1 THEN
        1 ELSE 0
        END AS faceNum,

        CASE
        WHEN t.face_type = 2 THEN
        1 ELSE 0
        END AS knightNum,

        1 AS allNum,

        m.pay_balance AS payBalance,

        m.pay_money AS payMoney


        FROM
        t_order t
        INNER JOIN t_order_money m ON t.order_sn = m.order_sn
        WHERE
        t.enterprise_code IS NOT NULL

         


         

         
         
        ) tmp
        GROUP BY
        tmp.enterprise_code
        ) ll
        LEFT JOIN t_enterprise p ON ll.enterpriseCode = p.enterprise_code
2018-09-25 11:38:29.872 [main] DEBUG druid.sql.Statement - {conn-110002, pstmt-120000} created. 
SELECT
        p.enterprise_name as enterpriseName,
        ll.enterpriseCode,
        ll.orderNum,
        ll.faceNum,
        ll.knightNum,
        ll.allNum,
        ll.payMoney,
        ll.payBalance
        FROM
        (
        SELECT
        tmp.enterprise_code AS enterpriseCode,
        SUM( orderNum ) AS orderNum,
        SUM( faceNum ) AS faceNum,
        SUM( knightNum ) AS knightNum,
        SUM( allNum ) AS allNum,
        SUM( payMoney ) AS payMoney,
        SUM( payBalance ) AS payBalance
        FROM
        (
        SELECT
        t.enterprise_code,

        CASE
          WHEN t.face_type = 0 THEN
        1 ELSE 0
        END AS orderNum,

        CASE
        WHEN t.face_type = 1 THEN
        1 ELSE 0
        END AS faceNum,

        CASE
        WHEN t.face_type = 2 THEN
        1 ELSE 0
        END AS knightNum,

        1 AS allNum,

        m.pay_balance AS payBalance,

        m.pay_money AS payMoney


        FROM
        t_order t
        INNER JOIN t_order_money m ON t.order_sn = m.order_sn
        WHERE
        t.enterprise_code IS NOT NULL

         


         

         
         
        ) tmp
        GROUP BY
        tmp.enterprise_code
        ) ll
        LEFT JOIN t_enterprise p ON ll.enterpriseCode = p.enterprise_code
2018-09-25 11:38:29.886 [main] DEBUG order.orderInfoDao.getEnterpriseOrderStats - ==> Parameters: 
2018-09-25 11:38:29.888 [main] DEBUG druid.sql.Statement - {conn-110002, pstmt-120000} Parameters : []
2018-09-25 11:38:29.889 [main] DEBUG druid.sql.Statement - {conn-110002, pstmt-120000} Types : []
2018-09-25 11:38:29.890 [main] DEBUG druid.sql.Statement - {conn-110002, pstmt-120000} Parameters : []
2018-09-25 11:38:29.890 [main] DEBUG druid.sql.Statement - {conn-110002, pstmt-120000} Types : []
2018-09-25 11:38:29.912 [main] DEBUG druid.sql.Statement - {conn-110002, pstmt-120000} executed. 23.570142 millis. 
SELECT
        p.enterprise_name as enterpriseName,
        ll.enterpriseCode,
        ll.orderNum,
        ll.faceNum,
        ll.knightNum,
        ll.allNum,
        ll.payMoney,
        ll.payBalance
        FROM
        (
        SELECT
        tmp.enterprise_code AS enterpriseCode,
        SUM( orderNum ) AS orderNum,
        SUM( faceNum ) AS faceNum,
        SUM( knightNum ) AS knightNum,
        SUM( allNum ) AS allNum,
        SUM( payMoney ) AS payMoney,
        SUM( payBalance ) AS payBalance
        FROM
        (
        SELECT
        t.enterprise_code,

        CASE
          WHEN t.face_type = 0 THEN
        1 ELSE 0
        END AS orderNum,

        CASE
        WHEN t.face_type = 1 THEN
        1 ELSE 0
        END AS faceNum,

        CASE
        WHEN t.face_type = 2 THEN
        1 ELSE 0
        END AS knightNum,

        1 AS allNum,

        m.pay_balance AS payBalance,

        m.pay_money AS payMoney


        FROM
        t_order t
        INNER JOIN t_order_money m ON t.order_sn = m.order_sn
        WHERE
        t.enterprise_code IS NOT NULL

         


         

         
         
        ) tmp
        GROUP BY
        tmp.enterprise_code
        ) ll
        LEFT JOIN t_enterprise p ON ll.enterpriseCode = p.enterprise_code
2018-09-25 11:38:29.912 [main] DEBUG druid.sql.Statement - {conn-110002, pstmt-120000} executed. 23.570142 millis. 
SELECT
        p.enterprise_name as enterpriseName,
        ll.enterpriseCode,
        ll.orderNum,
        ll.faceNum,
        ll.knightNum,
        ll.allNum,
        ll.payMoney,
        ll.payBalance
        FROM
        (
        SELECT
        tmp.enterprise_code AS enterpriseCode,
        SUM( orderNum ) AS orderNum,
        SUM( faceNum ) AS faceNum,
        SUM( knightNum ) AS knightNum,
        SUM( allNum ) AS allNum,
        SUM( payMoney ) AS payMoney,
        SUM( payBalance ) AS payBalance
        FROM
        (
        SELECT
        t.enterprise_code,

        CASE
          WHEN t.face_type = 0 THEN
        1 ELSE 0
        END AS orderNum,

        CASE
        WHEN t.face_type = 1 THEN
        1 ELSE 0
        END AS faceNum,

        CASE
        WHEN t.face_type = 2 THEN
        1 ELSE 0
        END AS knightNum,

        1 AS allNum,

        m.pay_balance AS payBalance,

        m.pay_money AS payMoney


        FROM
        t_order t
        INNER JOIN t_order_money m ON t.order_sn = m.order_sn
        WHERE
        t.enterprise_code IS NOT NULL

         


         

         
         
        ) tmp
        GROUP BY
        tmp.enterprise_code
        ) ll
        LEFT JOIN t_enterprise p ON ll.enterpriseCode = p.enterprise_code
2018-09-25 11:38:29.915 [main] DEBUG druid.sql.ResultSet - {conn-110002, pstmt-120000, rs-150000} open
2018-09-25 11:38:29.917 [main] DEBUG druid.sql.ResultSet - {conn-110002, pstmt-120000, rs-150000} Header: [enterprise_name, enterpriseCode, orderNum, faceNum, knightNum, allNum, payMoney, payBalance]
2018-09-25 11:38:29.918 [main] DEBUG druid.sql.ResultSet - {conn-110002, pstmt-120000, rs-150000} open
2018-09-25 11:38:29.918 [main] DEBUG druid.sql.ResultSet - {conn-110002, pstmt-120000, rs-150000} Header: [enterprise_name, enterpriseCode, orderNum, faceNum, knightNum, allNum, payMoney, payBalance]
2018-09-25 11:38:29.934 [main] DEBUG druid.sql.ResultSet - {conn-110002, pstmt-120000, rs-150000} Result: [, 0001, 159, 7, 60, 226, 758, 99531]
2018-09-25 11:38:29.934 [main] DEBUG druid.sql.ResultSet - {conn-110002, pstmt-120000, rs-150000} Result: [, 0001, 159, 7, 60, 226, 758, 99531]
2018-09-25 11:38:29.937 [main] DEBUG druid.sql.ResultSet - {conn-110002, pstmt-120000, rs-150000} Result: [, qpg001, 179, 36, 78, 293, 132, 180463]
2018-09-25 11:38:29.937 [main] DEBUG druid.sql.ResultSet - {conn-110002, pstmt-120000, rs-150000} Result: [, qpg001, 179, 36, 78, 293, 132, 180463]
2018-09-25 11:38:29.937 [main] DEBUG druid.sql.ResultSet - {conn-110002, pstmt-120000, rs-150000} Result: [, ce001, 1, 0, 0, 1, 0, 0]
2018-09-25 11:38:29.937 [main] DEBUG druid.sql.ResultSet - {conn-110002, pstmt-120000, rs-150000} Result: [, ce001, 1, 0, 0, 1, 0, 0]
2018-09-25 11:38:29.938 [main] DEBUG order.orderInfoDao.getEnterpriseOrderStats - <==      Total: 3
2018-09-25 11:38:29.938 [main] DEBUG druid.sql.ResultSet - {conn-110002, pstmt-120000, rs-150000} closed
2018-09-25 11:38:29.938 [main] DEBUG druid.sql.ResultSet - {conn-110002, pstmt-120000, rs-150000} closed
2018-09-25 11:38:29.938 [main] DEBUG druid.sql.Statement - {conn-110002, pstmt-120000} closed
2018-09-25 11:38:29.939 [main] DEBUG druid.sql.Statement - {conn-110002, pstmt-120000} closed
2018-09-25 11:38:29.939 [main] DEBUG org.mybatis.spring.SqlSessionUtils - Closing non transactional SqlSession [org.apache.ibatis.session.defaults.DefaultSqlSession@7351a16e]
2018-09-25 11:38:29.940 [main] DEBUG druid.sql.Connection - {conn-110002} pool-recycle
2018-09-25 11:38:29.940 [main] DEBUG druid.sql.Connection - {conn-110002} pool-recycle
2018-09-25 11:38:30.235 [Thread-3] DEBUG druid.sql.Connection - {conn-510001} closed
2018-09-25 11:38:30.235 [Thread-3] DEBUG druid.sql.Connection - {conn-510001} closed
2018-09-25 11:38:30.237 [Thread-3] DEBUG druid.sql.Connection - {conn-510002} closed
2018-09-25 11:38:30.237 [Thread-3] DEBUG druid.sql.Connection - {conn-510002} closed
2018-09-25 11:38:30.240 [Thread-3] DEBUG druid.sql.Connection - {conn-410001} closed
2018-09-25 11:38:30.240 [Thread-3] DEBUG druid.sql.Connection - {conn-410001} closed
2018-09-25 11:38:30.240 [Thread-3] DEBUG druid.sql.Connection - {conn-410002} closed
2018-09-25 11:38:30.240 [Thread-3] DEBUG druid.sql.Connection - {conn-410002} closed
2018-09-25 11:38:30.241 [Thread-3] DEBUG druid.sql.Connection - {conn-310001} closed
2018-09-25 11:38:30.241 [Thread-3] DEBUG druid.sql.Connection - {conn-310001} closed
2018-09-25 11:38:30.241 [Thread-3] DEBUG druid.sql.Connection - {conn-310002} closed
2018-09-25 11:38:30.241 [Thread-3] DEBUG druid.sql.Connection - {conn-310002} closed
2018-09-25 11:38:30.242 [Thread-3] DEBUG druid.sql.Connection - {conn-210001} closed
2018-09-25 11:38:30.242 [Thread-3] DEBUG druid.sql.Connection - {conn-210001} closed
2018-09-25 11:38:30.243 [Thread-3] DEBUG druid.sql.Connection - {conn-210002} closed
2018-09-25 11:38:30.243 [Thread-3] DEBUG druid.sql.Connection - {conn-210002} closed
2018-09-25 11:38:30.243 [Thread-3] DEBUG druid.sql.Connection - {conn-110001} closed
2018-09-25 11:38:30.244 [Thread-3] DEBUG druid.sql.Connection - {conn-110001} closed
2018-09-25 11:38:30.244 [Thread-3] DEBUG druid.sql.Connection - {conn-110002} closed
2018-09-25 11:38:30.244 [Thread-3] DEBUG druid.sql.Connection - {conn-110002} closed
2018-09-25 11:38:30.244 [Thread-3] DEBUG druid.sql.Connection - {conn-10001} closed
2018-09-25 11:38:30.245 [Thread-3] DEBUG druid.sql.Connection - {conn-10001} closed
2018-09-25 11:38:30.245 [Thread-3] DEBUG druid.sql.Connection - {conn-10002} closed
2018-09-25 11:38:30.245 [Thread-3] DEBUG druid.sql.Connection - {conn-10002} closed
