2018-01-11 18:46:14.716 [main] DEBUG org.apache.ibatis.logging.LogFactory - Logging initialized using 'class org.apache.ibatis.logging.slf4j.Slf4jImpl' adapter.
2018-01-11 18:46:16.332 [main] DEBUG druid.sql.Connection - {conn-10001} connected
2018-01-11 18:46:16.332 [main] DEBUG druid.sql.Connection - {conn-10001} connected
2018-01-11 18:46:16.411 [main] DEBUG druid.sql.Connection - {conn-10002} connected
2018-01-11 18:46:16.411 [main] DEBUG druid.sql.Connection - {conn-10002} connected
2018-01-11 18:46:16.616 [main] DEBUG org.mybatis.spring.SqlSessionFactoryBean - Parsed configuration file: 'class path resource [mybatis-config.xml]'
2018-01-11 18:46:16.692 [main] DEBUG org.mybatis.spring.SqlSessionFactoryBean - Parsed mapper file: 'file [/Users/fangwending/github/x/tuanche/taisf-service/target/classes/com/taisf/services/order/dao/map/orderMoney.xml]'
2018-01-11 18:46:16.713 [main] DEBUG org.mybatis.spring.SqlSessionFactoryBean - Parsed mapper file: 'file [/Users/fangwending/github/x/tuanche/taisf-service/target/classes/com/taisf/services/order/dao/map/orderBase.xml]'
2018-01-11 18:46:16.727 [main] DEBUG org.mybatis.spring.SqlSessionFactoryBean - Parsed mapper file: 'file [/Users/fangwending/github/x/tuanche/taisf-service/target/classes/com/taisf/services/order/dao/map/orderPay.xml]'
2018-01-11 18:46:16.754 [main] DEBUG org.mybatis.spring.SqlSessionFactoryBean - Parsed mapper file: 'file [/Users/fangwending/github/x/tuanche/taisf-service/target/classes/com/taisf/services/order/dao/map/orderInfoDao.xml]'
2018-01-11 18:46:16.767 [main] DEBUG org.mybatis.spring.SqlSessionFactoryBean - Parsed mapper file: 'file [/Users/fangwending/github/x/tuanche/taisf-service/target/classes/com/taisf/services/order/dao/map/orderProductDao.xml]'
2018-01-11 18:46:16.776 [main] DEBUG org.mybatis.spring.SqlSessionFactoryBean - Parsed mapper file: 'file [/Users/fangwending/github/x/tuanche/taisf-service/target/classes/com/taisf/services/order/dao/map/orderActivityDao.xml]'
2018-01-11 18:46:16.785 [main] DEBUG org.mybatis.spring.SqlSessionFactoryBean - Parsed mapper file: 'file [/Users/fangwending/github/x/tuanche/taisf-service/target/classes/com/taisf/services/order/dao/map/orderLogDao.xml]'
2018-01-11 18:46:16.796 [main] DEBUG org.mybatis.spring.SqlSessionFactoryBean - Parsed mapper file: 'file [/Users/fangwending/github/x/tuanche/taisf-service/target/classes/com/taisf/services/order/dao/map/cartDao.xml]'
2018-01-11 18:46:16.815 [main] DEBUG org.mybatis.spring.SqlSessionFactoryBean - Parsed mapper file: 'file [/Users/fangwending/github/x/tuanche/taisf-service/target/classes/com/taisf/services/enterprise/dao/map/enterpriseContactsDao.xml]'
2018-01-11 18:46:16.831 [main] DEBUG org.mybatis.spring.SqlSessionFactoryBean - Parsed mapper file: 'file [/Users/fangwending/github/x/tuanche/taisf-service/target/classes/com/taisf/services/enterprise/dao/map/enterpriseDayDao.xml]'
2018-01-11 18:46:16.855 [main] DEBUG org.mybatis.spring.SqlSessionFactoryBean - Parsed mapper file: 'file [/Users/fangwending/github/x/tuanche/taisf-service/target/classes/com/taisf/services/enterprise/dao/map/enterpriseDao.xml]'
2018-01-11 18:46:16.868 [main] DEBUG org.mybatis.spring.SqlSessionFactoryBean - Parsed mapper file: 'file [/Users/fangwending/github/x/tuanche/taisf-service/target/classes/com/taisf/services/enterprise/dao/map/enterpriseConfigDao.xml]'
2018-01-11 18:46:16.880 [main] DEBUG org.mybatis.spring.SqlSessionFactoryBean - Parsed mapper file: 'file [/Users/fangwending/github/x/tuanche/taisf-service/target/classes/com/taisf/services/enterprise/dao/map/enterpriseAddressDao.xml]'
2018-01-11 18:46:16.891 [main] DEBUG org.mybatis.spring.SqlSessionFactoryBean - Parsed mapper file: 'file [/Users/fangwending/github/x/tuanche/taisf-service/target/classes/com/taisf/services/enterprise/dao/map/enterpriseFinanceDao.xml]'
2018-01-11 18:46:16.903 [main] DEBUG org.mybatis.spring.SqlSessionFactoryBean - Parsed mapper file: 'file [/Users/fangwending/github/x/tuanche/taisf-service/target/classes/com/taisf/services/pay/dao/map/payRecordDao.xml]'
2018-01-11 18:46:16.914 [main] DEBUG org.mybatis.spring.SqlSessionFactoryBean - Parsed mapper file: 'file [/Users/fangwending/github/x/tuanche/taisf-service/target/classes/com/taisf/services/user/dao/map/loginTokenDao.xml]'
2018-01-11 18:46:16.937 [main] DEBUG org.mybatis.spring.SqlSessionFactoryBean - Parsed mapper file: 'file [/Users/fangwending/github/x/tuanche/taisf-service/target/classes/com/taisf/services/user/dao/map/userDao.xml]'
2018-01-11 18:46:16.946 [main] DEBUG org.mybatis.spring.SqlSessionFactoryBean - Parsed mapper file: 'file [/Users/fangwending/github/x/tuanche/taisf-service/target/classes/com/taisf/services/user/dao/map/userAddressDao.xml]'
2018-01-11 18:46:16.955 [main] DEBUG org.mybatis.spring.SqlSessionFactoryBean - Parsed mapper file: 'file [/Users/fangwending/github/x/tuanche/taisf-service/target/classes/com/taisf/services/user/dao/map/accountLogDao.xml]'
2018-01-11 18:46:16.967 [main] DEBUG org.mybatis.spring.SqlSessionFactoryBean - Parsed mapper file: 'file [/Users/fangwending/github/x/tuanche/taisf-service/target/classes/com/taisf/services/user/dao/map/userAccountDao.xml]'
2018-01-11 18:46:16.978 [main] DEBUG org.mybatis.spring.SqlSessionFactoryBean - Parsed mapper file: 'file [/Users/fangwending/github/x/tuanche/taisf-service/target/classes/com/taisf/services/product/dao/map/ProductDao.xml]'
2018-01-11 18:46:16.990 [main] DEBUG org.mybatis.spring.SqlSessionFactoryBean - Parsed mapper file: 'file [/Users/fangwending/github/x/tuanche/taisf-service/target/classes/com/taisf/services/supplier/dao/map/supplierPackageDao.xml]'
2018-01-11 18:46:16.998 [main] DEBUG org.mybatis.spring.SqlSessionFactoryBean - Parsed mapper file: 'file [/Users/fangwending/github/x/tuanche/taisf-service/target/classes/com/taisf/services/supplier/dao/map/supplierContactsDao.xml]'
2018-01-11 18:46:17.012 [main] DEBUG org.mybatis.spring.SqlSessionFactoryBean - Parsed mapper file: 'file [/Users/fangwending/github/x/tuanche/taisf-service/target/classes/com/taisf/services/supplier/dao/map/supplierProductDao.xml]'
2018-01-11 18:46:17.020 [main] DEBUG org.mybatis.spring.SqlSessionFactoryBean - Parsed mapper file: 'file [/Users/fangwending/github/x/tuanche/taisf-service/target/classes/com/taisf/services/supplier/dao/map/supplierFinanceDao.xml]'
2018-01-11 18:46:17.030 [main] DEBUG org.mybatis.spring.SqlSessionFactoryBean - Parsed mapper file: 'file [/Users/fangwending/github/x/tuanche/taisf-service/target/classes/com/taisf/services/supplier/dao/map/supplierDao.xml]'
2018-01-11 18:46:17.042 [main] DEBUG org.mybatis.spring.SqlSessionFactoryBean - Parsed mapper file: 'file [/Users/fangwending/github/x/tuanche/taisf-service/target/classes/com/taisf/services/supplier/dao/map/supplierExtDao.xml]'
2018-01-11 18:46:17.055 [main] DEBUG org.mybatis.spring.SqlSessionFactoryBean - Parsed mapper file: 'file [/Users/fangwending/github/x/tuanche/taisf-service/target/classes/com/taisf/services/supplier/dao/map/employeeSupplierDao.xml]'
2018-01-11 18:46:17.069 [main] DEBUG org.mybatis.spring.SqlSessionFactoryBean - Parsed mapper file: 'file [/Users/fangwending/github/x/tuanche/taisf-service/target/classes/com/taisf/services/recharge/dao/map/rechargeDao.xml]'
2018-01-11 18:46:17.080 [main] DEBUG org.mybatis.spring.SqlSessionFactoryBean - Parsed mapper file: 'file [/Users/fangwending/github/x/tuanche/taisf-service/target/classes/com/taisf/services/recharge/dao/map/rechargeLogDao.xml]'
2018-01-11 18:46:17.108 [main] DEBUG org.mybatis.spring.SqlSessionFactoryBean - Parsed mapper file: 'file [/Users/fangwending/github/x/tuanche/taisf-service/target/classes/com/taisf/services/permission/dao/map/roleDao.xml]'
2018-01-11 18:46:17.117 [main] DEBUG org.mybatis.spring.SqlSessionFactoryBean - Parsed mapper file: 'file [/Users/fangwending/github/x/tuanche/taisf-service/target/classes/com/taisf/services/permission/dao/map/roleResDao.xml]'
2018-01-11 18:46:17.130 [main] DEBUG org.mybatis.spring.SqlSessionFactoryBean - Parsed mapper file: 'file [/Users/fangwending/github/x/tuanche/taisf-service/target/classes/com/taisf/services/permission/dao/map/employeeDao.xml]'
2018-01-11 18:46:17.147 [main] DEBUG org.mybatis.spring.SqlSessionFactoryBean - Parsed mapper file: 'file [/Users/fangwending/github/x/tuanche/taisf-service/target/classes/com/taisf/services/permission/dao/map/resourceDao.xml]'
2018-01-11 18:46:17.157 [main] DEBUG org.mybatis.spring.SqlSessionFactoryBean - Parsed mapper file: 'file [/Users/fangwending/github/x/tuanche/taisf-service/target/classes/com/taisf/services/permission/dao/map/employeeRoleDao.xml]'
2018-01-11 18:46:17.163 [main] DEBUG org.mybatis.spring.SqlSessionFactoryBean - Parsed mapper file: 'file [/Users/fangwending/github/x/tuanche/taisf-service/target/classes/com/taisf/services/refund/dao/map/refundLogDao.xml]'
2018-01-11 18:46:17.175 [main] DEBUG org.mybatis.spring.SqlSessionFactoryBean - Parsed mapper file: 'file [/Users/fangwending/github/x/tuanche/taisf-service/target/classes/com/taisf/services/refund/dao/map/refundDao.xml]'
2018-01-11 18:46:17.183 [main] DEBUG org.mybatis.spring.SqlSessionFactoryBean - Parsed mapper file: 'file [/Users/fangwending/github/x/tuanche/taisf-service/target/classes/com/taisf/services/base/dao/map/upGradeDao.xml]'
2018-01-11 18:46:17.192 [main] DEBUG org.mybatis.spring.SqlSessionFactoryBean - Parsed mapper file: 'file [/Users/fangwending/github/x/tuanche/taisf-service/target/classes/com/taisf/services/base/dao/map/areaRegionDao.xml]'
2018-01-11 18:46:17.280 [main] DEBUG druid.sql.Connection - {conn-110001} connected
2018-01-11 18:46:17.281 [main] DEBUG druid.sql.Connection - {conn-110001} connected
2018-01-11 18:46:17.356 [main] DEBUG druid.sql.Connection - {conn-110002} connected
2018-01-11 18:46:17.356 [main] DEBUG druid.sql.Connection - {conn-110002} connected
2018-01-11 18:46:17.389 [main] DEBUG org.mybatis.spring.SqlSessionFactoryBean - Parsed configuration file: 'class path resource [mybatis-config.xml]'
2018-01-11 18:46:17.395 [main] DEBUG org.mybatis.spring.SqlSessionFactoryBean - Parsed mapper file: 'file [/Users/fangwending/github/x/tuanche/taisf-service/target/classes/com/taisf/services/order/dao/map/orderMoney.xml]'
2018-01-11 18:46:17.402 [main] DEBUG org.mybatis.spring.SqlSessionFactoryBean - Parsed mapper file: 'file [/Users/fangwending/github/x/tuanche/taisf-service/target/classes/com/taisf/services/order/dao/map/orderBase.xml]'
2018-01-11 18:46:17.407 [main] DEBUG org.mybatis.spring.SqlSessionFactoryBean - Parsed mapper file: 'file [/Users/fangwending/github/x/tuanche/taisf-service/target/classes/com/taisf/services/order/dao/map/orderPay.xml]'
2018-01-11 18:46:17.415 [main] DEBUG org.mybatis.spring.SqlSessionFactoryBean - Parsed mapper file: 'file [/Users/fangwending/github/x/tuanche/taisf-service/target/classes/com/taisf/services/order/dao/map/orderInfoDao.xml]'
2018-01-11 18:46:17.420 [main] DEBUG org.mybatis.spring.SqlSessionFactoryBean - Parsed mapper file: 'file [/Users/fangwending/github/x/tuanche/taisf-service/target/classes/com/taisf/services/order/dao/map/orderProductDao.xml]'
2018-01-11 18:46:17.424 [main] DEBUG org.mybatis.spring.SqlSessionFactoryBean - Parsed mapper file: 'file [/Users/fangwending/github/x/tuanche/taisf-service/target/classes/com/taisf/services/order/dao/map/orderActivityDao.xml]'
2018-01-11 18:46:17.428 [main] DEBUG org.mybatis.spring.SqlSessionFactoryBean - Parsed mapper file: 'file [/Users/fangwending/github/x/tuanche/taisf-service/target/classes/com/taisf/services/order/dao/map/orderLogDao.xml]'
2018-01-11 18:46:17.433 [main] DEBUG org.mybatis.spring.SqlSessionFactoryBean - Parsed mapper file: 'file [/Users/fangwending/github/x/tuanche/taisf-service/target/classes/com/taisf/services/order/dao/map/cartDao.xml]'
2018-01-11 18:46:17.438 [main] DEBUG org.mybatis.spring.SqlSessionFactoryBean - Parsed mapper file: 'file [/Users/fangwending/github/x/tuanche/taisf-service/target/classes/com/taisf/services/enterprise/dao/map/enterpriseContactsDao.xml]'
2018-01-11 18:46:17.444 [main] DEBUG org.mybatis.spring.SqlSessionFactoryBean - Parsed mapper file: 'file [/Users/fangwending/github/x/tuanche/taisf-service/target/classes/com/taisf/services/enterprise/dao/map/enterpriseDayDao.xml]'
2018-01-11 18:46:17.452 [main] DEBUG org.mybatis.spring.SqlSessionFactoryBean - Parsed mapper file: 'file [/Users/fangwending/github/x/tuanche/taisf-service/target/classes/com/taisf/services/enterprise/dao/map/enterpriseDao.xml]'
2018-01-11 18:46:17.459 [main] DEBUG org.mybatis.spring.SqlSessionFactoryBean - Parsed mapper file: 'file [/Users/fangwending/github/x/tuanche/taisf-service/target/classes/com/taisf/services/enterprise/dao/map/enterpriseConfigDao.xml]'
2018-01-11 18:46:17.468 [main] DEBUG org.mybatis.spring.SqlSessionFactoryBean - Parsed mapper file: 'file [/Users/fangwending/github/x/tuanche/taisf-service/target/classes/com/taisf/services/enterprise/dao/map/enterpriseAddressDao.xml]'
2018-01-11 18:46:17.476 [main] DEBUG org.mybatis.spring.SqlSessionFactoryBean - Parsed mapper file: 'file [/Users/fangwending/github/x/tuanche/taisf-service/target/classes/com/taisf/services/enterprise/dao/map/enterpriseFinanceDao.xml]'
2018-01-11 18:46:17.483 [main] DEBUG org.mybatis.spring.SqlSessionFactoryBean - Parsed mapper file: 'file [/Users/fangwending/github/x/tuanche/taisf-service/target/classes/com/taisf/services/pay/dao/map/payRecordDao.xml]'
2018-01-11 18:46:17.493 [main] DEBUG org.mybatis.spring.SqlSessionFactoryBean - Parsed mapper file: 'file [/Users/fangwending/github/x/tuanche/taisf-service/target/classes/com/taisf/services/user/dao/map/loginTokenDao.xml]'
2018-01-11 18:46:17.512 [main] DEBUG org.mybatis.spring.SqlSessionFactoryBean - Parsed mapper file: 'file [/Users/fangwending/github/x/tuanche/taisf-service/target/classes/com/taisf/services/user/dao/map/userDao.xml]'
2018-01-11 18:46:17.517 [main] DEBUG org.mybatis.spring.SqlSessionFactoryBean - Parsed mapper file: 'file [/Users/fangwending/github/x/tuanche/taisf-service/target/classes/com/taisf/services/user/dao/map/userAddressDao.xml]'
2018-01-11 18:46:17.521 [main] DEBUG org.mybatis.spring.SqlSessionFactoryBean - Parsed mapper file: 'file [/Users/fangwending/github/x/tuanche/taisf-service/target/classes/com/taisf/services/user/dao/map/accountLogDao.xml]'
2018-01-11 18:46:17.526 [main] DEBUG org.mybatis.spring.SqlSessionFactoryBean - Parsed mapper file: 'file [/Users/fangwending/github/x/tuanche/taisf-service/target/classes/com/taisf/services/user/dao/map/userAccountDao.xml]'
2018-01-11 18:46:17.530 [main] DEBUG org.mybatis.spring.SqlSessionFactoryBean - Parsed mapper file: 'file [/Users/fangwending/github/x/tuanche/taisf-service/target/classes/com/taisf/services/product/dao/map/ProductDao.xml]'
2018-01-11 18:46:17.536 [main] DEBUG org.mybatis.spring.SqlSessionFactoryBean - Parsed mapper file: 'file [/Users/fangwending/github/x/tuanche/taisf-service/target/classes/com/taisf/services/supplier/dao/map/supplierPackageDao.xml]'
2018-01-11 18:46:17.540 [main] DEBUG org.mybatis.spring.SqlSessionFactoryBean - Parsed mapper file: 'file [/Users/fangwending/github/x/tuanche/taisf-service/target/classes/com/taisf/services/supplier/dao/map/supplierContactsDao.xml]'
2018-01-11 18:46:17.547 [main] DEBUG org.mybatis.spring.SqlSessionFactoryBean - Parsed mapper file: 'file [/Users/fangwending/github/x/tuanche/taisf-service/target/classes/com/taisf/services/supplier/dao/map/supplierProductDao.xml]'
2018-01-11 18:46:17.552 [main] DEBUG org.mybatis.spring.SqlSessionFactoryBean - Parsed mapper file: 'file [/Users/fangwending/github/x/tuanche/taisf-service/target/classes/com/taisf/services/supplier/dao/map/supplierFinanceDao.xml]'
2018-01-11 18:46:17.558 [main] DEBUG org.mybatis.spring.SqlSessionFactoryBean - Parsed mapper file: 'file [/Users/fangwending/github/x/tuanche/taisf-service/target/classes/com/taisf/services/supplier/dao/map/supplierDao.xml]'
2018-01-11 18:46:17.562 [main] DEBUG org.mybatis.spring.SqlSessionFactoryBean - Parsed mapper file: 'file [/Users/fangwending/github/x/tuanche/taisf-service/target/classes/com/taisf/services/supplier/dao/map/supplierExtDao.xml]'
2018-01-11 18:46:17.567 [main] DEBUG org.mybatis.spring.SqlSessionFactoryBean - Parsed mapper file: 'file [/Users/fangwending/github/x/tuanche/taisf-service/target/classes/com/taisf/services/supplier/dao/map/employeeSupplierDao.xml]'
2018-01-11 18:46:17.573 [main] DEBUG org.mybatis.spring.SqlSessionFactoryBean - Parsed mapper file: 'file [/Users/fangwending/github/x/tuanche/taisf-service/target/classes/com/taisf/services/recharge/dao/map/rechargeDao.xml]'
2018-01-11 18:46:17.578 [main] DEBUG org.mybatis.spring.SqlSessionFactoryBean - Parsed mapper file: 'file [/Users/fangwending/github/x/tuanche/taisf-service/target/classes/com/taisf/services/recharge/dao/map/rechargeLogDao.xml]'
2018-01-11 18:46:17.583 [main] DEBUG org.mybatis.spring.SqlSessionFactoryBean - Parsed mapper file: 'file [/Users/fangwending/github/x/tuanche/taisf-service/target/classes/com/taisf/services/permission/dao/map/roleDao.xml]'
2018-01-11 18:46:17.588 [main] DEBUG org.mybatis.spring.SqlSessionFactoryBean - Parsed mapper file: 'file [/Users/fangwending/github/x/tuanche/taisf-service/target/classes/com/taisf/services/permission/dao/map/roleResDao.xml]'
2018-01-11 18:46:17.594 [main] DEBUG org.mybatis.spring.SqlSessionFactoryBean - Parsed mapper file: 'file [/Users/fangwending/github/x/tuanche/taisf-service/target/classes/com/taisf/services/permission/dao/map/employeeDao.xml]'
2018-01-11 18:46:17.601 [main] DEBUG org.mybatis.spring.SqlSessionFactoryBean - Parsed mapper file: 'file [/Users/fangwending/github/x/tuanche/taisf-service/target/classes/com/taisf/services/permission/dao/map/resourceDao.xml]'
2018-01-11 18:46:17.606 [main] DEBUG org.mybatis.spring.SqlSessionFactoryBean - Parsed mapper file: 'file [/Users/fangwending/github/x/tuanche/taisf-service/target/classes/com/taisf/services/permission/dao/map/employeeRoleDao.xml]'
2018-01-11 18:46:17.610 [main] DEBUG org.mybatis.spring.SqlSessionFactoryBean - Parsed mapper file: 'file [/Users/fangwending/github/x/tuanche/taisf-service/target/classes/com/taisf/services/refund/dao/map/refundLogDao.xml]'
2018-01-11 18:46:17.616 [main] DEBUG org.mybatis.spring.SqlSessionFactoryBean - Parsed mapper file: 'file [/Users/fangwending/github/x/tuanche/taisf-service/target/classes/com/taisf/services/refund/dao/map/refundDao.xml]'
2018-01-11 18:46:17.620 [main] DEBUG org.mybatis.spring.SqlSessionFactoryBean - Parsed mapper file: 'file [/Users/fangwending/github/x/tuanche/taisf-service/target/classes/com/taisf/services/base/dao/map/upGradeDao.xml]'
2018-01-11 18:46:17.626 [main] DEBUG org.mybatis.spring.SqlSessionFactoryBean - Parsed mapper file: 'file [/Users/fangwending/github/x/tuanche/taisf-service/target/classes/com/taisf/services/base/dao/map/areaRegionDao.xml]'
2018-01-11 18:46:37.151 [Thread-3] DEBUG druid.sql.Connection - {conn-110001} closed
2018-01-11 18:46:37.151 [Thread-3] DEBUG druid.sql.Connection - {conn-110001} closed
2018-01-11 18:46:37.152 [Thread-3] DEBUG druid.sql.Connection - {conn-110002} closed
2018-01-11 18:46:37.152 [Thread-3] DEBUG druid.sql.Connection - {conn-110002} closed
2018-01-11 18:46:37.154 [Thread-3] DEBUG druid.sql.Connection - {conn-10001} closed
2018-01-11 18:46:37.154 [Thread-3] DEBUG druid.sql.Connection - {conn-10001} closed
2018-01-11 18:46:37.154 [Thread-3] DEBUG druid.sql.Connection - {conn-10002} closed
2018-01-11 18:46:37.154 [Thread-3] DEBUG druid.sql.Connection - {conn-10002} closed
2018-01-11 18:47:01.690 [main] DEBUG org.apache.ibatis.logging.LogFactory - Logging initialized using 'class org.apache.ibatis.logging.slf4j.Slf4jImpl' adapter.
2018-01-11 18:47:02.760 [main] DEBUG druid.sql.Connection - {conn-10001} connected
2018-01-11 18:47:02.760 [main] DEBUG druid.sql.Connection - {conn-10001} connected
2018-01-11 18:47:02.830 [main] DEBUG druid.sql.Connection - {conn-10002} connected
2018-01-11 18:47:02.830 [main] DEBUG druid.sql.Connection - {conn-10002} connected
2018-01-11 18:47:03.023 [main] DEBUG org.mybatis.spring.SqlSessionFactoryBean - Parsed configuration file: 'class path resource [mybatis-config.xml]'
2018-01-11 18:47:03.104 [main] DEBUG org.mybatis.spring.SqlSessionFactoryBean - Parsed mapper file: 'file [/Users/fangwending/github/x/tuanche/taisf-service/target/classes/com/taisf/services/order/dao/map/orderMoney.xml]'
2018-01-11 18:47:03.126 [main] DEBUG org.mybatis.spring.SqlSessionFactoryBean - Parsed mapper file: 'file [/Users/fangwending/github/x/tuanche/taisf-service/target/classes/com/taisf/services/order/dao/map/orderBase.xml]'
2018-01-11 18:47:03.140 [main] DEBUG org.mybatis.spring.SqlSessionFactoryBean - Parsed mapper file: 'file [/Users/fangwending/github/x/tuanche/taisf-service/target/classes/com/taisf/services/order/dao/map/orderPay.xml]'
2018-01-11 18:47:03.171 [main] DEBUG org.mybatis.spring.SqlSessionFactoryBean - Parsed mapper file: 'file [/Users/fangwending/github/x/tuanche/taisf-service/target/classes/com/taisf/services/order/dao/map/orderInfoDao.xml]'
2018-01-11 18:47:03.187 [main] DEBUG org.mybatis.spring.SqlSessionFactoryBean - Parsed mapper file: 'file [/Users/fangwending/github/x/tuanche/taisf-service/target/classes/com/taisf/services/order/dao/map/orderProductDao.xml]'
2018-01-11 18:47:03.195 [main] DEBUG org.mybatis.spring.SqlSessionFactoryBean - Parsed mapper file: 'file [/Users/fangwending/github/x/tuanche/taisf-service/target/classes/com/taisf/services/order/dao/map/orderActivityDao.xml]'
2018-01-11 18:47:03.206 [main] DEBUG org.mybatis.spring.SqlSessionFactoryBean - Parsed mapper file: 'file [/Users/fangwending/github/x/tuanche/taisf-service/target/classes/com/taisf/services/order/dao/map/orderLogDao.xml]'
2018-01-11 18:47:03.222 [main] DEBUG org.mybatis.spring.SqlSessionFactoryBean - Parsed mapper file: 'file [/Users/fangwending/github/x/tuanche/taisf-service/target/classes/com/taisf/services/order/dao/map/cartDao.xml]'
2018-01-11 18:47:03.233 [main] DEBUG org.mybatis.spring.SqlSessionFactoryBean - Parsed mapper file: 'file [/Users/fangwending/github/x/tuanche/taisf-service/target/classes/com/taisf/services/enterprise/dao/map/enterpriseContactsDao.xml]'
2018-01-11 18:47:03.253 [main] DEBUG org.mybatis.spring.SqlSessionFactoryBean - Parsed mapper file: 'file [/Users/fangwending/github/x/tuanche/taisf-service/target/classes/com/taisf/services/enterprise/dao/map/enterpriseDayDao.xml]'
2018-01-11 18:47:03.282 [main] DEBUG org.mybatis.spring.SqlSessionFactoryBean - Parsed mapper file: 'file [/Users/fangwending/github/x/tuanche/taisf-service/target/classes/com/taisf/services/enterprise/dao/map/enterpriseDao.xml]'
2018-01-11 18:47:03.296 [main] DEBUG org.mybatis.spring.SqlSessionFactoryBean - Parsed mapper file: 'file [/Users/fangwending/github/x/tuanche/taisf-service/target/classes/com/taisf/services/enterprise/dao/map/enterpriseConfigDao.xml]'
2018-01-11 18:47:03.311 [main] DEBUG org.mybatis.spring.SqlSessionFactoryBean - Parsed mapper file: 'file [/Users/fangwending/github/x/tuanche/taisf-service/target/classes/com/taisf/services/enterprise/dao/map/enterpriseAddressDao.xml]'
2018-01-11 18:47:03.330 [main] DEBUG org.mybatis.spring.SqlSessionFactoryBean - Parsed mapper file: 'file [/Users/fangwending/github/x/tuanche/taisf-service/target/classes/com/taisf/services/enterprise/dao/map/enterpriseFinanceDao.xml]'
2018-01-11 18:47:03.346 [main] DEBUG org.mybatis.spring.SqlSessionFactoryBean - Parsed mapper file: 'file [/Users/fangwending/github/x/tuanche/taisf-service/target/classes/com/taisf/services/pay/dao/map/payRecordDao.xml]'
2018-01-11 18:47:03.365 [main] DEBUG org.mybatis.spring.SqlSessionFactoryBean - Parsed mapper file: 'file [/Users/fangwending/github/x/tuanche/taisf-service/target/classes/com/taisf/services/user/dao/map/loginTokenDao.xml]'
2018-01-11 18:47:03.395 [main] DEBUG org.mybatis.spring.SqlSessionFactoryBean - Parsed mapper file: 'file [/Users/fangwending/github/x/tuanche/taisf-service/target/classes/com/taisf/services/user/dao/map/userDao.xml]'
2018-01-11 18:47:03.406 [main] DEBUG org.mybatis.spring.SqlSessionFactoryBean - Parsed mapper file: 'file [/Users/fangwending/github/x/tuanche/taisf-service/target/classes/com/taisf/services/user/dao/map/userAddressDao.xml]'
2018-01-11 18:47:03.418 [main] DEBUG org.mybatis.spring.SqlSessionFactoryBean - Parsed mapper file: 'file [/Users/fangwending/github/x/tuanche/taisf-service/target/classes/com/taisf/services/user/dao/map/accountLogDao.xml]'
2018-01-11 18:47:03.436 [main] DEBUG org.mybatis.spring.SqlSessionFactoryBean - Parsed mapper file: 'file [/Users/fangwending/github/x/tuanche/taisf-service/target/classes/com/taisf/services/user/dao/map/userAccountDao.xml]'
2018-01-11 18:47:03.452 [main] DEBUG org.mybatis.spring.SqlSessionFactoryBean - Parsed mapper file: 'file [/Users/fangwending/github/x/tuanche/taisf-service/target/classes/com/taisf/services/product/dao/map/ProductDao.xml]'
2018-01-11 18:47:03.479 [main] DEBUG org.mybatis.spring.SqlSessionFactoryBean - Parsed mapper file: 'file [/Users/fangwending/github/x/tuanche/taisf-service/target/classes/com/taisf/services/supplier/dao/map/supplierPackageDao.xml]'
2018-01-11 18:47:03.487 [main] DEBUG org.mybatis.spring.SqlSessionFactoryBean - Parsed mapper file: 'file [/Users/fangwending/github/x/tuanche/taisf-service/target/classes/com/taisf/services/supplier/dao/map/supplierContactsDao.xml]'
2018-01-11 18:47:03.504 [main] DEBUG org.mybatis.spring.SqlSessionFactoryBean - Parsed mapper file: 'file [/Users/fangwending/github/x/tuanche/taisf-service/target/classes/com/taisf/services/supplier/dao/map/supplierProductDao.xml]'
2018-01-11 18:47:03.514 [main] DEBUG org.mybatis.spring.SqlSessionFactoryBean - Parsed mapper file: 'file [/Users/fangwending/github/x/tuanche/taisf-service/target/classes/com/taisf/services/supplier/dao/map/supplierFinanceDao.xml]'
2018-01-11 18:47:03.528 [main] DEBUG org.mybatis.spring.SqlSessionFactoryBean - Parsed mapper file: 'file [/Users/fangwending/github/x/tuanche/taisf-service/target/classes/com/taisf/services/supplier/dao/map/supplierDao.xml]'
2018-01-11 18:47:03.540 [main] DEBUG org.mybatis.spring.SqlSessionFactoryBean - Parsed mapper file: 'file [/Users/fangwending/github/x/tuanche/taisf-service/target/classes/com/taisf/services/supplier/dao/map/supplierExtDao.xml]'
2018-01-11 18:47:03.551 [main] DEBUG org.mybatis.spring.SqlSessionFactoryBean - Parsed mapper file: 'file [/Users/fangwending/github/x/tuanche/taisf-service/target/classes/com/taisf/services/supplier/dao/map/employeeSupplierDao.xml]'
2018-01-11 18:47:03.563 [main] DEBUG org.mybatis.spring.SqlSessionFactoryBean - Parsed mapper file: 'file [/Users/fangwending/github/x/tuanche/taisf-service/target/classes/com/taisf/services/recharge/dao/map/rechargeDao.xml]'
2018-01-11 18:47:03.572 [main] DEBUG org.mybatis.spring.SqlSessionFactoryBean - Parsed mapper file: 'file [/Users/fangwending/github/x/tuanche/taisf-service/target/classes/com/taisf/services/recharge/dao/map/rechargeLogDao.xml]'
2018-01-11 18:47:03.583 [main] DEBUG org.mybatis.spring.SqlSessionFactoryBean - Parsed mapper file: 'file [/Users/fangwending/github/x/tuanche/taisf-service/target/classes/com/taisf/services/permission/dao/map/roleDao.xml]'
2018-01-11 18:47:03.592 [main] DEBUG org.mybatis.spring.SqlSessionFactoryBean - Parsed mapper file: 'file [/Users/fangwending/github/x/tuanche/taisf-service/target/classes/com/taisf/services/permission/dao/map/roleResDao.xml]'
2018-01-11 18:47:03.604 [main] DEBUG org.mybatis.spring.SqlSessionFactoryBean - Parsed mapper file: 'file [/Users/fangwending/github/x/tuanche/taisf-service/target/classes/com/taisf/services/permission/dao/map/employeeDao.xml]'
2018-01-11 18:47:03.621 [main] DEBUG org.mybatis.spring.SqlSessionFactoryBean - Parsed mapper file: 'file [/Users/fangwending/github/x/tuanche/taisf-service/target/classes/com/taisf/services/permission/dao/map/resourceDao.xml]'
2018-01-11 18:47:03.629 [main] DEBUG org.mybatis.spring.SqlSessionFactoryBean - Parsed mapper file: 'file [/Users/fangwending/github/x/tuanche/taisf-service/target/classes/com/taisf/services/permission/dao/map/employeeRoleDao.xml]'
2018-01-11 18:47:03.635 [main] DEBUG org.mybatis.spring.SqlSessionFactoryBean - Parsed mapper file: 'file [/Users/fangwending/github/x/tuanche/taisf-service/target/classes/com/taisf/services/refund/dao/map/refundLogDao.xml]'
2018-01-11 18:47:03.647 [main] DEBUG org.mybatis.spring.SqlSessionFactoryBean - Parsed mapper file: 'file [/Users/fangwending/github/x/tuanche/taisf-service/target/classes/com/taisf/services/refund/dao/map/refundDao.xml]'
2018-01-11 18:47:03.654 [main] DEBUG org.mybatis.spring.SqlSessionFactoryBean - Parsed mapper file: 'file [/Users/fangwending/github/x/tuanche/taisf-service/target/classes/com/taisf/services/base/dao/map/upGradeDao.xml]'
2018-01-11 18:47:03.662 [main] DEBUG org.mybatis.spring.SqlSessionFactoryBean - Parsed mapper file: 'file [/Users/fangwending/github/x/tuanche/taisf-service/target/classes/com/taisf/services/base/dao/map/areaRegionDao.xml]'
2018-01-11 18:47:03.748 [main] DEBUG druid.sql.Connection - {conn-110001} connected
2018-01-11 18:47:03.748 [main] DEBUG druid.sql.Connection - {conn-110001} connected
2018-01-11 18:47:03.824 [main] DEBUG druid.sql.Connection - {conn-110002} connected
2018-01-11 18:47:03.825 [main] DEBUG druid.sql.Connection - {conn-110002} connected
2018-01-11 18:47:03.856 [main] DEBUG org.mybatis.spring.SqlSessionFactoryBean - Parsed configuration file: 'class path resource [mybatis-config.xml]'
2018-01-11 18:47:03.862 [main] DEBUG org.mybatis.spring.SqlSessionFactoryBean - Parsed mapper file: 'file [/Users/fangwending/github/x/tuanche/taisf-service/target/classes/com/taisf/services/order/dao/map/orderMoney.xml]'
2018-01-11 18:47:03.870 [main] DEBUG org.mybatis.spring.SqlSessionFactoryBean - Parsed mapper file: 'file [/Users/fangwending/github/x/tuanche/taisf-service/target/classes/com/taisf/services/order/dao/map/orderBase.xml]'
2018-01-11 18:47:03.876 [main] DEBUG org.mybatis.spring.SqlSessionFactoryBean - Parsed mapper file: 'file [/Users/fangwending/github/x/tuanche/taisf-service/target/classes/com/taisf/services/order/dao/map/orderPay.xml]'
2018-01-11 18:47:03.884 [main] DEBUG org.mybatis.spring.SqlSessionFactoryBean - Parsed mapper file: 'file [/Users/fangwending/github/x/tuanche/taisf-service/target/classes/com/taisf/services/order/dao/map/orderInfoDao.xml]'
2018-01-11 18:47:03.889 [main] DEBUG org.mybatis.spring.SqlSessionFactoryBean - Parsed mapper file: 'file [/Users/fangwending/github/x/tuanche/taisf-service/target/classes/com/taisf/services/order/dao/map/orderProductDao.xml]'
2018-01-11 18:47:03.894 [main] DEBUG org.mybatis.spring.SqlSessionFactoryBean - Parsed mapper file: 'file [/Users/fangwending/github/x/tuanche/taisf-service/target/classes/com/taisf/services/order/dao/map/orderActivityDao.xml]'
2018-01-11 18:47:03.898 [main] DEBUG org.mybatis.spring.SqlSessionFactoryBean - Parsed mapper file: 'file [/Users/fangwending/github/x/tuanche/taisf-service/target/classes/com/taisf/services/order/dao/map/orderLogDao.xml]'
2018-01-11 18:47:03.904 [main] DEBUG org.mybatis.spring.SqlSessionFactoryBean - Parsed mapper file: 'file [/Users/fangwending/github/x/tuanche/taisf-service/target/classes/com/taisf/services/order/dao/map/cartDao.xml]'
2018-01-11 18:47:03.909 [main] DEBUG org.mybatis.spring.SqlSessionFactoryBean - Parsed mapper file: 'file [/Users/fangwending/github/x/tuanche/taisf-service/target/classes/com/taisf/services/enterprise/dao/map/enterpriseContactsDao.xml]'
2018-01-11 18:47:03.917 [main] DEBUG org.mybatis.spring.SqlSessionFactoryBean - Parsed mapper file: 'file [/Users/fangwending/github/x/tuanche/taisf-service/target/classes/com/taisf/services/enterprise/dao/map/enterpriseDayDao.xml]'
2018-01-11 18:47:03.926 [main] DEBUG org.mybatis.spring.SqlSessionFactoryBean - Parsed mapper file: 'file [/Users/fangwending/github/x/tuanche/taisf-service/target/classes/com/taisf/services/enterprise/dao/map/enterpriseDao.xml]'
2018-01-11 18:47:03.932 [main] DEBUG org.mybatis.spring.SqlSessionFactoryBean - Parsed mapper file: 'file [/Users/fangwending/github/x/tuanche/taisf-service/target/classes/com/taisf/services/enterprise/dao/map/enterpriseConfigDao.xml]'
2018-01-11 18:47:03.940 [main] DEBUG org.mybatis.spring.SqlSessionFactoryBean - Parsed mapper file: 'file [/Users/fangwending/github/x/tuanche/taisf-service/target/classes/com/taisf/services/enterprise/dao/map/enterpriseAddressDao.xml]'
2018-01-11 18:47:03.949 [main] DEBUG org.mybatis.spring.SqlSessionFactoryBean - Parsed mapper file: 'file [/Users/fangwending/github/x/tuanche/taisf-service/target/classes/com/taisf/services/enterprise/dao/map/enterpriseFinanceDao.xml]'
2018-01-11 18:47:03.958 [main] DEBUG org.mybatis.spring.SqlSessionFactoryBean - Parsed mapper file: 'file [/Users/fangwending/github/x/tuanche/taisf-service/target/classes/com/taisf/services/pay/dao/map/payRecordDao.xml]'
2018-01-11 18:47:03.971 [main] DEBUG org.mybatis.spring.SqlSessionFactoryBean - Parsed mapper file: 'file [/Users/fangwending/github/x/tuanche/taisf-service/target/classes/com/taisf/services/user/dao/map/loginTokenDao.xml]'
2018-01-11 18:47:03.986 [main] DEBUG org.mybatis.spring.SqlSessionFactoryBean - Parsed mapper file: 'file [/Users/fangwending/github/x/tuanche/taisf-service/target/classes/com/taisf/services/user/dao/map/userDao.xml]'
2018-01-11 18:47:03.994 [main] DEBUG org.mybatis.spring.SqlSessionFactoryBean - Parsed mapper file: 'file [/Users/fangwending/github/x/tuanche/taisf-service/target/classes/com/taisf/services/user/dao/map/userAddressDao.xml]'
2018-01-11 18:47:04.002 [main] DEBUG org.mybatis.spring.SqlSessionFactoryBean - Parsed mapper file: 'file [/Users/fangwending/github/x/tuanche/taisf-service/target/classes/com/taisf/services/user/dao/map/accountLogDao.xml]'
2018-01-11 18:47:04.014 [main] DEBUG org.mybatis.spring.SqlSessionFactoryBean - Parsed mapper file: 'file [/Users/fangwending/github/x/tuanche/taisf-service/target/classes/com/taisf/services/user/dao/map/userAccountDao.xml]'
2018-01-11 18:47:04.025 [main] DEBUG org.mybatis.spring.SqlSessionFactoryBean - Parsed mapper file: 'file [/Users/fangwending/github/x/tuanche/taisf-service/target/classes/com/taisf/services/product/dao/map/ProductDao.xml]'
2018-01-11 18:47:04.037 [main] DEBUG org.mybatis.spring.SqlSessionFactoryBean - Parsed mapper file: 'file [/Users/fangwending/github/x/tuanche/taisf-service/target/classes/com/taisf/services/supplier/dao/map/supplierPackageDao.xml]'
2018-01-11 18:47:04.046 [main] DEBUG org.mybatis.spring.SqlSessionFactoryBean - Parsed mapper file: 'file [/Users/fangwending/github/x/tuanche/taisf-service/target/classes/com/taisf/services/supplier/dao/map/supplierContactsDao.xml]'
2018-01-11 18:47:04.060 [main] DEBUG org.mybatis.spring.SqlSessionFactoryBean - Parsed mapper file: 'file [/Users/fangwending/github/x/tuanche/taisf-service/target/classes/com/taisf/services/supplier/dao/map/supplierProductDao.xml]'
2018-01-11 18:47:04.086 [main] DEBUG org.mybatis.spring.SqlSessionFactoryBean - Parsed mapper file: 'file [/Users/fangwending/github/x/tuanche/taisf-service/target/classes/com/taisf/services/supplier/dao/map/supplierFinanceDao.xml]'
2018-01-11 18:47:04.092 [main] DEBUG org.mybatis.spring.SqlSessionFactoryBean - Parsed mapper file: 'file [/Users/fangwending/github/x/tuanche/taisf-service/target/classes/com/taisf/services/supplier/dao/map/supplierDao.xml]'
2018-01-11 18:47:04.097 [main] DEBUG org.mybatis.spring.SqlSessionFactoryBean - Parsed mapper file: 'file [/Users/fangwending/github/x/tuanche/taisf-service/target/classes/com/taisf/services/supplier/dao/map/supplierExtDao.xml]'
2018-01-11 18:47:04.103 [main] DEBUG org.mybatis.spring.SqlSessionFactoryBean - Parsed mapper file: 'file [/Users/fangwending/github/x/tuanche/taisf-service/target/classes/com/taisf/services/supplier/dao/map/employeeSupplierDao.xml]'
2018-01-11 18:47:04.109 [main] DEBUG org.mybatis.spring.SqlSessionFactoryBean - Parsed mapper file: 'file [/Users/fangwending/github/x/tuanche/taisf-service/target/classes/com/taisf/services/recharge/dao/map/rechargeDao.xml]'
2018-01-11 18:47:04.114 [main] DEBUG org.mybatis.spring.SqlSessionFactoryBean - Parsed mapper file: 'file [/Users/fangwending/github/x/tuanche/taisf-service/target/classes/com/taisf/services/recharge/dao/map/rechargeLogDao.xml]'
2018-01-11 18:47:04.121 [main] DEBUG org.mybatis.spring.SqlSessionFactoryBean - Parsed mapper file: 'file [/Users/fangwending/github/x/tuanche/taisf-service/target/classes/com/taisf/services/permission/dao/map/roleDao.xml]'
2018-01-11 18:47:04.128 [main] DEBUG org.mybatis.spring.SqlSessionFactoryBean - Parsed mapper file: 'file [/Users/fangwending/github/x/tuanche/taisf-service/target/classes/com/taisf/services/permission/dao/map/roleResDao.xml]'
2018-01-11 18:47:04.136 [main] DEBUG org.mybatis.spring.SqlSessionFactoryBean - Parsed mapper file: 'file [/Users/fangwending/github/x/tuanche/taisf-service/target/classes/com/taisf/services/permission/dao/map/employeeDao.xml]'
2018-01-11 18:47:04.145 [main] DEBUG org.mybatis.spring.SqlSessionFactoryBean - Parsed mapper file: 'file [/Users/fangwending/github/x/tuanche/taisf-service/target/classes/com/taisf/services/permission/dao/map/resourceDao.xml]'
2018-01-11 18:47:04.152 [main] DEBUG org.mybatis.spring.SqlSessionFactoryBean - Parsed mapper file: 'file [/Users/fangwending/github/x/tuanche/taisf-service/target/classes/com/taisf/services/permission/dao/map/employeeRoleDao.xml]'
2018-01-11 18:47:04.156 [main] DEBUG org.mybatis.spring.SqlSessionFactoryBean - Parsed mapper file: 'file [/Users/fangwending/github/x/tuanche/taisf-service/target/classes/com/taisf/services/refund/dao/map/refundLogDao.xml]'
2018-01-11 18:47:04.163 [main] DEBUG org.mybatis.spring.SqlSessionFactoryBean - Parsed mapper file: 'file [/Users/fangwending/github/x/tuanche/taisf-service/target/classes/com/taisf/services/refund/dao/map/refundDao.xml]'
2018-01-11 18:47:04.167 [main] DEBUG org.mybatis.spring.SqlSessionFactoryBean - Parsed mapper file: 'file [/Users/fangwending/github/x/tuanche/taisf-service/target/classes/com/taisf/services/base/dao/map/upGradeDao.xml]'
2018-01-11 18:47:04.173 [main] DEBUG org.mybatis.spring.SqlSessionFactoryBean - Parsed mapper file: 'file [/Users/fangwending/github/x/tuanche/taisf-service/target/classes/com/taisf/services/base/dao/map/areaRegionDao.xml]'
2018-01-11 18:47:07.663 [Thread-3] DEBUG druid.sql.Connection - {conn-110001} closed
2018-01-11 18:47:07.663 [Thread-3] DEBUG druid.sql.Connection - {conn-110001} closed
2018-01-11 18:47:07.664 [Thread-3] DEBUG druid.sql.Connection - {conn-110002} closed
2018-01-11 18:47:07.664 [Thread-3] DEBUG druid.sql.Connection - {conn-110002} closed
2018-01-11 18:47:07.665 [Thread-3] DEBUG druid.sql.Connection - {conn-10001} closed
2018-01-11 18:47:07.665 [Thread-3] DEBUG druid.sql.Connection - {conn-10001} closed
2018-01-11 18:47:07.665 [Thread-3] DEBUG druid.sql.Connection - {conn-10002} closed
2018-01-11 18:47:07.665 [Thread-3] DEBUG druid.sql.Connection - {conn-10002} closed
2018-01-11 18:48:14.629 [main] DEBUG org.apache.ibatis.logging.LogFactory - Logging initialized using 'class org.apache.ibatis.logging.slf4j.Slf4jImpl' adapter.
2018-01-11 18:48:15.713 [main] DEBUG druid.sql.Connection - {conn-10001} connected
2018-01-11 18:48:15.713 [main] DEBUG druid.sql.Connection - {conn-10001} connected
2018-01-11 18:48:15.790 [main] DEBUG druid.sql.Connection - {conn-10002} connected
2018-01-11 18:48:15.790 [main] DEBUG druid.sql.Connection - {conn-10002} connected
2018-01-11 18:48:15.972 [main] DEBUG org.mybatis.spring.SqlSessionFactoryBean - Parsed configuration file: 'class path resource [mybatis-config.xml]'
2018-01-11 18:48:16.044 [main] DEBUG org.mybatis.spring.SqlSessionFactoryBean - Parsed mapper file: 'file [/Users/fangwending/github/x/tuanche/taisf-service/target/classes/com/taisf/services/order/dao/map/orderMoney.xml]'
2018-01-11 18:48:16.068 [main] DEBUG org.mybatis.spring.SqlSessionFactoryBean - Parsed mapper file: 'file [/Users/fangwending/github/x/tuanche/taisf-service/target/classes/com/taisf/services/order/dao/map/orderBase.xml]'
2018-01-11 18:48:16.083 [main] DEBUG org.mybatis.spring.SqlSessionFactoryBean - Parsed mapper file: 'file [/Users/fangwending/github/x/tuanche/taisf-service/target/classes/com/taisf/services/order/dao/map/orderPay.xml]'
2018-01-11 18:48:16.112 [main] DEBUG org.mybatis.spring.SqlSessionFactoryBean - Parsed mapper file: 'file [/Users/fangwending/github/x/tuanche/taisf-service/target/classes/com/taisf/services/order/dao/map/orderInfoDao.xml]'
2018-01-11 18:48:16.127 [main] DEBUG org.mybatis.spring.SqlSessionFactoryBean - Parsed mapper file: 'file [/Users/fangwending/github/x/tuanche/taisf-service/target/classes/com/taisf/services/order/dao/map/orderProductDao.xml]'
2018-01-11 18:48:16.138 [main] DEBUG org.mybatis.spring.SqlSessionFactoryBean - Parsed mapper file: 'file [/Users/fangwending/github/x/tuanche/taisf-service/target/classes/com/taisf/services/order/dao/map/orderActivityDao.xml]'
2018-01-11 18:48:16.147 [main] DEBUG org.mybatis.spring.SqlSessionFactoryBean - Parsed mapper file: 'file [/Users/fangwending/github/x/tuanche/taisf-service/target/classes/com/taisf/services/order/dao/map/orderLogDao.xml]'
2018-01-11 18:48:16.159 [main] DEBUG org.mybatis.spring.SqlSessionFactoryBean - Parsed mapper file: 'file [/Users/fangwending/github/x/tuanche/taisf-service/target/classes/com/taisf/services/order/dao/map/cartDao.xml]'
2018-01-11 18:48:16.171 [main] DEBUG org.mybatis.spring.SqlSessionFactoryBean - Parsed mapper file: 'file [/Users/fangwending/github/x/tuanche/taisf-service/target/classes/com/taisf/services/enterprise/dao/map/enterpriseContactsDao.xml]'
2018-01-11 18:48:16.185 [main] DEBUG org.mybatis.spring.SqlSessionFactoryBean - Parsed mapper file: 'file [/Users/fangwending/github/x/tuanche/taisf-service/target/classes/com/taisf/services/enterprise/dao/map/enterpriseDayDao.xml]'
2018-01-11 18:48:16.211 [main] DEBUG org.mybatis.spring.SqlSessionFactoryBean - Parsed mapper file: 'file [/Users/fangwending/github/x/tuanche/taisf-service/target/classes/com/taisf/services/enterprise/dao/map/enterpriseDao.xml]'
2018-01-11 18:48:16.223 [main] DEBUG org.mybatis.spring.SqlSessionFactoryBean - Parsed mapper file: 'file [/Users/fangwending/github/x/tuanche/taisf-service/target/classes/com/taisf/services/enterprise/dao/map/enterpriseConfigDao.xml]'
2018-01-11 18:48:16.238 [main] DEBUG org.mybatis.spring.SqlSessionFactoryBean - Parsed mapper file: 'file [/Users/fangwending/github/x/tuanche/taisf-service/target/classes/com/taisf/services/enterprise/dao/map/enterpriseAddressDao.xml]'
2018-01-11 18:48:16.252 [main] DEBUG org.mybatis.spring.SqlSessionFactoryBean - Parsed mapper file: 'file [/Users/fangwending/github/x/tuanche/taisf-service/target/classes/com/taisf/services/enterprise/dao/map/enterpriseFinanceDao.xml]'
2018-01-11 18:48:16.267 [main] DEBUG org.mybatis.spring.SqlSessionFactoryBean - Parsed mapper file: 'file [/Users/fangwending/github/x/tuanche/taisf-service/target/classes/com/taisf/services/pay/dao/map/payRecordDao.xml]'
2018-01-11 18:48:16.285 [main] DEBUG org.mybatis.spring.SqlSessionFactoryBean - Parsed mapper file: 'file [/Users/fangwending/github/x/tuanche/taisf-service/target/classes/com/taisf/services/user/dao/map/loginTokenDao.xml]'
2018-01-11 18:48:16.311 [main] DEBUG org.mybatis.spring.SqlSessionFactoryBean - Parsed mapper file: 'file [/Users/fangwending/github/x/tuanche/taisf-service/target/classes/com/taisf/services/user/dao/map/userDao.xml]'
2018-01-11 18:48:16.323 [main] DEBUG org.mybatis.spring.SqlSessionFactoryBean - Parsed mapper file: 'file [/Users/fangwending/github/x/tuanche/taisf-service/target/classes/com/taisf/services/user/dao/map/userAddressDao.xml]'
2018-01-11 18:48:16.337 [main] DEBUG org.mybatis.spring.SqlSessionFactoryBean - Parsed mapper file: 'file [/Users/fangwending/github/x/tuanche/taisf-service/target/classes/com/taisf/services/user/dao/map/accountLogDao.xml]'
2018-01-11 18:48:16.356 [main] DEBUG org.mybatis.spring.SqlSessionFactoryBean - Parsed mapper file: 'file [/Users/fangwending/github/x/tuanche/taisf-service/target/classes/com/taisf/services/user/dao/map/userAccountDao.xml]'
2018-01-11 18:48:16.371 [main] DEBUG org.mybatis.spring.SqlSessionFactoryBean - Parsed mapper file: 'file [/Users/fangwending/github/x/tuanche/taisf-service/target/classes/com/taisf/services/product/dao/map/ProductDao.xml]'
2018-01-11 18:48:16.393 [main] DEBUG org.mybatis.spring.SqlSessionFactoryBean - Parsed mapper file: 'file [/Users/fangwending/github/x/tuanche/taisf-service/target/classes/com/taisf/services/supplier/dao/map/supplierPackageDao.xml]'
2018-01-11 18:48:16.400 [main] DEBUG org.mybatis.spring.SqlSessionFactoryBean - Parsed mapper file: 'file [/Users/fangwending/github/x/tuanche/taisf-service/target/classes/com/taisf/services/supplier/dao/map/supplierContactsDao.xml]'
2018-01-11 18:48:16.411 [main] DEBUG org.mybatis.spring.SqlSessionFactoryBean - Parsed mapper file: 'file [/Users/fangwending/github/x/tuanche/taisf-service/target/classes/com/taisf/services/supplier/dao/map/supplierProductDao.xml]'
2018-01-11 18:48:16.418 [main] DEBUG org.mybatis.spring.SqlSessionFactoryBean - Parsed mapper file: 'file [/Users/fangwending/github/x/tuanche/taisf-service/target/classes/com/taisf/services/supplier/dao/map/supplierFinanceDao.xml]'
2018-01-11 18:48:16.427 [main] DEBUG org.mybatis.spring.SqlSessionFactoryBean - Parsed mapper file: 'file [/Users/fangwending/github/x/tuanche/taisf-service/target/classes/com/taisf/services/supplier/dao/map/supplierDao.xml]'
2018-01-11 18:48:16.435 [main] DEBUG org.mybatis.spring.SqlSessionFactoryBean - Parsed mapper file: 'file [/Users/fangwending/github/x/tuanche/taisf-service/target/classes/com/taisf/services/supplier/dao/map/supplierExtDao.xml]'
2018-01-11 18:48:16.445 [main] DEBUG org.mybatis.spring.SqlSessionFactoryBean - Parsed mapper file: 'file [/Users/fangwending/github/x/tuanche/taisf-service/target/classes/com/taisf/services/supplier/dao/map/employeeSupplierDao.xml]'
2018-01-11 18:48:16.458 [main] DEBUG org.mybatis.spring.SqlSessionFactoryBean - Parsed mapper file: 'file [/Users/fangwending/github/x/tuanche/taisf-service/target/classes/com/taisf/services/recharge/dao/map/rechargeDao.xml]'
2018-01-11 18:48:16.466 [main] DEBUG org.mybatis.spring.SqlSessionFactoryBean - Parsed mapper file: 'file [/Users/fangwending/github/x/tuanche/taisf-service/target/classes/com/taisf/services/recharge/dao/map/rechargeLogDao.xml]'
2018-01-11 18:48:16.476 [main] DEBUG org.mybatis.spring.SqlSessionFactoryBean - Parsed mapper file: 'file [/Users/fangwending/github/x/tuanche/taisf-service/target/classes/com/taisf/services/permission/dao/map/roleDao.xml]'
2018-01-11 18:48:16.485 [main] DEBUG org.mybatis.spring.SqlSessionFactoryBean - Parsed mapper file: 'file [/Users/fangwending/github/x/tuanche/taisf-service/target/classes/com/taisf/services/permission/dao/map/roleResDao.xml]'
2018-01-11 18:48:16.497 [main] DEBUG org.mybatis.spring.SqlSessionFactoryBean - Parsed mapper file: 'file [/Users/fangwending/github/x/tuanche/taisf-service/target/classes/com/taisf/services/permission/dao/map/employeeDao.xml]'
2018-01-11 18:48:16.512 [main] DEBUG org.mybatis.spring.SqlSessionFactoryBean - Parsed mapper file: 'file [/Users/fangwending/github/x/tuanche/taisf-service/target/classes/com/taisf/services/permission/dao/map/resourceDao.xml]'
2018-01-11 18:48:16.521 [main] DEBUG org.mybatis.spring.SqlSessionFactoryBean - Parsed mapper file: 'file [/Users/fangwending/github/x/tuanche/taisf-service/target/classes/com/taisf/services/permission/dao/map/employeeRoleDao.xml]'
2018-01-11 18:48:16.528 [main] DEBUG org.mybatis.spring.SqlSessionFactoryBean - Parsed mapper file: 'file [/Users/fangwending/github/x/tuanche/taisf-service/target/classes/com/taisf/services/refund/dao/map/refundLogDao.xml]'
2018-01-11 18:48:16.541 [main] DEBUG org.mybatis.spring.SqlSessionFactoryBean - Parsed mapper file: 'file [/Users/fangwending/github/x/tuanche/taisf-service/target/classes/com/taisf/services/refund/dao/map/refundDao.xml]'
2018-01-11 18:48:16.549 [main] DEBUG org.mybatis.spring.SqlSessionFactoryBean - Parsed mapper file: 'file [/Users/fangwending/github/x/tuanche/taisf-service/target/classes/com/taisf/services/base/dao/map/upGradeDao.xml]'
2018-01-11 18:48:16.559 [main] DEBUG org.mybatis.spring.SqlSessionFactoryBean - Parsed mapper file: 'file [/Users/fangwending/github/x/tuanche/taisf-service/target/classes/com/taisf/services/base/dao/map/areaRegionDao.xml]'
2018-01-11 18:48:16.651 [main] DEBUG druid.sql.Connection - {conn-110001} connected
2018-01-11 18:48:16.652 [main] DEBUG druid.sql.Connection - {conn-110001} connected
2018-01-11 18:48:16.725 [main] DEBUG druid.sql.Connection - {conn-110002} connected
2018-01-11 18:48:16.726 [main] DEBUG druid.sql.Connection - {conn-110002} connected
2018-01-11 18:48:16.760 [main] DEBUG org.mybatis.spring.SqlSessionFactoryBean - Parsed configuration file: 'class path resource [mybatis-config.xml]'
2018-01-11 18:48:16.766 [main] DEBUG org.mybatis.spring.SqlSessionFactoryBean - Parsed mapper file: 'file [/Users/fangwending/github/x/tuanche/taisf-service/target/classes/com/taisf/services/order/dao/map/orderMoney.xml]'
2018-01-11 18:48:16.774 [main] DEBUG org.mybatis.spring.SqlSessionFactoryBean - Parsed mapper file: 'file [/Users/fangwending/github/x/tuanche/taisf-service/target/classes/com/taisf/services/order/dao/map/orderBase.xml]'
2018-01-11 18:48:16.780 [main] DEBUG org.mybatis.spring.SqlSessionFactoryBean - Parsed mapper file: 'file [/Users/fangwending/github/x/tuanche/taisf-service/target/classes/com/taisf/services/order/dao/map/orderPay.xml]'
2018-01-11 18:48:16.787 [main] DEBUG org.mybatis.spring.SqlSessionFactoryBean - Parsed mapper file: 'file [/Users/fangwending/github/x/tuanche/taisf-service/target/classes/com/taisf/services/order/dao/map/orderInfoDao.xml]'
2018-01-11 18:48:16.792 [main] DEBUG org.mybatis.spring.SqlSessionFactoryBean - Parsed mapper file: 'file [/Users/fangwending/github/x/tuanche/taisf-service/target/classes/com/taisf/services/order/dao/map/orderProductDao.xml]'
2018-01-11 18:48:16.797 [main] DEBUG org.mybatis.spring.SqlSessionFactoryBean - Parsed mapper file: 'file [/Users/fangwending/github/x/tuanche/taisf-service/target/classes/com/taisf/services/order/dao/map/orderActivityDao.xml]'
2018-01-11 18:48:16.801 [main] DEBUG org.mybatis.spring.SqlSessionFactoryBean - Parsed mapper file: 'file [/Users/fangwending/github/x/tuanche/taisf-service/target/classes/com/taisf/services/order/dao/map/orderLogDao.xml]'
2018-01-11 18:48:16.806 [main] DEBUG org.mybatis.spring.SqlSessionFactoryBean - Parsed mapper file: 'file [/Users/fangwending/github/x/tuanche/taisf-service/target/classes/com/taisf/services/order/dao/map/cartDao.xml]'
2018-01-11 18:48:16.811 [main] DEBUG org.mybatis.spring.SqlSessionFactoryBean - Parsed mapper file: 'file [/Users/fangwending/github/x/tuanche/taisf-service/target/classes/com/taisf/services/enterprise/dao/map/enterpriseContactsDao.xml]'
2018-01-11 18:48:16.816 [main] DEBUG org.mybatis.spring.SqlSessionFactoryBean - Parsed mapper file: 'file [/Users/fangwending/github/x/tuanche/taisf-service/target/classes/com/taisf/services/enterprise/dao/map/enterpriseDayDao.xml]'
2018-01-11 18:48:16.826 [main] DEBUG org.mybatis.spring.SqlSessionFactoryBean - Parsed mapper file: 'file [/Users/fangwending/github/x/tuanche/taisf-service/target/classes/com/taisf/services/enterprise/dao/map/enterpriseDao.xml]'
2018-01-11 18:48:16.831 [main] DEBUG org.mybatis.spring.SqlSessionFactoryBean - Parsed mapper file: 'file [/Users/fangwending/github/x/tuanche/taisf-service/target/classes/com/taisf/services/enterprise/dao/map/enterpriseConfigDao.xml]'
2018-01-11 18:48:16.839 [main] DEBUG org.mybatis.spring.SqlSessionFactoryBean - Parsed mapper file: 'file [/Users/fangwending/github/x/tuanche/taisf-service/target/classes/com/taisf/services/enterprise/dao/map/enterpriseAddressDao.xml]'
2018-01-11 18:48:16.846 [main] DEBUG org.mybatis.spring.SqlSessionFactoryBean - Parsed mapper file: 'file [/Users/fangwending/github/x/tuanche/taisf-service/target/classes/com/taisf/services/enterprise/dao/map/enterpriseFinanceDao.xml]'
2018-01-11 18:48:16.854 [main] DEBUG org.mybatis.spring.SqlSessionFactoryBean - Parsed mapper file: 'file [/Users/fangwending/github/x/tuanche/taisf-service/target/classes/com/taisf/services/pay/dao/map/payRecordDao.xml]'
2018-01-11 18:48:16.865 [main] DEBUG org.mybatis.spring.SqlSessionFactoryBean - Parsed mapper file: 'file [/Users/fangwending/github/x/tuanche/taisf-service/target/classes/com/taisf/services/user/dao/map/loginTokenDao.xml]'
2018-01-11 18:48:16.883 [main] DEBUG org.mybatis.spring.SqlSessionFactoryBean - Parsed mapper file: 'file [/Users/fangwending/github/x/tuanche/taisf-service/target/classes/com/taisf/services/user/dao/map/userDao.xml]'
2018-01-11 18:48:16.890 [main] DEBUG org.mybatis.spring.SqlSessionFactoryBean - Parsed mapper file: 'file [/Users/fangwending/github/x/tuanche/taisf-service/target/classes/com/taisf/services/user/dao/map/userAddressDao.xml]'
2018-01-11 18:48:16.898 [main] DEBUG org.mybatis.spring.SqlSessionFactoryBean - Parsed mapper file: 'file [/Users/fangwending/github/x/tuanche/taisf-service/target/classes/com/taisf/services/user/dao/map/accountLogDao.xml]'
2018-01-11 18:48:16.910 [main] DEBUG org.mybatis.spring.SqlSessionFactoryBean - Parsed mapper file: 'file [/Users/fangwending/github/x/tuanche/taisf-service/target/classes/com/taisf/services/user/dao/map/userAccountDao.xml]'
2018-01-11 18:48:16.921 [main] DEBUG org.mybatis.spring.SqlSessionFactoryBean - Parsed mapper file: 'file [/Users/fangwending/github/x/tuanche/taisf-service/target/classes/com/taisf/services/product/dao/map/ProductDao.xml]'
2018-01-11 18:48:16.932 [main] DEBUG org.mybatis.spring.SqlSessionFactoryBean - Parsed mapper file: 'file [/Users/fangwending/github/x/tuanche/taisf-service/target/classes/com/taisf/services/supplier/dao/map/supplierPackageDao.xml]'
2018-01-11 18:48:16.942 [main] DEBUG org.mybatis.spring.SqlSessionFactoryBean - Parsed mapper file: 'file [/Users/fangwending/github/x/tuanche/taisf-service/target/classes/com/taisf/services/supplier/dao/map/supplierContactsDao.xml]'
2018-01-11 18:48:16.964 [main] DEBUG org.mybatis.spring.SqlSessionFactoryBean - Parsed mapper file: 'file [/Users/fangwending/github/x/tuanche/taisf-service/target/classes/com/taisf/services/supplier/dao/map/supplierProductDao.xml]'
2018-01-11 18:48:16.970 [main] DEBUG org.mybatis.spring.SqlSessionFactoryBean - Parsed mapper file: 'file [/Users/fangwending/github/x/tuanche/taisf-service/target/classes/com/taisf/services/supplier/dao/map/supplierFinanceDao.xml]'
2018-01-11 18:48:16.975 [main] DEBUG org.mybatis.spring.SqlSessionFactoryBean - Parsed mapper file: 'file [/Users/fangwending/github/x/tuanche/taisf-service/target/classes/com/taisf/services/supplier/dao/map/supplierDao.xml]'
2018-01-11 18:48:16.980 [main] DEBUG org.mybatis.spring.SqlSessionFactoryBean - Parsed mapper file: 'file [/Users/fangwending/github/x/tuanche/taisf-service/target/classes/com/taisf/services/supplier/dao/map/supplierExtDao.xml]'
2018-01-11 18:48:16.985 [main] DEBUG org.mybatis.spring.SqlSessionFactoryBean - Parsed mapper file: 'file [/Users/fangwending/github/x/tuanche/taisf-service/target/classes/com/taisf/services/supplier/dao/map/employeeSupplierDao.xml]'
2018-01-11 18:48:16.992 [main] DEBUG org.mybatis.spring.SqlSessionFactoryBean - Parsed mapper file: 'file [/Users/fangwending/github/x/tuanche/taisf-service/target/classes/com/taisf/services/recharge/dao/map/rechargeDao.xml]'
2018-01-11 18:48:16.996 [main] DEBUG org.mybatis.spring.SqlSessionFactoryBean - Parsed mapper file: 'file [/Users/fangwending/github/x/tuanche/taisf-service/target/classes/com/taisf/services/recharge/dao/map/rechargeLogDao.xml]'
2018-01-11 18:48:17.001 [main] DEBUG org.mybatis.spring.SqlSessionFactoryBean - Parsed mapper file: 'file [/Users/fangwending/github/x/tuanche/taisf-service/target/classes/com/taisf/services/permission/dao/map/roleDao.xml]'
2018-01-11 18:48:17.006 [main] DEBUG org.mybatis.spring.SqlSessionFactoryBean - Parsed mapper file: 'file [/Users/fangwending/github/x/tuanche/taisf-service/target/classes/com/taisf/services/permission/dao/map/roleResDao.xml]'
2018-01-11 18:48:17.013 [main] DEBUG org.mybatis.spring.SqlSessionFactoryBean - Parsed mapper file: 'file [/Users/fangwending/github/x/tuanche/taisf-service/target/classes/com/taisf/services/permission/dao/map/employeeDao.xml]'
2018-01-11 18:48:17.022 [main] DEBUG org.mybatis.spring.SqlSessionFactoryBean - Parsed mapper file: 'file [/Users/fangwending/github/x/tuanche/taisf-service/target/classes/com/taisf/services/permission/dao/map/resourceDao.xml]'
2018-01-11 18:48:17.027 [main] DEBUG org.mybatis.spring.SqlSessionFactoryBean - Parsed mapper file: 'file [/Users/fangwending/github/x/tuanche/taisf-service/target/classes/com/taisf/services/permission/dao/map/employeeRoleDao.xml]'
2018-01-11 18:48:17.032 [main] DEBUG org.mybatis.spring.SqlSessionFactoryBean - Parsed mapper file: 'file [/Users/fangwending/github/x/tuanche/taisf-service/target/classes/com/taisf/services/refund/dao/map/refundLogDao.xml]'
2018-01-11 18:48:17.038 [main] DEBUG org.mybatis.spring.SqlSessionFactoryBean - Parsed mapper file: 'file [/Users/fangwending/github/x/tuanche/taisf-service/target/classes/com/taisf/services/refund/dao/map/refundDao.xml]'
2018-01-11 18:48:17.044 [main] DEBUG org.mybatis.spring.SqlSessionFactoryBean - Parsed mapper file: 'file [/Users/fangwending/github/x/tuanche/taisf-service/target/classes/com/taisf/services/base/dao/map/upGradeDao.xml]'
2018-01-11 18:48:17.050 [main] DEBUG org.mybatis.spring.SqlSessionFactoryBean - Parsed mapper file: 'file [/Users/fangwending/github/x/tuanche/taisf-service/target/classes/com/taisf/services/base/dao/map/areaRegionDao.xml]'
2018-01-11 18:48:21.281 [main] DEBUG org.mybatis.spring.SqlSessionUtils - Creating a new SqlSession
2018-01-11 18:48:21.293 [main] DEBUG org.mybatis.spring.SqlSessionUtils - SqlSession [org.apache.ibatis.session.defaults.DefaultSqlSession@4b65d9f4] was not registered for synchronization because synchronization is not active
2018-01-11 18:48:21.307 [main] DEBUG druid.sql.Connection - {conn-10002} pool-connect
2018-01-11 18:48:21.307 [main] DEBUG druid.sql.Connection - {conn-10002} pool-connect
2018-01-11 18:48:21.307 [main] DEBUG o.m.spring.transaction.SpringManagedTransaction - JDBC Connection [com.alibaba.druid.proxy.jdbc.ConnectionProxyImpl@6b350309] will not be managed by Spring
2018-01-11 18:48:21.311 [main] DEBUG user.userDao.getUserByUserPhone - ==>  Preparing: select id, user_uid,user_name, enterprise_code ,enterprise_name ,user_phone, user_password, user_status, user_type, user_role, product_source ,user_business_status,is_admin, create_time, update_time,user_code from t_user where user_phone = ? 
2018-01-11 18:48:21.328 [main] DEBUG druid.sql.Statement - {conn-10002, pstmt-20000} created. 
select
     
    id, user_uid,user_name, enterprise_code ,enterprise_name ,user_phone, user_password, user_status, user_type, user_role, product_source ,user_business_status,is_admin, create_time,
    update_time,user_code
   
    from t_user
    where user_phone = ?
2018-01-11 18:48:21.329 [main] DEBUG druid.sql.Statement - {conn-10002, pstmt-20000} created. 
select
     
    id, user_uid,user_name, enterprise_code ,enterprise_name ,user_phone, user_password, user_status, user_type, user_role, product_source ,user_business_status,is_admin, create_time,
    update_time,user_code
   
    from t_user
    where user_phone = ?
2018-01-11 18:48:21.341 [main] DEBUG user.userDao.getUserByUserPhone - ==> Parameters: 123(String)
2018-01-11 18:48:21.342 [main] DEBUG druid.sql.Statement - {conn-10002, pstmt-20000} Parameters : [123]
2018-01-11 18:48:21.342 [main] DEBUG druid.sql.Statement - {conn-10002, pstmt-20000} Types : [VARCHAR]
2018-01-11 18:48:21.342 [main] DEBUG druid.sql.Statement - {conn-10002, pstmt-20000} Parameters : [123]
2018-01-11 18:48:21.342 [main] DEBUG druid.sql.Statement - {conn-10002, pstmt-20000} Types : [VARCHAR]
2018-01-11 18:48:21.351 [main] DEBUG druid.sql.Statement - {conn-10002, pstmt-20000} executed. 9.220441 millis. 
select
     
    id, user_uid,user_name, enterprise_code ,enterprise_name ,user_phone, user_password, user_status, user_type, user_role, product_source ,user_business_status,is_admin, create_time,
    update_time,user_code
   
    from t_user
    where user_phone = ?
2018-01-11 18:48:21.351 [main] DEBUG druid.sql.Statement - {conn-10002, pstmt-20000} executed. 9.220441 millis. 
select
     
    id, user_uid,user_name, enterprise_code ,enterprise_name ,user_phone, user_password, user_status, user_type, user_role, product_source ,user_business_status,is_admin, create_time,
    update_time,user_code
   
    from t_user
    where user_phone = ?
2018-01-11 18:48:21.355 [main] DEBUG druid.sql.ResultSet - {conn-10002, pstmt-20000, rs-50000} open
2018-01-11 18:48:21.357 [main] DEBUG druid.sql.ResultSet - {conn-10002, pstmt-20000, rs-50000} Header: [id, user_uid, user_name, enterprise_code, enterprise_name, user_phone, user_password, user_status, user_type, user_role, product_source, user_business_status, is_admin, create_time, update_time, user_code]
2018-01-11 18:48:21.357 [main] DEBUG druid.sql.ResultSet - {conn-10002, pstmt-20000, rs-50000} open
2018-01-11 18:48:21.357 [main] DEBUG druid.sql.ResultSet - {conn-10002, pstmt-20000, rs-50000} Header: [id, user_uid, user_name, enterprise_code, enterprise_name, user_phone, user_password, user_status, user_type, user_role, product_source, user_business_status, is_admin, create_time, update_time, user_code]
2018-01-11 18:48:21.368 [main] DEBUG user.userDao.getUserByUserPhone - <==      Total: 0
2018-01-11 18:48:21.369 [main] DEBUG druid.sql.ResultSet - {conn-10002, pstmt-20000, rs-50000} closed
2018-01-11 18:48:21.369 [main] DEBUG druid.sql.ResultSet - {conn-10002, pstmt-20000, rs-50000} closed
2018-01-11 18:48:21.369 [main] DEBUG druid.sql.Statement - {conn-10002, pstmt-20000} closed
2018-01-11 18:48:21.369 [main] DEBUG druid.sql.Statement - {conn-10002, pstmt-20000} closed
2018-01-11 18:48:21.370 [main] DEBUG org.mybatis.spring.SqlSessionUtils - Closing non transactional SqlSession [org.apache.ibatis.session.defaults.DefaultSqlSession@4b65d9f4]
2018-01-11 18:48:21.370 [main] DEBUG druid.sql.Connection - {conn-10002} pool-recycle
2018-01-11 18:48:21.370 [main] DEBUG druid.sql.Connection - {conn-10002} pool-recycle
2018-01-11 18:48:21.389 [Thread-3] DEBUG druid.sql.Connection - {conn-110001} closed
2018-01-11 18:48:21.390 [Thread-3] DEBUG druid.sql.Connection - {conn-110001} closed
2018-01-11 18:48:21.390 [Thread-3] DEBUG druid.sql.Connection - {conn-110002} closed
2018-01-11 18:48:21.390 [Thread-3] DEBUG druid.sql.Connection - {conn-110002} closed
2018-01-11 18:48:21.392 [Thread-3] DEBUG druid.sql.Connection - {conn-10001} closed
2018-01-11 18:48:21.392 [Thread-3] DEBUG druid.sql.Connection - {conn-10001} closed
2018-01-11 18:48:21.392 [Thread-3] DEBUG druid.sql.Connection - {conn-10002} closed
2018-01-11 18:48:21.392 [Thread-3] DEBUG druid.sql.Connection - {conn-10002} closed
