2020-04-30 15:01:20.933 [main] DEBUG org.apache.ibatis.logging.LogFactory - Logging initialized using 'class org.apache.ibatis.logging.slf4j.Slf4jImpl' adapter.
2020-04-30 15:01:24.759 [main] DEBUG druid.sql.Connection - {conn-10001} connected
2020-04-30 15:01:24.759 [main] DEBUG druid.sql.Connection - {conn-10001} connected
2020-04-30 15:01:24.851 [main] DEBUG druid.sql.Connection - {conn-10002} connected
2020-04-30 15:01:24.851 [main] DEBUG druid.sql.Connection - {conn-10002} connected
2020-04-30 15:01:25.338 [main] DEBUG org.mybatis.spring.SqlSessionFactoryBean - Parsed configuration file: 'class path resource [mybatis-config.xml]'
2020-04-30 15:01:25.558 [main] DEBUG org.mybatis.spring.SqlSessionFactoryBean - Parsed mapper file: 'file [/Users/fangwending/github/x/tuanche/device-service/target/classes/com/taisf/services/device/dao/map/deviceLinkDao.xml]'
2020-04-30 15:01:25.573 [main] DEBUG org.mybatis.spring.SqlSessionFactoryBean - Parsed mapper file: 'file [/Users/fangwending/github/x/tuanche/device-service/target/classes/com/taisf/services/device/dao/map/deviceConfigDao.xml]'
2020-04-30 15:01:25.769 [main] DEBUG druid.sql.Connection - {conn-110001} connected
2020-04-30 15:01:25.770 [main] DEBUG druid.sql.Connection - {conn-110001} connected
2020-04-30 15:01:25.873 [main] DEBUG druid.sql.Connection - {conn-110002} connected
2020-04-30 15:01:25.873 [main] DEBUG druid.sql.Connection - {conn-110002} connected
2020-04-30 15:01:25.917 [main] DEBUG org.mybatis.spring.SqlSessionFactoryBean - Parsed configuration file: 'class path resource [mybatis-config.xml]'
2020-04-30 15:01:25.942 [main] DEBUG org.mybatis.spring.SqlSessionFactoryBean - Parsed mapper file: 'file [/Users/fangwending/github/x/tuanche/device-service/target/classes/com/taisf/services/device/dao/map/deviceLinkDao.xml]'
2020-04-30 15:01:25.956 [main] DEBUG org.mybatis.spring.SqlSessionFactoryBean - Parsed mapper file: 'file [/Users/fangwending/github/x/tuanche/device-service/target/classes/com/taisf/services/device/dao/map/deviceConfigDao.xml]'
2020-04-30 15:01:26.591 [main] DEBUG org.mybatis.spring.SqlSessionUtils - Creating a new SqlSession
2020-04-30 15:01:26.613 [main] DEBUG org.mybatis.spring.SqlSessionUtils - SqlSession [org.apache.ibatis.session.defaults.DefaultSqlSession@249e0271] was not registered for synchronization because synchronization is not active
2020-04-30 15:01:26.650 [main] DEBUG druid.sql.Connection - {conn-110002} pool-connect
2020-04-30 15:01:26.650 [main] DEBUG druid.sql.Connection - {conn-110002} pool-connect
2020-04-30 15:01:26.651 [main] DEBUG o.m.spring.transaction.SpringManagedTransaction - JDBC Connection [com.alibaba.druid.proxy.jdbc.ConnectionProxyImpl@6428591a] will not be managed by Spring
2020-04-30 15:01:26.662 [main] DEBUG device.deviceConfigDao.getDeviceConfigByCode - ==>  Preparing: select id, config_sn, server_url, app_id, app_secret from t_device_config where config_sn = ? 
2020-04-30 15:01:26.713 [main] DEBUG druid.sql.Statement - {conn-110002, pstmt-120000} created. 
select

     
     id, config_sn, server_url, app_id, app_secret
   

    from t_device_config

    where config_sn = ?
2020-04-30 15:01:26.715 [main] DEBUG druid.sql.Statement - {conn-110002, pstmt-120000} created. 
select

     
     id, config_sn, server_url, app_id, app_secret
   

    from t_device_config

    where config_sn = ?
2020-04-30 15:01:26.769 [main] DEBUG device.deviceConfigDao.getDeviceConfigByCode - ==> Parameters: bbb(String)
2020-04-30 15:01:26.771 [main] DEBUG druid.sql.Statement - {conn-110002, pstmt-120000} Parameters : [bbb]
2020-04-30 15:01:26.772 [main] DEBUG druid.sql.Statement - {conn-110002, pstmt-120000} Types : [VARCHAR]
2020-04-30 15:01:26.773 [main] DEBUG druid.sql.Statement - {conn-110002, pstmt-120000} Parameters : [bbb]
2020-04-30 15:01:26.773 [main] DEBUG druid.sql.Statement - {conn-110002, pstmt-120000} Types : [VARCHAR]
2020-04-30 15:01:26.784 [main] DEBUG druid.sql.Statement - {conn-110002, pstmt-120000} executed. 12.264323 millis. 
select

     
     id, config_sn, server_url, app_id, app_secret
   

    from t_device_config

    where config_sn = ?
2020-04-30 15:01:26.784 [main] DEBUG druid.sql.Statement - {conn-110002, pstmt-120000} executed. 12.264323 millis. 
select

     
     id, config_sn, server_url, app_id, app_secret
   

    from t_device_config

    where config_sn = ?
2020-04-30 15:01:26.790 [main] DEBUG druid.sql.ResultSet - {conn-110002, pstmt-120000, rs-150000} open
2020-04-30 15:01:26.794 [main] DEBUG druid.sql.ResultSet - {conn-110002, pstmt-120000, rs-150000} Header: [id, config_sn, server_url, app_id, app_secret]
2020-04-30 15:01:26.795 [main] DEBUG druid.sql.ResultSet - {conn-110002, pstmt-120000, rs-150000} open
2020-04-30 15:01:26.795 [main] DEBUG druid.sql.ResultSet - {conn-110002, pstmt-120000, rs-150000} Header: [id, config_sn, server_url, app_id, app_secret]
2020-04-30 15:01:26.818 [main] DEBUG druid.sql.ResultSet - {conn-110002, pstmt-120000, rs-150000} Result: [4, bbb, http://openapi.58auv.com/gateway.do, 66522, 9ba3e59a83ebc7247036a579c5401250]
2020-04-30 15:01:26.818 [main] DEBUG druid.sql.ResultSet - {conn-110002, pstmt-120000, rs-150000} Result: [4, bbb, http://openapi.58auv.com/gateway.do, 66522, 9ba3e59a83ebc7247036a579c5401250]
2020-04-30 15:01:26.823 [main] DEBUG device.deviceConfigDao.getDeviceConfigByCode - <==      Total: 1
2020-04-30 15:01:26.824 [main] DEBUG druid.sql.ResultSet - {conn-110002, pstmt-120000, rs-150000} closed
2020-04-30 15:01:26.824 [main] DEBUG druid.sql.ResultSet - {conn-110002, pstmt-120000, rs-150000} closed
2020-04-30 15:01:26.825 [main] DEBUG druid.sql.Statement - {conn-110002, pstmt-120000} closed
2020-04-30 15:01:26.825 [main] DEBUG druid.sql.Statement - {conn-110002, pstmt-120000} closed
2020-04-30 15:01:26.826 [main] DEBUG org.mybatis.spring.SqlSessionUtils - Closing non transactional SqlSession [org.apache.ibatis.session.defaults.DefaultSqlSession@249e0271]
2020-04-30 15:01:26.827 [main] DEBUG druid.sql.Connection - {conn-110002} pool-recycle
2020-04-30 15:01:26.827 [main] DEBUG druid.sql.Connection - {conn-110002} pool-recycle
2020-04-30 15:01:28.010 [main] DEBUG org.apache.http.client.protocol.RequestAddCookies - CookieSpec selected: default
2020-04-30 15:01:28.028 [main] DEBUG org.apache.http.client.protocol.RequestAuthCache - Auth cache not set in the context
2020-04-30 15:01:28.031 [main] DEBUG o.a.h.impl.conn.PoolingHttpClientConnectionManager - Connection request: [route: {}->http://openapi.58auv.com:80][total kept alive: 0; route allocated: 0 of 2; total allocated: 0 of 20]
2020-04-30 15:01:28.080 [main] DEBUG o.a.h.impl.conn.PoolingHttpClientConnectionManager - Connection leased: [id: 0][route: {}->http://openapi.58auv.com:80][total kept alive: 0; route allocated: 1 of 2; total allocated: 1 of 20]
2020-04-30 15:01:28.083 [main] DEBUG org.apache.http.impl.execchain.MainClientExec - Opening connection {}->http://openapi.58auv.com:80
2020-04-30 15:01:29.167 [main] DEBUG o.a.h.i.conn.DefaultHttpClientConnectionOperator - Connecting to openapi.58auv.com/120.24.87.222:80
2020-04-30 15:01:29.216 [main] DEBUG o.a.h.i.conn.DefaultHttpClientConnectionOperator - Connection established 192.168.199.103:60842<->120.24.87.222:80
2020-04-30 15:01:29.217 [main] DEBUG org.apache.http.impl.execchain.MainClientExec - Executing request POST /gateway.do HTTP/1.1
2020-04-30 15:01:29.217 [main] DEBUG org.apache.http.impl.execchain.MainClientExec - Target auth state: UNCHALLENGED
2020-04-30 15:01:29.218 [main] DEBUG org.apache.http.impl.execchain.MainClientExec - Proxy auth state: UNCHALLENGED
2020-04-30 15:01:29.220 [main] DEBUG org.apache.http.headers - http-outgoing-0 >> POST /gateway.do HTTP/1.1
2020-04-30 15:01:29.220 [main] DEBUG org.apache.http.headers - http-outgoing-0 >> Content-Length: 172
2020-04-30 15:01:29.220 [main] DEBUG org.apache.http.headers - http-outgoing-0 >> Content-Type: application/x-www-form-urlencoded; charset=UTF-8
2020-04-30 15:01:29.220 [main] DEBUG org.apache.http.headers - http-outgoing-0 >> Host: openapi.58auv.com
2020-04-30 15:01:29.220 [main] DEBUG org.apache.http.headers - http-outgoing-0 >> Connection: Keep-Alive
2020-04-30 15:01:29.220 [main] DEBUG org.apache.http.headers - http-outgoing-0 >> User-Agent: Apache-HttpClient/4.4.1 (Java/1.8.0_131)
2020-04-30 15:01:29.220 [main] DEBUG org.apache.http.headers - http-outgoing-0 >> Accept-Encoding: gzip,deflate
2020-04-30 15:01:29.221 [main] DEBUG org.apache.http.wire - http-outgoing-0 >> "POST /gateway.do HTTP/1.1[\r][\n]"
2020-04-30 15:01:29.221 [main] DEBUG org.apache.http.wire - http-outgoing-0 >> "Content-Length: 172[\r][\n]"
2020-04-30 15:01:29.221 [main] DEBUG org.apache.http.wire - http-outgoing-0 >> "Content-Type: application/x-www-form-urlencoded; charset=UTF-8[\r][\n]"
2020-04-30 15:01:29.221 [main] DEBUG org.apache.http.wire - http-outgoing-0 >> "Host: openapi.58auv.com[\r][\n]"
2020-04-30 15:01:29.221 [main] DEBUG org.apache.http.wire - http-outgoing-0 >> "Connection: Keep-Alive[\r][\n]"
2020-04-30 15:01:29.221 [main] DEBUG org.apache.http.wire - http-outgoing-0 >> "User-Agent: Apache-HttpClient/4.4.1 (Java/1.8.0_131)[\r][\n]"
2020-04-30 15:01:29.221 [main] DEBUG org.apache.http.wire - http-outgoing-0 >> "Accept-Encoding: gzip,deflate[\r][\n]"
2020-04-30 15:01:29.221 [main] DEBUG org.apache.http.wire - http-outgoing-0 >> "[\r][\n]"
2020-04-30 15:01:29.221 [main] DEBUG org.apache.http.wire - http-outgoing-0 >> "method=device.status.query&appId=66522&digest=531accadcee02b62b4c723672843ace2&bizData=%7B%22deviceId%22%3A%226652201156%22%7D&version=1.0&timestamp=2020-04-30+15%3A01%3A26"
2020-04-30 15:01:29.348 [main] DEBUG org.apache.http.wire - http-outgoing-0 << "HTTP/1.1 200 [\r][\n]"
2020-04-30 15:01:29.349 [main] DEBUG org.apache.http.wire - http-outgoing-0 << "Server: nginx/1.4.6 (Ubuntu)[\r][\n]"
2020-04-30 15:01:29.349 [main] DEBUG org.apache.http.wire - http-outgoing-0 << "Date: Thu, 30 Apr 2020 07:01:29 GMT[\r][\n]"
2020-04-30 15:01:29.349 [main] DEBUG org.apache.http.wire - http-outgoing-0 << "Content-Type: application/json;charset=UTF-8[\r][\n]"
2020-04-30 15:01:29.349 [main] DEBUG org.apache.http.wire - http-outgoing-0 << "Transfer-Encoding: chunked[\r][\n]"
2020-04-30 15:01:29.349 [main] DEBUG org.apache.http.wire - http-outgoing-0 << "Connection: keep-alive[\r][\n]"
2020-04-30 15:01:29.349 [main] DEBUG org.apache.http.wire - http-outgoing-0 << "[\r][\n]"
2020-04-30 15:01:29.349 [main] DEBUG org.apache.http.wire - http-outgoing-0 << "1f89[\r][\n]"
2020-04-30 15:01:29.350 [main] DEBUG org.apache.http.wire - http-outgoing-0 << "{"resultObject":{"deviceId":"6652201156","title":null,"appId":"66522","deviceName":"6652201156","deviceStatus":"ONLINE","cellNumCount":72,"createTime":1586482616000,"productKey":"a1vzk7IR7Ez","statusUpdateTime":1588228856678,"aliDeviceSecret":"WAL0sNZ5tnv3H0lfQ4gF5n0hjIRqtl5R","cells":[{"cellId":14865,"deviceId":"6652201156","appId":"66522","cellNo":"1","cellInfo":"{\"door\":\"opening\",\"warm\":\"starting\",\"light\":\"opening\",\"disinfect\":\"stopping\"}","createTime":1586482615662,"updateTime":1586482615662,"cellNoAlias":"1","cellOrder":1,"cellStatus":1,"version":1586482615662},{"cellId":14866,"deviceId":"6652201156","appId":"66522","cellNo":"2","cellInfo":"{\"door\":\"opening\",\"warm\":\"starting\",\"light\":\"opening\",\"disinfect\":\"stopping\"}","createTime":1586482615662,"updateTime":1586482615662,"cellNoAlias":"2","cellOrder":2,"cellStatus":1,"version":1586482615662},{"cellId":14867,"deviceId":"6652201156","appId":"66522","cellNo":"3","cellInfo":"{\"door\":\"opening\",\"warm\":\"starting\",\"light\":\"opening\",\"disinfect\":\"stopping\"}","createTime":1586482615662,"updateTime":1586482615662,"cellNoAlias":"3","cellOrder":3,"cellStatus":1,"version":1586482615662},{"cellId":14868,"deviceId":"6652201156","appId":"66522","cellNo":"4","cellInfo":"{\"door\":\"opening\",\"warm\":\"starting\",\"light\":\"opening\",\"disinfect\":\"stopping\"}","createTime":1586482615662,"updateTime":1586482615662,"cellNoAlias":"4","cellOrder":4,"cellStatus":1,"version":1586482615662},{"cellId":14869,"deviceId":"6652201156","appId":"66522","cellNo":"5","cellInfo":"{\"door\":\"opening\",\"warm\":\"starting\",\"light\":\"opening\",\"disinfect\":\"stopping\"}","createTime":1586482615662,"updateTime":1586482615662,"cellNoAlias":"5","cellOrder":5,"cellStatus":1,"version":1586482615662},{"cellId":14870,"deviceId":"6652201156","appId":"66522","cellNo":"6","cellInfo":"{\"door\":\"closed\",\"warm\":\"stopped\",\"light\":\"closed\",\"disinfect\":\"stopping\"}","createTime":1586482615662,"updateTime":1586482615662,"cellNoAlias":"6","cellOrder":6,"cellStatus":1,"version":1586482615662},{"cellId":14871,"deviceId":"6652201156","appId":"66522","cellNo":"7","cellInfo":"{\"door\":\"closed\",\"warm\":\"stopped\",\"light\":\"closed\",\"disinfect\":\"stopping\"}","createTime":1586482615662,"updateTime":1586482615662,"cellNoAlias":"7","cellOrder":7,"cellStatus":1,"version":1586482615662},{"cellId":14872,"deviceId":"6652201156","appId":"66522","cellNo":"8","cellInfo":"{\"door\":\"closed\",\"warm\":\"stopped\",\"light\":\"closed\",\"disinfect\":\"stopping\"}","createTime":1586482615662,"updateTime":1586482615662,"cellNoAlias":"8","cellOrder":8,"cellStatus":1,"version":1586482615662},{"cellId":1487"
2020-04-30 15:01:29.353 [main] DEBUG org.apache.http.headers - http-outgoing-0 << HTTP/1.1 200 
2020-04-30 15:01:29.353 [main] DEBUG org.apache.http.headers - http-outgoing-0 << Server: nginx/1.4.6 (Ubuntu)
2020-04-30 15:01:29.353 [main] DEBUG org.apache.http.headers - http-outgoing-0 << Date: Thu, 30 Apr 2020 07:01:29 GMT
2020-04-30 15:01:29.353 [main] DEBUG org.apache.http.headers - http-outgoing-0 << Content-Type: application/json;charset=UTF-8
2020-04-30 15:01:29.354 [main] DEBUG org.apache.http.headers - http-outgoing-0 << Transfer-Encoding: chunked
2020-04-30 15:01:29.354 [main] DEBUG org.apache.http.headers - http-outgoing-0 << Connection: keep-alive
2020-04-30 15:01:29.359 [main] DEBUG org.apache.http.impl.execchain.MainClientExec - Connection can be kept alive indefinitely
2020-04-30 15:01:29.364 [main] DEBUG org.apache.http.wire - http-outgoing-0 << "3,"deviceId":"6652201156","appId":"66522","cellNo":"9","cellInfo":"{\"door\":\"closed\",\"warm\":\"stopped\",\"light\":\"closed\",\"disinfect\":\"stopping\"}","createTime":1586482615662,"updateTime":1586482615662,"cellNoAlias":"9","cellOrder":9,"cellStatus":1,"version":1586482615662},{"cellId":14874,"deviceId":"6652201156","appId":"66522","cellNo":"10","cellInfo":"{\"door\":\"closed\",\"warm\":\"stopped\",\"light\":\"closed\",\"disinfect\":\"stopping\"}","createTime":1586482615662,"updateTime":1586482615662,"cellNoAlias":"10","cellOrder":10,"cellStatus":1,"version":1586482615662},{"cellId":14875,"deviceId":"6652201156","appId":"66522","cellNo":"11","cellInfo":"{\"door\":\"closed\",\"warm\":\"stopped\",\"light\":\"closed\",\"disinfect\":\"stopping\"}","createTime":1586482615662,"updateTime":1586482615662,"cellNoAlias":"11","cellOrder":11,"cellStatus":1,"version":1586482615662},{"cellId":14876,"deviceId":"6652201156","appId":"66522","cellNo":"12","cellInfo":"{\"door\":\"closed\",\"warm\":\"stopped\",\"light\":\"closed\",\"disinfect\":\"stopping\"}","createTime":1586482615662,"updateTime":1586482615662,"cellNoAlias":"12","cellOrder":12,"cellStatus":1,"version":1586482615662},{"cellId":14877,"deviceId":"6652201156","appId":"66522","cellNo":"13","cellInfo":"{\"door\":\"closed\",\"warm\":\"stopped\",\"light\":\"closed\",\"disinfect\":\"stopping\"}","createTime":1586482615662,"updateTime":1586482615662,"cellNoAlias":"13","cellOrder":13,"cellStatus":1,"version":1586482615662},{"cellId":14878,"deviceId":"6652201156","appId":"66522","cellNo":"14","cellInfo":"{\"door\":\"closed\",\"warm\":\"stopped\",\"light\":\"closed\",\"disinfect\":\"stopping\"}","createTime":1586482615662,"updateTime":1586482615662,"cellNoAlias":"14","cellOrder":14,"cellStatus":1,"version":1586482615662},{"cellId":14879,"deviceId":"6652201156","appId":"66522","cellNo":"15","cellInfo":"{\"door\":\"closed\",\"warm\":\"stopped\",\"light\":\"closed\",\"disinfect\":\"stopping\"}","createTime":1586482615662,"updateTime":1586482615662,"cellNoAlias":"15","cellOrder":15,"cellStatus":1,"version":1586482615662},{"cellId":14880,"deviceId":"6652201156","appId":"66522","cellNo":"16","cellInfo":"{\"door\":\"closed\",\"warm\":\"stopped\",\"light\":\"closed\",\"disinfect\":\"stopping\"}","createTime":1586482615662,"updateTime":1586482615662,"cellNoAlias":"16","cellOrder":16,"cellStatus":1,"version":1586482615662},{"cellId":14881,"deviceId":"6652201156","appId":"66522","cellNo":"17","cellInfo":"{\"door\":\"closed\",\"warm\":\"stopped\",\"light\":\"closed\",\"disinfect\":\"stopping\"}","createTime":1586482615662,"updateTime":1586482615662,"cellNoAlias":"17","cellOrder":17,"cellStatus":1,"version":1586482615662},{"cellId":14882,"deviceId":"6652201156","appId":"66522","cellNo":"18","cellInfo":"{\"door\":\"closed\",\"warm\":\"stopped\",\"light\":\"closed\",\"disinfect\":\"stopping\"}","createTime":1586482615662,"updateTime":1586482615662,"cellNoAlias":"18","cellOrder":18,"cellStatus":1,"version":1586482615662},{"cellId":14883,"deviceId":"6652201156","appId":"66522","cellNo":"19","cellInfo":"{\"door\":\"closed\",\"warm\":\"stopped\",\"light\":\"closed\",\"disinfect\":\"stopping\"}","createTime":1586482615662,"updateTime":1586482615662,"cellNoAlias":"19","cellOrder":19,"cellStatus":1,"version":1586482615662},{"cellId":14884,"deviceId":"6652201156","appId":"66522","cellNo":"20","cellInfo":"{\"door\":\"closed\",\"warm\":\"stopped\",\"light\":\"closed\",\"disinfect\":\"stopping\"}","createTime":1586482615662,"updateTime":1586482615662,"cellNoAlias":"20","cellOrder":20,"cellStatus":1,"version":1586482615662},{"cellId":14885,"deviceId":"6652201156","appId":"66522","cellNo":"21","cellInfo":"{\"door\":\"closed\",\"warm\":\"stopped\",\"light\":\"closed\",\"disinfect\":\"stopping\"}","createTime":1586482615662,"updateTime":1586482615662,"cellNoAlias":"21","cellOrder":21,"cellStatus":1,"version":1586482615662},{"cellId":14886,"deviceId":"6652201156","appId":"66522","cellNo":"22","cellInfo":"{\"door\":\"closed\",\"warm\":\"stopped\",\"light\":\"closed\",\"disinfect\":\"stopping\"}","createTime":1586482615662,"updateTime":1586482615662,"cellNoAlias":"22","cellOrder":22,"cellStatus":1,"version":1586482615662},{"cellId":14887,"deviceId":"6652201156","appId":"66522","cellNo":"23","cellInfo":"{\"door\":\"closed\",\"warm\":\"stopped\",\"light\":\"closed\",\"disinfect\":\"stopping\"}","createTime":1586482615662,"updateTime":1586482615662,"cellNoAlias":"23","cellOrder":23,"cellStatus":1,"version":1586482615662},{"cellId":14888,"deviceId":"6652201156","appId":"66522","cellNo":"24","cellInfo":"{\"door\":\"closed\",\"warm\":\"stopped\",\"light\":\"closed\",\"disinfect\":\"stopping\"}","createTime":1586482615662,"updateTime":1586482615662,"cellNoAlias":"24","cellOrder":24,"cellStatus":1,"version":1586482615662},{"cellId":14889,"deviceId":"6652201156","appId":"66522","cellNo":"25","cellInfo":"{\"door\":\"closed\",\"warm\":\"stopped\",\"light\":\"closed\",\"disinfect\":\"stopping\"}","createTime":1586482615662,"updateTime":1586482615662,"cellNoAlias":"25","cellOrder":25,"cellStatus":1,"version":1586482615662},{"cellId":14890,"deviceId":"6652201156","appId":"66522","cellNo":"26","cellInfo":"{\"door\":\"closed\",\"warm\":\"stopped\",\"light\":\"closed\",\"disinfect\":\"stopping\"}","createTime":1586482615662,"updateTime":1586482615662,"cellNoAlias":"26",""
2020-04-30 15:01:29.364 [main] DEBUG org.apache.http.wire - http-outgoing-0 << "[\r][\n]"
2020-04-30 15:01:29.364 [main] DEBUG org.apache.http.wire - http-outgoing-0 << "2000[\r][\n]"
2020-04-30 15:01:29.365 [main] DEBUG org.apache.http.wire - http-outgoing-0 << "cellOrder":26,"cellStatus":1,"version":1586482615662},{"cellId":14891,"deviceId":"6652201156","appId":"66522","cellNo":"27","cellInfo":"{\"door\":\"closed\",\"warm\":\"stopped\",\"light\":\"closed\",\"disinfect\":\"stopping\"}","createTime":1586482615662,"updateTime":1586482615662,"cellNoAlias":"27","cellOrder":27,"cellStatus":1,"version":1586482615662},{"cellId":14892,"deviceId":"6652201156","appId":"66522","cellNo":"28","cellInfo":"{\"door\":\"closed\",\"warm\":\"stopped\",\"light\":\"closed\",\"disinfect\":\"stopping\"}","createTime":1586482615662,"updateTime":1586482615662,"cellNoAlias":"28","cellOrder":28,"cellStatus":1,"version":1586482615662},{"cellId":14893,"deviceId":"6652201156","appId":"66522","cellNo":"29","cellInfo":"{\"door\":\"closed\",\"warm\":\"stopped\",\"light\":\"closed\",\"disinfect\":\"stopping\"}","createTime":1586482615662,"updateTime":1586482615662,"cellNoAlias":"29","cellOrder":29,"cellStatus":1,"version":1586482615662},{"cellId":14894,"deviceId":"6652201156","appId":"66522","cellNo":"30","cellInfo":"{\"door\":\"closed\",\"warm\":\"stopped\",\"light\":\"closed\",\"disinfect\":\"stopping\"}","createTime":1586482615662,"updateTime":1586482615662,"cellNoAlias":"30","cellOrder":30,"cellStatus":1,"version":1586482615662},{"cellId":14895,"deviceId":"6652201156","appId":"66522","cellNo":"31","cellInfo":"{\"door\":\"closed\",\"warm\":\"stopped\",\"light\":\"closed\",\"disinfect\":\"stopping\"}","createTime":1586482615662,"updateTime":1586482615662,"cellNoAlias":"31","cellOrder":31,"cellStatus":1,"version":1586482615662},{"cellId":14896,"deviceId":"6652201156","appId":"66522","cellNo":"32","cellInfo":"{\"door\":\"closed\",\"warm\":\"stopped\",\"light\":\"closed\",\"disinfect\":\"stopping\"}","createTime":1586482615662,"updateTime":1586482615662,"cellNoAlias":"32","cellOrder":32,"cellStatus":1,"version":1586482615662},{"cellId":14897,"deviceId":"6652201156","appId":"66522","cellNo":"33","cellInfo":"{\"door\":\"closed\",\"warm\":\"stopped\",\"light\":\"closed\",\"disinfect\":\"stopping\"}","createTime":1586482615662,"updateTime":1586482615662,"cellNoAlias":"33","cellOrder":33,"cellStatus":1,"version":1586482615662},{"cellId":14898,"deviceId":"6652201156","appId":"66522","cellNo":"34","cellInfo":"{\"door\":\"closed\",\"warm\":\"stopped\",\"light\":\"closed\",\"disinfect\":\"stopping\"}","createTime":1586482615662,"updateTime":1586482615662,"cellNoAlias":"34","cellOrder":34,"cellStatus":1,"version":1586482615662},{"cellId":14899,"deviceId":"6652201156","appId":"66522","cellNo":"35","cellInfo":"{\"door\":\"closed\",\"warm\":\"stopped\",\"light\":\"closed\",\"disinfect\":\"stopping\"}","createTime":1586482615662,"updateTime":1586482615662,"cellNoAlias":"35","cellOrder":35,"cellStatus":1,"version":1586482615662},{"cellId":14900,"deviceId":"6652201156","appId":"66522","cellNo":"36","cellInfo":"{\"door\":\"closed\",\"warm\":\"stopped\",\"light\":\"closed\",\"disinfect\":\"stopping\"}","createTime":1586482615662,"updateTime":1586482615662,"cellNoAlias":"36","cellOrder":36,"cellStatus":1,"version":1586482615662},{"cellId":14901,"deviceId":"6652201156","appId":"66522","cellNo":"37","cellInfo":"{\"door\":\"closed\",\"warm\":\"stopped\",\"light\":\"closed\",\"disinfect\":\"stopping\"}","createTime":1586482615662,"updateTime":1586482615662,"cellNoAlias":"37","cellOrder":37,"cellStatus":1,"version":1586482615662},{"cellId":14902,"deviceId":"6652201156","appId":"66522","cellNo":"38","cellInfo":"{\"door\":\"closed\",\"warm\":\"stopped\",\"light\":\"closed\",\"disinfect\":\"stopping\"}","createTime":1586482615662,"updateTime":1586482615662,"cellNoAlias":"38","cellOrder":38,"cellStatus":1,"version":1586482615662},{"cellId":14903,"deviceId":"6652201156","appId":"66522","cellNo":"39","cellInfo":"{\"door\":\"closed\",\"warm\":\"stopped\",\"light\":\"closed\",\"disinfect\":\"stopping\"}","createTime":1586482615662,"updateTime":1586482615662,"cellNoAlias":"39","cellOrder":39,"cellStatus":1,"version":1586482615662},{"cellId":14904,"deviceId":"6652201156","appId":"66522","cellNo":"40","cellInfo":"{\"door\":\"opening\",\"warm\":\"stopped\",\"light\":\"opening\",\"disinfect\":\"stopping\"}","createTime":1586482615662,"updateTime":1586482615662,"cellNoAlias":"40","cellOrder":40,"cellStatus":1,"version":1586482615662},{"cellId":14905,"deviceId":"6652201156","appId":"66522","cellNo":"41","cellInfo":"{\"door\":\"closed\",\"warm\":\"stopped\",\"light\":\"closed\",\"disinfect\":\"stopping\"}","createTime":1586482615662,"updateTime":1586482615662,"cellNoAlias":"41","cellOrder":41,"cellStatus":1,"version":1586482615662},{"cellId":14906,"deviceId":"6652201156","appId":"66522","cellNo":"42","cellInfo":"{\"door\":\"closed\",\"warm\":\"stopped\",\"light\":\"closed\",\"disinfect\":\"stopping\"}","createTime":1586482615662,"updateTime":1586482615662,"cellNoAlias":"42","cellOrder":42,"cellStatus":1,"version":1586482615662},{"cellId":14907,"deviceId":"6652201156","appId":"66522","cellNo":"43","cellInfo":"{\"door\":\"closed\",\"warm\":\"stopped\",\"light\":\"closing\",\"disinfect\":\"stopping\"}","createTime":1586482615662,"updateTime":1586482615662,"cellNoAlias":"43","cellOrder":43,"cellStatus":1,"version":1586482615662},{"cellId":14908,"deviceId":"6652201156","appId":"66522","cellNo":"44","cellInfo":"{\"door\":\"opening\",\"warm\":\"stopping\",\"light\":\"closing\",\"disinfect\":\"stopping\"}","createTime":1586482615662,"updateTime":1586482615662,"cellNoAlias":"44","cellOrder":44,"cellStatus":1,"version":1586482615662},{"cellId":14909,"deviceId":"6652201156","appId":"66522","cellNo":"45","cellInfo":"{\"door\":\"closed\",\"warm\":\"stopped\",\"light\":\"closed\",\"disinfect\":\"stopping\"}","createTime":1586482615662,"updateTime":1586482615662,"cellNoAlias":"45","cellOrder":45,"cellStatus":1,"version":158"
2020-04-30 15:01:29.399 [main] DEBUG org.apache.http.wire - http-outgoing-0 << "6482615662},{"cellId":14910,"deviceId":"6652201156","appId":"66522","cellNo":"46","cellInfo":"{\"door\":\"closed\",\"warm\":\"stopped\",\"light\":\"closed\",\"disinfect\":\"stopping\"}","createTime":1586482615662,"updateTime":1586482615662,"cellNoAlias":"46","cellOrder":46,"cellStatus":1,"version":1586482615662},{"cellId":14911,"deviceId":"6652201156","appId":"66522","cellNo":"47","cellInfo":"{\"door\":\"closed\",\"warm\":\"stopped\",\"light\":\"closed\",\"disinfect\":\"stopping\"}","createTime":1586482615662,"updateTime":1586482615662,"cellNoAlias":"47","cellOrder":47,"cellStatus":1,"version":1586482615662},{"cellId":14912,"deviceId":"6652201156","appId":"66522","cellNo":"48","cellInfo":"{\"door\":\"closed\",\"warm\":\"stopped\",\"light\":\"closed\",\"disinfect\":\"stopping\"}","createTime":1586482615662,"updateTime":1586482615662,"cellNoAlias":"48","cellOrder":48,"cellStatus":1,"version":1586482615662},{"cellId":14913,"deviceId":"6652201156","appId":"66522","cellNo":"49","cellInfo":"{\"door\":\"closed\",\"warm\":\"stopped\",\"light\":\"closed\",\"disinfect\":\"stopping\"}","createTime":1586482615662,"updateTime":1586482615662,"cellNoAlias":"49","cellOrder":49,"cellStatus":1,"version":1586482615662},{"cellId":14914,"deviceId":"6652201156","appId":"66522","cellNo":"50","cellInfo":"{\"door\":\"opening\",\"warm\":\"stopping\",\"light\":\"closing\",\"disinfect\":\"stopping\"}","createTime":1586482615662,"updateTime":15864826156"
2020-04-30 15:01:29.400 [main] DEBUG org.apache.http.wire - http-outgoing-0 << "62,"cellNoAlias":"50","cellOrder":50,"cellStatus":1,"version":1586482615662},{"cellId":14915,"deviceId":"6652201156","appId":"66522","cellNo":"51","cellInfo":"{\"door\":\"opening\",\"warm\":\"stopping\",\"light\":\"closing\",\"disinfect\":\"stopping\"}","createTime":1586482615662,"updateTime":1586482615662,"cellNoAlias":"51","cellOrder":51,"cellStatus":1,"version":1586482615662},{"cellId":14916,"deviceId":"6652201156","appId":"66522","cellNo":"52","cellInfo":"{\"door\":\"opening\",\"warm\":\"starting\",\"light\":\"opening\",\"disinfect\":\"starting\"}","createTime":1586482615662,"updateTime":1586482615662,"cellNoAlias":"52","cellOrder":52,"cellStatus":1,"version":1586482615662},{"cellId":14917,"deviceId":"6652201156","appId":"66522","cellNo":"53","cellInfo":"{\"door\":\"opened\",\"warm\":\"started\",\"light\":\"opened\",\"disinfect\":\"stopping\"}","createTime":1586482615662,"updateTime":1586482615662,"cellNoAlias":"53","cellOrder":53,"cellStat"
2020-04-30 15:01:29.400 [main] DEBUG org.apache.http.wire - http-outgoing-0 << "[\r][\n]"
2020-04-30 15:01:29.400 [main] DEBUG org.apache.http.wire - http-outgoing-0 << "1000[\r][\n]"
2020-04-30 15:01:29.400 [main] DEBUG org.apache.http.wire - http-outgoing-0 << "us":1,"version":1586482615662},{"cellId":14918,"deviceId":"6652201156","appId":"66522","cellNo":"54","cellInfo":"{\"door\":\"closed\",\"warm\":\"stopped\",\"light\":\"closed\",\"disinfect\":\"stopping\"}","createTime":1586482615662,"updateTime":1586482615662,"cellNoAlias":"54","cellOrder":54,"cellStatus":1,"version":1586482615662},{"cellId":14919,"deviceId":"6652201156","appId":"66522","cellNo":"55","cellInfo":"{\"door\":\"closed\",\"warm\":\"stopped\",\"light\":\"closed\",\"disinfect\":\"stopping\"}","createTime":1586482615662,"updateTime":1586482615662,"cellNoAlias":"55","cellOrder":55,"cellStatus":1,"version":1586482615662},{"cellId":14920,"deviceId":"6652201156","appId":"66522","cellNo":"56","cellInfo":"{\"door\":\"closed\",\"warm\":\"stopped\",\"light\":\"closed\",\"disinfect\":\"stopping\"}","createTime":1586482615662,"updateTime":1586482615662,"cellNoAlias":"56","cellOrder":56,"cellStatus":1,"version":1586482615662},{"cellId":14921,"deviceId":"6652201156","appId":"66522","cellNo":"57","cellInfo":"{\"door\":\"closed\",\"warm\":\"stopped\",\"light\":\"closed\",\"disinfect\":\"stopping\"}","createTime":1586482615662,"updateTime":1586482615662,"cellNoAlias":"57","cellOrder":57,"cellStatus":1,"version":1586482615662},{"cellId":14922,"deviceId":"6652201156","appId":"66522","cellNo":"58","cellInfo":"{\"door\":\"closed\",\"warm\":\"stopped\",\"light\":\"closed\",\"disinfect\":\"stopping\"}","createTime":1586482615662,"updateTime":1586482615662,"cellNoAlias":"58","cellOrder":58,"cellStatus":1,"version":1586482615662},{"cellId":14923,"deviceId":"6652201156","appId":"66522","cellNo":"59","cellInfo":"{\"door\":\"closed\",\"warm\":\"stopped\",\"light\":\"closed\",\"disinfect\":\"stopping\"}","createTime":1586482615662,"updateTime":1586482615662,"cellNoAlias":"59","cellOrder":59,"cellStatus":1,"version":1586482615662},{"cellId":14924,"deviceId":"6652201156","appId":"66522","cellNo":"60","cellInfo":"{\"do"
2020-04-30 15:01:29.401 [main] DEBUG org.apache.http.wire - http-outgoing-0 << "or\":\"closed\",\"warm\":\"stopped\",\"light\":\"closed\",\"disinfect\":\"stopping\"}","createTime":1586482615662,"updateTime":1586482615662,"cellNoAlias":"60","cellOrder":60,"cellStatus":1,"version":1586482615662},{"cellId":14925,"deviceId":"6652201156","appId":"66522","cellNo":"61","cellInfo":"{\"door\":\"closed\",\"warm\":\"stopped\",\"light\":\"closed\",\"disinfect\":\"stopping\"}","createTime":1586482615662,"updateTime":1586482615662,"cellNoAlias":"61","cellOrder":61,"cellStatus":1,"version":1586482615662},{"cellId":14926,"deviceId":"6652201156","appId":"66522","cellNo":"62","cellInfo":"{\"door\":\"closed\",\"warm\":\"stopped\",\"light\":\"closed\",\"disinfect\":\"stopping\"}","createTime":1586482615662,"updateTime":1586482615662,"cellNoAlias":"62","cellOrder":62,"cellStatus":1,"version":1586482615662},{"cellId":14927,"deviceId":"6652201156","appId":"66522","cellNo":"63","cellInfo":"{\"door\":\"closed\",\"warm\":\"stopped\",\"light\":\"closed\",\"disinfect\":\"stopping\"}","createTime":1586482615662,"updateTime":1586482615662,"cellNoAlias":"63","cellOrder":63,"cellStatus":1,"version":1586482615662},{"cellId":14928,"deviceId":"6652201156","appId":"66522","cellNo":"64","cellInfo":"{\"door\":\"closed\",\"warm\":\"stopped\",\"light\":\"closed\",\"disinfect\":\"stopping\"}","createTime":1586482615662,"updateTime":1586482615662,"cellNoAlias":"64","cellOrder":64,"cellStatus":1,"version":1586482615662},{"cellId":14929,"deviceId":"6652201156","appId":"66522","cellNo":"65","cellInfo":"{\"door\":\"closed\",\"warm\":\"stopped\",\"light\":\"closed\",\"disinfect\":\"stopping\"}","createTime":1586482615662,"updateTime":1586482615662,"cellNoAlias":"65","cellOrder":65,"cellStatus":1,"version":1586482615662},{"cellId":14930,"deviceId":"6652201156","appId":"66522","cellNo":"66","cellInfo":"{\"door\":\"closed\",\"warm\":\"stopped\",\"light\":\"closed\",\"disinfect\":\"stopping\"}","createTime":1586482615662,"updateTime":1586482615662,"cellNoAlias":"66","cellOrder":66,"cellStatus":1,"version":1586482615662},{"cellId":14931,"deviceId":"6652201156","appId":"66522","cellNo":"67","cellInfo":"{\"door\":\"closed\",\"warm\":\"stopped\",\"light\":\"clo"
2020-04-30 15:01:29.401 [main] DEBUG org.apache.http.wire - http-outgoing-0 << "[\r][\n]"
2020-04-30 15:01:29.401 [main] DEBUG org.apache.http.wire - http-outgoing-0 << "6e4[\r][\n]"
2020-04-30 15:01:29.401 [main] DEBUG org.apache.http.wire - http-outgoing-0 << "sed\",\"disinfect\":\"stopping\"}","createTime":1586482615662,"updateTime":1586482615662,"cellNoAlias":"67","cellOrder":67,"cellStatus":1,"version":1586482615662},{"cellId":14932,"deviceId":"6652201156","appId":"66522","cellNo":"68","cellInfo":"{\"door\":\"closed\",\"warm\":\"stopped\",\"light\":\"closed\",\"disinfect\":\"stopping\"}","createTime":1586482615662,"updateTime":1586482615662,"cellNoAlias":"68","cellOrder":68,"cellStatus":1,"version":1586482615662},{"cellId":14933,"deviceId":"6652201156","appId":"66522","cellNo":"69","cellInfo":"{\"door\":\"closed\",\"warm\":\"stopped\",\"light\":\"closed\",\"disinfect\":\"stopping\"}","createTime":1586482615662,"updateTime":1586482615662,"cellNoAlias":"69","cellOrder":69,"cellStatus":1,"version":1586482615662},{"cellId":14934,"deviceId":"6652201156","appId":"66522","cellNo":"70","cellInfo":"{\"door\":\"closed\",\"warm\":\"stopped\",\"light\":\"closed\",\"disinfect\":\"stopping\"}","createTime":1586482615662,"updateTime":1586482615662,"cellNoAlias":"70","cellOrder":70,"cellStatus":1,"version":1586482615662},{"cellId":14935,"deviceId":"6652201156","appId":"66522","cellNo":"71","cellInfo":"{\"door\":\"closed\",\"warm\":\"stopped\",\"light\":\"closed\",\"disinfect\":\"stopping\"}","createTime":1586482615662,"updateTime":1586482615662,"cellNoAlias":"71","cellOrder":71,"cellStatus":1,"version":1586482615662},{"cellId":14936,"deviceId":"6652201156","appId":"66522","cellNo":"72","cellInfo":"{\"door\":\"closed\",\"warm\":\"stopped\",\"light\":\"closed\",\"disinfect\":\"stopping\"}","createTime":1586482615662,"updateTime":1586482615662,"cellNoAlias":"72","cellOrder":72,"cellStatus":1,"version":1586482615662}],"deviceType":"ANDROID"},"code":1,"msg":"success","success":true,"timestamp":1588230089116}[\r][\n]"
2020-04-30 15:01:29.401 [main] DEBUG org.apache.http.wire - http-outgoing-0 << "0[\r][\n]"
2020-04-30 15:01:29.401 [main] DEBUG org.apache.http.wire - http-outgoing-0 << "[\r][\n]"
2020-04-30 15:01:29.402 [main] DEBUG o.a.h.impl.conn.PoolingHttpClientConnectionManager - Connection [id: 0][route: {}->http://openapi.58auv.com:80] can be kept alive indefinitely
2020-04-30 15:01:29.402 [main] DEBUG o.a.h.impl.conn.PoolingHttpClientConnectionManager - Connection released: [id: 0][route: {}->http://openapi.58auv.com:80][total kept alive: 1; route allocated: 1 of 2; total allocated: 1 of 20]
2020-04-30 15:01:29.402 [main] DEBUG org.apache.http.impl.execchain.MainClientExec - Cancelling request execution
2020-04-30 15:01:29.405 [main] INFO  com.jk.framework.common.utils.CloseableHttpUtil - time:2085ms,API:http://openapi.58auv.com/gateway.do,parMap:{"method":"device.status.query","appId":"66522","digest":"531accadcee02b62b4c723672843ace2","bizData":"{\"deviceId\":\"6652201156\"}","version":"1.0","timestamp":"2020-04-30 15:01:26"},headerMap:null
2020-04-30 15:01:57.770 [Thread-3] DEBUG druid.sql.Connection - {conn-110001} closed
2020-04-30 15:01:57.770 [Thread-3] DEBUG druid.sql.Connection - {conn-110001} closed
2020-04-30 15:01:57.771 [Thread-3] DEBUG druid.sql.Connection - {conn-110002} closed
2020-04-30 15:01:57.771 [Thread-3] DEBUG druid.sql.Connection - {conn-110002} closed
2020-04-30 15:01:57.774 [Thread-3] DEBUG druid.sql.Connection - {conn-10001} closed
2020-04-30 15:01:57.774 [Thread-3] DEBUG druid.sql.Connection - {conn-10001} closed
2020-04-30 15:01:57.775 [Thread-3] DEBUG druid.sql.Connection - {conn-10002} closed
2020-04-30 15:01:57.775 [Thread-3] DEBUG druid.sql.Connection - {conn-10002} closed
2020-04-30 15:15:29.084 [main] DEBUG org.apache.ibatis.logging.LogFactory - Logging initialized using 'class org.apache.ibatis.logging.slf4j.Slf4jImpl' adapter.
2020-04-30 15:19:08.911 [main] DEBUG org.apache.ibatis.logging.LogFactory - Logging initialized using 'class org.apache.ibatis.logging.slf4j.Slf4jImpl' adapter.
2020-04-30 15:19:10.520 [main] DEBUG druid.sql.Connection - {conn-10001} connected
2020-04-30 15:19:10.520 [main] DEBUG druid.sql.Connection - {conn-10001} connected
2020-04-30 15:19:10.654 [main] DEBUG druid.sql.Connection - {conn-10002} connected
2020-04-30 15:19:10.654 [main] DEBUG druid.sql.Connection - {conn-10002} connected
2020-04-30 15:19:11.034 [main] DEBUG org.mybatis.spring.SqlSessionFactoryBean - Parsed configuration file: 'class path resource [mybatis-config.xml]'
2020-04-30 15:19:11.130 [main] DEBUG org.mybatis.spring.SqlSessionFactoryBean - Parsed mapper file: 'file [/Users/fangwending/github/x/tuanche/device-service/target/classes/com/taisf/services/device/dao/map/deviceLinkDao.xml]'
2020-04-30 15:19:11.142 [main] DEBUG org.mybatis.spring.SqlSessionFactoryBean - Parsed mapper file: 'file [/Users/fangwending/github/x/tuanche/device-service/target/classes/com/taisf/services/device/dao/map/deviceConfigDao.xml]'
2020-04-30 15:19:11.324 [main] DEBUG druid.sql.Connection - {conn-110001} connected
2020-04-30 15:19:11.324 [main] DEBUG druid.sql.Connection - {conn-110001} connected
2020-04-30 15:19:11.430 [main] DEBUG druid.sql.Connection - {conn-110002} connected
2020-04-30 15:19:11.431 [main] DEBUG druid.sql.Connection - {conn-110002} connected
2020-04-30 15:19:11.480 [main] DEBUG org.mybatis.spring.SqlSessionFactoryBean - Parsed configuration file: 'class path resource [mybatis-config.xml]'
2020-04-30 15:19:11.493 [main] DEBUG org.mybatis.spring.SqlSessionFactoryBean - Parsed mapper file: 'file [/Users/fangwending/github/x/tuanche/device-service/target/classes/com/taisf/services/device/dao/map/deviceLinkDao.xml]'
2020-04-30 15:19:11.503 [main] DEBUG org.mybatis.spring.SqlSessionFactoryBean - Parsed mapper file: 'file [/Users/fangwending/github/x/tuanche/device-service/target/classes/com/taisf/services/device/dao/map/deviceConfigDao.xml]'
2020-04-30 15:19:11.807 [main] DEBUG org.mybatis.spring.SqlSessionUtils - Creating a new SqlSession
2020-04-30 15:19:11.826 [main] DEBUG org.mybatis.spring.SqlSessionUtils - SqlSession [org.apache.ibatis.session.defaults.DefaultSqlSession@40dd3977] was not registered for synchronization because synchronization is not active
2020-04-30 15:19:11.844 [main] DEBUG druid.sql.Connection - {conn-110002} pool-connect
2020-04-30 15:19:11.844 [main] DEBUG druid.sql.Connection - {conn-110002} pool-connect
2020-04-30 15:19:11.845 [main] DEBUG o.m.spring.transaction.SpringManagedTransaction - JDBC Connection [com.alibaba.druid.proxy.jdbc.ConnectionProxyImpl@314b8f2d] will not be managed by Spring
2020-04-30 15:19:11.853 [main] DEBUG device.deviceConfigDao.getDeviceConfigByCode - ==>  Preparing: select id, config_sn, server_url, app_id, app_secret from t_device_config where config_sn = ? 
2020-04-30 15:19:11.882 [main] DEBUG druid.sql.Statement - {conn-110002, pstmt-120000} created. 
select

     
     id, config_sn, server_url, app_id, app_secret
   

    from t_device_config

    where config_sn = ?
2020-04-30 15:19:11.882 [main] DEBUG druid.sql.Statement - {conn-110002, pstmt-120000} created. 
select

     
     id, config_sn, server_url, app_id, app_secret
   

    from t_device_config

    where config_sn = ?
2020-04-30 15:19:11.906 [main] DEBUG device.deviceConfigDao.getDeviceConfigByCode - ==> Parameters: bbb(String)
2020-04-30 15:19:11.907 [main] DEBUG druid.sql.Statement - {conn-110002, pstmt-120000} Parameters : [bbb]
2020-04-30 15:19:11.907 [main] DEBUG druid.sql.Statement - {conn-110002, pstmt-120000} Types : [VARCHAR]
2020-04-30 15:19:11.907 [main] DEBUG druid.sql.Statement - {conn-110002, pstmt-120000} Parameters : [bbb]
2020-04-30 15:19:11.907 [main] DEBUG druid.sql.Statement - {conn-110002, pstmt-120000} Types : [VARCHAR]
2020-04-30 15:19:11.917 [main] DEBUG druid.sql.Statement - {conn-110002, pstmt-120000} executed. 9.94203 millis. 
select

     
     id, config_sn, server_url, app_id, app_secret
   

    from t_device_config

    where config_sn = ?
2020-04-30 15:19:11.917 [main] DEBUG druid.sql.Statement - {conn-110002, pstmt-120000} executed. 9.94203 millis. 
select

     
     id, config_sn, server_url, app_id, app_secret
   

    from t_device_config

    where config_sn = ?
2020-04-30 15:19:11.923 [main] DEBUG druid.sql.ResultSet - {conn-110002, pstmt-120000, rs-150000} open
2020-04-30 15:19:11.926 [main] DEBUG druid.sql.ResultSet - {conn-110002, pstmt-120000, rs-150000} Header: [id, config_sn, server_url, app_id, app_secret]
2020-04-30 15:19:11.926 [main] DEBUG druid.sql.ResultSet - {conn-110002, pstmt-120000, rs-150000} open
2020-04-30 15:19:11.926 [main] DEBUG druid.sql.ResultSet - {conn-110002, pstmt-120000, rs-150000} Header: [id, config_sn, server_url, app_id, app_secret]
2020-04-30 15:19:11.945 [main] DEBUG druid.sql.ResultSet - {conn-110002, pstmt-120000, rs-150000} Result: [4, bbb, http://openapi.58auv.com/gateway.do, 66522, 9ba3e59a83ebc7247036a579c5401250]
2020-04-30 15:19:11.945 [main] DEBUG druid.sql.ResultSet - {conn-110002, pstmt-120000, rs-150000} Result: [4, bbb, http://openapi.58auv.com/gateway.do, 66522, 9ba3e59a83ebc7247036a579c5401250]
2020-04-30 15:19:11.948 [main] DEBUG device.deviceConfigDao.getDeviceConfigByCode - <==      Total: 1
2020-04-30 15:19:11.949 [main] DEBUG druid.sql.ResultSet - {conn-110002, pstmt-120000, rs-150000} closed
2020-04-30 15:19:11.949 [main] DEBUG druid.sql.ResultSet - {conn-110002, pstmt-120000, rs-150000} closed
2020-04-30 15:19:11.949 [main] DEBUG druid.sql.Statement - {conn-110002, pstmt-120000} closed
2020-04-30 15:19:11.949 [main] DEBUG druid.sql.Statement - {conn-110002, pstmt-120000} closed
2020-04-30 15:19:11.950 [main] DEBUG org.mybatis.spring.SqlSessionUtils - Closing non transactional SqlSession [org.apache.ibatis.session.defaults.DefaultSqlSession@40dd3977]
2020-04-30 15:19:11.951 [main] DEBUG druid.sql.Connection - {conn-110002} pool-recycle
2020-04-30 15:19:11.951 [main] DEBUG druid.sql.Connection - {conn-110002} pool-recycle
2020-04-30 15:19:12.699 [main] DEBUG org.apache.http.client.protocol.RequestAddCookies - CookieSpec selected: default
2020-04-30 15:19:12.711 [main] DEBUG org.apache.http.client.protocol.RequestAuthCache - Auth cache not set in the context
2020-04-30 15:19:12.712 [main] DEBUG o.a.h.impl.conn.PoolingHttpClientConnectionManager - Connection request: [route: {}->http://openapi.58auv.com:80][total kept alive: 0; route allocated: 0 of 2; total allocated: 0 of 20]
2020-04-30 15:19:12.726 [main] DEBUG o.a.h.impl.conn.PoolingHttpClientConnectionManager - Connection leased: [id: 0][route: {}->http://openapi.58auv.com:80][total kept alive: 0; route allocated: 1 of 2; total allocated: 1 of 20]
2020-04-30 15:19:12.728 [main] DEBUG org.apache.http.impl.execchain.MainClientExec - Opening connection {}->http://openapi.58auv.com:80
2020-04-30 15:19:12.857 [main] DEBUG o.a.h.i.conn.DefaultHttpClientConnectionOperator - Connecting to openapi.58auv.com/120.24.87.222:80
2020-04-30 15:19:12.913 [main] DEBUG o.a.h.i.conn.DefaultHttpClientConnectionOperator - Connection established 192.168.199.103:63761<->120.24.87.222:80
2020-04-30 15:19:12.913 [main] DEBUG org.apache.http.impl.execchain.MainClientExec - Executing request POST /gateway.do HTTP/1.1
2020-04-30 15:19:12.914 [main] DEBUG org.apache.http.impl.execchain.MainClientExec - Target auth state: UNCHALLENGED
2020-04-30 15:19:12.914 [main] DEBUG org.apache.http.impl.execchain.MainClientExec - Proxy auth state: UNCHALLENGED
2020-04-30 15:19:12.915 [main] DEBUG org.apache.http.headers - http-outgoing-0 >> POST /gateway.do HTTP/1.1
2020-04-30 15:19:12.916 [main] DEBUG org.apache.http.headers - http-outgoing-0 >> Content-Length: 172
2020-04-30 15:19:12.916 [main] DEBUG org.apache.http.headers - http-outgoing-0 >> Content-Type: application/x-www-form-urlencoded; charset=UTF-8
2020-04-30 15:19:12.916 [main] DEBUG org.apache.http.headers - http-outgoing-0 >> Host: openapi.58auv.com
2020-04-30 15:19:12.916 [main] DEBUG org.apache.http.headers - http-outgoing-0 >> Connection: Keep-Alive
2020-04-30 15:19:12.916 [main] DEBUG org.apache.http.headers - http-outgoing-0 >> User-Agent: Apache-HttpClient/4.4.1 (Java/1.8.0_131)
2020-04-30 15:19:12.916 [main] DEBUG org.apache.http.headers - http-outgoing-0 >> Accept-Encoding: gzip,deflate
2020-04-30 15:19:12.916 [main] DEBUG org.apache.http.wire - http-outgoing-0 >> "POST /gateway.do HTTP/1.1[\r][\n]"
2020-04-30 15:19:12.916 [main] DEBUG org.apache.http.wire - http-outgoing-0 >> "Content-Length: 172[\r][\n]"
2020-04-30 15:19:12.916 [main] DEBUG org.apache.http.wire - http-outgoing-0 >> "Content-Type: application/x-www-form-urlencoded; charset=UTF-8[\r][\n]"
2020-04-30 15:19:12.916 [main] DEBUG org.apache.http.wire - http-outgoing-0 >> "Host: openapi.58auv.com[\r][\n]"
2020-04-30 15:19:12.916 [main] DEBUG org.apache.http.wire - http-outgoing-0 >> "Connection: Keep-Alive[\r][\n]"
2020-04-30 15:19:12.917 [main] DEBUG org.apache.http.wire - http-outgoing-0 >> "User-Agent: Apache-HttpClient/4.4.1 (Java/1.8.0_131)[\r][\n]"
2020-04-30 15:19:12.917 [main] DEBUG org.apache.http.wire - http-outgoing-0 >> "Accept-Encoding: gzip,deflate[\r][\n]"
2020-04-30 15:19:12.917 [main] DEBUG org.apache.http.wire - http-outgoing-0 >> "[\r][\n]"
2020-04-30 15:19:12.917 [main] DEBUG org.apache.http.wire - http-outgoing-0 >> "method=device.status.query&appId=66522&digest=b4154ad449213ed3c6a0d448f2255b2d&bizData=%7B%22deviceId%22%3A%226652201156%22%7D&version=1.0&timestamp=2020-04-30+15%3A19%3A11"
2020-04-30 15:19:13.054 [main] DEBUG org.apache.http.wire - http-outgoing-0 << "HTTP/1.1 200 [\r][\n]"
2020-04-30 15:19:13.054 [main] DEBUG org.apache.http.wire - http-outgoing-0 << "Server: nginx/1.4.6 (Ubuntu)[\r][\n]"
2020-04-30 15:19:13.054 [main] DEBUG org.apache.http.wire - http-outgoing-0 << "Date: Thu, 30 Apr 2020 07:19:12 GMT[\r][\n]"
2020-04-30 15:19:13.054 [main] DEBUG org.apache.http.wire - http-outgoing-0 << "Content-Type: application/json;charset=UTF-8[\r][\n]"
2020-04-30 15:19:13.054 [main] DEBUG org.apache.http.wire - http-outgoing-0 << "Transfer-Encoding: chunked[\r][\n]"
2020-04-30 15:19:13.054 [main] DEBUG org.apache.http.wire - http-outgoing-0 << "Connection: keep-alive[\r][\n]"
2020-04-30 15:19:13.055 [main] DEBUG org.apache.http.wire - http-outgoing-0 << "[\r][\n]"
2020-04-30 15:19:13.055 [main] DEBUG org.apache.http.wire - http-outgoing-0 << "1f89[\r][\n]"
2020-04-30 15:19:13.055 [main] DEBUG org.apache.http.wire - http-outgoing-0 << "{"resultObject":{"deviceId":"6652201156","title":null,"appId":"66522","deviceName":"6652201156","deviceStatus":"ONLINE","cellNumCount":72,"createTime":1586482616000,"productKey":"a1vzk7IR7Ez","statusUpdateTime":1588228856678,"aliDeviceSecret":"WAL0sNZ5tnv3H0lfQ4gF5n0hjIRqtl5R","cells":[{"cellId":14865,"deviceId":"6652201156","appId":"66522","cellNo":"1","cellInfo":"{\"door\":\"opening\",\"warm\":\"starting\",\"light\":\"opening\",\"disinfect\":\"stopping\"}","createTime":1586482615662,"updateTime":1586482615662,"cellNoAlias":"1","cellOrder":1,"cellStatus":1,"version":1586482615662},{"cellId":14866,"deviceId":"6652201156","appId":"66522","cellNo":"2","cellInfo":"{\"door\":\"opening\",\"warm\":\"starting\",\"light\":\"opening\",\"disinfect\":\"stopping\"}","createTime":1586482615662,"updateTime":1586482615662,"cellNoAlias":"2","cellOrder":2,"cellStatus":1,"version":1586482615662},{"cellId":14867,"deviceId":"6652201156","appId":"66522","cellNo":"3","cellInfo":"{\"door\":\"opening\",\"warm\":\"starting\",\"light\":\"opening\",\"disinfect\":\"stopping\"}","createTime":1586482615662,"updateTime":1586482615662,"cellNoAlias":"3","cellOrder":3,"cellStatus":1,"version":1586482615662},{"cellId":14868,"deviceId":"6652201156","appId":"66522","cellNo":"4"
2020-04-30 15:19:13.057 [main] DEBUG org.apache.http.headers - http-outgoing-0 << HTTP/1.1 200 
2020-04-30 15:19:13.058 [main] DEBUG org.apache.http.headers - http-outgoing-0 << Server: nginx/1.4.6 (Ubuntu)
2020-04-30 15:19:13.058 [main] DEBUG org.apache.http.headers - http-outgoing-0 << Date: Thu, 30 Apr 2020 07:19:12 GMT
2020-04-30 15:19:13.058 [main] DEBUG org.apache.http.headers - http-outgoing-0 << Content-Type: application/json;charset=UTF-8
2020-04-30 15:19:13.058 [main] DEBUG org.apache.http.headers - http-outgoing-0 << Transfer-Encoding: chunked
2020-04-30 15:19:13.058 [main] DEBUG org.apache.http.headers - http-outgoing-0 << Connection: keep-alive
2020-04-30 15:19:13.063 [main] DEBUG org.apache.http.impl.execchain.MainClientExec - Connection can be kept alive indefinitely
2020-04-30 15:19:13.068 [main] DEBUG org.apache.http.wire - http-outgoing-0 << "","cellInfo":"{\"door\":\"opening\",\"warm\":\"starting\",\"light\":\"opening\",\"disinfect\":\"stopping\"}","createTime":1586482615662,"updateTime":1586482615662,"cellNoAlias":"4","cellOrder":4,"cellStatus":1,"version":1586482615662},{"cellId":14869,"deviceId":"6652201156","appId":"66522","cellNo":"5","cellInfo":"{\"door\":\"opening\",\"warm\":\"starting\",\"light\":\"opening\",\"disinfect\":\"stopping\"}","createTime":1586482615662,"updateTime":1586482615662,"cellNoAlias":"5","cellOrder":5,"cellStatus":1,"version":1586482615662},{"cellId":14870,"deviceId":"6652201156","appId":"66522","cellNo":"6","cellInfo":"{\"door\":\"closed\",\"warm\":\"stopped\",\"light\":\"closed\",\"disinfect\":\"stopping\"}","createTime":1586482615662,"updateTime":1586482615662,"cellNoAlias":"6","cellOrder":6,"cellStatus":1,"version":1586482615662},{"cellId":14871,"deviceId":"6652201156","appId":"66522","cellNo":"7","cellInfo":"{\"door\":\"closed\",\"warm\":\"stopped\",\"light\":\"closed\",\"disinfect\":\"stopping\"}","createTime":1586482615662,"updateTime":1586482615662,"cellNoAlias":"7","cellOrder":7,"cellStatus":1,"version":1586482615662},{"cellId":14872,"deviceId":"6652201156","appId":"66522","cellNo":"8","cellInfo":"{\"door\":\"closed\",\"warm\":\"stopped\",\"light\":\"closed\",\"disinfect\":\"stopping\"}","createTime":1586482615662,"updateTime":1586482615662,"cellNoAlias":"8","cellOrder":8,"cellStatus":1,"version":1586482615662},{"cellId":14873,"deviceId":"6652201156","appId":"66522","cellNo":"9","cellInfo":"{\"door\":\"closed\",\"warm\":\"stopped\",\"light\":\"closed\",\"disinfect\":\"stopping\"}","createTime":1586482615662,"updateTime":1586482615662,"cellNoAlias":"9","cellOrder":9,"cellStatus":1,"version":1586482615662},{"cellId":14874,"deviceId":"6652201156","appId":"66522","cellNo":"10","cellInfo":"{\"door\":\"closed\",\"warm\":\"stopped\",\"light\":\"closed\",\"disinfect\":\"stopping\"}","createTime":1586482615662,"updateTime":1586482615662,"cellNoAlias":"10","cellOrder":10,"cellStatus":1,"version":1586482615662},{"cellId":14875,"deviceId":"6652201156","appId":"66522","cellNo":"11","cellInfo":"{\"door\":\"closed\",\"warm\":\"stopped\",\"light\":\"closed\",\"disinfect\":\"stopping\"}","createTime":1586482615662,"updateTime":1586482615662,"cellNoAlias":"11","cellOrder":11,"cellStatus":1,"version":1586482615662},{"cellId":14876,"deviceId":"6652201156","appId":"66522","cellNo":"12","cellInfo":"{\"door\":\"closed\",\"warm\":\"stopped\",\"light\":\"closed\",\"disinfect\":\"stopping\"}","createTime":1586482615662,"updateTime":1586482615662,"cellNoAlias":"12","cellOrder":12,"cellStatus":1,"version":1586482615662},{"cellId":14877,"deviceId":"6652201156","appId":"66522","cellNo":"13","cellInfo":"{\"door\":\"closed\",\"warm\":\"stopped\",\"light\":\"closed\",\"disinfect\":\"stopping\"}","createTime":1586482615662,"updateTime":1586482615662,"cellNoAlias":"13","cellOrder":13,"cellStatus":1,"version":1586482615662},{"cellId":14878,"deviceId":"6652201156","appId":"66522","cellNo":"14","cellInfo":"{\"door\":\"closed\",\"warm\":\"stopped\",\"light\":\"closed\",\"disinfect\":\"stopping\"}","createTime":1586482615662,"updateTime":1586482615662,"cellNoAlias":"14","cellOrder":14,"cellStatus":1,"version":1586482615662},{"cellId":14879,"deviceId":"6652201156","appId":"66522","cellNo":"15","cellInfo":"{\"door\":\"closed\",\"warm\":\"stopped\",\"light\":\"closed\",\"disinfect\":\"stopping\"}","createTime":1586482615662,"updateTime":1586482615662,"cellNoAlias":"15","cellOrder":15,"cellStatus":1,"version":1586482615662},{"cellId":14880,"deviceId":"6652201156","appId":"66522","cellNo":"16","cellInfo":"{\"door\":\"closed\",\"warm\":\"stopped\",\"light\":\"closed\",\"disinfect\":\"stopping\"}","createTime":1586482615662,"updateTime":1586482615662,"cellNoAlias":"16","cellOrder":16,"cellStatus":1,"version":1586482615662},{"cellId":14881,"deviceId":"6652201156","appId":"66522","cellNo":"17","cellInfo":"{\"door\":\"closed\",\"warm\":\"stopped\",\"light\":\"closed\",\"disinfect\":\"stopping\"}","createTime":1586482615662,"updateTime":1586482615662,"cellNoAlias":"17","cellOrder":17,"cellStatus":1,"version":1586482615662},{"cellId":14882,"deviceId":"6652201156","appId":"66522","cellNo":"18","cellInfo":"{\"door\":\"closed\",\"warm\":\"stopped\",\"light\":\"closed\",\"disinfect\":\"stopping\"}","createTime":1586482615662,"updateTime":1586482615662,"cellNoAlias":"18","cellOrder":18,"cellStatus":1,"version":1586482615662},{"cellId":14883,"deviceId":"6652201156","appId":"66522","cellNo":"19","cellInfo":"{\"door\":\"closed\",\"warm\":\"stopped\",\"light\":\"closed\",\"disinfect\":\"stopping\"}","createTime":1586482615662,"updateTime":1586482615662,"cellNoAlias":"19","cellOrder":19,"cellStatus":1,"version":1586482615662},{"cellId":14884,"deviceId":"6652201156","appId":"66522","cellNo":"20","cellInfo":"{\"door\":\"closed\",\"warm\":\"stopped\",\"light\":\"closed\",\"disinfect\":\"stopping\"}","createTime":1586482615662,"updateTime":1586482615662,"cellNoAlias":"20","cellOrder":20,"cellStatus":1,"version":1586482615662},{"cellId":14885,"deviceId":"6652201156","appId":"66522","cellNo":"21","cellInfo":"{\"door\":\"closed\",\"warm\":\"stopped\",\"light\":\"closed\",\"disinfect\":\"stopping\"}","createTime":1586482615662,"updateTime":1586482615662,"cellNoAlias":"21","cellOrder":21,"cellStatus":1,"version":1586482615662},{"cellId":14886,"deviceId":"6652201156","appId":"66522","cellNo":"22","cellInfo":"{\"door\":\"closed\",\"warm\":\"stopped\",\"light\":\"closed\",\"disinfect\":\"stopping\"}","createTime":1586482615662,"updateTime":1586482615662,"cellNoAlias":"22","cellOrder":22,"cellStatus":1,"version":1586482615662},{"cellId":14887,"deviceId":"6652201156","appId":"66522","cellNo":"23","cellInfo":"{\"door\":\"closed\",\"warm\":\"stopped\",\"light\":\"closed\",\"disinfect\":\"stopping\"}","createTime":1586482615662,"updateTime":1586482615662,"cellNoAlias":"23","cellOrder":23,"cellStatus":1,"version":1586482615662},{"cellId":14888,"deviceId":"6652201156","appId":"66522","cellNo":"24","cellInfo":"{\"door\":\"closed\",\"warm\":\"stopped\",\"light\":\"closed\",\"disinfect\":\"stopping\"}","createTime":1586482615662,"updateTime":1586482615662,"cellNoAlias":"24","cellOrder":24,"cellStatus":1,"version":1586482615662},{"cellId":14889,"deviceId":"6652201156","appId":"66522","cellNo":"25","cellInfo":"{\"door\":\"closed\",\"warm\":\"stopped\",\"light\":\"closed\",\"disinfect\":\"stopping\"}","createTime":1586482615662,"updateTime":1586482615662,"cellNoAlias":"25","cellOrder":25,"cellStatus":1,"version":1586482615662},{"cellId":14890,"deviceId":"6652201156","appId":"66522","cellNo":"26","cellInfo":"{\"door\":\"closed\",\"warm\":\"stopped\",\"light\":\"closed\",\"disinfect\":\"stopping\"}","createTime":1586482615662,"updateTime":1586482615662,"cellNoAlias":"26",""
2020-04-30 15:19:13.069 [main] DEBUG org.apache.http.wire - http-outgoing-0 << "[\r][\n]"
2020-04-30 15:19:13.069 [main] DEBUG org.apache.http.wire - http-outgoing-0 << "2000[\r][\n]"
2020-04-30 15:19:13.069 [main] DEBUG org.apache.http.wire - http-outgoing-0 << "cellOrder":26,"cellStatus":1,"version":1586482615662},{"cellId":14891,"deviceId":"6652201156","appId":"66522","cellNo":"27","cellInfo":"{\"door\":\"closed\",\"warm\":\"stopped\",\"light\":\"closed\",\"disinfect\":\"stopping\"}","createTime":1586482615662,"updateTime":1586482615662,"cellNoAlias":"27","cellOrder":27,"cellStatus":1,"version":1586482615662},{"cellId":14892,"deviceId":"6652201156","appId":"66522","cellNo":"28","cellInfo":"{\"door\":\"closed\",\"warm\":\"stopped\",\"light\":\"closed\",\"disinfect\":\"stopping\"}","createTime":1586482615662,"updateTime":1586482615662,"cellNoAlias":"28","cellOrder":28,"cellStatus":1,"version":1586482615662},{"cellId":14893,"deviceId":"6652201156","appId":"66522","cellNo":"29","cellInfo":"{\"door\":\"closed\",\"warm\":\"stopped\",\"light\":\"closed\",\"disinfect\":\"stopping\"}","createTime":1586482615662,"updateTime":1586482615662,"cellNoAlias":"29","cellOrder":29,"cellStatus":1,"version":1586482615662},{"cellId":14894,"deviceId":"6652201156","appId":"66522","cellNo":"30","cellInfo":"{\"door\":\"closed\",\"warm\":\"stopped\",\"light\":\"closed\",\"disinfect\":\"stopping\"}","createTime":1586482615662,"updateTime":1586482615662,"cellNoAlias":"30","cellOrder":30,"cellStatus":1,"version":1586482615662},{"cellId":14895,"deviceId":"6652201156","appId":"66522","cellNo":"31","cellInfo":"{\"door\":\"closed\",\"warm\":\"stopped\",\"light\":\"closed\",\"disinfect\":\"stopping\"}","createTime":1586482615662,"updateTime":1586482615662,"cellNoAlias":"31","cellOrder":31,"cellStatus":1,"version":1586482615662},{"cellId":14896,"deviceId":"6652201156","appId":"66522","cellNo":"32","cellInfo":"{\"door\":\"closed\",\"warm\":\"stopped\",\"light\":\"closed\",\"disinfect\":\"stopping\"}","createTime":1586482615662,"updateTime":1586482615662,"cellNoAlias":"32","cellOrder":32,"cellStatus":1,"version":1586482615662},{"cellId":14897,"deviceId":"6652201156","appId":"66522","cellNo":"33","cellInfo":"{\"door\":\"closed\",\"warm\":\"stopped\",\"light\":\"closed\",\"disinfect\":\"stopping\"}","createTime":1586482615662,"updateTime":1586482615662,"cellNoAlias":"33","cellOrder":33,"cellStatus":1,"version":1586482615662},{"cellId":14898,"deviceId":"6652201156","appId":"66522","cellNo":"34","cellInfo":"{\"door\":\"closed\",\"warm\":\"stopped\",\"light\":\"closed\",\"disinfect\":\"stopping\"}","createTime":1586482615662,"updateTime":1586482615662,"cellNoAlias":"34","cellOrder":34,"cellStatus":1,"version":1586482615662},{"cellId":14899,"deviceId":"6652201156","appId":"66522","cellNo":"35","cellInfo":"{\"door\":\"closed\",\"warm\":\"stopped\",\"light\":\"closed\",\"disinfect\":\"stopping\"}","createTime":1586482615662,"updateTime":1586482615662,"cellNoAlias":"35","cellOrder":35,"cellStatus":1,"version":1586482615662},{"cellId":14900,"deviceId":"6652201156","appId":"66522","cellNo":"36","cellInfo":"{\"door\":\"closed\",\"warm\":\"stopped\",\"light\":\"closed\",\"disinfect\":\"stopping\"}","createTime":1586482615662,"updateTime":1586482615662,"cellNoAlias":"36","cellOrder":36,"cellStatus":1,"version":1586482615662},{"cellId":14901,"deviceId":"6652201156","appId":"66522","cellNo":"37","cellInfo":"{\"door\":\"closed\",\"warm\":\"stopped\",\"light\":\"closed\",\"disinfect\":\"stopping\"}","createTime":1586482615662,"updateTime":1586482615662,"cellNoAlias":"37","cellOrder":37,"cellStatus":1,"version":1586482615662},{"cellId":14902,"deviceId":"6652201156","appId":"66522","cellNo":"38","cellInfo":"{\"door\":\"closed\",\"warm\":\"stopped\",\"light\":\"closed\",\"disinfect\":\"stopping\"}","createTime":1586482615662,"updateTime":1586482615662,"cellNoAlias":"38","cellOrder":38,"cellStatus":1,"version":1586482615662},{"cellId":14903,"deviceId":"6652201156","appId":"66522","cellNo":"39","cellInfo":"{\"door\":\"closed\",\"warm\":\"stopped\",\"light\":\"closed\",\"disinfect\":\"stopping\"}","createTime":1586482615662,"updateTime":1586482615662,"cellNoAlias":"39","cellOrder":39,"cellStatus":1,"version":1586482615662},{"cellId":14904,"deviceId":"6652201156","appId":"66522","cellNo":"40","cellInfo":"{\"door\":\"opening\",\"warm\":\"stopped\",\"light\":\"opening\",\"disinfect\":\"stopping\"}","createTime":1586482615662,"updateTime":1586482615662,"cellNoAlias":"40","cellOrder":40,"cellStatus":1,"version":1586482615662},{"cellId":14905,"deviceId":"6652201156","appId":"66522","cellNo":"41","cellInfo":"{\"door\":\"closed\",\"warm\":\"stopped\",\"light\":\"closed\",\"disinfect\":\"stopping\"}","createTime":1586482615662,"updateTime":1586482615662,"cellNoAlias":"41","cellOrder":41,"cellStatus":1,"version":1586482615662},{"cellId":14906,"deviceId":"6652201156","appId":"66522","cellNo":"42","cellInfo":"{\"door\":\"closed\",\"warm\":\"stopped\",\"light\":\"closed\",\"disinfect\":\"stopping\"}","createTime":1586482615662,"updateTime":1586482615662,"cellNoAlias":"42","cellOrder":42,"cellStatus":1,"version":1586482615662},{"cellId":14907,"deviceId":"6652201156","appId":"66522","cellNo":"43","cellInfo":"{\"door\":\"closed\",\"warm\":\"stopped\",\"light\":\"closing\",\"disinfect\":\"stopping\"}","createTime":1586482615662,"updateTime":1586482615662,"cellNoAlias":"43","cellOrder":43,"cellStatus":1,"version":1586482615662},{"cellId":14908,"deviceId":"6652201156","appId":"66522","cellNo":"44","cellInfo":"{\"door\":\"opening\",\"warm\":\"stopping\",\"light\":\"closing\",\"disinfect\":\"stopping\"}","createTime":1586482615662,"updateTime":1586482615662,"cellNoAlias":"44","cellOrder":44,"cellStatus":1,"version":1586482615662},{"cellId":14909,"deviceId":"6652201156","appId":"66522","cellNo":"45","cellInfo":"{\"door\":\"closed\",\"warm\":\"stopped\",\"light\":\"closed\",\"disinfect\":\"stopping\"}","createTime":1586482615662,"updateTime":1586482615662,"cellNoAlias":"45","cellOrder":45,"cellStatus":1,"version":158"
2020-04-30 15:19:13.153 [main] DEBUG org.apache.http.wire - http-outgoing-0 << "6482615662},{"cellId":14910,"deviceId":"6652201156","appId":"66522","cellNo":"46","cellInfo":"{\"door\":\"closed\",\"warm\":\"stopped\",\"light\":\"closed\",\"disinfect\":\"stopping\"}","createTime":1586482615662,"updateTime":1586482615662,"cellNoAlias":"46","cellOrder":46,"cellStatus":1,"version":1586482615662},{"cellId":14911,"deviceId":"6652201156","appId":"66522","cellNo":"47","cellInfo":"{\"door\":\"closed\",\"warm\":\"stopped\",\"light\":\"closed\",\"disinfect\":\"stopping\"}","createTime":1586482615662,"updateTime":1586482615662,"cellNoAlias":"47","cellOrder":47,"cellStatus":1,"version":1586482615662},{"cellId":14912,"deviceId":"6652201156","appId":"66522","cellNo":"48","cellInfo":"{\"door\":\"closed\",\"warm\":\"stopped\",\"light\":\"closed\",\"disinfect\":\"stopping\"}","createTime":1586482615662,"updateTime":1586482615662,"cellNoAlias":"48","cellOrder":48,"cellStatus":1,"version":1586482615662},{"cellId":14913,"deviceId":"6652201156","appId":"66522","cellNo":"49","cellInfo":"{\"door\":\"closed\",\"warm\":\"stopped\",\"light\":\"closed\",\"disinfect\":\"stopping\"}","createTime":1586482615662,"updateTime":1586482615662,"cellNoAlias":"49","cellOrder":49,"cellStatus":1,"version":1586482615662},{"cellId":14914,"deviceId":"6652201156","appId":"66522","cellNo":"50","cellInfo":"{\"door\":\"opening\",\"warm\":\"stopping\",\"light\":\"closing\",\"disinfect\":\"stopping\"}","createTime":1586482615662,"updateTime":15864826156"
2020-04-30 15:19:13.158 [main] DEBUG org.apache.http.wire - http-outgoing-0 << "62,"cellNoAlias":"50","cellOrder":50,"cellStatus":1,"version":1586482615662},{"cellId":14915,"deviceId":"6652201156","appId":"66522","cellNo":"51","cellInfo":"{\"door\":\"opening\",\"warm\":\"stopping\",\"light\":\"closing\",\"disinfect\":\"stopping\"}","createTime":1586482615662,"updateTime":1586482615662,"cellNoAlias":"51","cellOrder":51,"cellStatus":1,"version":1586482615662},{"cellId":14916,"deviceId":"6652201156","appId":"66522","cellNo":"52","cellInfo":"{\"door\":\"opening\",\"warm\":\"starting\",\"light\":\"opening\",\"disinfect\":\"starting\"}","createTime":1586482615662,"updateTime":1586482615662,"cellNoAlias":"52","cellOrder":52,"cellStatus":1,"version":1586482615662},{"cellId":14917,"deviceId":"6652201156","appId":"66522","cellNo":"53","cellInfo":"{\"door\":\"opened\",\"warm\":\"started\",\"light\":\"opened\",\"disinfect\":\"stopping\"}","createTime":1586482615662,"updateTime":1586482615662,"cellNoAlias":"53","cellOrder":53,"cellStat"
2020-04-30 15:19:13.158 [main] DEBUG org.apache.http.wire - http-outgoing-0 << "[\r][\n]"
2020-04-30 15:19:13.158 [main] DEBUG org.apache.http.wire - http-outgoing-0 << "1000[\r][\n]"
2020-04-30 15:19:13.158 [main] DEBUG org.apache.http.wire - http-outgoing-0 << "us":1,"version":1586482615662},{"cellId":14918,"deviceId":"6652201156","appId":"66522","cellNo":"54","cellInfo":"{\"door\":\"closed\",\"warm\":\"stopped\",\"light\":\"closed\",\"disinfect\":\"stopping\"}","createTime":1586482615662,"updateTime":1586482615662,"cellNoAlias":"54","cellOrder":54,"cellStatus":1,"version":1586482615662},{"cellId":14919,"deviceId":"6652201156","appId":"66522","cellNo":"55","cellInfo":"{\"door\":\"closed\",\"warm\":\"stopped\",\"light\":\"closed\",\"disinfect\":\"stopping\"}","createTime":1586482615662,"updateTime":1586482615662,"cellNoAlias":"55","cellOrder":55,"cellStatus":1,"version":1586482615662},{"cellId":14920,"deviceId":"6652201156","appId":"66522","cellNo":"56","cellInfo":"{\"door\":\"closed\",\"warm\":\"stopped\",\"light\":\"closed\",\"disinfect\":\"stopping\"}","createTime":1586482615662,"updateTime":1586482615662,"cellNoAlias":"56","cellOrder":56,"cellStatus":1,"version":1586482615662},{"cellId":14921,"deviceId":"6652201156","appId":"66522","cellNo":"57","cellInfo":"{\"door\":\"closed\",\"warm\":\"stopped\",\"light\":\"closed\",\"disinfect\":\"stopping\"}","createTime":1586482615662,"updateTime":1586482615662,"cellNoAlias":"57","cellOrder":57,"cellStatus":1,"version":1586482615662},{"cellId":14922,"deviceId":"6652201156","appId":"66522","cellNo":"58","cellInfo":"{\"door\":\"closed\",\"warm\":\"stopped\",\"light\":\"closed\",\"disinfect\":\"stopping\"}","createTime":1586482615662,"updateTime":1586482615662,"cellNoAlias":"58","cellOrder":58,"cellStatus":1,"version":1586482615662},{"cellId":14923,"deviceId":"6652201156","appId":"66522","cellNo":"59","cellInfo":"{\"door\":\"closed\",\"warm\":\"stopped\",\"light\":\"closed\",\"disinfect\":\"stopping\"}","createTime":1586482615662,"updateTime":1586482615662,"cellNoAlias":"59","cellOrder":59,"cellStatus":1,"version":1586482615662},{"cellId":14924,"deviceId":"6652201156","appId":"66522","cellNo":"60","cellInfo":"{\"do"
2020-04-30 15:19:13.159 [main] DEBUG org.apache.http.wire - http-outgoing-0 << "or\":\"closed\",\"warm\":\"stopped\",\"light\":\"closed\",\"disinfect\":\"stopping\"}","createTime":1586482615662,"updateTime":1586482615662,"cellNoAlias":"60","cellOrder":60,"cellStatus":1,"version":1586482615662},{"cellId":14925,"deviceId":"6652201156","appId":"66522","cellNo":"61","cellInfo":"{\"door\":\"closed\",\"warm\":\"stopped\",\"light\":\"closed\",\"disinfect\":\"stopping\"}","createTime":1586482615662,"updateTime":1586482615662,"cellNoAlias":"61","cellOrder":61,"cellStatus":1,"version":1586482615662},{"cellId":14926,"deviceId":"6652201156","appId":"66522","cellNo":"62","cellInfo":"{\"door\":\"closed\",\"warm\":\"stopped\",\"light\":\"closed\",\"disinfect\":\"stopping\"}","createTime":1586482615662,"updateTime":1586482615662,"cellNoAlias":"62","cellOrder":62,"cellStatus":1,"version":1586482615662},{"cellId":14927,"deviceId":"6652201156","appId":"66522","cellNo":"63","cellInfo":"{\"door\":\"closed\",\"warm\":\"stopped\",\"light\":\"closed\",\"disinfect\":\"stopping\"}","createTime":1586482615662,"updateTime":1586482615662,"cellNoAlias":"63","cellOrder":63,"cellStatus":1,"version":1586482615662},{"cellId":14928,"deviceId":"6652201156","appId":"66522","cellNo":"64","cellInfo":"{\"door\":\"closed\",\"warm\":\"stopped\",\"light\":\"closed\",\"disinfect\":\"stopping\"}","createTime":1586482615662,"updateTime":1586482615662,"cellNoAlias":"64","cellOrder":64,"cellStatus":1,"version":1586482615662},{"cellId":14929,"deviceId":"6652201156","appId":"66522","cellNo":"65","cellInfo":"{\"door\":\"closed\",\"warm\":\"stopped\",\"light\":\"closed\",\"disinfect\":\"stopping\"}","createTime":1586482615662,"updateTime":1586482615662,"cellNoAlias":"65","cellOrder":65,"cellStatus":1,"version":1586482615662},{"cellId":14930,"deviceId":"6652201156","appId":"66522","cellNo":"66","cellInfo":"{\"door\":\"closed\",\"warm\":\"stopped\",\"light\":\"closed\",\"disinfect\":\"stopping\"}","createTime":1586482615662,"updateTime":1586482615662,"cellNoAlias":"66","cellOrder":66,"cellStatus":1,"version":1586482615662},{"cellId":14931,"deviceId":"6652201156","appId":"66522","cellNo":"67","cellInfo":"{\"door\":\"closed\",\"warm\":\"stopped\",\"light\":\"clo"
2020-04-30 15:19:13.159 [main] DEBUG org.apache.http.wire - http-outgoing-0 << "[\r][\n]"
2020-04-30 15:19:13.159 [main] DEBUG org.apache.http.wire - http-outgoing-0 << "6e4[\r][\n]"
2020-04-30 15:19:13.159 [main] DEBUG org.apache.http.wire - http-outgoing-0 << "sed\",\"disinfect\":\"stopping\"}","createTime":1586482615662,"updateTime":1586482615662,"cellNoAlias":"67","cellOrder":67,"cellStatus":1,"version":1586482615662},{"cellId":14932,"deviceId":"6652201156","appId":"66522","cellNo":"68","cellInfo":"{\"door\":\"closed\",\"warm\":\"stopped\",\"light\":\"closed\",\"disinfect\":\"stopping\"}","createTime":1586482615662,"updateTime":1586482615662,"cellNoAlias":"68","cellOrder":68,"cellStatus":1,"version":1586482615662},{"cellId":14933,"deviceId":"6652201156","appId":"66522","cellNo":"69","cellInfo":"{\"door\":\"closed\",\"warm\":\"stopped\",\"light\":\"closed\",\"disinfect\":\"stopping\"}","createTime":1586482615662,"updateTime":1586482615662,"cellNoAlias":"69","cellOrder":69,"cellStatus":1,"version":1586482615662},{"cellId":14934,"deviceId":"6652201156","appId":"66522","cellNo":"70","cellInfo":"{\"door\":\"closed\",\"warm\":\"stopped\",\"light\":\"closed\",\"disinfect\":\"stopping\"}","createTime":1586482615662,"updateTime":1586482615662,"cellNoAlias":"70","cellOrder":70,"cellStatus":1,"version":1586482615662},{"cellId":14935,"deviceId":"6652201156","appId":"66522","cellNo":"71","cellInfo":"{\"door\":\"closed\",\"warm\":\"stopped\",\"light\":\"closed\",\"disinfect\":\"stopping\"}","createTime":1586482615662,"updateTime":1586482615662,"cellNoAlias":"71","cellOrder":71,"cellStatus":1,"version":1586482615662},{"cellId":14936,"deviceId":"6652201156","appId":"66522","cellNo":"72","cellInfo":"{\"door\":\"closed\",\"warm\":\"stopped\",\"light\":\"closed\",\"disinfect\":\"stopping\"}","createTime":1586482615662,"updateTime":1586482615662,"cellNoAlias":"72","cellOrder":72,"cellStatus":1,"version":1586482615662}],"deviceType":"ANDROID"},"code":1,"msg":"success","success":true,"timestamp":1588231152815}[\r][\n]"
2020-04-30 15:19:13.159 [main] DEBUG org.apache.http.wire - http-outgoing-0 << "0[\r][\n]"
2020-04-30 15:19:13.159 [main] DEBUG org.apache.http.wire - http-outgoing-0 << "[\r][\n]"
2020-04-30 15:19:13.159 [main] DEBUG o.a.h.impl.conn.PoolingHttpClientConnectionManager - Connection [id: 0][route: {}->http://openapi.58auv.com:80] can be kept alive indefinitely
2020-04-30 15:19:13.160 [main] DEBUG o.a.h.impl.conn.PoolingHttpClientConnectionManager - Connection released: [id: 0][route: {}->http://openapi.58auv.com:80][total kept alive: 1; route allocated: 1 of 2; total allocated: 1 of 20]
2020-04-30 15:19:13.160 [main] DEBUG org.apache.http.impl.execchain.MainClientExec - Cancelling request execution
2020-04-30 15:19:13.162 [main] INFO  com.jk.framework.common.utils.CloseableHttpUtil - time:871ms,API:http://openapi.58auv.com/gateway.do,parMap:{"method":"device.status.query","appId":"66522","digest":"b4154ad449213ed3c6a0d448f2255b2d","bizData":"{\"deviceId\":\"6652201156\"}","version":"1.0","timestamp":"2020-04-30 15:19:11"},headerMap:null
2020-04-30 15:19:13.279 [Finalizer] DEBUG o.a.h.impl.conn.PoolingHttpClientConnectionManager - Connection manager is shutting down
2020-04-30 15:19:13.280 [Finalizer] DEBUG o.a.h.impl.conn.DefaultManagedHttpClientConnection - http-outgoing-0: Close connection
2020-04-30 15:19:13.280 [Finalizer] DEBUG o.a.h.impl.conn.DefaultManagedHttpClientConnection - http-outgoing-0: Close connection
2020-04-30 15:19:13.280 [Finalizer] DEBUG o.a.h.impl.conn.PoolingHttpClientConnectionManager - Connection manager shut down
2020-04-30 15:19:13.440 [Thread-3] DEBUG druid.sql.Connection - {conn-110001} closed
2020-04-30 15:19:13.440 [Thread-3] DEBUG druid.sql.Connection - {conn-110001} closed
2020-04-30 15:19:13.441 [Thread-3] DEBUG druid.sql.Connection - {conn-110002} closed
2020-04-30 15:19:13.441 [Thread-3] DEBUG druid.sql.Connection - {conn-110002} closed
2020-04-30 15:19:13.443 [Thread-3] DEBUG druid.sql.Connection - {conn-10001} closed
2020-04-30 15:19:13.443 [Thread-3] DEBUG druid.sql.Connection - {conn-10001} closed
2020-04-30 15:19:13.443 [Thread-3] DEBUG druid.sql.Connection - {conn-10002} closed
2020-04-30 15:19:13.443 [Thread-3] DEBUG druid.sql.Connection - {conn-10002} closed
