2020-05-09 14:05:24.330 [main] DEBUG org.apache.ibatis.logging.LogFactory - Logging initialized using 'class org.apache.ibatis.logging.slf4j.Slf4jImpl' adapter.
2020-05-09 14:05:26.265 [main] DEBUG druid.sql.Connection - {conn-10001} connected
2020-05-09 14:05:26.265 [main] DEBUG druid.sql.Connection - {conn-10001} connected
2020-05-09 14:05:26.377 [main] DEBUG druid.sql.Connection - {conn-10002} connected
2020-05-09 14:05:26.377 [main] DEBUG druid.sql.Connection - {conn-10002} connected
2020-05-09 14:05:26.576 [main] DEBUG org.mybatis.spring.SqlSessionFactoryBean - Parsed configuration file: 'class path resource [mybatis-config.xml]'
2020-05-09 14:05:26.656 [main] DEBUG org.mybatis.spring.SqlSessionFactoryBean - Parsed mapper file: 'file [/Users/fangwending/github/x/tuanche/device-service/target/classes/com/taisf/services/device/dao/map/deviceLinkDao.xml]'
2020-05-09 14:05:26.666 [main] DEBUG org.mybatis.spring.SqlSessionFactoryBean - Parsed mapper file: 'file [/Users/fangwending/github/x/tuanche/device-service/target/classes/com/taisf/services/device/dao/map/deviceConfigDao.xml]'
2020-05-09 14:05:26.758 [main] DEBUG druid.sql.Connection - {conn-110001} connected
2020-05-09 14:05:26.759 [main] DEBUG druid.sql.Connection - {conn-110001} connected
2020-05-09 14:05:26.919 [main] DEBUG druid.sql.Connection - {conn-110002} connected
2020-05-09 14:05:26.919 [main] DEBUG druid.sql.Connection - {conn-110002} connected
2020-05-09 14:05:26.960 [main] DEBUG org.mybatis.spring.SqlSessionFactoryBean - Parsed configuration file: 'class path resource [mybatis-config.xml]'
2020-05-09 14:05:26.975 [main] DEBUG org.mybatis.spring.SqlSessionFactoryBean - Parsed mapper file: 'file [/Users/fangwending/github/x/tuanche/device-service/target/classes/com/taisf/services/device/dao/map/deviceLinkDao.xml]'
2020-05-09 14:05:26.983 [main] DEBUG org.mybatis.spring.SqlSessionFactoryBean - Parsed mapper file: 'file [/Users/fangwending/github/x/tuanche/device-service/target/classes/com/taisf/services/device/dao/map/deviceConfigDao.xml]'
2020-05-09 14:05:27.186 [main] DEBUG org.mybatis.spring.SqlSessionUtils - Creating a new SqlSession
2020-05-09 14:05:27.201 [main] DEBUG org.mybatis.spring.SqlSessionUtils - SqlSession [org.apache.ibatis.session.defaults.DefaultSqlSession@3a4e343] was not registered for synchronization because synchronization is not active
2020-05-09 14:05:27.220 [main] DEBUG druid.sql.Connection - {conn-110002} pool-connect
2020-05-09 14:05:27.220 [main] DEBUG druid.sql.Connection - {conn-110002} pool-connect
2020-05-09 14:05:27.220 [main] DEBUG o.m.spring.transaction.SpringManagedTransaction - JDBC Connection [com.alibaba.druid.proxy.jdbc.ConnectionProxyImpl@664a9613] will not be managed by Spring
2020-05-09 14:05:27.227 [main] DEBUG device.deviceConfigDao.getDeviceConfigByCode - ==>  Preparing: select id, config_sn, server_url, app_id, app_secret from t_device_config where config_sn = ? 
2020-05-09 14:05:27.251 [main] DEBUG druid.sql.Statement - {conn-110002, pstmt-120000} created. 
select

     
     id, config_sn, server_url, app_id, app_secret
   

    from t_device_config

    where config_sn = ?
2020-05-09 14:05:27.251 [main] DEBUG druid.sql.Statement - {conn-110002, pstmt-120000} created. 
select

     
     id, config_sn, server_url, app_id, app_secret
   

    from t_device_config

    where config_sn = ?
2020-05-09 14:05:27.267 [main] DEBUG device.deviceConfigDao.getDeviceConfigByCode - ==> Parameters: bbb(String)
2020-05-09 14:05:27.268 [main] DEBUG druid.sql.Statement - {conn-110002, pstmt-120000} Parameters : [bbb]
2020-05-09 14:05:27.268 [main] DEBUG druid.sql.Statement - {conn-110002, pstmt-120000} Types : [VARCHAR]
2020-05-09 14:05:27.269 [main] DEBUG druid.sql.Statement - {conn-110002, pstmt-120000} Parameters : [bbb]
2020-05-09 14:05:27.269 [main] DEBUG druid.sql.Statement - {conn-110002, pstmt-120000} Types : [VARCHAR]
2020-05-09 14:05:27.286 [main] DEBUG druid.sql.Statement - {conn-110002, pstmt-120000} executed. 17.708059 millis. 
select

     
     id, config_sn, server_url, app_id, app_secret
   

    from t_device_config

    where config_sn = ?
2020-05-09 14:05:27.286 [main] DEBUG druid.sql.Statement - {conn-110002, pstmt-120000} executed. 17.708059 millis. 
select

     
     id, config_sn, server_url, app_id, app_secret
   

    from t_device_config

    where config_sn = ?
2020-05-09 14:05:27.291 [main] DEBUG druid.sql.ResultSet - {conn-110002, pstmt-120000, rs-150000} open
2020-05-09 14:05:27.294 [main] DEBUG druid.sql.ResultSet - {conn-110002, pstmt-120000, rs-150000} Header: [id, config_sn, server_url, app_id, app_secret]
2020-05-09 14:05:27.294 [main] DEBUG druid.sql.ResultSet - {conn-110002, pstmt-120000, rs-150000} open
2020-05-09 14:05:27.294 [main] DEBUG druid.sql.ResultSet - {conn-110002, pstmt-120000, rs-150000} Header: [id, config_sn, server_url, app_id, app_secret]
2020-05-09 14:05:27.310 [main] DEBUG druid.sql.ResultSet - {conn-110002, pstmt-120000, rs-150000} Result: [4, bbb, http://openapi.58auv.com/gateway.do, 66522, 9ba3e59a83ebc7247036a579c5401250]
2020-05-09 14:05:27.311 [main] DEBUG druid.sql.ResultSet - {conn-110002, pstmt-120000, rs-150000} Result: [4, bbb, http://openapi.58auv.com/gateway.do, 66522, 9ba3e59a83ebc7247036a579c5401250]
2020-05-09 14:05:27.313 [main] DEBUG device.deviceConfigDao.getDeviceConfigByCode - <==      Total: 1
2020-05-09 14:05:27.313 [main] DEBUG druid.sql.ResultSet - {conn-110002, pstmt-120000, rs-150000} closed
2020-05-09 14:05:27.314 [main] DEBUG druid.sql.ResultSet - {conn-110002, pstmt-120000, rs-150000} closed
2020-05-09 14:05:27.314 [main] DEBUG druid.sql.Statement - {conn-110002, pstmt-120000} closed
2020-05-09 14:05:27.314 [main] DEBUG druid.sql.Statement - {conn-110002, pstmt-120000} closed
2020-05-09 14:05:27.315 [main] DEBUG org.mybatis.spring.SqlSessionUtils - Closing non transactional SqlSession [org.apache.ibatis.session.defaults.DefaultSqlSession@3a4e343]
2020-05-09 14:05:27.315 [main] DEBUG druid.sql.Connection - {conn-110002} pool-recycle
2020-05-09 14:05:27.315 [main] DEBUG druid.sql.Connection - {conn-110002} pool-recycle
2020-05-09 14:05:27.939 [main] DEBUG org.apache.http.client.protocol.RequestAddCookies - CookieSpec selected: default
2020-05-09 14:05:27.949 [main] DEBUG org.apache.http.client.protocol.RequestAuthCache - Auth cache not set in the context
2020-05-09 14:05:27.950 [main] DEBUG o.a.h.impl.conn.PoolingHttpClientConnectionManager - Connection request: [route: {}->http://openapi.58auv.com:80][total kept alive: 0; route allocated: 0 of 2; total allocated: 0 of 20]
2020-05-09 14:05:27.968 [main] DEBUG o.a.h.impl.conn.PoolingHttpClientConnectionManager - Connection leased: [id: 0][route: {}->http://openapi.58auv.com:80][total kept alive: 0; route allocated: 1 of 2; total allocated: 1 of 20]
2020-05-09 14:05:27.970 [main] DEBUG org.apache.http.impl.execchain.MainClientExec - Opening connection {}->http://openapi.58auv.com:80
2020-05-09 14:05:28.155 [main] DEBUG o.a.h.i.conn.DefaultHttpClientConnectionOperator - Connecting to openapi.58auv.com/120.24.87.222:80
2020-05-09 14:05:28.200 [main] DEBUG o.a.h.i.conn.DefaultHttpClientConnectionOperator - Connection established 192.168.199.103:53988<->120.24.87.222:80
2020-05-09 14:05:28.201 [main] DEBUG org.apache.http.impl.execchain.MainClientExec - Executing request POST /gateway.do HTTP/1.1
2020-05-09 14:05:28.201 [main] DEBUG org.apache.http.impl.execchain.MainClientExec - Target auth state: UNCHALLENGED
2020-05-09 14:05:28.201 [main] DEBUG org.apache.http.impl.execchain.MainClientExec - Proxy auth state: UNCHALLENGED
2020-05-09 14:05:28.202 [main] DEBUG org.apache.http.headers - http-outgoing-0 >> POST /gateway.do HTTP/1.1
2020-05-09 14:05:28.203 [main] DEBUG org.apache.http.headers - http-outgoing-0 >> Content-Length: 172
2020-05-09 14:05:28.203 [main] DEBUG org.apache.http.headers - http-outgoing-0 >> Content-Type: application/x-www-form-urlencoded; charset=UTF-8
2020-05-09 14:05:28.203 [main] DEBUG org.apache.http.headers - http-outgoing-0 >> Host: openapi.58auv.com
2020-05-09 14:05:28.203 [main] DEBUG org.apache.http.headers - http-outgoing-0 >> Connection: Keep-Alive
2020-05-09 14:05:28.203 [main] DEBUG org.apache.http.headers - http-outgoing-0 >> User-Agent: Apache-HttpClient/4.4.1 (Java/1.8.0_131)
2020-05-09 14:05:28.203 [main] DEBUG org.apache.http.headers - http-outgoing-0 >> Accept-Encoding: gzip,deflate
2020-05-09 14:05:28.203 [main] DEBUG org.apache.http.wire - http-outgoing-0 >> "POST /gateway.do HTTP/1.1[\r][\n]"
2020-05-09 14:05:28.203 [main] DEBUG org.apache.http.wire - http-outgoing-0 >> "Content-Length: 172[\r][\n]"
2020-05-09 14:05:28.203 [main] DEBUG org.apache.http.wire - http-outgoing-0 >> "Content-Type: application/x-www-form-urlencoded; charset=UTF-8[\r][\n]"
2020-05-09 14:05:28.203 [main] DEBUG org.apache.http.wire - http-outgoing-0 >> "Host: openapi.58auv.com[\r][\n]"
2020-05-09 14:05:28.203 [main] DEBUG org.apache.http.wire - http-outgoing-0 >> "Connection: Keep-Alive[\r][\n]"
2020-05-09 14:05:28.204 [main] DEBUG org.apache.http.wire - http-outgoing-0 >> "User-Agent: Apache-HttpClient/4.4.1 (Java/1.8.0_131)[\r][\n]"
2020-05-09 14:05:28.204 [main] DEBUG org.apache.http.wire - http-outgoing-0 >> "Accept-Encoding: gzip,deflate[\r][\n]"
2020-05-09 14:05:28.204 [main] DEBUG org.apache.http.wire - http-outgoing-0 >> "[\r][\n]"
2020-05-09 14:05:28.204 [main] DEBUG org.apache.http.wire - http-outgoing-0 >> "method=device.status.query&appId=66522&digest=bca5ec25c99f13438ae4582fb123540d&bizData=%7B%22deviceId%22%3A%226652201156%22%7D&version=1.0&timestamp=2020-05-09+14%3A05%3A27"
2020-05-09 14:05:28.331 [main] DEBUG org.apache.http.wire - http-outgoing-0 << "HTTP/1.1 200 [\r][\n]"
2020-05-09 14:05:28.331 [main] DEBUG org.apache.http.wire - http-outgoing-0 << "Server: nginx/1.4.6 (Ubuntu)[\r][\n]"
2020-05-09 14:05:28.331 [main] DEBUG org.apache.http.wire - http-outgoing-0 << "Date: Sat, 09 May 2020 06:05:33 GMT[\r][\n]"
2020-05-09 14:05:28.331 [main] DEBUG org.apache.http.wire - http-outgoing-0 << "Content-Type: application/json;charset=UTF-8[\r][\n]"
2020-05-09 14:05:28.331 [main] DEBUG org.apache.http.wire - http-outgoing-0 << "Transfer-Encoding: chunked[\r][\n]"
2020-05-09 14:05:28.331 [main] DEBUG org.apache.http.wire - http-outgoing-0 << "Connection: keep-alive[\r][\n]"
2020-05-09 14:05:28.331 [main] DEBUG org.apache.http.wire - http-outgoing-0 << "[\r][\n]"
2020-05-09 14:05:28.332 [main] DEBUG org.apache.http.wire - http-outgoing-0 << "1f89[\r][\n]"
2020-05-09 14:05:28.332 [main] DEBUG org.apache.http.wire - http-outgoing-0 << "{"resultObject":{"deviceId":"6652201156","title":null,"appId":"66522","deviceName":"6652201156","deviceStatus":"ONLINE","cellNumCount":72,"createTime":1586482616000,"productKey":"a1vzk7IR7Ez","statusUpdateTime":1589001857924,"aliDeviceSecret":"WAL0sNZ5tnv3H0lfQ4gF5n0hjIRqtl5R","cells":[{"cellId":14865,"deviceId":"6652201156","appId":"66522","cellNo":"1","cellInfo":"{\"door\":\"closed\",\"warm\":\"starting\",\"light\":\"opening\",\"disinfect\":\"stopping\"}","createTime":1586482615662,"updateTime":1586482615662,"cellNoAlias":"1","cellOrder":1,"cellStatus":1,"version":1586482615662},{"cellId":14866,"deviceId":"6652201156","appId":"66522","cellNo":"2","cellInfo":"{\"door\":\"closed\",\"warm\":\"starting\",\"light\":\"opening\",\"disinfect\":\"stopping\"}","createTime":1586482615662,"updateTime":1586482615662,"cellNoAlias":"2","cellOrder":2,"cellStatus":1,"version":1586482615662},{"cellId":14867,"deviceId":"6652201156","appId":"66522","cellNo":"3","cellInfo":"{\"door\":\"closed\",\"warm\":\"starting\",\"light\":\"opening\",\"disinfect\":\"stopping\"}","createTime":1586482615662,"updateTime":1586482615662,"cellNoAlias":"3","cellOrder":3,"cellStatus":1,"version":1586482615662},{"cellId":14868,"deviceId":"6652201156","appId":"66522","cellNo":"4",""
2020-05-09 14:05:28.335 [main] DEBUG org.apache.http.headers - http-outgoing-0 << HTTP/1.1 200 
2020-05-09 14:05:28.335 [main] DEBUG org.apache.http.headers - http-outgoing-0 << Server: nginx/1.4.6 (Ubuntu)
2020-05-09 14:05:28.335 [main] DEBUG org.apache.http.headers - http-outgoing-0 << Date: Sat, 09 May 2020 06:05:33 GMT
2020-05-09 14:05:28.335 [main] DEBUG org.apache.http.headers - http-outgoing-0 << Content-Type: application/json;charset=UTF-8
2020-05-09 14:05:28.335 [main] DEBUG org.apache.http.headers - http-outgoing-0 << Transfer-Encoding: chunked
2020-05-09 14:05:28.335 [main] DEBUG org.apache.http.headers - http-outgoing-0 << Connection: keep-alive
2020-05-09 14:05:28.345 [main] DEBUG org.apache.http.impl.execchain.MainClientExec - Connection can be kept alive indefinitely
2020-05-09 14:05:28.349 [main] DEBUG org.apache.http.wire - http-outgoing-0 << "cellInfo":"{\"door\":\"closed\",\"warm\":\"starting\",\"light\":\"opening\",\"disinfect\":\"stopping\"}","createTime":1586482615662,"updateTime":1586482615662,"cellNoAlias":"4","cellOrder":4,"cellStatus":1,"version":1586482615662},{"cellId":14869,"deviceId":"6652201156","appId":"66522","cellNo":"5","cellInfo":"{\"door\":\"closed\",\"warm\":\"starting\",\"light\":\"opening\",\"disinfect\":\"stopping\"}","createTime":1586482615662,"updateTime":1586482615662,"cellNoAlias":"5","cellOrder":5,"cellStatus":1,"version":1586482615662},{"cellId":14870,"deviceId":"6652201156","appId":"66522","cellNo":"6","cellInfo":"{\"door\":\"closed\",\"warm\":\"stopped\",\"light\":\"closed\",\"disinfect\":\"stopping\"}","createTime":1586482615662,"updateTime":1586482615662,"cellNoAlias":"6","cellOrder":6,"cellStatus":1,"version":1586482615662},{"cellId":14871,"deviceId":"6652201156","appId":"66522","cellNo":"7","cellInfo":"{\"door\":\"closed\",\"warm\":\"stopped\",\"light\":\"closed\",\"disinfect\":\"stopping\"}","createTime":1586482615662,"updateTime":1586482615662,"cellNoAlias":"7","cellOrder":7,"cellStatus":1,"version":1586482615662},{"cellId":14872,"deviceId":"6652201156","appId":"66522","cellNo":"8","cellInfo":"{\"door\":\"closed\",\"warm\":\"stopped\",\"light\":\"closed\",\"disinfect\":\"stopping\"}","createTime":1586482615662,"updateTime":1586482615662,"cellNoAlias":"8","cellOrder":8,"cellStatus":1,"version":1586482615662},{"cellId":14873,"deviceId":"6652201156","appId":"66522","cellNo":"9","cellInfo":"{\"door\":\"closed\",\"warm\":\"stopped\",\"light\":\"closed\",\"disinfect\":\"stopping\"}","createTime":1586482615662,"updateTime":1586482615662,"cellNoAlias":"9","cellOrder":9,"cellStatus":1,"version":1586482615662},{"cellId":14874,"deviceId":"6652201156","appId":"66522","cellNo":"10","cellInfo":"{\"door\":\"closed\",\"warm\":\"stopped\",\"light\":\"closed\",\"disinfect\":\"stopping\"}","createTime":1586482615662,"updateTime":1586482615662,"cellNoAlias":"10","cellOrder":10,"cellStatus":1,"version":1586482615662},{"cellId":14875,"deviceId":"6652201156","appId":"66522","cellNo":"11","cellInfo":"{\"door\":\"closed\",\"warm\":\"started\",\"light\":\"opened\",\"disinfect\":\"stopping\"}","createTime":1586482615662,"updateTime":1586482615662,"cellNoAlias":"11","cellOrder":11,"cellStatus":1,"version":1586482615662},{"cellId":14876,"deviceId":"6652201156","appId":"66522","cellNo":"12","cellInfo":"{\"door\":\"closed\",\"warm\":\"started\",\"light\":\"opened\",\"disinfect\":\"stopping\"}","createTime":1586482615662,"updateTime":1586482615662,"cellNoAlias":"12","cellOrder":12,"cellStatus":1,"version":1586482615662},{"cellId":14877,"deviceId":"6652201156","appId":"66522","cellNo":"13","cellInfo":"{\"door\":\"closed\",\"warm\":\"started\",\"light\":\"opened\",\"disinfect\":\"stopping\"}","createTime":1586482615662,"updateTime":1586482615662,"cellNoAlias":"13","cellOrder":13,"cellStatus":1,"version":1586482615662},{"cellId":14878,"deviceId":"6652201156","appId":"66522","cellNo":"14","cellInfo":"{\"door\":\"closed\",\"warm\":\"started\",\"light\":\"opened\",\"disinfect\":\"stopping\"}","createTime":1586482615662,"updateTime":1586482615662,"cellNoAlias":"14","cellOrder":14,"cellStatus":1,"version":1586482615662},{"cellId":14879,"deviceId":"6652201156","appId":"66522","cellNo":"15","cellInfo":"{\"door\":\"closed\",\"warm\":\"stopped\",\"light\":\"closed\",\"disinfect\":\"stopping\"}","createTime":1586482615662,"updateTime":1586482615662,"cellNoAlias":"15","cellOrder":15,"cellStatus":1,"version":1586482615662},{"cellId":14880,"deviceId":"6652201156","appId":"66522","cellNo":"16","cellInfo":"{\"door\":\"closed\",\"warm\":\"stopped\",\"light\":\"closed\",\"disinfect\":\"stopping\"}","createTime":1586482615662,"updateTime":1586482615662,"cellNoAlias":"16","cellOrder":16,"cellStatus":1,"version":1586482615662},{"cellId":14881,"deviceId":"6652201156","appId":"66522","cellNo":"17","cellInfo":"{\"door\":\"closed\",\"warm\":\"stopped\",\"light\":\"closed\",\"disinfect\":\"stopping\"}","createTime":1586482615662,"updateTime":1586482615662,"cellNoAlias":"17","cellOrder":17,"cellStatus":1,"version":1586482615662},{"cellId":14882,"deviceId":"6652201156","appId":"66522","cellNo":"18","cellInfo":"{\"door\":\"closed\",\"warm\":\"stopped\",\"light\":\"closed\",\"disinfect\":\"stopping\"}","createTime":1586482615662,"updateTime":1586482615662,"cellNoAlias":"18","cellOrder":18,"cellStatus":1,"version":1586482615662},{"cellId":14883,"deviceId":"6652201156","appId":"66522","cellNo":"19","cellInfo":"{\"door\":\"closed\",\"warm\":\"stopped\",\"light\":\"closed\",\"disinfect\":\"stopping\"}","createTime":1586482615662,"updateTime":1586482615662,"cellNoAlias":"19","cellOrder":19,"cellStatus":1,"version":1586482615662},{"cellId":14884,"deviceId":"6652201156","appId":"66522","cellNo":"20","cellInfo":"{\"door\":\"closed\",\"warm\":\"stopped\",\"light\":\"closed\",\"disinfect\":\"stopping\"}","createTime":1586482615662,"updateTime":1586482615662,"cellNoAlias":"20","cellOrder":20,"cellStatus":1,"version":1586482615662},{"cellId":14885,"deviceId":"6652201156","appId":"66522","cellNo":"21","cellInfo":"{\"door\":\"closed\",\"warm\":\"stopped\",\"light\":\"closed\",\"disinfect\":\"stopping\"}","createTime":1586482615662,"updateTime":1586482615662,"cellNoAlias":"21","cellOrder":21,"cellStatus":1,"version":1586482615662},{"cellId":14886,"deviceId":"6652201156","appId":"66522","cellNo":"22","cellInfo":"{\"door\":\"closed\",\"warm\":\"stopped\",\"light\":\"closed\",\"disinfect\":\"stopping\"}","createTime":1586482615662,"updateTime":1586482615662,"cellNoAlias":"22","cellOrder":22,"cellStatus":1,"version":1586482615662},{"cellId":14887,"deviceId":"6652201156","appId":"66522","cellNo":"23","cellInfo":"{\"door\":\"closed\",\"warm\":\"stopped\",\"light\":\"closed\",\"disinfect\":\"stopping\"}","createTime":1586482615662,"updateTime":1586482615662,"cellNoAlias":"23","cellOrder":23,"cellStatus":1,"version":1586482615662},{"cellId":14888,"deviceId":"6652201156","appId":"66522","cellNo":"24","cellInfo":"{\"door\":\"closed\",\"warm\":\"stopped\",\"light\":\"closed\",\"disinfect\":\"stopping\"}","createTime":1586482615662,"updateTime":1586482615662,"cellNoAlias":"24","cellOrder":24,"cellStatus":1,"version":1586482615662},{"cellId":14889,"deviceId":"6652201156","appId":"66522","cellNo":"25","cellInfo":"{\"door\":\"closed\",\"warm\":\"stopped\",\"light\":\"closed\",\"disinfect\":\"stopping\"}","createTime":1586482615662,"updateTime":1586482615662,"cellNoAlias":"25","cellOrder":25,"cellStatus":1,"version":1586482615662},{"cellId":14890,"deviceId":"6652201156","appId":"66522","cellNo":"26","cellInfo":"{\"door\":\"closed\",\"warm\":\"stopped\",\"light\":\"closed\",\"disinfect\":\"stopping\"}","createTime":1586482615662,"updateTime":1586482615662,"cellNoAlias":"26","cellO"
2020-05-09 14:05:28.350 [main] DEBUG org.apache.http.wire - http-outgoing-0 << "[\r][\n]"
2020-05-09 14:05:28.350 [main] DEBUG org.apache.http.wire - http-outgoing-0 << "2000[\r][\n]"
2020-05-09 14:05:28.350 [main] DEBUG org.apache.http.wire - http-outgoing-0 << "rder":26,"cellStatus":1,"version":1586482615662},{"cellId":14891,"deviceId":"6652201156","appId":"66522","cellNo":"27","cellInfo":"{\"door\":\"closed\",\"warm\":\"stopped\",\"light\":\"closed\",\"disinfect\":\"stopping\"}","createTime":1586482615662,"updateTime":1586482615662,"cellNoAlias":"27","cellOrder":27,"cellStatus":1,"version":1586482615662},{"cellId":14892,"deviceId":"6652201156","appId":"66522","cellNo":"28","cellInfo":"{\"door\":\"closed\",\"warm\":\"stopped\",\"light\":\"closed\",\"disinfect\":\"stopping\"}","createTime":1586482615662,"updateTime":1586482615662,"cellNoAlias":"28","cellOrder":28,"cellStatus":1,"version":1586482615662},{"cellId":14893,"deviceId":"6652201156","appId":"66522","cellNo":"29","cellInfo":"{\"door\":\"closed\",\"warm\":\"stopped\",\"light\":\"closed\",\"disinfect\":\"stopping\"}","createTime":1586482615662,"updateTime":1586482615662,"cellNoAlias":"29","cellOrder":29,"cellStatus":1,"version":1586482615662},{"cellId":14894,"deviceId":"6652201156","appId":"66522","cellNo":"30","cellInfo":"{\"door\":\"closed\",\"warm\":\"stopped\",\"light\":\"closed\",\"disinfect\":\"stopping\"}","createTime":1586482615662,"updateTime":1586482615662,"cellNoAlias":"30","cellOrder":30,"cellStatus":1,"version":1586482615662},{"cellId":14895,"deviceId":"6652201156","appId":"66522","cellNo":"31","cellInfo":"{\"door\":\"closed\",\"warm\":\"stopped\",\"light\":\"closed\",\"disinfect\":\"stopping\"}","createTime":1586482615662,"updateTime":1586482615662,"cellNoAlias":"31","cellOrder":31,"cellStatus":1,"version":1586482615662},{"cellId":14896,"deviceId":"6652201156","appId":"66522","cellNo":"32","cellInfo":"{\"door\":\"closed\",\"warm\":\"stopped\",\"light\":\"closed\",\"disinfect\":\"stopping\"}","createTime":1586482615662,"updateTime":1586482615662,"cellNoAlias":"32","cellOrder":32,"cellStatus":1,"version":1586482615662},{"cellId":14897,"deviceId":"6652201156","appId":"66522","cellNo":"33","cellInfo":"{\"door\":\"closed\",\"warm\":\"stopped\",\"light\":\"closed\",\"disinfect\":\"stopping\"}","createTime":1586482615662,"updateTime":1586482615662,"cellNoAlias":"33","cellOrder":33,"cellStatus":1,"version":1586482615662},{"cellId":14898,"deviceId":"6652201156","appId":"66522","cellNo":"34","cellInfo":"{\"door\":\"closed\",\"warm\":\"stopped\",\"light\":\"closed\",\"disinfect\":\"stopping\"}","createTime":1586482615662,"updateTime":1586482615662,"cellNoAlias":"34","cellOrder":34,"cellStatus":1,"version":1586482615662},{"cellId":14899,"deviceId":"6652201156","appId":"66522","cellNo":"35","cellInfo":"{\"door\":\"closed\",\"warm\":\"stopped\",\"light\":\"closed\",\"disinfect\":\"stopping\"}","createTime":1586482615662,"updateTime":1586482615662,"cellNoAlias":"35","cellOrder":35,"cellStatus":1,"version":1586482615662},{"cellId":14900,"deviceId":"6652201156","appId":"66522","cellNo":"36","cellInfo":"{\"door\":\"closed\",\"warm\":\"stopped\",\"light\":\"closed\",\"disinfect\":\"stopping\"}","createTime":1586482615662,"updateTime":1586482615662,"cellNoAlias":"36","cellOrder":36,"cellStatus":1,"version":1586482615662},{"cellId":14901,"deviceId":"6652201156","appId":"66522","cellNo":"37","cellInfo":"{\"door\":\"closed\",\"warm\":\"stopped\",\"light\":\"closed\",\"disinfect\":\"stopping\"}","createTime":1586482615662,"updateTime":1586482615662,"cellNoAlias":"37","cellOrder":37,"cellStatus":1,"version":1586482615662},{"cellId":14902,"deviceId":"6652201156","appId":"66522","cellNo":"38","cellInfo":"{\"door\":\"closed\",\"warm\":\"stopped\",\"light\":\"closed\",\"disinfect\":\"stopping\"}","createTime":1586482615662,"updateTime":1586482615662,"cellNoAlias":"38","cellOrder":38,"cellStatus":1,"version":1586482615662},{"cellId":14903,"deviceId":"6652201156","appId":"66522","cellNo":"39","cellInfo":"{\"door\":\"closed\",\"warm\":\"stopped\",\"light\":\"closed\",\"disinfect\":\"stopping\"}","createTime":1586482615662,"updateTime":1586482615662,"cellNoAlias":"39","cellOrder":39,"cellStatus":1,"version":1586482615662},{"cellId":14904,"deviceId":"6652201156","appId":"66522","cellNo":"40","cellInfo":"{\"door\":\"closed\",\"warm\":\"stopped\",\"light\":\"opening\",\"disinfect\":\"stopping\"}","createTime":1586482615662,"updateTime":1586482615662,"cellNoAlias":"40","cellOrder":40,"cellStatus":1,"version":1586482615662},{"cellId":14905,"deviceId":"6652201156","appId":"66522","cellNo":"41","cellInfo":"{\"door\":\"closed\",\"warm\":\"stopped\",\"light\":\"closed\",\"disinfect\":\"stopping\"}","createTime":1586482615662,"updateTime":1586482615662,"cellNoAlias":"41","cellOrder":41,"cellStatus":1,"version":1586482615662},{"cellId":14906,"deviceId":"6652201156","appId":"66522","cellNo":"42","cellInfo":"{\"door\":\"closed\",\"warm\":\"stopped\",\"light\":\"closed\",\"disinfect\":\"stopping\"}","createTime":1586482615662,"updateTime":1586482615662,"cellNoAlias":"42","cellOrder":42,"cellStatus":1,"version":1586482615662},{"cellId":14907,"deviceId":"6652201156","appId":"66522","cellNo":"43","cellInfo":"{\"door\":\"closed\",\"warm\":\"stopped\",\"light\":\"closing\",\"disinfect\":\"stopping\"}","createTime":1586482615662,"updateTime":1586482615662,"cellNoAlias":"43","cellOrder":43,"cellStatus":1,"version":1586482615662},{"cellId":14908,"deviceId":"6652201156","appId":"66522","cellNo":"44","cellInfo":"{\"door\":\"opened\",\"warm\":\"started\",\"light\":\"opened\",\"disinfect\":\"stopping\"}","createTime":1586482615662,"updateTime":1586482615662,"cellNoAlias":"44","cellOrder":44,"cellStatus":1,"version":1586482615662},{"cellId":14909,"deviceId":"6652201156","appId":"66522","cellNo":"45","cellInfo":"{\"door\":\"opened\",\"warm\":\"stopped\",\"light\":\"closed\",\"disinfect\":\"stopping\"}","createTime":1586482615662,"updateTime":1586482615662,"cellNoAlias":"45","cellOrder":45,"cellStatus":1,"version":158648261566"
2020-05-09 14:05:28.379 [main] DEBUG org.apache.http.wire - http-outgoing-0 << "2},{"cellId":14910,"deviceId":"6652201156","appId":"66522","cellNo":"46","cellInfo":"{\"door\":\"closed\",\"warm\":\"stopped\",\"light\":\"closed\",\"disinfect\":\"stopping\"}","createTime":1586482615662,"updateTime":1586482615662,"cellNoAlias":"46","cellOrder":46,"cellStatus":1,"version":1586482615662},{"cellId":14911,"deviceId":"6652201156","appId":"66522","cellNo":"47","cellInfo":"{\"door\":\"closed\",\"warm\":\"stopped\",\"light\":\"closed\",\"disinfect\":\"stopping\"}","createTime":1586482615662,"updateTime":1586482615662,"cellNoAlias":"47","cellOrder":47,"cellStatus":1,"version":1586482615662},{"cellId":14912,"deviceId":"6652201156","appId":"66522","cellNo":"48","cellInfo":"{\"door\":\"closed\",\"warm\":\"stopped\",\"light\":\"closed\",\"disinfect\":\"stopping\"}","createTime":1586482615662,"updateTime":1586482615662,"cellNoAlias":"48","cellOrder":48,"cellStatus":1,"version":1586482615662},{"cellId":14913,"deviceId":"6652201156","appId":"66522","cellNo":"49","cellInfo":"{\"door\":\"closed\",\"warm\":\"stopped\",\"light\":\"closed\",\"disinfect\":\"stopping\"}","createTime":1586482615662,"updateTime":1586482615662,"cellNoAlias":"49","cellOrder":49,"cellStatus":1,"version":1586482615662},{"cellId":14914,"deviceId":"6652201156","appId":"66522","cellNo":"50","cellInfo":"{\"door\":\"closed\",\"warm\":\"stopping\",\"light\":\"closing\",\"disinfect\":\"stopping\"}","createTime":1586482615662,"updateTime":1586482615662,"cellNoAlias":"50","cellOrder":50,"cellStatus":1,"version":1586482615662},{"cellId":14915,"deviceId":"6652201156","appId":"66522","cellNo":"51","cellInfo":"{\"door\":\"closed\",\"warm\":\"stopping\",\"light\":\"closing\",\"disinfect\":\"stopping\"}","createTime":1586482615662,"updateTime":1586482615662,"cellNoAlias":"51","cellOrder":51,"cellStatus":1,"version":1586482615662},{"cellId":14916,"deviceId":"6652201156","appId":"66522","cellNo":"52","cellInfo":"{\"door\":\"closed\",\"warm\":\"starting\",\"light\":\"opening\",\"disinfect\":\"starting\"}","createTime":1586482615662,"updateTime":1586482615662,"cellNoAlias":"52","cellOrder":52,"cellStatus":1,"version":1586482615662},{"cellId":14917,"deviceId":"6652201156","appId":"66522","cellNo":"53","cellInfo":"{\"door\":\"closed\",\"warm\":\"stopped\",\"light\":\"closed\",\"disinfect\":\"stopping\"}","createTime":1586482615662,"updateTime":1586482615662,"cellNoAlias":"53","cellOrder":53,"cellStatus":1,"versi"
2020-05-09 14:05:28.379 [main] DEBUG org.apache.http.wire - http-outgoing-0 << "[\r][\n]"
2020-05-09 14:05:28.380 [main] DEBUG org.apache.http.wire - http-outgoing-0 << "1000[\r][\n]"
2020-05-09 14:05:28.380 [main] DEBUG org.apache.http.wire - http-outgoing-0 << "on":1586482615662},{"cellId":14918,"deviceId":"6652201156","appId":"66522","cellNo":"54","cellInfo":"{\"door\":\"closed\",\"warm\":\"started\",\"light\":\"opened\",\"disinfect\":\"stopping\"}","createTime":1586482615662,"updateTime":1586482615662,"cellNoAlias":"54","cellOrder":54,"cellStatus":1,"version":1586482615662},{"cellId":14919,"deviceId":"6652201156","appId":"66522","cellNo":"55","cellInfo":"{\"door\":\"closed\",\"warm\":\"started\",\"light\":\"opened\",\"disinfect\":\"stopping\"}","createTime":1586482615662,"updateTime":1586482615662,"cellNoAlias":"55","cellOrder":55,"cellStatus":1,"version":1586482615662},{"cellId":14920,"deviceId":"6652201156","appId":"66522","cellNo":"56","cellInfo":"{\"door\":\"closed\",\"warm\":\"started\",\"light\":\"opened\",\"disinfect\":\"stopping\"}","createTime":1586482615662,"updateTime":1586482615662,"cellNoAlias":"56","cellOrder":56,"cellStatus":1,"version":1586482615662},{"cellId":14921,"deviceId":"6652201156","appId":"66522","cellNo":"57","cellInfo":"{\"door\":\"closed\",\"warm\":\"started\",\"light\":\"opened\",\"disinfect\":\"stopping\"}","createTime":1586482615662,"updateTime":1586482615662,"cellNoAlias":"57","cellOrder":57,"cellStatus":1,"version":1586482615662},{"cellId":14922,"deviceId":"6652201156","appId":"66522","cellNo":"58","cellInfo":"{\"door\":\"closed\",\"warm\":\"stopped\",\"light\":\"closed\",\"disinfect\":\"stopping\"}","createTime":1586482615662,"updateTime":1586482615662,"cellNoAlias":"58","cellOrder":58,"cellStatus":1,"version":1586482615662},{"cellId":14923,"deviceId":"6652201156","appId":"66522","cellNo":"59","cellInfo":"{\"door\":\"closed\",\"warm\":\"stopped\",\"light\":\"closed\",\"disinfect\":\"stopping\"}","createTime":1586482615662,"updateTime":1586482615662,"cellNoAlias":"59","cellOrder":59,"cellStatus":1,"version":1586482615662},{"cellId":14924,"deviceId":"6652201156","appId":"66522","cellNo":"60","cellInfo":"{\"door\":\"closed\",\"warm\":\"stopped\",\"light\":\"closed\",\"disinfect\":\"stopping\"}","createTime":1586482615662,"updateTime":1586482615662,"cellNoAlias":"60","cellOrder":60,"cellStatus":1,"version":1586482615662},{"cellId":14925,"deviceId":"6652201156","appId":"66522","cellNo":"61","cellInfo":"{\"door\":\"closed\",\"warm\":\"stopped\",\"light\":\"closed\",\"disinfect\":\"stopping\"}","createTime":1586482615662,"updateTime":1586482615662,"cellNoAlias":"61","cellOrder":61,"cellStatus":1,"version":1586482615662},{"cellId":14926,"deviceId":"6652201156","appId":"66522","cellNo":"62","cellInfo":"{\"door\":\"closed\",\"warm\":\"stopped\",\"light\":\"closed\",\"disinfect\":\"stopping\"}","createTime":1586482615662,"updateTime":1586482615662,"cellNoAlias":"62","cellOrder":62,"cellStatus":1,"version":1586482615662},{"cellId":14927,"deviceId":"6652201156","appId":"66522","cellNo":"63","cellInfo":"{\"door\":\"closed\",\"warm\":\"stopped\",\"light\":\"closed\",\"disinfect\":\"stopping\"}","createTime":1586482615662,"updateTime":1586482615662,"cellNoAlias":"63","cellOrder":63,"cellStatus":1,"version":1586482615662},{"cellId":14928,"deviceId":"6652201156","appId":"66522","cellNo":"64","cellInfo":"{\"door\":\"closed\",\"warm\":\"stopped\",\"light\":\"closed\",\"disinfect\":\"stopping\"}","createTime":1586482615662,"updateTime":1586482615662,"cellNoAlias":"64","cellOrder":64,"cellStatus":1,"version":1586482615662},{"cellId":14929,"deviceId":"6652201156","appId":"66522","cellNo":"65","cellInfo":"{\"door\":\"closed\",\"warm\":\"stopped\",\"light\":\"closed\",\"disinfect\":\"stopping\"}","createTime":1586482615662,"updateTime":1586482615662,"cellNoAlias":"65","cellOrder":65,"cellStatus":1,"version":1586482615662},{"cellId":14930,"deviceId":"6652201156","appId":"66522","cellNo":"66","cellInfo":"{\"door\":\"closed\",\"warm\":\"stopped\",\"light\":\"closed\",\"disinfect\":\"stopping\"}","createTime":1586482615662,"updateTime":1586482615662,"cellNoAlias":"66","cellOrder":66,"cellStatus":1,"version":1586482615662},{"cellId":14931,"deviceId":"6652201156","appId":"66522","cellNo":"67","cellInfo":"{\"door\":\"closed\",\"warm\":\"stopped\",\"light\":\"closed\",\"disi[\r][\n]"
2020-05-09 14:05:28.380 [main] DEBUG org.apache.http.wire - http-outgoing-0 << "6d8[\r][\n]"
2020-05-09 14:05:28.380 [main] DEBUG org.apache.http.wire - http-outgoing-0 << "nfect\":\"stopping\"}","createTime":1586482615662,"updateTime":1586482615662,"cellNoAlias":"67","cellOrder":67,"cellStatus":1,"version":1586482615662},{"cellId":14932,"deviceId":"6652201156","appId":"66522","cellNo":"68","cellInfo":"{\"door\":\"closed\",\"warm\":\"stopped\",\"light\":\"closed\",\"disinfect\":\"stopping\"}","createTime":1586482615662,"updateTime":1586482615662,"cellNoAlias":"68","cellOrder":68,"cellStatus":1,"version":1586482615662},{"cellId":14933,"deviceId":"6652201156","appId":"66522","cellNo":"69","cellInfo":"{\"door\":\"closed\",\"warm\":\"stopped\",\"light\":\"closed\",\"disinfect\":\"stopping\"}","createTime":1586482615662,"updateTime":1586482615662,"cellNoAlias":"69","cellOrder":69,"cellStatus":1,"version":1586482615662},{"cellId":14934,"deviceId":"6652201156","appId":"66522","cellNo":"70","cellInfo":"{\"door\":\"closed\",\"warm\":\"stopped\",\"light\":\"closed\",\"disinfect\":\"stopping\"}","createTime":1586482615662,"updateTime":1586482615662,"cellNoAlias":"70","cellOrder":70,"cellStatus":1,"version":1586482615662},{"cellId":14935,"deviceId":"6652201156","appId":"66522","cellNo":"71","cellInfo":"{\"door\":\"closed\",\"warm\":\"stopped\",\"light\":\"closed\",\"disinfect\":\"stopping\"}","createTime":1586482615662,"updateTime":1586482615662,"cellNoAlias":"71","cellOrder":71,"cellStatus":1,"version":1586482615662},{"cellId":14936,"deviceId":"6652201156","appId":"66522","cellNo":"72","cellInfo":"{\"door\":\"closed\",\"warm\":\"stopped\",\"light\":\"closed\",\"disinfect\":\"stopping\"}","createTime":1586482615662,"updateTime":1586482615662,"cellNoAlias":"72","cellOrder":72,"cellStatus":1,"version":1586482615662}],"deviceType":"ANDROID"},"code":1,"msg":"success","success":true,"timestamp":1589004333092}[\r][\n]"
2020-05-09 14:05:28.380 [main] DEBUG org.apache.http.wire - http-outgoing-0 << "0[\r][\n]"
2020-05-09 14:05:28.380 [main] DEBUG org.apache.http.wire - http-outgoing-0 << "[\r][\n]"
2020-05-09 14:05:28.381 [main] DEBUG o.a.h.impl.conn.PoolingHttpClientConnectionManager - Connection [id: 0][route: {}->http://openapi.58auv.com:80] can be kept alive indefinitely
2020-05-09 14:05:28.381 [main] DEBUG o.a.h.impl.conn.PoolingHttpClientConnectionManager - Connection released: [id: 0][route: {}->http://openapi.58auv.com:80][total kept alive: 1; route allocated: 1 of 2; total allocated: 1 of 20]
2020-05-09 14:05:28.381 [main] DEBUG org.apache.http.impl.execchain.MainClientExec - Cancelling request execution
2020-05-09 14:05:28.383 [main] INFO  com.jk.framework.common.utils.CloseableHttpUtil - time:806ms,API:http://openapi.58auv.com/gateway.do,parMap:{"method":"device.status.query","appId":"66522","digest":"bca5ec25c99f13438ae4582fb123540d","bizData":"{\"deviceId\":\"6652201156\"}","version":"1.0","timestamp":"2020-05-09 14:05:27"},headerMap:null
2020-05-09 14:05:28.469 [Finalizer] DEBUG o.a.h.impl.conn.PoolingHttpClientConnectionManager - Connection manager is shutting down
2020-05-09 14:05:28.469 [Finalizer] DEBUG o.a.h.impl.conn.DefaultManagedHttpClientConnection - http-outgoing-0: Close connection
2020-05-09 14:05:28.473 [Finalizer] DEBUG o.a.h.impl.conn.DefaultManagedHttpClientConnection - http-outgoing-0: Close connection
2020-05-09 14:05:28.473 [Finalizer] DEBUG o.a.h.impl.conn.PoolingHttpClientConnectionManager - Connection manager shut down
2020-05-09 14:05:28.580 [Thread-3] DEBUG druid.sql.Connection - {conn-110001} closed
2020-05-09 14:05:28.581 [Thread-3] DEBUG druid.sql.Connection - {conn-110001} closed
2020-05-09 14:05:28.581 [Thread-3] DEBUG druid.sql.Connection - {conn-110002} closed
2020-05-09 14:05:28.581 [Thread-3] DEBUG druid.sql.Connection - {conn-110002} closed
2020-05-09 14:05:28.582 [Thread-3] DEBUG druid.sql.Connection - {conn-10001} closed
2020-05-09 14:05:28.582 [Thread-3] DEBUG druid.sql.Connection - {conn-10001} closed
2020-05-09 14:05:28.583 [Thread-3] DEBUG druid.sql.Connection - {conn-10002} closed
2020-05-09 14:05:28.583 [Thread-3] DEBUG druid.sql.Connection - {conn-10002} closed
2020-05-09 14:36:51.885 [main] DEBUG org.apache.ibatis.logging.LogFactory - Logging initialized using 'class org.apache.ibatis.logging.slf4j.Slf4jImpl' adapter.
2020-05-09 14:36:53.613 [main] DEBUG druid.sql.Connection - {conn-10001} connected
2020-05-09 14:36:53.614 [main] DEBUG druid.sql.Connection - {conn-10001} connected
2020-05-09 14:36:53.725 [main] DEBUG druid.sql.Connection - {conn-10002} connected
2020-05-09 14:36:53.725 [main] DEBUG druid.sql.Connection - {conn-10002} connected
2020-05-09 14:36:53.929 [main] DEBUG org.mybatis.spring.SqlSessionFactoryBean - Parsed configuration file: 'class path resource [mybatis-config.xml]'
2020-05-09 14:36:54.019 [main] DEBUG org.mybatis.spring.SqlSessionFactoryBean - Parsed mapper file: 'file [/Users/fangwending/github/x/tuanche/device-service/target/classes/com/taisf/services/device/dao/map/deviceLinkDao.xml]'
2020-05-09 14:36:54.027 [main] DEBUG org.mybatis.spring.SqlSessionFactoryBean - Parsed mapper file: 'file [/Users/fangwending/github/x/tuanche/device-service/target/classes/com/taisf/services/device/dao/map/deviceConfigDao.xml]'
2020-05-09 14:36:54.130 [main] DEBUG druid.sql.Connection - {conn-110001} connected
2020-05-09 14:36:54.130 [main] DEBUG druid.sql.Connection - {conn-110001} connected
2020-05-09 14:36:54.270 [main] DEBUG druid.sql.Connection - {conn-110002} connected
2020-05-09 14:36:54.270 [main] DEBUG druid.sql.Connection - {conn-110002} connected
2020-05-09 14:36:54.312 [main] DEBUG org.mybatis.spring.SqlSessionFactoryBean - Parsed configuration file: 'class path resource [mybatis-config.xml]'
2020-05-09 14:36:54.326 [main] DEBUG org.mybatis.spring.SqlSessionFactoryBean - Parsed mapper file: 'file [/Users/fangwending/github/x/tuanche/device-service/target/classes/com/taisf/services/device/dao/map/deviceLinkDao.xml]'
2020-05-09 14:36:54.337 [main] DEBUG org.mybatis.spring.SqlSessionFactoryBean - Parsed mapper file: 'file [/Users/fangwending/github/x/tuanche/device-service/target/classes/com/taisf/services/device/dao/map/deviceConfigDao.xml]'
2020-05-09 14:36:54.504 [main] DEBUG org.mybatis.spring.SqlSessionUtils - Creating a new SqlSession
2020-05-09 14:36:54.516 [main] DEBUG org.mybatis.spring.SqlSessionUtils - SqlSession [org.apache.ibatis.session.defaults.DefaultSqlSession@3a4e343] was not registered for synchronization because synchronization is not active
2020-05-09 14:36:54.530 [main] DEBUG druid.sql.Connection - {conn-110002} pool-connect
2020-05-09 14:36:54.530 [main] DEBUG druid.sql.Connection - {conn-110002} pool-connect
2020-05-09 14:36:54.530 [main] DEBUG o.m.spring.transaction.SpringManagedTransaction - JDBC Connection [com.alibaba.druid.proxy.jdbc.ConnectionProxyImpl@664a9613] will not be managed by Spring
2020-05-09 14:36:54.535 [main] DEBUG device.deviceConfigDao.getDeviceConfigByCode - ==>  Preparing: select id, config_sn, server_url, app_id, app_secret from t_device_config where config_sn = ? 
2020-05-09 14:36:54.557 [main] DEBUG druid.sql.Statement - {conn-110002, pstmt-120000} created. 
select

     
     id, config_sn, server_url, app_id, app_secret
   

    from t_device_config

    where config_sn = ?
2020-05-09 14:36:54.558 [main] DEBUG druid.sql.Statement - {conn-110002, pstmt-120000} created. 
select

     
     id, config_sn, server_url, app_id, app_secret
   

    from t_device_config

    where config_sn = ?
2020-05-09 14:36:54.572 [main] DEBUG device.deviceConfigDao.getDeviceConfigByCode - ==> Parameters: bbb(String)
2020-05-09 14:36:54.573 [main] DEBUG druid.sql.Statement - {conn-110002, pstmt-120000} Parameters : [bbb]
2020-05-09 14:36:54.573 [main] DEBUG druid.sql.Statement - {conn-110002, pstmt-120000} Types : [VARCHAR]
2020-05-09 14:36:54.573 [main] DEBUG druid.sql.Statement - {conn-110002, pstmt-120000} Parameters : [bbb]
2020-05-09 14:36:54.573 [main] DEBUG druid.sql.Statement - {conn-110002, pstmt-120000} Types : [VARCHAR]
2020-05-09 14:36:54.587 [main] DEBUG druid.sql.Statement - {conn-110002, pstmt-120000} executed. 13.594338 millis. 
select

     
     id, config_sn, server_url, app_id, app_secret
   

    from t_device_config

    where config_sn = ?
2020-05-09 14:36:54.587 [main] DEBUG druid.sql.Statement - {conn-110002, pstmt-120000} executed. 13.594338 millis. 
select

     
     id, config_sn, server_url, app_id, app_secret
   

    from t_device_config

    where config_sn = ?
2020-05-09 14:36:54.590 [main] DEBUG druid.sql.ResultSet - {conn-110002, pstmt-120000, rs-150000} open
2020-05-09 14:36:54.592 [main] DEBUG druid.sql.ResultSet - {conn-110002, pstmt-120000, rs-150000} Header: [id, config_sn, server_url, app_id, app_secret]
2020-05-09 14:36:54.592 [main] DEBUG druid.sql.ResultSet - {conn-110002, pstmt-120000, rs-150000} open
2020-05-09 14:36:54.592 [main] DEBUG druid.sql.ResultSet - {conn-110002, pstmt-120000, rs-150000} Header: [id, config_sn, server_url, app_id, app_secret]
2020-05-09 14:36:54.605 [main] DEBUG druid.sql.ResultSet - {conn-110002, pstmt-120000, rs-150000} Result: [4, bbb, http://openapi.58auv.com/gateway.do, 66522, 9ba3e59a83ebc7247036a579c5401250]
2020-05-09 14:36:54.606 [main] DEBUG druid.sql.ResultSet - {conn-110002, pstmt-120000, rs-150000} Result: [4, bbb, http://openapi.58auv.com/gateway.do, 66522, 9ba3e59a83ebc7247036a579c5401250]
2020-05-09 14:36:54.608 [main] DEBUG device.deviceConfigDao.getDeviceConfigByCode - <==      Total: 1
2020-05-09 14:36:54.608 [main] DEBUG druid.sql.ResultSet - {conn-110002, pstmt-120000, rs-150000} closed
2020-05-09 14:36:54.608 [main] DEBUG druid.sql.ResultSet - {conn-110002, pstmt-120000, rs-150000} closed
2020-05-09 14:36:54.609 [main] DEBUG druid.sql.Statement - {conn-110002, pstmt-120000} closed
2020-05-09 14:36:54.609 [main] DEBUG druid.sql.Statement - {conn-110002, pstmt-120000} closed
2020-05-09 14:36:54.609 [main] DEBUG org.mybatis.spring.SqlSessionUtils - Closing non transactional SqlSession [org.apache.ibatis.session.defaults.DefaultSqlSession@3a4e343]
2020-05-09 14:36:54.610 [main] DEBUG druid.sql.Connection - {conn-110002} pool-recycle
2020-05-09 14:36:54.610 [main] DEBUG druid.sql.Connection - {conn-110002} pool-recycle
2020-05-09 14:36:55.250 [main] DEBUG org.apache.http.client.protocol.RequestAddCookies - CookieSpec selected: default
2020-05-09 14:36:55.261 [main] DEBUG org.apache.http.client.protocol.RequestAuthCache - Auth cache not set in the context
2020-05-09 14:36:55.263 [main] DEBUG o.a.h.impl.conn.PoolingHttpClientConnectionManager - Connection request: [route: {}->http://openapi.58auv.com:80][total kept alive: 0; route allocated: 0 of 2; total allocated: 0 of 20]
2020-05-09 14:36:55.282 [main] DEBUG o.a.h.impl.conn.PoolingHttpClientConnectionManager - Connection leased: [id: 0][route: {}->http://openapi.58auv.com:80][total kept alive: 0; route allocated: 1 of 2; total allocated: 1 of 20]
2020-05-09 14:36:55.284 [main] DEBUG org.apache.http.impl.execchain.MainClientExec - Opening connection {}->http://openapi.58auv.com:80
2020-05-09 14:36:55.344 [main] DEBUG o.a.h.i.conn.DefaultHttpClientConnectionOperator - Connecting to openapi.58auv.com/120.24.87.222:80
2020-05-09 14:36:55.387 [main] DEBUG o.a.h.i.conn.DefaultHttpClientConnectionOperator - Connection established 192.168.199.103:60026<->120.24.87.222:80
2020-05-09 14:36:55.387 [main] DEBUG org.apache.http.impl.execchain.MainClientExec - Executing request POST /gateway.do HTTP/1.1
2020-05-09 14:36:55.387 [main] DEBUG org.apache.http.impl.execchain.MainClientExec - Target auth state: UNCHALLENGED
2020-05-09 14:36:55.388 [main] DEBUG org.apache.http.impl.execchain.MainClientExec - Proxy auth state: UNCHALLENGED
2020-05-09 14:36:55.389 [main] DEBUG org.apache.http.headers - http-outgoing-0 >> POST /gateway.do HTTP/1.1
2020-05-09 14:36:55.389 [main] DEBUG org.apache.http.headers - http-outgoing-0 >> Content-Length: 172
2020-05-09 14:36:55.390 [main] DEBUG org.apache.http.headers - http-outgoing-0 >> Content-Type: application/x-www-form-urlencoded; charset=UTF-8
2020-05-09 14:36:55.390 [main] DEBUG org.apache.http.headers - http-outgoing-0 >> Host: openapi.58auv.com
2020-05-09 14:36:55.390 [main] DEBUG org.apache.http.headers - http-outgoing-0 >> Connection: Keep-Alive
2020-05-09 14:36:55.390 [main] DEBUG org.apache.http.headers - http-outgoing-0 >> User-Agent: Apache-HttpClient/4.4.1 (Java/1.8.0_131)
2020-05-09 14:36:55.390 [main] DEBUG org.apache.http.headers - http-outgoing-0 >> Accept-Encoding: gzip,deflate
2020-05-09 14:36:55.390 [main] DEBUG org.apache.http.wire - http-outgoing-0 >> "POST /gateway.do HTTP/1.1[\r][\n]"
2020-05-09 14:36:55.391 [main] DEBUG org.apache.http.wire - http-outgoing-0 >> "Content-Length: 172[\r][\n]"
2020-05-09 14:36:55.391 [main] DEBUG org.apache.http.wire - http-outgoing-0 >> "Content-Type: application/x-www-form-urlencoded; charset=UTF-8[\r][\n]"
2020-05-09 14:36:55.391 [main] DEBUG org.apache.http.wire - http-outgoing-0 >> "Host: openapi.58auv.com[\r][\n]"
2020-05-09 14:36:55.391 [main] DEBUG org.apache.http.wire - http-outgoing-0 >> "Connection: Keep-Alive[\r][\n]"
2020-05-09 14:36:55.391 [main] DEBUG org.apache.http.wire - http-outgoing-0 >> "User-Agent: Apache-HttpClient/4.4.1 (Java/1.8.0_131)[\r][\n]"
2020-05-09 14:36:55.391 [main] DEBUG org.apache.http.wire - http-outgoing-0 >> "Accept-Encoding: gzip,deflate[\r][\n]"
2020-05-09 14:36:55.391 [main] DEBUG org.apache.http.wire - http-outgoing-0 >> "[\r][\n]"
2020-05-09 14:36:55.391 [main] DEBUG org.apache.http.wire - http-outgoing-0 >> "method=device.status.query&appId=66522&digest=dca4fae23dde0052d047a5f6878a15ae&bizData=%7B%22deviceId%22%3A%226652201156%22%7D&version=1.0&timestamp=2020-05-09+14%3A36%3A54"
2020-05-09 14:36:55.521 [main] DEBUG org.apache.http.wire - http-outgoing-0 << "HTTP/1.1 200 [\r][\n]"
2020-05-09 14:36:55.521 [main] DEBUG org.apache.http.wire - http-outgoing-0 << "Server: nginx/1.4.6 (Ubuntu)[\r][\n]"
2020-05-09 14:36:55.521 [main] DEBUG org.apache.http.wire - http-outgoing-0 << "Date: Sat, 09 May 2020 06:37:00 GMT[\r][\n]"
2020-05-09 14:36:55.521 [main] DEBUG org.apache.http.wire - http-outgoing-0 << "Content-Type: application/json;charset=UTF-8[\r][\n]"
2020-05-09 14:36:55.521 [main] DEBUG org.apache.http.wire - http-outgoing-0 << "Transfer-Encoding: chunked[\r][\n]"
2020-05-09 14:36:55.521 [main] DEBUG org.apache.http.wire - http-outgoing-0 << "Connection: keep-alive[\r][\n]"
2020-05-09 14:36:55.521 [main] DEBUG org.apache.http.wire - http-outgoing-0 << "[\r][\n]"
2020-05-09 14:36:55.521 [main] DEBUG org.apache.http.wire - http-outgoing-0 << "1f89[\r][\n]"
2020-05-09 14:36:55.521 [main] DEBUG org.apache.http.wire - http-outgoing-0 << "{"resultObject":{"deviceId":"6652201156","title":null,"appId":"66522","deviceName":"6652201156","deviceStatus":"ONLINE","cellNumCount":72,"createTime":1586482616000,"productKey":"a1vzk7IR7Ez","statusUpdateTime":1589005899116,"aliDeviceSecret":"WAL0sNZ5tnv3H0lfQ4gF5n0hjIRqtl5R","cells":[{"cellId":14865,"deviceId":"6652201156","appId":"66522","cellNo":"1","cellInfo":"{\"door\":\"closed\",\"warm\":\"starting\",\"light\":\"opening\",\"disinfect\":\"stopping\"}","createTime":1586482615662,"updateTime":1586482615662,"cellNoAlias":"1","cellOrder":1,"cellStatus":1,"version":1586482615662},{"cellId":14866,"deviceId":"6652201156","appId":"66522","cellNo":"2","cellInfo":"{\"door\":\"closed\",\"warm\":\"starting\",\"light\":\"opening\",\"disinfect\":\"stopping\"}","createTime":1586482615662,"updateTime":1586482615662,"cellNoAlias":"2","cellOrder":2,"cellStatus":1,"version":1586482615662},{"cellId":14867,"deviceId":"6652201156","appId":"66522","cellNo":"3","cellInfo":"{\"door\":\"closed\",\"warm\":\"starting\",\"light\":\"opening\",\"disinfect\":\"stopping\"}","createTime":1586482615662,"updateTime":1586482615662,"cellNoAlias":"3","cellOrder":3,"cellStatus":1,"version":1586482615662},{"cellId":14868,"deviceId":"6652201156","appId":"66522","cellNo":"4",""
2020-05-09 14:36:55.525 [main] DEBUG org.apache.http.headers - http-outgoing-0 << HTTP/1.1 200 
2020-05-09 14:36:55.525 [main] DEBUG org.apache.http.headers - http-outgoing-0 << Server: nginx/1.4.6 (Ubuntu)
2020-05-09 14:36:55.525 [main] DEBUG org.apache.http.headers - http-outgoing-0 << Date: Sat, 09 May 2020 06:37:00 GMT
2020-05-09 14:36:55.525 [main] DEBUG org.apache.http.headers - http-outgoing-0 << Content-Type: application/json;charset=UTF-8
2020-05-09 14:36:55.525 [main] DEBUG org.apache.http.headers - http-outgoing-0 << Transfer-Encoding: chunked
2020-05-09 14:36:55.525 [main] DEBUG org.apache.http.headers - http-outgoing-0 << Connection: keep-alive
2020-05-09 14:36:55.532 [main] DEBUG org.apache.http.impl.execchain.MainClientExec - Connection can be kept alive indefinitely
2020-05-09 14:36:55.537 [main] DEBUG org.apache.http.wire - http-outgoing-0 << "cellInfo":"{\"door\":\"closed\",\"warm\":\"starting\",\"light\":\"opening\",\"disinfect\":\"stopping\"}","createTime":1586482615662,"updateTime":1586482615662,"cellNoAlias":"4","cellOrder":4,"cellStatus":1,"version":1586482615662},{"cellId":14869,"deviceId":"6652201156","appId":"66522","cellNo":"5","cellInfo":"{\"door\":\"closed\",\"warm\":\"starting\",\"light\":\"opening\",\"disinfect\":\"stopping\"}","createTime":1586482615662,"updateTime":1586482615662,"cellNoAlias":"5","cellOrder":5,"cellStatus":1,"version":1586482615662},{"cellId":14870,"deviceId":"6652201156","appId":"66522","cellNo":"6","cellInfo":"{\"door\":\"closed\",\"warm\":\"stopped\",\"light\":\"closed\",\"disinfect\":\"stopping\"}","createTime":1586482615662,"updateTime":1586482615662,"cellNoAlias":"6","cellOrder":6,"cellStatus":1,"version":1586482615662},{"cellId":14871,"deviceId":"6652201156","appId":"66522","cellNo":"7","cellInfo":"{\"door\":\"closed\",\"warm\":\"stopped\",\"light\":\"closed\",\"disinfect\":\"stopping\"}","createTime":1586482615662,"updateTime":1586482615662,"cellNoAlias":"7","cellOrder":7,"cellStatus":1,"version":1586482615662},{"cellId":14872,"deviceId":"6652201156","appId":"66522","cellNo":"8","cellInfo":"{\"door\":\"closed\",\"warm\":\"stopped\",\"light\":\"closed\",\"disinfect\":\"stopping\"}","createTime":1586482615662,"updateTime":1586482615662,"cellNoAlias":"8","cellOrder":8,"cellStatus":1,"version":1586482615662},{"cellId":14873,"deviceId":"6652201156","appId":"66522","cellNo":"9","cellInfo":"{\"door\":\"closed\",\"warm\":\"stopped\",\"light\":\"closed\",\"disinfect\":\"stopping\"}","createTime":1586482615662,"updateTime":1586482615662,"cellNoAlias":"9","cellOrder":9,"cellStatus":1,"version":1586482615662},{"cellId":14874,"deviceId":"6652201156","appId":"66522","cellNo":"10","cellInfo":"{\"door\":\"closed\",\"warm\":\"stopped\",\"light\":\"closed\",\"disinfect\":\"stopping\"}","createTime":1586482615662,"updateTime":1586482615662,"cellNoAlias":"10","cellOrder":10,"cellStatus":1,"version":1586482615662},{"cellId":14875,"deviceId":"6652201156","appId":"66522","cellNo":"11","cellInfo":"{\"door\":\"closed\",\"warm\":\"started\",\"light\":\"opened\",\"disinfect\":\"stopping\"}","createTime":1586482615662,"updateTime":1586482615662,"cellNoAlias":"11","cellOrder":11,"cellStatus":1,"version":1586482615662},{"cellId":14876,"deviceId":"6652201156","appId":"66522","cellNo":"12","cellInfo":"{\"door\":\"closed\",\"warm\":\"started\",\"light\":\"opened\",\"disinfect\":\"stopping\"}","createTime":1586482615662,"updateTime":1586482615662,"cellNoAlias":"12","cellOrder":12,"cellStatus":1,"version":1586482615662},{"cellId":14877,"deviceId":"6652201156","appId":"66522","cellNo":"13","cellInfo":"{\"door\":\"closed\",\"warm\":\"started\",\"light\":\"opened\",\"disinfect\":\"stopping\"}","createTime":1586482615662,"updateTime":1586482615662,"cellNoAlias":"13","cellOrder":13,"cellStatus":1,"version":1586482615662},{"cellId":14878,"deviceId":"6652201156","appId":"66522","cellNo":"14","cellInfo":"{\"door\":\"closed\",\"warm\":\"started\",\"light\":\"opened\",\"disinfect\":\"stopping\"}","createTime":1586482615662,"updateTime":1586482615662,"cellNoAlias":"14","cellOrder":14,"cellStatus":1,"version":1586482615662},{"cellId":14879,"deviceId":"6652201156","appId":"66522","cellNo":"15","cellInfo":"{\"door\":\"closed\",\"warm\":\"stopped\",\"light\":\"closed\",\"disinfect\":\"stopping\"}","createTime":1586482615662,"updateTime":1586482615662,"cellNoAlias":"15","cellOrder":15,"cellStatus":1,"version":1586482615662},{"cellId":14880,"deviceId":"6652201156","appId":"66522","cellNo":"16","cellInfo":"{\"door\":\"closed\",\"warm\":\"stopped\",\"light\":\"closed\",\"disinfect\":\"stopping\"}","createTime":1586482615662,"updateTime":1586482615662,"cellNoAlias":"16","cellOrder":16,"cellStatus":1,"version":1586482615662},{"cellId":14881,"deviceId":"6652201156","appId":"66522","cellNo":"17","cellInfo":"{\"door\":\"closed\",\"warm\":\"stopped\",\"light\":\"closed\",\"disinfect\":\"stopping\"}","createTime":1586482615662,"updateTime":1586482615662,"cellNoAlias":"17","cellOrder":17,"cellStatus":1,"version":1586482615662},{"cellId":14882,"deviceId":"6652201156","appId":"66522","cellNo":"18","cellInfo":"{\"door\":\"closed\",\"warm\":\"stopped\",\"light\":\"closed\",\"disinfect\":\"stopping\"}","createTime":1586482615662,"updateTime":1586482615662,"cellNoAlias":"18","cellOrder":18,"cellStatus":1,"version":1586482615662},{"cellId":14883,"deviceId":"6652201156","appId":"66522","cellNo":"19","cellInfo":"{\"door\":\"closed\",\"warm\":\"stopped\",\"light\":\"closed\",\"disinfect\":\"stopping\"}","createTime":1586482615662,"updateTime":1586482615662,"cellNoAlias":"19","cellOrder":19,"cellStatus":1,"version":1586482615662},{"cellId":14884,"deviceId":"6652201156","appId":"66522","cellNo":"20","cellInfo":"{\"door\":\"closed\",\"warm\":\"stopped\",\"light\":\"closed\",\"disinfect\":\"stopping\"}","createTime":1586482615662,"updateTime":1586482615662,"cellNoAlias":"20","cellOrder":20,"cellStatus":1,"version":1586482615662},{"cellId":14885,"deviceId":"6652201156","appId":"66522","cellNo":"21","cellInfo":"{\"door\":\"closed\",\"warm\":\"stopped\",\"light\":\"closed\",\"disinfect\":\"stopping\"}","createTime":1586482615662,"updateTime":1586482615662,"cellNoAlias":"21","cellOrder":21,"cellStatus":1,"version":1586482615662},{"cellId":14886,"deviceId":"6652201156","appId":"66522","cellNo":"22","cellInfo":"{\"door\":\"closed\",\"warm\":\"stopped\",\"light\":\"closed\",\"disinfect\":\"stopping\"}","createTime":1586482615662,"updateTime":1586482615662,"cellNoAlias":"22","cellOrder":22,"cellStatus":1,"version":1586482615662},{"cellId":14887,"deviceId":"6652201156","appId":"66522","cellNo":"23","cellInfo":"{\"door\":\"closed\",\"warm\":\"stopped\",\"light\":\"closed\",\"disinfect\":\"stopping\"}","createTime":1586482615662,"updateTime":1586482615662,"cellNoAlias":"23","cellOrder":23,"cellStatus":1,"version":1586482615662},{"cellId":14888,"deviceId":"6652201156","appId":"66522","cellNo":"24","cellInfo":"{\"door\":\"closed\",\"warm\":\"stopped\",\"light\":\"closed\",\"disinfect\":\"stopping\"}","createTime":1586482615662,"updateTime":1586482615662,"cellNoAlias":"24","cellOrder":24,"cellStatus":1,"version":1586482615662},{"cellId":14889,"deviceId":"6652201156","appId":"66522","cellNo":"25","cellInfo":"{\"door\":\"closed\",\"warm\":\"stopped\",\"light\":\"closed\",\"disinfect\":\"stopping\"}","createTime":1586482615662,"updateTime":1586482615662,"cellNoAlias":"25","cellOrder":25,"cellStatus":1,"version":1586482615662},{"cellId":14890,"deviceId":"6652201156","appId":"66522","cellNo":"26","cellInfo":"{\"door\":\"closed\",\"warm\":\"stopped\",\"light\":\"closed\",\"disinfect\":\"stopping\"}","createTime":1586482615662,"updateTime":1586482615662,"cellNoAlias":"26","cellO"
2020-05-09 14:36:55.538 [main] DEBUG org.apache.http.wire - http-outgoing-0 << "[\r][\n]"
2020-05-09 14:36:55.538 [main] DEBUG org.apache.http.wire - http-outgoing-0 << "2000[\r][\n]"
2020-05-09 14:36:55.538 [main] DEBUG org.apache.http.wire - http-outgoing-0 << "rder":26,"cellStatus":1,"version":1586482615662},{"cellId":14891,"deviceId":"6652201156","appId":"66522","cellNo":"27","cellInfo":"{\"door\":\"closed\",\"warm\":\"stopped\",\"light\":\"closed\",\"disinfect\":\"stopping\"}","createTime":1586482615662,"updateTime":1586482615662,"cellNoAlias":"27","cellOrder":27,"cellStatus":1,"version":1586482615662},{"cellId":14892,"deviceId":"6652201156","appId":"66522","cellNo":"28","cellInfo":"{\"door\":\"closed\",\"warm\":\"stopped\",\"light\":\"closed\",\"disinfect\":\"stopping\"}","createTime":1586482615662,"updateTime":1586482615662,"cellNoAlias":"28","cellOrder":28,"cellStatus":1,"version":1586482615662},{"cellId":14893,"deviceId":"6652201156","appId":"66522","cellNo":"29","cellInfo":"{\"door\":\"closed\",\"warm\":\"stopped\",\"light\":\"closed\",\"disinfect\":\"stopping\"}","createTime":1586482615662,"updateTime":1586482615662,"cellNoAlias":"29","cellOrder":29,"cellStatus":1,"version":1586482615662},{"cellId":14894,"deviceId":"6652201156","appId":"66522","cellNo":"30","cellInfo":"{\"door\":\"closed\",\"warm\":\"stopped\",\"light\":\"closed\",\"disinfect\":\"stopping\"}","createTime":1586482615662,"updateTime":1586482615662,"cellNoAlias":"30","cellOrder":30,"cellStatus":1,"version":1586482615662},{"cellId":14895,"deviceId":"6652201156","appId":"66522","cellNo":"31","cellInfo":"{\"door\":\"closed\",\"warm\":\"stopped\",\"light\":\"closed\",\"disinfect\":\"stopping\"}","createTime":1586482615662,"updateTime":1586482615662,"cellNoAlias":"31","cellOrder":31,"cellStatus":1,"version":1586482615662},{"cellId":14896,"deviceId":"6652201156","appId":"66522","cellNo":"32","cellInfo":"{\"door\":\"closed\",\"warm\":\"stopped\",\"light\":\"closed\",\"disinfect\":\"stopping\"}","createTime":1586482615662,"updateTime":1586482615662,"cellNoAlias":"32","cellOrder":32,"cellStatus":1,"version":1586482615662},{"cellId":14897,"deviceId":"6652201156","appId":"66522","cellNo":"33","cellInfo":"{\"door\":\"closed\",\"warm\":\"stopped\",\"light\":\"closed\",\"disinfect\":\"stopping\"}","createTime":1586482615662,"updateTime":1586482615662,"cellNoAlias":"33","cellOrder":33,"cellStatus":1,"version":1586482615662},{"cellId":14898,"deviceId":"6652201156","appId":"66522","cellNo":"34","cellInfo":"{\"door\":\"closed\",\"warm\":\"stopped\",\"light\":\"closed\",\"disinfect\":\"stopping\"}","createTime":1586482615662,"updateTime":1586482615662,"cellNoAlias":"34","cellOrder":34,"cellStatus":1,"version":1586482615662},{"cellId":14899,"deviceId":"6652201156","appId":"66522","cellNo":"35","cellInfo":"{\"door\":\"closed\",\"warm\":\"stopped\",\"light\":\"closed\",\"disinfect\":\"stopping\"}","createTime":1586482615662,"updateTime":1586482615662,"cellNoAlias":"35","cellOrder":35,"cellStatus":1,"version":1586482615662},{"cellId":14900,"deviceId":"6652201156","appId":"66522","cellNo":"36","cellInfo":"{\"door\":\"closed\",\"warm\":\"stopped\",\"light\":\"closed\",\"disinfect\":\"stopping\"}","createTime":1586482615662,"updateTime":1586482615662,"cellNoAlias":"36","cellOrder":36,"cellStatus":1,"version":1586482615662},{"cellId":14901,"deviceId":"6652201156","appId":"66522","cellNo":"37","cellInfo":"{\"door\":\"closed\",\"warm\":\"stopped\",\"light\":\"closed\",\"disinfect\":\"stopping\"}","createTime":1586482615662,"updateTime":1586482615662,"cellNoAlias":"37","cellOrder":37,"cellStatus":1,"version":1586482615662},{"cellId":14902,"deviceId":"6652201156","appId":"66522","cellNo":"38","cellInfo":"{\"door\":\"closed\",\"warm\":\"stopped\",\"light\":\"closed\",\"disinfect\":\"stopping\"}","createTime":1586482615662,"updateTime":1586482615662,"cellNoAlias":"38","cellOrder":38,"cellStatus":1,"version":1586482615662},{"cellId":14903,"deviceId":"6652201156","appId":"66522","cellNo":"39","cellInfo":"{\"door\":\"closed\",\"warm\":\"stopped\",\"light\":\"closed\",\"disinfect\":\"stopping\"}","createTime":1586482615662,"updateTime":1586482615662,"cellNoAlias":"39","cellOrder":39,"cellStatus":1,"version":1586482615662},{"cellId":14904,"deviceId":"6652201156","appId":"66522","cellNo":"40","cellInfo":"{\"door\":\"closed\",\"warm\":\"stopped\",\"light\":\"opening\",\"disinfect\":\"stopping\"}","createTime":1586482615662,"updateTime":1586482615662,"cellNoAlias":"40","cellOrder":40,"cellStatus":1,"version":1586482615662},{"cellId":14905,"deviceId":"6652201156","appId":"66522","cellNo":"41","cellInfo":"{\"door\":\"closed\",\"warm\":\"stopped\",\"light\":\"closed\",\"disinfect\":\"stopping\"}","createTime":1586482615662,"updateTime":1586482615662,"cellNoAlias":"41","cellOrder":41,"cellStatus":1,"version":1586482615662},{"cellId":14906,"deviceId":"6652201156","appId":"66522","cellNo":"42","cellInfo":"{\"door\":\"closed\",\"warm\":\"stopped\",\"light\":\"closed\",\"disinfect\":\"stopping\"}","createTime":1586482615662,"updateTime":1586482615662,"cellNoAlias":"42","cellOrder":42,"cellStatus":1,"version":1586482615662},{"cellId":14907,"deviceId":"6652201156","appId":"66522","cellNo":"43","cellInfo":"{\"door\":\"closed\",\"warm\":\"stopped\",\"light\":\"closing\",\"disinfect\":\"stopping\"}","createTime":1586482615662,"updateTime":1586482615662,"cellNoAlias":"43","cellOrder":43,"cellStatus":1,"version":1586482615662},{"cellId":14908,"deviceId":"6652201156","appId":"66522","cellNo":"44","cellInfo":"{\"door\":\"opening\",\"warm\":\"stopped\",\"light\":\"closed\",\"disinfect\":\"stopping\"}","createTime":1586482615662,"updateTime":1586482615662,"cellNoAlias":"44","cellOrder":44,"cellStatus":1,"version":1586482615662},{"cellId":14909,"deviceId":"6652201156","appId":"66522","cellNo":"45","cellInfo":"{\"door\":\"closed\",\"warm\":\"stopped\",\"light\":\"closed\",\"disinfect\":\"stopping\"}","createTime":1586482615662,"updateTime":1586482615662,"cellNoAlias":"45","cellOrder":45,"cellStatus":1,"version":15864826156"
2020-05-09 14:36:55.577 [main] DEBUG org.apache.http.wire - http-outgoing-0 << "62},{"cellId":14910,"deviceId":"6652201156","appId":"66522","cellNo":"46","cellInfo":"{\"door\":\"closed\",\"warm\":\"stopped\",\"light\":\"closed\",\"disinfect\":\"stopping\"}","createTime":1586482615662,"updateTime":1586482615662,"cellNoAlias":"46","cellOrder":46,"cellStatus":1,"version":1586482615662},{"cellId":14911,"deviceId":"6652201156","appId":"66522","cellNo":"47","cellInfo":"{\"door\":\"closed\",\"warm\":\"stopped\",\"light\":\"closed\",\"disinfect\":\"stopping\"}","createTime":1586482615662,"updateTime":1586482615662,"cellNoAlias":"47","cellOrder":47,"cellStatus":1,"version":1586482615662},{"cellId":14912,"deviceId":"6652201156","appId":"66522","cellNo":"48","cellInfo":"{\"door\":\"closed\",\"warm\":\"stopped\",\"light\":\"closed\",\"disinfect\":\"stopping\"}","createTime":1586482615662,"updateTime":1586482615662,"cellNoAlias":"48","cellOrder":48,"cellStatus":1,"version":1586482615662},{"cellId":14913,"deviceId":"6652201156","appId":"66522","cellNo":"49","cellInfo":"{\"door\":\"closed\",\"warm\":\"stopped\",\"light\":\"closed\",\"disinfect\":\"stopping\"}","createTime":1586482615662,"updateTime":1586482615662,"cellNoAlias":"49","cellOrder":49,"cellStatus":1,"version":1586482615662},{"cellId":14914,"deviceId":"6652201156","appId":"66522","cellNo":"50","cellInfo":"{\"door\":\"closed\",\"warm\":\"stopping\",\"light\":\"closing\",\"disinfect\":\"stopping\"}","createTime":1586482615662,"updateTime":1586482615662,"cellNoAlias":"50","cellOrder":50,"cellStatus":1,"version":1586482615662},{"cellId":14915,"deviceId":"6652201156","appId":"66522","cellNo":"51","cellInfo":"{\"door\":\"closed\",\"warm\":\"stopping\",\"light\":\"closing\",\"disinfect\":\"stopping\"}","createTime":1586482615662,"updateTime":1586482615662,"cellNoAlias":"51","cellOrder":51,"cellStatus":1,"version":1586482615662},{"cellId":14916,"deviceId":"6652201156","appId":"66522","cellNo":"52","cellInfo":"{\"door\":\"closed\",\"warm\":\"starting\",\"light\":\"opening\",\"disinfect\":\"starting\"}","createTime":1586482615662,"updateTime":1586482615662,"cellNoAlias":"52","cellOrder":52,"cellStatus":1,"version":1586482615662},{"cellId":14917,"deviceId":"6652201156","appId":"66522","cellNo":"53","cellInfo":"{\"door\":\"closed\",\"warm\":\"stopped\",\"light\":\"closed\",\"disinfect\":\"stopping\"}","createTime":1586482615662,"updateTime":1586482615662,"cellNoAlias":"53","cellOrder":53,"cellStatus":1,"vers"
2020-05-09 14:36:55.578 [main] DEBUG org.apache.http.wire - http-outgoing-0 << "[\r][\n]"
2020-05-09 14:36:55.578 [main] DEBUG org.apache.http.wire - http-outgoing-0 << "1000[\r][\n]"
2020-05-09 14:36:55.578 [main] DEBUG org.apache.http.wire - http-outgoing-0 << "ion":1586482615662},{"cellId":14918,"deviceId":"6652201156","appId":"66522","cellNo":"54","cellInfo":"{\"door\":\"closed\",\"warm\":\"started\",\"light\":\"opened\",\"disinfect\":\"stopping\"}","createTime":1586482615662,"updateTime":1586482615662,"cellNoAlias":"54","cellOrder":54,"cellStatus":1,"version":1586482615662},{"cellId":14919,"deviceId":"6652201156","appId":"66522","cellNo":"55","cellInfo":"{\"door\":\"closed\",\"warm\":\"started\",\"light\":\"opened\",\"disinfect\":\"stopping\"}","createTime":1586482615662,"updateTime":1586482615662,"cellNoAlias":"55","cellOrder":55,"cellStatus":1,"version":1586482615662},{"cellId":14920,"deviceId":"6652201156","appId":"66522","cellNo":"56","cellInfo":"{\"door\":\"closed\",\"warm\":\"started\",\"light\":\"opened\",\"disinfect\":\"stopping\"}","createTime":1586482615662,"updateTime":1586482615662,"cellNoAlias":"56","cellOrder":56,"cellStatus":1,"version":1586482615662},{"cellId":14921,"deviceId":"6652201156","appId":"66522","cellNo":"57","cellInfo":"{\"door\":\"closed\",\"warm\":\"started\",\"light\":\"opened\",\"disinfect\":\"stopping\"}","createTime":1586482615662,"updateTime":1586482615662,"cellNoAlias":"57","cellOrder":57,"cellStatus":1,"version":1586482615662},{"cellId":14922,"deviceId":"6652201156","appId":"66522","cellNo":"58","cellInfo":"{\"door\":\"closed\",\"warm\":\"stopped\",\"light\":\"closed\",\"disinfect\":\"stopping\"}","createTime":1586482615662,"updateTime":1586482615662,"cellNoAlias":"58","cellOrder":58,"cellStatus":1,"version":1586482615662},{"cellId":14923,"deviceId":"6652201156","appId":"66522","cellNo":"59","cellInfo":"{\"door\":\"closed\",\"warm\":\"stopped\",\"light\":\"closed\",\"disinfect\":\"stopping\"}","createTime":1586482615662,"updateTime":1586482615662,"cellNoAlias":"59","cellOrder":59,"cellStatus":1,"version":1586482615662},{"cellId":14924,"deviceId":"6652201156","appId":"66522","cellNo":"60","cellInfo":"{\"door\":\"clos"
2020-05-09 14:36:55.578 [main] DEBUG org.apache.http.wire - http-outgoing-0 << "ed\",\"warm\":\"stopped\",\"light\":\"closed\",\"disinfect\":\"stopping\"}","createTime":1586482615662,"updateTime":1586482615662,"cellNoAlias":"60","cellOrder":60,"cellStatus":1,"version":1586482615662},{"cellId":14925,"deviceId":"6652201156","appId":"66522","cellNo":"61","cellInfo":"{\"door\":\"closed\",\"warm\":\"stopped\",\"light\":\"closed\",\"disinfect\":\"stopping\"}","createTime":1586482615662,"updateTime":1586482615662,"cellNoAlias":"61","cellOrder":61,"cellStatus":1,"version":1586482615662},{"cellId":14926,"deviceId":"6652201156","appId":"66522","cellNo":"62","cellInfo":"{\"door\":\"closed\",\"warm\":\"stopped\",\"light\":\"closed\",\"disinfect\":\"stopping\"}","createTime":1586482615662,"updateTime":1586482615662,"cellNoAlias":"62","cellOrder":62,"cellStatus":1,"version":1586482615662},{"cellId":14927,"deviceId":"6652201156","appId":"66522","cellNo":"63","cellInfo":"{\"door\":\"closed\",\"warm\":\"stopped\",\"light\":\"closed\",\"disinfect\":\"stopping\"}","createTime":1586482615662,"updateTime":1586482615662,"cellNoAlias":"63","cellOrder":63,"cellStatus":1,"version":1586482615662},{"cellId":14928,"deviceId":"6652201156","appId":"66522","cellNo":"64","cellInfo":"{\"door\":\"closed\",\"warm\":\"stopped\",\"light\":\"closed\",\"disinfect\":\"stopping\"}","createTime":1586482615662,"updateTime":1586482615662,"cellNoAlias":"64","cellOrder":64,"cellStatus":1,"version":1586482615662},{"cellId":14929,"deviceId":"6652201156","appId":"66522","cellNo":"65","cellInfo":"{\"door\":\"closed\",\"warm\":\"stopped\",\"light\":\"closed\",\"disinfect\":\"stopping\"}","createTime":1586482615662,"updateTime":1586482615662,"cellNoAlias":"65","cellOrder":65,"cellStatus":1,"version":1586482615662},{"cellId":14930,"deviceId":"6652201156","appId":"66522","cellNo":"66","cellInfo":"{\"door\":\"closed\",\"warm\":\"stopped\",\"light\":\"closed\",\"disinfect\":\"stopping\"}","createTime":1586482615662,"updateTime":1586482615662,"cellNoAlias":"66","cellOrder":66,"cellStatus":1,"version":1586482615662},{"cellId":14931,"deviceId":"6652201156","appId":"66522","cellNo":"67","cellInfo":"{\"door\":\"closed\",\"warm\":\"stopped\",\"light\":\"closed\",\"dis"
2020-05-09 14:36:55.578 [main] DEBUG org.apache.http.wire - http-outgoing-0 << "[\r][\n]"
2020-05-09 14:36:55.579 [main] DEBUG org.apache.http.wire - http-outgoing-0 << "6d9[\r][\n]"
2020-05-09 14:36:55.579 [main] DEBUG org.apache.http.wire - http-outgoing-0 << "infect\":\"stopping\"}","createTime":1586482615662,"updateTime":1586482615662,"cellNoAlias":"67","cellOrder":67,"cellStatus":1,"version":1586482615662},{"cellId":14932,"deviceId":"6652201156","appId":"66522","cellNo":"68","cellInfo":"{\"door\":\"closed\",\"warm\":\"stopped\",\"light\":\"closed\",\"disinfect\":\"stopping\"}","createTime":1586482615662,"updateTime":1586482615662,"cellNoAlias":"68","cellOrder":68,"cellStatus":1,"version":1586482615662},{"cellId":14933,"deviceId":"6652201156","appId":"66522","cellNo":"69","cellInfo":"{\"door\":\"closed\",\"warm\":\"stopped\",\"light\":\"closed\",\"disinfect\":\"stopping\"}","createTime":1586482615662,"updateTime":1586482615662,"cellNoAlias":"69","cellOrder":69,"cellStatus":1,"version":1586482615662},{"cellId":14934,"deviceId":"6652201156","appId":"66522","cellNo":"70","cellInfo":"{\"door\":\"closed\",\"warm\":\"stopped\",\"light\":\"closed\",\"disinfect\":\"stopping\"}","createTime":1586482615662,"updateTime":1586482615662,"cellNoAlias":"70","cellOrder":70,"cellStatus":1,"version":1586482615662},{"cellId":14935,"deviceId":"6652201156","appId":"66522","cellNo":"71","cellInfo":"{\"door\":\"closed\",\"warm\":\"stopped\",\"light\":\"closed\",\"disinfect\":\"stopping\"}","createTime":1586482615662,"updateTime":1586482615662,"cellNoAlias":"71","cellOrder":71,"cellStatus":1,"version":1586482615662},{"cellId":14936,"deviceId":"6652201156","appId":"66522","cellNo":"72","cellInfo":"{\"door\":\"closed\",\"warm\":\"stopped\",\"light\":\"closed\",\"disinfect\":\"stopping\"}","createTime":1586482615662,"updateTime":1586482615662,"cellNoAlias":"72","cellOrder":72,"cellStatus":1,"version":1586482615662}],"deviceType":"ANDROID"},"code":1,"msg":"success","success":true,"timestamp":1589006220263}[\r][\n]"
2020-05-09 14:36:55.579 [main] DEBUG org.apache.http.wire - http-outgoing-0 << "0[\r][\n]"
2020-05-09 14:36:55.579 [main] DEBUG org.apache.http.wire - http-outgoing-0 << "[\r][\n]"
2020-05-09 14:36:55.579 [main] DEBUG o.a.h.impl.conn.PoolingHttpClientConnectionManager - Connection [id: 0][route: {}->http://openapi.58auv.com:80] can be kept alive indefinitely
2020-05-09 14:36:55.580 [main] DEBUG o.a.h.impl.conn.PoolingHttpClientConnectionManager - Connection released: [id: 0][route: {}->http://openapi.58auv.com:80][total kept alive: 1; route allocated: 1 of 2; total allocated: 1 of 20]
2020-05-09 14:36:55.580 [main] DEBUG org.apache.http.impl.execchain.MainClientExec - Cancelling request execution
2020-05-09 14:36:55.582 [main] INFO  com.jk.framework.common.utils.CloseableHttpUtil - time:743ms,API:http://openapi.58auv.com/gateway.do,parMap:{"method":"device.status.query","appId":"66522","digest":"dca4fae23dde0052d047a5f6878a15ae","bizData":"{\"deviceId\":\"6652201156\"}","version":"1.0","timestamp":"2020-05-09 14:36:54"},headerMap:null
2020-05-09 14:36:55.683 [Finalizer] DEBUG o.a.h.impl.conn.PoolingHttpClientConnectionManager - Connection manager is shutting down
2020-05-09 14:36:55.683 [Finalizer] DEBUG o.a.h.impl.conn.DefaultManagedHttpClientConnection - http-outgoing-0: Close connection
2020-05-09 14:36:55.683 [Finalizer] DEBUG o.a.h.impl.conn.DefaultManagedHttpClientConnection - http-outgoing-0: Close connection
2020-05-09 14:36:55.683 [Finalizer] DEBUG o.a.h.impl.conn.PoolingHttpClientConnectionManager - Connection manager shut down
2020-05-09 14:36:55.803 [Thread-3] DEBUG druid.sql.Connection - {conn-110001} closed
2020-05-09 14:36:55.803 [Thread-3] DEBUG druid.sql.Connection - {conn-110001} closed
2020-05-09 14:36:55.804 [Thread-3] DEBUG druid.sql.Connection - {conn-110002} closed
2020-05-09 14:36:55.804 [Thread-3] DEBUG druid.sql.Connection - {conn-110002} closed
2020-05-09 14:36:55.805 [Thread-3] DEBUG druid.sql.Connection - {conn-10001} closed
2020-05-09 14:36:55.805 [Thread-3] DEBUG druid.sql.Connection - {conn-10001} closed
2020-05-09 14:36:55.805 [Thread-3] DEBUG druid.sql.Connection - {conn-10002} closed
2020-05-09 14:36:55.806 [Thread-3] DEBUG druid.sql.Connection - {conn-10002} closed
