2018-01-05 16:53:50.681 [main] DEBUG org.apache.ibatis.logging.LogFactory - Logging initialized using 'class org.apache.ibatis.logging.slf4j.Slf4jImpl' adapter.
2018-01-05 16:53:51.672 [main] DEBUG druid.sql.Connection - {conn-10001} connected
2018-01-05 16:53:51.672 [main] DEBUG druid.sql.Connection - {conn-10001} connected
2018-01-05 16:53:51.750 [main] DEBUG druid.sql.Connection - {conn-10002} connected
2018-01-05 16:53:51.750 [main] DEBUG druid.sql.Connection - {conn-10002} connected
2018-01-05 16:53:51.924 [main] DEBUG org.mybatis.spring.SqlSessionFactoryBean - Parsed configuration file: 'class path resource [mybatis-config.xml]'
2018-01-05 16:53:51.994 [main] DEBUG org.mybatis.spring.SqlSessionFactoryBean - Parsed mapper file: 'file [/Users/fangwending/github/x/tuanche/taisf-service/target/classes/com/taisf/services/order/dao/map/orderMoney.xml]'
2018-01-05 16:53:52.019 [main] DEBUG org.mybatis.spring.SqlSessionFactoryBean - Parsed mapper file: 'file [/Users/fangwending/github/x/tuanche/taisf-service/target/classes/com/taisf/services/order/dao/map/orderBase.xml]'
2018-01-05 16:53:52.031 [main] DEBUG org.mybatis.spring.SqlSessionFactoryBean - Parsed mapper file: 'file [/Users/fangwending/github/x/tuanche/taisf-service/target/classes/com/taisf/services/order/dao/map/orderPay.xml]'
2018-01-05 16:53:52.058 [main] DEBUG org.mybatis.spring.SqlSessionFactoryBean - Parsed mapper file: 'file [/Users/fangwending/github/x/tuanche/taisf-service/target/classes/com/taisf/services/order/dao/map/orderInfoDao.xml]'
2018-01-05 16:53:52.071 [main] DEBUG org.mybatis.spring.SqlSessionFactoryBean - Parsed mapper file: 'file [/Users/fangwending/github/x/tuanche/taisf-service/target/classes/com/taisf/services/order/dao/map/orderProductDao.xml]'
2018-01-05 16:53:52.082 [main] DEBUG org.mybatis.spring.SqlSessionFactoryBean - Parsed mapper file: 'file [/Users/fangwending/github/x/tuanche/taisf-service/target/classes/com/taisf/services/order/dao/map/orderActivityDao.xml]'
2018-01-05 16:53:52.092 [main] DEBUG org.mybatis.spring.SqlSessionFactoryBean - Parsed mapper file: 'file [/Users/fangwending/github/x/tuanche/taisf-service/target/classes/com/taisf/services/order/dao/map/orderLogDao.xml]'
2018-01-05 16:53:52.103 [main] DEBUG org.mybatis.spring.SqlSessionFactoryBean - Parsed mapper file: 'file [/Users/fangwending/github/x/tuanche/taisf-service/target/classes/com/taisf/services/order/dao/map/cartDao.xml]'
2018-01-05 16:53:52.116 [main] DEBUG org.mybatis.spring.SqlSessionFactoryBean - Parsed mapper file: 'file [/Users/fangwending/github/x/tuanche/taisf-service/target/classes/com/taisf/services/enterprise/dao/map/enterpriseContactsDao.xml]'
2018-01-05 16:53:52.130 [main] DEBUG org.mybatis.spring.SqlSessionFactoryBean - Parsed mapper file: 'file [/Users/fangwending/github/x/tuanche/taisf-service/target/classes/com/taisf/services/enterprise/dao/map/enterpriseDayDao.xml]'
2018-01-05 16:53:52.161 [main] DEBUG org.mybatis.spring.SqlSessionFactoryBean - Parsed mapper file: 'file [/Users/fangwending/github/x/tuanche/taisf-service/target/classes/com/taisf/services/enterprise/dao/map/enterpriseDao.xml]'
2018-01-05 16:53:52.175 [main] DEBUG org.mybatis.spring.SqlSessionFactoryBean - Parsed mapper file: 'file [/Users/fangwending/github/x/tuanche/taisf-service/target/classes/com/taisf/services/enterprise/dao/map/enterpriseConfigDao.xml]'
2018-01-05 16:53:52.191 [main] DEBUG org.mybatis.spring.SqlSessionFactoryBean - Parsed mapper file: 'file [/Users/fangwending/github/x/tuanche/taisf-service/target/classes/com/taisf/services/enterprise/dao/map/enterpriseAddressDao.xml]'
2018-01-05 16:53:52.207 [main] DEBUG org.mybatis.spring.SqlSessionFactoryBean - Parsed mapper file: 'file [/Users/fangwending/github/x/tuanche/taisf-service/target/classes/com/taisf/services/enterprise/dao/map/enterpriseFinanceDao.xml]'
2018-01-05 16:53:52.223 [main] DEBUG org.mybatis.spring.SqlSessionFactoryBean - Parsed mapper file: 'file [/Users/fangwending/github/x/tuanche/taisf-service/target/classes/com/taisf/services/pay/dao/map/payRecordDao.xml]'
2018-01-05 16:53:52.243 [main] DEBUG org.mybatis.spring.SqlSessionFactoryBean - Parsed mapper file: 'file [/Users/fangwending/github/x/tuanche/taisf-service/target/classes/com/taisf/services/user/dao/map/loginTokenDao.xml]'
2018-01-05 16:53:52.275 [main] DEBUG org.mybatis.spring.SqlSessionFactoryBean - Parsed mapper file: 'file [/Users/fangwending/github/x/tuanche/taisf-service/target/classes/com/taisf/services/user/dao/map/userDao.xml]'
2018-01-05 16:53:52.288 [main] DEBUG org.mybatis.spring.SqlSessionFactoryBean - Parsed mapper file: 'file [/Users/fangwending/github/x/tuanche/taisf-service/target/classes/com/taisf/services/user/dao/map/userAddressDao.xml]'
2018-01-05 16:53:52.303 [main] DEBUG org.mybatis.spring.SqlSessionFactoryBean - Parsed mapper file: 'file [/Users/fangwending/github/x/tuanche/taisf-service/target/classes/com/taisf/services/user/dao/map/accountLogDao.xml]'
2018-01-05 16:53:52.324 [main] DEBUG org.mybatis.spring.SqlSessionFactoryBean - Parsed mapper file: 'file [/Users/fangwending/github/x/tuanche/taisf-service/target/classes/com/taisf/services/user/dao/map/userAccountDao.xml]'
2018-01-05 16:53:52.342 [main] DEBUG org.mybatis.spring.SqlSessionFactoryBean - Parsed mapper file: 'file [/Users/fangwending/github/x/tuanche/taisf-service/target/classes/com/taisf/services/product/dao/map/ProductDao.xml]'
2018-01-05 16:53:52.373 [main] DEBUG org.mybatis.spring.SqlSessionFactoryBean - Parsed mapper file: 'file [/Users/fangwending/github/x/tuanche/taisf-service/target/classes/com/taisf/services/supplier/dao/map/supplierPackageDao.xml]'
2018-01-05 16:53:52.381 [main] DEBUG org.mybatis.spring.SqlSessionFactoryBean - Parsed mapper file: 'file [/Users/fangwending/github/x/tuanche/taisf-service/target/classes/com/taisf/services/supplier/dao/map/supplierContactsDao.xml]'
2018-01-05 16:53:52.394 [main] DEBUG org.mybatis.spring.SqlSessionFactoryBean - Parsed mapper file: 'file [/Users/fangwending/github/x/tuanche/taisf-service/target/classes/com/taisf/services/supplier/dao/map/supplierProductDao.xml]'
2018-01-05 16:53:52.402 [main] DEBUG org.mybatis.spring.SqlSessionFactoryBean - Parsed mapper file: 'file [/Users/fangwending/github/x/tuanche/taisf-service/target/classes/com/taisf/services/supplier/dao/map/supplierFinanceDao.xml]'
2018-01-05 16:53:52.413 [main] DEBUG org.mybatis.spring.SqlSessionFactoryBean - Parsed mapper file: 'file [/Users/fangwending/github/x/tuanche/taisf-service/target/classes/com/taisf/services/supplier/dao/map/supplierDao.xml]'
2018-01-05 16:53:52.421 [main] DEBUG org.mybatis.spring.SqlSessionFactoryBean - Parsed mapper file: 'file [/Users/fangwending/github/x/tuanche/taisf-service/target/classes/com/taisf/services/supplier/dao/map/supplierExtDao.xml]'
2018-01-05 16:53:52.430 [main] DEBUG org.mybatis.spring.SqlSessionFactoryBean - Parsed mapper file: 'file [/Users/fangwending/github/x/tuanche/taisf-service/target/classes/com/taisf/services/supplier/dao/map/employeeSupplierDao.xml]'
2018-01-05 16:53:52.443 [main] DEBUG org.mybatis.spring.SqlSessionFactoryBean - Parsed mapper file: 'file [/Users/fangwending/github/x/tuanche/taisf-service/target/classes/com/taisf/services/recharge/dao/map/rechargeDao.xml]'
2018-01-05 16:53:52.450 [main] DEBUG org.mybatis.spring.SqlSessionFactoryBean - Parsed mapper file: 'file [/Users/fangwending/github/x/tuanche/taisf-service/target/classes/com/taisf/services/recharge/dao/map/rechargeLogDao.xml]'
2018-01-05 16:53:52.461 [main] DEBUG org.mybatis.spring.SqlSessionFactoryBean - Parsed mapper file: 'file [/Users/fangwending/github/x/tuanche/taisf-service/target/classes/com/taisf/services/permission/dao/map/roleDao.xml]'
2018-01-05 16:53:52.469 [main] DEBUG org.mybatis.spring.SqlSessionFactoryBean - Parsed mapper file: 'file [/Users/fangwending/github/x/tuanche/taisf-service/target/classes/com/taisf/services/permission/dao/map/roleResDao.xml]'
2018-01-05 16:53:52.481 [main] DEBUG org.mybatis.spring.SqlSessionFactoryBean - Parsed mapper file: 'file [/Users/fangwending/github/x/tuanche/taisf-service/target/classes/com/taisf/services/permission/dao/map/employeeDao.xml]'
2018-01-05 16:53:52.496 [main] DEBUG org.mybatis.spring.SqlSessionFactoryBean - Parsed mapper file: 'file [/Users/fangwending/github/x/tuanche/taisf-service/target/classes/com/taisf/services/permission/dao/map/resourceDao.xml]'
2018-01-05 16:53:52.507 [main] DEBUG org.mybatis.spring.SqlSessionFactoryBean - Parsed mapper file: 'file [/Users/fangwending/github/x/tuanche/taisf-service/target/classes/com/taisf/services/permission/dao/map/employeeRoleDao.xml]'
2018-01-05 16:53:52.513 [main] DEBUG org.mybatis.spring.SqlSessionFactoryBean - Parsed mapper file: 'file [/Users/fangwending/github/x/tuanche/taisf-service/target/classes/com/taisf/services/refund/dao/map/refundLogDao.xml]'
2018-01-05 16:53:52.524 [main] DEBUG org.mybatis.spring.SqlSessionFactoryBean - Parsed mapper file: 'file [/Users/fangwending/github/x/tuanche/taisf-service/target/classes/com/taisf/services/refund/dao/map/refundDao.xml]'
2018-01-05 16:53:52.531 [main] DEBUG org.mybatis.spring.SqlSessionFactoryBean - Parsed mapper file: 'file [/Users/fangwending/github/x/tuanche/taisf-service/target/classes/com/taisf/services/base/dao/map/upGradeDao.xml]'
2018-01-05 16:53:52.539 [main] DEBUG org.mybatis.spring.SqlSessionFactoryBean - Parsed mapper file: 'file [/Users/fangwending/github/x/tuanche/taisf-service/target/classes/com/taisf/services/base/dao/map/areaRegionDao.xml]'
2018-01-05 16:53:52.621 [main] DEBUG druid.sql.Connection - {conn-110001} connected
2018-01-05 16:53:52.621 [main] DEBUG druid.sql.Connection - {conn-110001} connected
2018-01-05 16:53:52.705 [main] DEBUG druid.sql.Connection - {conn-110002} connected
2018-01-05 16:53:52.705 [main] DEBUG druid.sql.Connection - {conn-110002} connected
2018-01-05 16:53:52.738 [main] DEBUG org.mybatis.spring.SqlSessionFactoryBean - Parsed configuration file: 'class path resource [mybatis-config.xml]'
2018-01-05 16:53:52.745 [main] DEBUG org.mybatis.spring.SqlSessionFactoryBean - Parsed mapper file: 'file [/Users/fangwending/github/x/tuanche/taisf-service/target/classes/com/taisf/services/order/dao/map/orderMoney.xml]'
2018-01-05 16:53:52.753 [main] DEBUG org.mybatis.spring.SqlSessionFactoryBean - Parsed mapper file: 'file [/Users/fangwending/github/x/tuanche/taisf-service/target/classes/com/taisf/services/order/dao/map/orderBase.xml]'
2018-01-05 16:53:52.760 [main] DEBUG org.mybatis.spring.SqlSessionFactoryBean - Parsed mapper file: 'file [/Users/fangwending/github/x/tuanche/taisf-service/target/classes/com/taisf/services/order/dao/map/orderPay.xml]'
2018-01-05 16:53:52.771 [main] DEBUG org.mybatis.spring.SqlSessionFactoryBean - Parsed mapper file: 'file [/Users/fangwending/github/x/tuanche/taisf-service/target/classes/com/taisf/services/order/dao/map/orderInfoDao.xml]'
2018-01-05 16:53:52.778 [main] DEBUG org.mybatis.spring.SqlSessionFactoryBean - Parsed mapper file: 'file [/Users/fangwending/github/x/tuanche/taisf-service/target/classes/com/taisf/services/order/dao/map/orderProductDao.xml]'
2018-01-05 16:53:52.785 [main] DEBUG org.mybatis.spring.SqlSessionFactoryBean - Parsed mapper file: 'file [/Users/fangwending/github/x/tuanche/taisf-service/target/classes/com/taisf/services/order/dao/map/orderActivityDao.xml]'
2018-01-05 16:53:52.791 [main] DEBUG org.mybatis.spring.SqlSessionFactoryBean - Parsed mapper file: 'file [/Users/fangwending/github/x/tuanche/taisf-service/target/classes/com/taisf/services/order/dao/map/orderLogDao.xml]'
2018-01-05 16:53:52.798 [main] DEBUG org.mybatis.spring.SqlSessionFactoryBean - Parsed mapper file: 'file [/Users/fangwending/github/x/tuanche/taisf-service/target/classes/com/taisf/services/order/dao/map/cartDao.xml]'
2018-01-05 16:53:52.805 [main] DEBUG org.mybatis.spring.SqlSessionFactoryBean - Parsed mapper file: 'file [/Users/fangwending/github/x/tuanche/taisf-service/target/classes/com/taisf/services/enterprise/dao/map/enterpriseContactsDao.xml]'
2018-01-05 16:53:52.815 [main] DEBUG org.mybatis.spring.SqlSessionFactoryBean - Parsed mapper file: 'file [/Users/fangwending/github/x/tuanche/taisf-service/target/classes/com/taisf/services/enterprise/dao/map/enterpriseDayDao.xml]'
2018-01-05 16:53:52.826 [main] DEBUG org.mybatis.spring.SqlSessionFactoryBean - Parsed mapper file: 'file [/Users/fangwending/github/x/tuanche/taisf-service/target/classes/com/taisf/services/enterprise/dao/map/enterpriseDao.xml]'
2018-01-05 16:53:52.834 [main] DEBUG org.mybatis.spring.SqlSessionFactoryBean - Parsed mapper file: 'file [/Users/fangwending/github/x/tuanche/taisf-service/target/classes/com/taisf/services/enterprise/dao/map/enterpriseConfigDao.xml]'
2018-01-05 16:53:52.846 [main] DEBUG org.mybatis.spring.SqlSessionFactoryBean - Parsed mapper file: 'file [/Users/fangwending/github/x/tuanche/taisf-service/target/classes/com/taisf/services/enterprise/dao/map/enterpriseAddressDao.xml]'
2018-01-05 16:53:52.855 [main] DEBUG org.mybatis.spring.SqlSessionFactoryBean - Parsed mapper file: 'file [/Users/fangwending/github/x/tuanche/taisf-service/target/classes/com/taisf/services/enterprise/dao/map/enterpriseFinanceDao.xml]'
2018-01-05 16:53:52.865 [main] DEBUG org.mybatis.spring.SqlSessionFactoryBean - Parsed mapper file: 'file [/Users/fangwending/github/x/tuanche/taisf-service/target/classes/com/taisf/services/pay/dao/map/payRecordDao.xml]'
2018-01-05 16:53:52.877 [main] DEBUG org.mybatis.spring.SqlSessionFactoryBean - Parsed mapper file: 'file [/Users/fangwending/github/x/tuanche/taisf-service/target/classes/com/taisf/services/user/dao/map/loginTokenDao.xml]'
2018-01-05 16:53:52.897 [main] DEBUG org.mybatis.spring.SqlSessionFactoryBean - Parsed mapper file: 'file [/Users/fangwending/github/x/tuanche/taisf-service/target/classes/com/taisf/services/user/dao/map/userDao.xml]'
2018-01-05 16:53:52.906 [main] DEBUG org.mybatis.spring.SqlSessionFactoryBean - Parsed mapper file: 'file [/Users/fangwending/github/x/tuanche/taisf-service/target/classes/com/taisf/services/user/dao/map/userAddressDao.xml]'
2018-01-05 16:53:52.917 [main] DEBUG org.mybatis.spring.SqlSessionFactoryBean - Parsed mapper file: 'file [/Users/fangwending/github/x/tuanche/taisf-service/target/classes/com/taisf/services/user/dao/map/accountLogDao.xml]'
2018-01-05 16:53:52.931 [main] DEBUG org.mybatis.spring.SqlSessionFactoryBean - Parsed mapper file: 'file [/Users/fangwending/github/x/tuanche/taisf-service/target/classes/com/taisf/services/user/dao/map/userAccountDao.xml]'
2018-01-05 16:53:52.941 [main] DEBUG org.mybatis.spring.SqlSessionFactoryBean - Parsed mapper file: 'file [/Users/fangwending/github/x/tuanche/taisf-service/target/classes/com/taisf/services/product/dao/map/ProductDao.xml]'
2018-01-05 16:53:52.952 [main] DEBUG org.mybatis.spring.SqlSessionFactoryBean - Parsed mapper file: 'file [/Users/fangwending/github/x/tuanche/taisf-service/target/classes/com/taisf/services/supplier/dao/map/supplierPackageDao.xml]'
2018-01-05 16:53:52.961 [main] DEBUG org.mybatis.spring.SqlSessionFactoryBean - Parsed mapper file: 'file [/Users/fangwending/github/x/tuanche/taisf-service/target/classes/com/taisf/services/supplier/dao/map/supplierContactsDao.xml]'
2018-01-05 16:53:52.982 [main] DEBUG org.mybatis.spring.SqlSessionFactoryBean - Parsed mapper file: 'file [/Users/fangwending/github/x/tuanche/taisf-service/target/classes/com/taisf/services/supplier/dao/map/supplierProductDao.xml]'
2018-01-05 16:53:52.994 [main] DEBUG org.mybatis.spring.SqlSessionFactoryBean - Parsed mapper file: 'file [/Users/fangwending/github/x/tuanche/taisf-service/target/classes/com/taisf/services/supplier/dao/map/supplierFinanceDao.xml]'
2018-01-05 16:53:53.005 [main] DEBUG org.mybatis.spring.SqlSessionFactoryBean - Parsed mapper file: 'file [/Users/fangwending/github/x/tuanche/taisf-service/target/classes/com/taisf/services/supplier/dao/map/supplierDao.xml]'
2018-01-05 16:53:53.029 [main] DEBUG org.mybatis.spring.SqlSessionFactoryBean - Parsed mapper file: 'file [/Users/fangwending/github/x/tuanche/taisf-service/target/classes/com/taisf/services/supplier/dao/map/supplierExtDao.xml]'
2018-01-05 16:53:53.036 [main] DEBUG org.mybatis.spring.SqlSessionFactoryBean - Parsed mapper file: 'file [/Users/fangwending/github/x/tuanche/taisf-service/target/classes/com/taisf/services/supplier/dao/map/employeeSupplierDao.xml]'
2018-01-05 16:53:53.044 [main] DEBUG org.mybatis.spring.SqlSessionFactoryBean - Parsed mapper file: 'file [/Users/fangwending/github/x/tuanche/taisf-service/target/classes/com/taisf/services/recharge/dao/map/rechargeDao.xml]'
2018-01-05 16:53:53.051 [main] DEBUG org.mybatis.spring.SqlSessionFactoryBean - Parsed mapper file: 'file [/Users/fangwending/github/x/tuanche/taisf-service/target/classes/com/taisf/services/recharge/dao/map/rechargeLogDao.xml]'
2018-01-05 16:53:53.057 [main] DEBUG org.mybatis.spring.SqlSessionFactoryBean - Parsed mapper file: 'file [/Users/fangwending/github/x/tuanche/taisf-service/target/classes/com/taisf/services/permission/dao/map/roleDao.xml]'
2018-01-05 16:53:53.063 [main] DEBUG org.mybatis.spring.SqlSessionFactoryBean - Parsed mapper file: 'file [/Users/fangwending/github/x/tuanche/taisf-service/target/classes/com/taisf/services/permission/dao/map/roleResDao.xml]'
2018-01-05 16:53:53.070 [main] DEBUG org.mybatis.spring.SqlSessionFactoryBean - Parsed mapper file: 'file [/Users/fangwending/github/x/tuanche/taisf-service/target/classes/com/taisf/services/permission/dao/map/employeeDao.xml]'
2018-01-05 16:53:53.080 [main] DEBUG org.mybatis.spring.SqlSessionFactoryBean - Parsed mapper file: 'file [/Users/fangwending/github/x/tuanche/taisf-service/target/classes/com/taisf/services/permission/dao/map/resourceDao.xml]'
2018-01-05 16:53:53.087 [main] DEBUG org.mybatis.spring.SqlSessionFactoryBean - Parsed mapper file: 'file [/Users/fangwending/github/x/tuanche/taisf-service/target/classes/com/taisf/services/permission/dao/map/employeeRoleDao.xml]'
2018-01-05 16:53:53.092 [main] DEBUG org.mybatis.spring.SqlSessionFactoryBean - Parsed mapper file: 'file [/Users/fangwending/github/x/tuanche/taisf-service/target/classes/com/taisf/services/refund/dao/map/refundLogDao.xml]'
2018-01-05 16:53:53.100 [main] DEBUG org.mybatis.spring.SqlSessionFactoryBean - Parsed mapper file: 'file [/Users/fangwending/github/x/tuanche/taisf-service/target/classes/com/taisf/services/refund/dao/map/refundDao.xml]'
2018-01-05 16:53:53.105 [main] DEBUG org.mybatis.spring.SqlSessionFactoryBean - Parsed mapper file: 'file [/Users/fangwending/github/x/tuanche/taisf-service/target/classes/com/taisf/services/base/dao/map/upGradeDao.xml]'
2018-01-05 16:53:53.111 [main] DEBUG org.mybatis.spring.SqlSessionFactoryBean - Parsed mapper file: 'file [/Users/fangwending/github/x/tuanche/taisf-service/target/classes/com/taisf/services/base/dao/map/areaRegionDao.xml]'
2018-01-05 16:53:56.617 [main] DEBUG org.mybatis.spring.SqlSessionUtils - Creating a new SqlSession
2018-01-05 16:53:56.684 [main] DEBUG org.mybatis.spring.SqlSessionUtils - SqlSession [org.apache.ibatis.session.defaults.DefaultSqlSession@5a6d30e2] was not registered for synchronization because synchronization is not active
2018-01-05 16:53:56.731 [main] DEBUG druid.sql.Connection - {conn-10002} pool-connect
2018-01-05 16:53:56.732 [main] DEBUG druid.sql.Connection - {conn-10002} pool-connect
2018-01-05 16:53:56.732 [main] DEBUG o.m.spring.transaction.SpringManagedTransaction - JDBC Connection [com.alibaba.druid.proxy.jdbc.ConnectionProxyImpl@5484117b] will not be managed by Spring
2018-01-05 16:53:56.786 [main] DEBUG order.orderBaseDao.getOrderBaseByOrderSn - ==>  Preparing: SELECT id, order_sn,title, province_code,area_code, city_code,address, order_source,eva_status, order_status, accounts_status, pay_status,order_type, business_uid, user_uid, user_tel, user_name,user_code,knight_uid, send_time, pay_time,create_time, last_modify_date, mark FROM t_order WHERE order_sn=? limit 1 
2018-01-05 16:53:56.828 [main] DEBUG druid.sql.Statement - {conn-10002, pstmt-20000} created. 
SELECT
         
        
        id, order_sn,title, province_code,area_code, city_code,address, order_source,eva_status, order_status, accounts_status,
        pay_status,order_type, business_uid, user_uid, user_tel, user_name,user_code,knight_uid,
        send_time, pay_time,create_time, last_modify_date, mark
     
        FROM t_order
        WHERE  order_sn=?
        limit 1
2018-01-05 16:53:56.829 [main] DEBUG druid.sql.Statement - {conn-10002, pstmt-20000} created. 
SELECT
         
        
        id, order_sn,title, province_code,area_code, city_code,address, order_source,eva_status, order_status, accounts_status,
        pay_status,order_type, business_uid, user_uid, user_tel, user_name,user_code,knight_uid,
        send_time, pay_time,create_time, last_modify_date, mark
     
        FROM t_order
        WHERE  order_sn=?
        limit 1
2018-01-05 16:53:57.107 [main] DEBUG order.orderBaseDao.getOrderBaseByOrderSn - ==> Parameters: TA1801052K3HADXU143515(String)
2018-01-05 16:53:57.111 [main] DEBUG druid.sql.Statement - {conn-10002, pstmt-20000} Parameters : [TA1801052K3HADXU143515]
2018-01-05 16:53:57.112 [main] DEBUG druid.sql.Statement - {conn-10002, pstmt-20000} Types : [VARCHAR]
2018-01-05 16:53:57.112 [main] DEBUG druid.sql.Statement - {conn-10002, pstmt-20000} Parameters : [TA1801052K3HADXU143515]
2018-01-05 16:53:57.112 [main] DEBUG druid.sql.Statement - {conn-10002, pstmt-20000} Types : [VARCHAR]
2018-01-05 16:53:57.122 [main] DEBUG druid.sql.Statement - {conn-10002, pstmt-20000} executed. 11.386703 millis. 
SELECT
         
        
        id, order_sn,title, province_code,area_code, city_code,address, order_source,eva_status, order_status, accounts_status,
        pay_status,order_type, business_uid, user_uid, user_tel, user_name,user_code,knight_uid,
        send_time, pay_time,create_time, last_modify_date, mark
     
        FROM t_order
        WHERE  order_sn=?
        limit 1
2018-01-05 16:53:57.123 [main] DEBUG druid.sql.Statement - {conn-10002, pstmt-20000} executed. 11.386703 millis. 
SELECT
         
        
        id, order_sn,title, province_code,area_code, city_code,address, order_source,eva_status, order_status, accounts_status,
        pay_status,order_type, business_uid, user_uid, user_tel, user_name,user_code,knight_uid,
        send_time, pay_time,create_time, last_modify_date, mark
     
        FROM t_order
        WHERE  order_sn=?
        limit 1
2018-01-05 16:53:57.133 [main] DEBUG druid.sql.ResultSet - {conn-10002, pstmt-20000, rs-50000} open
2018-01-05 16:53:57.142 [main] DEBUG druid.sql.ResultSet - {conn-10002, pstmt-20000, rs-50000} Header: [id, order_sn, title, province_code, area_code, city_code, address, order_source, eva_status, order_status, accounts_status, pay_status, order_type, business_uid, user_uid, user_tel, user_name, user_code, knight_uid, send_time, pay_time, create_time, last_modify_date, mark]
2018-01-05 16:53:57.143 [main] DEBUG druid.sql.ResultSet - {conn-10002, pstmt-20000, rs-50000} open
2018-01-05 16:53:57.144 [main] DEBUG druid.sql.ResultSet - {conn-10002, pstmt-20000, rs-50000} Header: [id, order_sn, title, province_code, area_code, city_code, address, order_source, eva_status, order_status, accounts_status, pay_status, order_type, business_uid, user_uid, user_tel, user_name, user_code, knight_uid, send_time, pay_time, create_time, last_modify_date, mark]
2018-01-05 16:53:57.350 [main] DEBUG druid.sql.ResultSet - {conn-10002, pstmt-20000, rs-50000} Result: [28, TA1801052K3HADXU143515, 测试菜单x1, 310000, 310101, 310100, 上海市黄浦区淮海中路333号瑞安广场1207, 2, 200, 50, 0, 0, 20, jipin, baozi, 18210174986, 张三三, cd10001, null, null, null, 2018-01-05 14:35:15.0, 2018-01-05 15:40:06.0, null]
2018-01-05 16:53:57.353 [main] DEBUG druid.sql.ResultSet - {conn-10002, pstmt-20000, rs-50000} Result: [28, TA1801052K3HADXU143515, 测试菜单x1, 310000, 310101, 310100, 上海市黄浦区淮海中路333号瑞安广场1207, 2, 200, 50, 0, 0, 20, jipin, baozi, 18210174986, 张三三, cd10001, null, null, null, 2018-01-05 14:35:15.0, 2018-01-05 15:40:06.0, null]
2018-01-05 16:53:57.370 [main] DEBUG order.orderBaseDao.getOrderBaseByOrderSn - <==      Total: 1
2018-01-05 16:53:57.371 [main] DEBUG druid.sql.ResultSet - {conn-10002, pstmt-20000, rs-50000} closed
2018-01-05 16:53:57.371 [main] DEBUG druid.sql.ResultSet - {conn-10002, pstmt-20000, rs-50000} closed
2018-01-05 16:53:57.372 [main] DEBUG druid.sql.Statement - {conn-10002, pstmt-20000} closed
2018-01-05 16:53:57.373 [main] DEBUG druid.sql.Statement - {conn-10002, pstmt-20000} closed
2018-01-05 16:53:57.374 [main] DEBUG org.mybatis.spring.SqlSessionUtils - Closing non transactional SqlSession [org.apache.ibatis.session.defaults.DefaultSqlSession@5a6d30e2]
2018-01-05 16:53:57.376 [main] DEBUG druid.sql.Connection - {conn-10002} pool-recycle
2018-01-05 16:53:57.377 [main] DEBUG druid.sql.Connection - {conn-10002} pool-recycle
2018-01-05 16:53:59.808 [main] DEBUG org.mybatis.spring.SqlSessionUtils - Creating a new SqlSession
2018-01-05 16:53:59.810 [main] DEBUG org.mybatis.spring.SqlSessionUtils - SqlSession [org.apache.ibatis.session.defaults.DefaultSqlSession@2a369e14] was not registered for synchronization because synchronization is not active
2018-01-05 16:53:59.811 [main] DEBUG druid.sql.Connection - {conn-10002} pool-connect
2018-01-05 16:53:59.812 [main] DEBUG druid.sql.Connection - {conn-10002} pool-connect
2018-01-05 16:53:59.813 [main] DEBUG o.m.spring.transaction.SpringManagedTransaction - JDBC Connection [com.alibaba.druid.proxy.jdbc.ConnectionProxyImpl@5484117b] will not be managed by Spring
2018-01-05 16:53:59.814 [main] DEBUG pay.payRecordDao.getPayRecordBySn - ==>  Preparing: select id, order_sn, pay_type, record_uid, total_fee, need_money, trade_no, pay_code, pay_time, create_time, update_time from t_pay_record where order_sn = ? 
2018-01-05 16:53:59.816 [main] DEBUG druid.sql.Statement - {conn-10002, pstmt-20001} created. 
select 
     
    id, order_sn, pay_type, record_uid, total_fee, need_money, trade_no, pay_code,
    pay_time, create_time, update_time
   
    from t_pay_record
    where  order_sn = ?
2018-01-05 16:53:59.816 [main] DEBUG druid.sql.Statement - {conn-10002, pstmt-20001} created. 
select 
     
    id, order_sn, pay_type, record_uid, total_fee, need_money, trade_no, pay_code,
    pay_time, create_time, update_time
   
    from t_pay_record
    where  order_sn = ?
2018-01-05 16:53:59.817 [main] DEBUG pay.payRecordDao.getPayRecordBySn - ==> Parameters: TA1801052K3HADXU143515(String)
2018-01-05 16:53:59.818 [main] DEBUG druid.sql.Statement - {conn-10002, pstmt-20001} Parameters : [TA1801052K3HADXU143515]
2018-01-05 16:53:59.819 [main] DEBUG druid.sql.Statement - {conn-10002, pstmt-20001} Types : [VARCHAR]
2018-01-05 16:53:59.819 [main] DEBUG druid.sql.Statement - {conn-10002, pstmt-20001} Parameters : [TA1801052K3HADXU143515]
2018-01-05 16:53:59.820 [main] DEBUG druid.sql.Statement - {conn-10002, pstmt-20001} Types : [VARCHAR]
2018-01-05 16:53:59.829 [main] DEBUG druid.sql.Statement - {conn-10002, pstmt-20001} executed. 11.043341 millis. 
select 
     
    id, order_sn, pay_type, record_uid, total_fee, need_money, trade_no, pay_code,
    pay_time, create_time, update_time
   
    from t_pay_record
    where  order_sn = ?
2018-01-05 16:53:59.830 [main] DEBUG druid.sql.Statement - {conn-10002, pstmt-20001} executed. 11.043341 millis. 
select 
     
    id, order_sn, pay_type, record_uid, total_fee, need_money, trade_no, pay_code,
    pay_time, create_time, update_time
   
    from t_pay_record
    where  order_sn = ?
2018-01-05 16:53:59.831 [main] DEBUG druid.sql.ResultSet - {conn-10002, pstmt-20001, rs-50001} open
2018-01-05 16:53:59.832 [main] DEBUG druid.sql.ResultSet - {conn-10002, pstmt-20001, rs-50001} Header: [id, order_sn, pay_type, record_uid, total_fee, need_money, trade_no, pay_code, pay_time, create_time, update_time]
2018-01-05 16:53:59.833 [main] DEBUG druid.sql.ResultSet - {conn-10002, pstmt-20001, rs-50001} open
2018-01-05 16:53:59.834 [main] DEBUG druid.sql.ResultSet - {conn-10002, pstmt-20001, rs-50001} Header: [id, order_sn, pay_type, record_uid, total_fee, need_money, trade_no, pay_code, pay_time, create_time, update_time]
2018-01-05 16:53:59.837 [main] DEBUG druid.sql.ResultSet - {conn-10002, pstmt-20001, rs-50001} Result: [13, TA1801052K3HADXU143515, 1, baozi, 1, 1, 4200000009201801058575240623, 0, 2018-01-05 14:35:20.0, 2018-01-05 15:40:06.0, 2018-01-05 15:40:06.0]
2018-01-05 16:53:59.839 [main] DEBUG druid.sql.ResultSet - {conn-10002, pstmt-20001, rs-50001} Result: [13, TA1801052K3HADXU143515, 1, baozi, 1, 1, 4200000009201801058575240623, 0, 2018-01-05 14:35:20.0, 2018-01-05 15:40:06.0, 2018-01-05 15:40:06.0]
2018-01-05 16:53:59.847 [main] DEBUG pay.payRecordDao.getPayRecordBySn - <==      Total: 1
2018-01-05 16:53:59.847 [main] DEBUG druid.sql.ResultSet - {conn-10002, pstmt-20001, rs-50001} closed
2018-01-05 16:53:59.848 [main] DEBUG druid.sql.ResultSet - {conn-10002, pstmt-20001, rs-50001} closed
2018-01-05 16:53:59.849 [main] DEBUG druid.sql.Statement - {conn-10002, pstmt-20001} closed
2018-01-05 16:53:59.849 [main] DEBUG druid.sql.Statement - {conn-10002, pstmt-20001} closed
2018-01-05 16:53:59.850 [main] DEBUG org.mybatis.spring.SqlSessionUtils - Closing non transactional SqlSession [org.apache.ibatis.session.defaults.DefaultSqlSession@2a369e14]
2018-01-05 16:53:59.851 [main] DEBUG druid.sql.Connection - {conn-10002} pool-recycle
2018-01-05 16:53:59.851 [main] DEBUG druid.sql.Connection - {conn-10002} pool-recycle
2018-01-05 16:54:01.193 [main] DEBUG org.mybatis.spring.SqlSessionUtils - Creating a new SqlSession
2018-01-05 16:54:01.194 [main] DEBUG org.mybatis.spring.SqlSessionUtils - SqlSession [org.apache.ibatis.session.defaults.DefaultSqlSession@75d982d3] was not registered for synchronization because synchronization is not active
2018-01-05 16:54:01.196 [main] DEBUG druid.sql.Connection - {conn-10002} pool-connect
2018-01-05 16:54:01.197 [main] DEBUG druid.sql.Connection - {conn-10002} pool-connect
2018-01-05 16:54:01.197 [main] DEBUG o.m.spring.transaction.SpringManagedTransaction - JDBC Connection [com.alibaba.druid.proxy.jdbc.ConnectionProxyImpl@5484117b] will not be managed by Spring
2018-01-05 16:54:01.198 [main] DEBUG order.orderBaseDao.refundOrder - ==>  Preparing: UPDATE t_order set order_status = 40 WHERE order_sn = ? AND order_status = ? 
2018-01-05 16:54:01.199 [main] DEBUG druid.sql.Statement - {conn-10002, pstmt-20002} created. 
UPDATE t_order
        set
        order_status = 40
        WHERE order_sn = ?
        AND order_status =  ?
2018-01-05 16:54:01.200 [main] DEBUG druid.sql.Statement - {conn-10002, pstmt-20002} created. 
UPDATE t_order
        set
        order_status = 40
        WHERE order_sn = ?
        AND order_status =  ?
2018-01-05 16:54:01.205 [main] DEBUG order.orderBaseDao.refundOrder - ==> Parameters: TA1801052K3HADXU143515(String), 50(Integer)
2018-01-05 16:54:01.206 [main] DEBUG druid.sql.Statement - {conn-10002, pstmt-20002} Parameters : [TA1801052K3HADXU143515, 50]
2018-01-05 16:54:01.207 [main] DEBUG druid.sql.Statement - {conn-10002, pstmt-20002} Types : [VARCHAR, INTEGER]
2018-01-05 16:54:01.208 [main] DEBUG druid.sql.Statement - {conn-10002, pstmt-20002} Parameters : [TA1801052K3HADXU143515, 50]
2018-01-05 16:54:01.208 [main] DEBUG druid.sql.Statement - {conn-10002, pstmt-20002} Types : [VARCHAR, INTEGER]
2018-01-05 16:54:01.227 [main] DEBUG druid.sql.Statement - {conn-10002, pstmt-20002} executed. 20.897485 millis. 
UPDATE t_order
        set
        order_status = 40
        WHERE order_sn = ?
        AND order_status =  ?
2018-01-05 16:54:01.228 [main] DEBUG druid.sql.Statement - {conn-10002, pstmt-20002} executed. 20.897485 millis. 
UPDATE t_order
        set
        order_status = 40
        WHERE order_sn = ?
        AND order_status =  ?
2018-01-05 16:54:01.230 [main] DEBUG order.orderBaseDao.refundOrder - <==    Updates: 1
2018-01-05 16:54:01.231 [main] DEBUG druid.sql.Statement - {conn-10002, pstmt-20002} closed
2018-01-05 16:54:01.231 [main] DEBUG druid.sql.Statement - {conn-10002, pstmt-20002} closed
2018-01-05 16:54:01.232 [main] DEBUG org.mybatis.spring.SqlSessionUtils - Closing non transactional SqlSession [org.apache.ibatis.session.defaults.DefaultSqlSession@75d982d3]
2018-01-05 16:54:01.233 [main] DEBUG druid.sql.Connection - {conn-10002} pool-recycle
2018-01-05 16:54:01.234 [main] DEBUG druid.sql.Connection - {conn-10002} pool-recycle
2018-01-05 16:54:01.239 [main] DEBUG org.mybatis.spring.SqlSessionUtils - Creating a new SqlSession
2018-01-05 16:54:01.240 [main] DEBUG org.mybatis.spring.SqlSessionUtils - SqlSession [org.apache.ibatis.session.defaults.DefaultSqlSession@eac3a26] was not registered for synchronization because synchronization is not active
2018-01-05 16:54:01.337 [main] DEBUG druid.sql.Connection - {conn-10002} pool-connect
2018-01-05 16:54:01.337 [main] DEBUG druid.sql.Connection - {conn-10002} pool-connect
2018-01-05 16:54:01.338 [main] DEBUG o.m.spring.transaction.SpringManagedTransaction - JDBC Connection [com.alibaba.druid.proxy.jdbc.ConnectionProxyImpl@5484117b] will not be managed by Spring
2018-01-05 16:54:01.340 [main] DEBUG refund.refundDao.saveRefund - ==>  Preparing: insert into t_refund ( refund_sn, order_sn, source_type, card_type, card_no, refund_name, refund_uid, record_id, pay_fee, refund_fee, create_time ) values ( ?, ?, ?, ?, ?, ?, ?, ?, ?, ?, ? ) 
2018-01-05 16:54:01.361 [main] DEBUG druid.sql.Statement - {conn-10002, pstmt-20003} created. 
insert into t_refund
     ( refund_sn,
      
      
        order_sn,
      
      
      
        source_type,
      
      
      
        card_type,
      
      
        card_no,
      
      
        refund_name,
      
      
        refund_uid,
      
      
        record_id,
      
      
      
        pay_fee,
      
      
        refund_fee,
      
      
      
        create_time ) 
     values ( ?,
      
      
        ?,
      
      
      
        ?,
      
      
      
        ?,
      
      
        ?,
      
      
        ?,
      
      
        ?,
      
      
        ?,
      
      
      
        ?,
      
      
        ?,
      
      
      
        ? )
2018-01-05 16:54:01.362 [main] DEBUG druid.sql.Statement - {conn-10002, pstmt-20003} created. 
insert into t_refund
     ( refund_sn,
      
      
        order_sn,
      
      
      
        source_type,
      
      
      
        card_type,
      
      
        card_no,
      
      
        refund_name,
      
      
        refund_uid,
      
      
        record_id,
      
      
      
        pay_fee,
      
      
        refund_fee,
      
      
      
        create_time ) 
     values ( ?,
      
      
        ?,
      
      
      
        ?,
      
      
      
        ?,
      
      
        ?,
      
      
        ?,
      
      
        ?,
      
      
        ?,
      
      
      
        ?,
      
      
        ?,
      
      
      
        ? )
2018-01-05 16:54:01.369 [main] DEBUG refund.refundDao.saveRefund - ==> Parameters: TK18010528PI775U165401(String), TA1801052K3HADXU143515(String), 2(Integer), 1(Integer), 4200000009201801058575240623(String), 张三三(String), baozi(String), 13(Integer), 1(Integer), 1(Integer), 2018-01-05 16:54:01.239(Timestamp)
2018-01-05 16:54:01.370 [main] DEBUG druid.sql.Statement - {conn-10002, pstmt-20003} Parameters : [TK18010528PI775U165401, TA1801052K3HADXU143515, 2, 1, 4200000009201801058575240623, 张三三, baozi, 13, 1, 1, 2018-01-05 16:54:01.239]
2018-01-05 16:54:01.371 [main] DEBUG druid.sql.Statement - {conn-10002, pstmt-20003} Types : [VARCHAR, VARCHAR, INTEGER, INTEGER, VARCHAR, VARCHAR, VARCHAR, INTEGER, INTEGER, INTEGER, TIMESTAMP]
2018-01-05 16:54:01.371 [main] DEBUG druid.sql.Statement - {conn-10002, pstmt-20003} Parameters : [TK18010528PI775U165401, TA1801052K3HADXU143515, 2, 1, 4200000009201801058575240623, 张三三, baozi, 13, 1, 1, 2018-01-05 16:54:01.239]
2018-01-05 16:54:01.372 [main] DEBUG druid.sql.Statement - {conn-10002, pstmt-20003} Types : [VARCHAR, VARCHAR, INTEGER, INTEGER, VARCHAR, VARCHAR, VARCHAR, INTEGER, INTEGER, INTEGER, TIMESTAMP]
2018-01-05 16:54:01.389 [main] DEBUG druid.sql.Statement - {conn-10002, pstmt-20003} executed. 19.001388 millis. 
insert into t_refund
     ( refund_sn,
      
      
        order_sn,
      
      
      
        source_type,
      
      
      
        card_type,
      
      
        card_no,
      
      
        refund_name,
      
      
        refund_uid,
      
      
        record_id,
      
      
      
        pay_fee,
      
      
        refund_fee,
      
      
      
        create_time ) 
     values ( ?,
      
      
        ?,
      
      
      
        ?,
      
      
      
        ?,
      
      
        ?,
      
      
        ?,
      
      
        ?,
      
      
        ?,
      
      
      
        ?,
      
      
        ?,
      
      
      
        ? )
2018-01-05 16:54:01.390 [main] DEBUG druid.sql.Statement - {conn-10002, pstmt-20003} executed. 19.001388 millis. 
insert into t_refund
     ( refund_sn,
      
      
        order_sn,
      
      
      
        source_type,
      
      
      
        card_type,
      
      
        card_no,
      
      
        refund_name,
      
      
        refund_uid,
      
      
        record_id,
      
      
      
        pay_fee,
      
      
        refund_fee,
      
      
      
        create_time ) 
     values ( ?,
      
      
        ?,
      
      
      
        ?,
      
      
      
        ?,
      
      
        ?,
      
      
        ?,
      
      
        ?,
      
      
        ?,
      
      
      
        ?,
      
      
        ?,
      
      
      
        ? )
2018-01-05 16:54:01.391 [main] DEBUG refund.refundDao.saveRefund - <==    Updates: 1
2018-01-05 16:54:01.392 [main] DEBUG druid.sql.Statement - {conn-10002, pstmt-20003} closed
2018-01-05 16:54:01.392 [main] DEBUG druid.sql.Statement - {conn-10002, pstmt-20003} closed
2018-01-05 16:54:01.393 [main] DEBUG org.mybatis.spring.SqlSessionUtils - Closing non transactional SqlSession [org.apache.ibatis.session.defaults.DefaultSqlSession@eac3a26]
2018-01-05 16:54:01.394 [main] DEBUG druid.sql.Connection - {conn-10002} pool-recycle
2018-01-05 16:54:01.394 [main] DEBUG druid.sql.Connection - {conn-10002} pool-recycle
2018-01-05 16:54:05.223 [Thread-3] DEBUG druid.sql.Connection - {conn-110001} closed
2018-01-05 16:54:05.223 [Thread-3] DEBUG druid.sql.Connection - {conn-110001} closed
2018-01-05 16:54:05.223 [Thread-3] DEBUG druid.sql.Connection - {conn-110002} closed
2018-01-05 16:54:05.223 [Thread-3] DEBUG druid.sql.Connection - {conn-110002} closed
2018-01-05 16:54:05.225 [Thread-3] DEBUG druid.sql.Connection - {conn-10001} closed
2018-01-05 16:54:05.226 [Thread-3] DEBUG druid.sql.Connection - {conn-10001} closed
2018-01-05 16:54:05.226 [Thread-3] DEBUG druid.sql.Connection - {conn-10002} closed
2018-01-05 16:54:05.226 [Thread-3] DEBUG druid.sql.Connection - {conn-10002} closed
