2019-11-11 10:32:32.359 [main] DEBUG org.apache.http.client.protocol.RequestAddCookies - CookieSpec selected: default
2019-11-11 10:32:32.371 [main] DEBUG org.apache.http.client.protocol.RequestAuthCache - Auth cache not set in the context
2019-11-11 10:32:32.372 [main] DEBUG o.a.h.impl.conn.PoolingHttpClientConnectionManager - Connection request: [route: {}->http://open.iplitz.com:80][total kept alive: 0; route allocated: 0 of 2; total allocated: 0 of 20]
2019-11-11 10:32:32.422 [main] DEBUG o.a.h.impl.conn.PoolingHttpClientConnectionManager - Connection leased: [id: 0][route: {}->http://open.iplitz.com:80][total kept alive: 0; route allocated: 1 of 2; total allocated: 1 of 20]
2019-11-11 10:32:32.423 [main] DEBUG org.apache.http.impl.execchain.MainClientExec - Opening connection {}->http://open.iplitz.com:80
2019-11-11 10:32:32.546 [main] DEBUG o.a.h.i.conn.DefaultHttpClientConnectionOperator - Connecting to open.iplitz.com/47.99.68.184:80
2019-11-11 10:32:32.583 [main] DEBUG o.a.h.i.conn.DefaultHttpClientConnectionOperator - Connection established 192.168.36.60:57282<->47.99.68.184:80
2019-11-11 10:32:32.583 [main] DEBUG org.apache.http.impl.execchain.MainClientExec - Executing request POST /api/open/digest/get HTTP/1.1
2019-11-11 10:32:32.583 [main] DEBUG org.apache.http.impl.execchain.MainClientExec - Target auth state: UNCHALLENGED
2019-11-11 10:32:32.584 [main] DEBUG org.apache.http.impl.execchain.MainClientExec - Proxy auth state: UNCHALLENGED
2019-11-11 10:32:32.586 [main] DEBUG org.apache.http.headers - http-outgoing-0 >> POST /api/open/digest/get HTTP/1.1
2019-11-11 10:32:32.586 [main] DEBUG org.apache.http.headers - http-outgoing-0 >> Content-Type: application/json
2019-11-11 10:32:32.586 [main] DEBUG org.apache.http.headers - http-outgoing-0 >> Content-Length: 118
2019-11-11 10:32:32.587 [main] DEBUG org.apache.http.headers - http-outgoing-0 >> Host: open.iplitz.com
2019-11-11 10:32:32.587 [main] DEBUG org.apache.http.headers - http-outgoing-0 >> Connection: Keep-Alive
2019-11-11 10:32:32.587 [main] DEBUG org.apache.http.headers - http-outgoing-0 >> User-Agent: Apache-HttpClient/4.4.1 (Java/1.8.0_131)
2019-11-11 10:32:32.587 [main] DEBUG org.apache.http.headers - http-outgoing-0 >> Accept-Encoding: gzip,deflate
2019-11-11 10:32:32.587 [main] DEBUG org.apache.http.wire - http-outgoing-0 >> "POST /api/open/digest/get HTTP/1.1[\r][\n]"
2019-11-11 10:32:32.588 [main] DEBUG org.apache.http.wire - http-outgoing-0 >> "Content-Type: application/json[\r][\n]"
2019-11-11 10:32:32.588 [main] DEBUG org.apache.http.wire - http-outgoing-0 >> "Content-Length: 118[\r][\n]"
2019-11-11 10:32:32.588 [main] DEBUG org.apache.http.wire - http-outgoing-0 >> "Host: open.iplitz.com[\r][\n]"
2019-11-11 10:32:32.588 [main] DEBUG org.apache.http.wire - http-outgoing-0 >> "Connection: Keep-Alive[\r][\n]"
2019-11-11 10:32:32.588 [main] DEBUG org.apache.http.wire - http-outgoing-0 >> "User-Agent: Apache-HttpClient/4.4.1 (Java/1.8.0_131)[\r][\n]"
2019-11-11 10:32:32.588 [main] DEBUG org.apache.http.wire - http-outgoing-0 >> "Accept-Encoding: gzip,deflate[\r][\n]"
2019-11-11 10:32:32.588 [main] DEBUG org.apache.http.wire - http-outgoing-0 >> "[\r][\n]"
2019-11-11 10:32:32.588 [main] DEBUG org.apache.http.wire - http-outgoing-0 >> "{"AppId":"aef9400912e14c8db42201b42c075cab","DeviceId":"1f088093eb117f8520da8e7758bc3e8e","Timestamp":"1573439551652"}"
2019-11-11 10:32:32.639 [main] DEBUG org.apache.http.wire - http-outgoing-0 << "HTTP/1.1 200 OK[\r][\n]"
2019-11-11 10:32:32.639 [main] DEBUG org.apache.http.wire - http-outgoing-0 << "Server: nginx[\r][\n]"
2019-11-11 10:32:32.639 [main] DEBUG org.apache.http.wire - http-outgoing-0 << "Date: Mon, 11 Nov 2019 02:32:32 GMT[\r][\n]"
2019-11-11 10:32:32.639 [main] DEBUG org.apache.http.wire - http-outgoing-0 << "Content-Type: application/json;charset=UTF-8[\r][\n]"
2019-11-11 10:32:32.641 [main] DEBUG org.apache.http.wire - http-outgoing-0 << "Transfer-Encoding: chunked[\r][\n]"
2019-11-11 10:32:32.642 [main] DEBUG org.apache.http.wire - http-outgoing-0 << "Connection: keep-alive[\r][\n]"
2019-11-11 10:32:32.642 [main] DEBUG org.apache.http.wire - http-outgoing-0 << "Vary: Accept-Encoding[\r][\n]"
2019-11-11 10:32:32.642 [main] DEBUG org.apache.http.wire - http-outgoing-0 << "Set-Cookie: JSESSIONID=93EDE112647DA61F66A081D235727303; Path=/; HttpOnly[\r][\n]"
2019-11-11 10:32:32.642 [main] DEBUG org.apache.http.wire - http-outgoing-0 << "Content-Encoding: gzip[\r][\n]"
2019-11-11 10:32:32.642 [main] DEBUG org.apache.http.wire - http-outgoing-0 << "[\r][\n]"
2019-11-11 10:32:32.642 [main] DEBUG org.apache.http.wire - http-outgoing-0 << "31a[\r][\n]"
2019-11-11 10:32:32.642 [main] DEBUG org.apache.http.wire - http-outgoing-0 << "[0x1f][0x8b][0x8][0x0][0x0][0x0][0x0][0x0][0x0][0x3][0x85]Tmo[0xd3]0[0x10][0xfe]+&[0x1f][0xa2]N[0xca][0xb2]$[0xeb][0xdb]"E[0xa8][0xdd][0x8a]([0xda][0x18]R[0x8b][0x98][0x84][0xf8][0xe0][0xda][0xd7][0xd4][0xcc][0xb1][0x83][0xed][0x94][0x5][0xc4][0xe7][0xf2][0xd2]2[0xb6]I[0xfb]P5>[0xdf][0xcb][0xe3][0xbb][0xe7][0xb9][0xdf][0xde][0xa5][0xe6][0xe0][0xa5]q[0x14]E[0x81]wE[0x1d][0xf5]RUI[0x19]x76[0xf7]R[0xef][0x1d][0x15][0x12]8q[0x9a][0x8][0xb5][0xd7][0xf7]@[0xdc][0xe]H[0x1]n[0xa7]9[0xf9]Q[0x81][0xa9][0xe7][0xf5][0x92][0xe3]]k[0xb7]`[0xf6][0x82][0x1][0xd1]&[0xf][0xc5][0x86]Z[0x18]~[0xf]{[x[[0x82][0x9a][0x95][0xe5][0xaa]s[0x9][0xc9][0xda][0x8][0xcc][0x1b][0x13]'[\n]"
2019-11-11 10:32:32.642 [main] DEBUG org.apache.http.wire - http-outgoing-0 << "[0xb0]Do[0xdb][0x4][0xa5][0xd1]{[0xc1][0xc1]X[0xf2]5[0x9e]$a<[0xe][0xcf][0xc3]$[0x8a][0xd3]x[0x1a]M[0xc7][0xdf][0xc8] >KN[0xc8][0xd6][0xe8][0xa2][0xf5]6[0x90][0xb][0xeb]LM[0xfe][0xf3]M[0xe2]iLt[0x7][0x88]ie[0xab][0x2][0xcc]c[0x8f]sRY[0xa1][0xf2]6[0x3][0xaf]6[0x1b]M[0xf6]XP`D[0x12][0x8e][0xc3]8$[0xd7][0xd4]:[0x2][0xc6]hC[0x84]M[0xc9][0xb3][0xe][0x18]([0xb4];4![0xfd][0xd7][0x85][0xe0][0x8]?[0xed][0x12][0xa7]gg[0xcf]_q[0xf6]zs[0xde]RU[0xef][0xb4]u[0x99]3[0x15][0xf8][0xb4],[0xa5]`[0xd4]![0xc2]L[0xcc][0x9b][0xa6]~8[0x9d][0x95][0xe2][0xf4][0xb]l|[0xb6][0x3]v[0x9f]m[0xa9][0xb4][0xe0]s[0xd8][0xd2]J[0xba][0xf0]%[0x9b][0xd4][0x94]o[0xa8][0xa4][0x8a]A&[0x1][0xdf]G[0x99][0x13][0xfb]1[0x6][0x1c][0x8e][0xc3]f[0xd1]1[0xcb]al[![0x1d][0x98][0x8c]#1V[0xba]2[0xc]f[0xb6][0x4][0xe6][0x82][0xbe][0xda][0xd1][0xbf][0x19][0xa3][0xae]\[0x96] [0x8f]0K[0xd3][0xd7][0xac][0xed][0xa7][0x9f][0x83][0x2]#X[0x8f]R(L[0xb7][0xa5][0x88][0xe3][0xf5]>[0xf8]R[0xe7]9[0x16][0xb7]r;[0xfc][0xee]w[0xa4][0xb3]YU"[0x18][0x98]S[0xc7]vA[0xf7]=[0x93][0xf2]R[0xcb][0xaa]P[0xfd][0x19][0xc1][0xc9][0xe6][0x7][0xe][0xfa][0xbf]y[0xbd]PN[0xb8]:h){[0x8d][0xac]9^[0xdc][0xd0]2[0xc8][0xc1]!5[0x97]j[0xab][0xe7][0xf5][0x15]4[0x14]^[0xf2][0xbb][0xbb][0xa7][0xd9][0xbb][0x92][0xe8];[0xaf][0x1b]o>S|[0xa1][0xe8]F[0xb6]E[0xe6]]V[0xca]yO[0xf4]>[0xfa]pj[0xb][0xff]W[0xe8]R[0x17]%[0xe]z[0xc9][0x3][0x8b]P[0x99][0xbb]U[0xf0]"[0x90]#[0xd2]%[0xb7][0x1d][0xfe]Fr~I[0xeb]f[0xaa]Y[0x1c][\r][0xa7][0xa3][0xc9][0xd8]/[0x5][0xcf][0x92]8[0x99][0xc6]~'[0xb]0[0xa1]([0xb3]G[0xfc];[0xc7][0x8b][0x86][0xb8]a[0xab]8G[0xb][0xbc][0x1d]M[0x92][0xd1]$[0x9a][0x8c][0xc7][0xc3][0xa8][0xb9][0xde][0x8b]F[0x7]8[0xb7]8[0x8c]|[0x8b]B[0xcc][0xe][0x2][0xf2][0x9f][0x4]EIt1[0x9c]^$[0x1]a[0xb4][0xb2][0x90][0x92]F[0xd7][0xa8][0xb3]&h[0xf0][0x98][0xf4]A+[0xdd][0x13]T[0x9b][0x1][0xca]K[0xad]%[0x8a][0x8a][0xc0][0xc3][0xe][0xc3][0x1c].[0x0]|[0x9d][0xc3][0x15]C[\n]"
2019-11-11 10:32:32.643 [main] DEBUG org.apache.http.wire - http-outgoing-0 << "[0x9b][0xa7][0xeb][0xd6][0x87][0x1c][0x9c][0x16]w[0xef]g[0x9f]W[0xeb][0xc5][0xd5][0x1b][0xd2][0xdf]|[0xa4][0x5][0x96][0xba]j[0xc8][0xd5][0xd5]{O[0x15][0x97]`N[0x9f][0xcb], [0x9f][0x9a]Z+[0xf1][0xb]#FQD[0x6][0x1d][0xe5][0xdb][0x3][0xa2][0xd6][0x6][0xed][0xf8]Q[0xd0][0x87][0xde]$[0xa9][0xc9][0xb1]/[0xed][0xe9]$ kj[0xef]S[0x12]_\[0x9c][0xc7][0xc3][0x11][0x19]0[0x9c]VC([0xde][0xda][0x92][0xf1]p[0x84]>[0x8b][0x7]`[0x95][0xc3]=[0x81][0xed]t[0x95]M[0x7][0xc2][0xae]v[0x95][0xe3][0xfa][0xa7]J[Q[0x6][0xf8][0xd8]5[0x98]B([0xa4],n[0xc3]=[0xd4][0x19]1[0x19][0xee][0xd0]V6/n[0x8d]7^[0xe0][0xad]*[0xc6][0xc0]Z[0xaf][0x8b][0xf8][0xf3][0x17][0xe1][0xc][0xf2][0xf6][0xba][0x5][0x0][0x0][\r][\n]"
2019-11-11 10:32:32.643 [main] DEBUG org.apache.http.wire - http-outgoing-0 << "0[\r][\n]"
2019-11-11 10:32:32.643 [main] DEBUG org.apache.http.wire - http-outgoing-0 << "[\r][\n]"
2019-11-11 10:32:32.651 [main] DEBUG org.apache.http.headers - http-outgoing-0 << HTTP/1.1 200 OK
2019-11-11 10:32:32.651 [main] DEBUG org.apache.http.headers - http-outgoing-0 << Server: nginx
2019-11-11 10:32:32.651 [main] DEBUG org.apache.http.headers - http-outgoing-0 << Date: Mon, 11 Nov 2019 02:32:32 GMT
2019-11-11 10:32:32.651 [main] DEBUG org.apache.http.headers - http-outgoing-0 << Content-Type: application/json;charset=UTF-8
2019-11-11 10:32:32.651 [main] DEBUG org.apache.http.headers - http-outgoing-0 << Transfer-Encoding: chunked
2019-11-11 10:32:32.651 [main] DEBUG org.apache.http.headers - http-outgoing-0 << Connection: keep-alive
2019-11-11 10:32:32.651 [main] DEBUG org.apache.http.headers - http-outgoing-0 << Vary: Accept-Encoding
2019-11-11 10:32:32.651 [main] DEBUG org.apache.http.headers - http-outgoing-0 << Set-Cookie: JSESSIONID=93EDE112647DA61F66A081D235727303; Path=/; HttpOnly
2019-11-11 10:32:32.651 [main] DEBUG org.apache.http.headers - http-outgoing-0 << Content-Encoding: gzip
2019-11-11 10:32:32.656 [main] DEBUG org.apache.http.impl.execchain.MainClientExec - Connection can be kept alive indefinitely
2019-11-11 10:32:32.660 [main] DEBUG o.a.http.client.protocol.ResponseProcessCookies - Cookie accepted [JSESSIONID="93EDE112647DA61F66A081D235727303", version:0, domain:open.iplitz.com, path:/, expiry:null]
2019-11-11 10:32:32.663 [main] DEBUG o.a.h.impl.conn.PoolingHttpClientConnectionManager - Connection [id: 0][route: {}->http://open.iplitz.com:80] can be kept alive indefinitely
2019-11-11 10:32:32.663 [main] DEBUG o.a.h.impl.conn.PoolingHttpClientConnectionManager - Connection released: [id: 0][route: {}->http://open.iplitz.com:80][total kept alive: 1; route allocated: 1 of 2; total allocated: 1 of 20]
2019-11-11 10:32:32.663 [main] DEBUG org.apache.http.impl.execchain.MainClientExec - Cancelling request execution
2019-11-11 10:32:32.664 [main] INFO  com.jk.framework.common.utils.CloseableHttpUtil - time:745ms,API:http://open.iplitz.com/api/open/digest/get,parMap:{"AppId":"aef9400912e14c8db42201b42c075cab","DeviceId":"1f088093eb117f8520da8e7758bc3e8e","Timestamp":"1573439551652"},headerMap:null
2019-11-11 10:32:32.691 [main] DEBUG org.apache.http.client.protocol.RequestAddCookies - CookieSpec selected: default
2019-11-11 10:32:32.692 [main] DEBUG org.apache.http.client.protocol.RequestAuthCache - Auth cache not set in the context
2019-11-11 10:32:32.692 [main] DEBUG o.a.h.impl.conn.PoolingHttpClientConnectionManager - Connection request: [route: {}->http://open.iplitz.com:80][total kept alive: 0; route allocated: 0 of 2; total allocated: 0 of 20]
2019-11-11 10:32:32.692 [main] DEBUG o.a.h.impl.conn.PoolingHttpClientConnectionManager - Connection leased: [id: 1][route: {}->http://open.iplitz.com:80][total kept alive: 0; route allocated: 1 of 2; total allocated: 1 of 20]
2019-11-11 10:32:32.692 [main] DEBUG org.apache.http.impl.execchain.MainClientExec - Opening connection {}->http://open.iplitz.com:80
2019-11-11 10:32:32.692 [main] DEBUG o.a.h.i.conn.DefaultHttpClientConnectionOperator - Connecting to open.iplitz.com/47.99.68.184:80
2019-11-11 10:32:32.723 [main] DEBUG o.a.h.i.conn.DefaultHttpClientConnectionOperator - Connection established 192.168.36.60:57283<->47.99.68.184:80
2019-11-11 10:32:32.723 [main] DEBUG org.apache.http.impl.execchain.MainClientExec - Executing request POST /api/open/device/status HTTP/1.1
2019-11-11 10:32:32.724 [main] DEBUG org.apache.http.impl.execchain.MainClientExec - Target auth state: UNCHALLENGED
2019-11-11 10:32:32.724 [main] DEBUG org.apache.http.impl.execchain.MainClientExec - Proxy auth state: UNCHALLENGED
2019-11-11 10:32:32.724 [main] DEBUG org.apache.http.headers - http-outgoing-1 >> POST /api/open/device/status HTTP/1.1
2019-11-11 10:32:32.724 [main] DEBUG org.apache.http.headers - http-outgoing-1 >> Content-Type: application/json
2019-11-11 10:32:32.724 [main] DEBUG org.apache.http.headers - http-outgoing-1 >> Content-Length: 118
2019-11-11 10:32:32.724 [main] DEBUG org.apache.http.headers - http-outgoing-1 >> Host: open.iplitz.com
2019-11-11 10:32:32.724 [main] DEBUG org.apache.http.headers - http-outgoing-1 >> Connection: Keep-Alive
2019-11-11 10:32:32.724 [main] DEBUG org.apache.http.headers - http-outgoing-1 >> User-Agent: Apache-HttpClient/4.4.1 (Java/1.8.0_131)
2019-11-11 10:32:32.724 [main] DEBUG org.apache.http.headers - http-outgoing-1 >> Accept-Encoding: gzip,deflate
2019-11-11 10:32:32.724 [main] DEBUG org.apache.http.wire - http-outgoing-1 >> "POST /api/open/device/status HTTP/1.1[\r][\n]"
2019-11-11 10:32:32.724 [main] DEBUG org.apache.http.wire - http-outgoing-1 >> "Content-Type: application/json[\r][\n]"
2019-11-11 10:32:32.724 [main] DEBUG org.apache.http.wire - http-outgoing-1 >> "Content-Length: 118[\r][\n]"
2019-11-11 10:32:32.724 [main] DEBUG org.apache.http.wire - http-outgoing-1 >> "Host: open.iplitz.com[\r][\n]"
2019-11-11 10:32:32.724 [main] DEBUG org.apache.http.wire - http-outgoing-1 >> "Connection: Keep-Alive[\r][\n]"
2019-11-11 10:32:32.724 [main] DEBUG org.apache.http.wire - http-outgoing-1 >> "User-Agent: Apache-HttpClient/4.4.1 (Java/1.8.0_131)[\r][\n]"
2019-11-11 10:32:32.724 [main] DEBUG org.apache.http.wire - http-outgoing-1 >> "Accept-Encoding: gzip,deflate[\r][\n]"
2019-11-11 10:32:32.724 [main] DEBUG org.apache.http.wire - http-outgoing-1 >> "[\r][\n]"
2019-11-11 10:32:32.724 [main] DEBUG org.apache.http.wire - http-outgoing-1 >> "{"AppId":"aef9400912e14c8db42201b42c075cab","DeviceId":"1f088093eb117f8520da8e7758bc3e8e","Timestamp":"1573439551652"}"
2019-11-11 10:32:32.772 [main] DEBUG org.apache.http.wire - http-outgoing-1 << "HTTP/1.1 200 OK[\r][\n]"
2019-11-11 10:32:32.772 [main] DEBUG org.apache.http.wire - http-outgoing-1 << "Server: nginx[\r][\n]"
2019-11-11 10:32:32.772 [main] DEBUG org.apache.http.wire - http-outgoing-1 << "Date: Mon, 11 Nov 2019 02:32:32 GMT[\r][\n]"
2019-11-11 10:32:32.772 [main] DEBUG org.apache.http.wire - http-outgoing-1 << "Content-Type: application/json;charset=UTF-8[\r][\n]"
2019-11-11 10:32:32.772 [main] DEBUG org.apache.http.wire - http-outgoing-1 << "Content-Length: 68[\r][\n]"
2019-11-11 10:32:32.772 [main] DEBUG org.apache.http.wire - http-outgoing-1 << "Connection: keep-alive[\r][\n]"
2019-11-11 10:32:32.772 [main] DEBUG org.apache.http.wire - http-outgoing-1 << "Set-Cookie: JSESSIONID=18D1262CCD2469AB3D05AEFE7D67C512; Path=/; HttpOnly[\r][\n]"
2019-11-11 10:32:32.772 [main] DEBUG org.apache.http.wire - http-outgoing-1 << "[\r][\n]"
2019-11-11 10:32:32.772 [main] DEBUG org.apache.http.wire - http-outgoing-1 << "{"Code":1000,"Data":null,"Msg":"[0xe7][0xad][0xbe][0xe5][0x90][0x8d][0xe4][0xb8][0x8d][0xe8][0x83][0xbd][0xe4][0xb8][0xba][0xe7][0xa9][0xba]","Success":false}"
2019-11-11 10:32:32.772 [main] DEBUG org.apache.http.headers - http-outgoing-1 << HTTP/1.1 200 OK
2019-11-11 10:32:32.772 [main] DEBUG org.apache.http.headers - http-outgoing-1 << Server: nginx
2019-11-11 10:32:32.772 [main] DEBUG org.apache.http.headers - http-outgoing-1 << Date: Mon, 11 Nov 2019 02:32:32 GMT
2019-11-11 10:32:32.772 [main] DEBUG org.apache.http.headers - http-outgoing-1 << Content-Type: application/json;charset=UTF-8
2019-11-11 10:32:32.773 [main] DEBUG org.apache.http.headers - http-outgoing-1 << Content-Length: 68
2019-11-11 10:32:32.773 [main] DEBUG org.apache.http.headers - http-outgoing-1 << Connection: keep-alive
2019-11-11 10:32:32.773 [main] DEBUG org.apache.http.headers - http-outgoing-1 << Set-Cookie: JSESSIONID=18D1262CCD2469AB3D05AEFE7D67C512; Path=/; HttpOnly
2019-11-11 10:32:32.773 [main] DEBUG org.apache.http.impl.execchain.MainClientExec - Connection can be kept alive indefinitely
2019-11-11 10:32:32.773 [main] DEBUG o.a.http.client.protocol.ResponseProcessCookies - Cookie accepted [JSESSIONID="18D1262CCD2469AB3D05AEFE7D67C512", version:0, domain:open.iplitz.com, path:/, expiry:null]
2019-11-11 10:32:32.774 [main] DEBUG o.a.h.impl.conn.PoolingHttpClientConnectionManager - Connection [id: 1][route: {}->http://open.iplitz.com:80] can be kept alive indefinitely
2019-11-11 10:32:32.774 [main] DEBUG o.a.h.impl.conn.PoolingHttpClientConnectionManager - Connection released: [id: 1][route: {}->http://open.iplitz.com:80][total kept alive: 1; route allocated: 1 of 2; total allocated: 1 of 20]
2019-11-11 10:32:32.774 [main] DEBUG org.apache.http.impl.execchain.MainClientExec - Cancelling request execution
2019-11-11 10:32:32.774 [main] INFO  com.jk.framework.common.utils.CloseableHttpUtil - time:86ms,API:http://open.iplitz.com/api/open/device/status,parMap:{"AppId":"aef9400912e14c8db42201b42c075cab","DeviceId":"1f088093eb117f8520da8e7758bc3e8e","Timestamp":"1573439551652"},headerMap:null
