2018-01-24 15:58:20.518 [main] ERROR o.springframework.test.context.TestContextManager - Caught exception while allowing TestExecutionListener [org.springframework.test.context.web.ServletTestExecutionListener@654c1a54] to prepare test instance [com.taisf.services.test.supplier.proxy.SupplierProductServiceProxyTest@5bdaf2ce]
java.lang.IllegalStateException: Failed to load ApplicationContext
	at org.springframework.test.context.DefaultCacheAwareContextLoaderDelegate.loadContext(DefaultCacheAwareContextLoaderDelegate.java:91) ~[spring-test-4.1.0.RELEASE.jar:4.1.0.RELEASE]
	at org.springframework.test.context.DefaultTestContext.getApplicationContext(DefaultTestContext.java:74) ~[spring-test-4.1.0.RELEASE.jar:4.1.0.RELEASE]
	at org.springframework.test.context.web.ServletTestExecutionListener.setUpRequestContextIfNecessary(ServletTestExecutionListener.java:169) ~[spring-test-4.1.0.RELEASE.jar:4.1.0.RELEASE]
	at org.springframework.test.context.web.ServletTestExecutionListener.prepareTestInstance(ServletTestExecutionListener.java:109) ~[spring-test-4.1.0.RELEASE.jar:4.1.0.RELEASE]
	at org.springframework.test.context.TestContextManager.prepareTestInstance(TestContextManager.java:212) ~[spring-test-4.1.0.RELEASE.jar:4.1.0.RELEASE]
	at org.springframework.test.context.junit4.SpringJUnit4ClassRunner.createTest(SpringJUnit4ClassRunner.java:199) [spring-test-4.1.0.RELEASE.jar:4.1.0.RELEASE]
	at org.springframework.test.context.junit4.SpringJUnit4ClassRunner$1.runReflectiveCall(SpringJUnit4ClassRunner.java:251) [spring-test-4.1.0.RELEASE.jar:4.1.0.RELEASE]
	at org.junit.internal.runners.model.ReflectiveCallable.run(ReflectiveCallable.java:15) [junit-4.10.jar:na]
	at org.springframework.test.context.junit4.SpringJUnit4ClassRunner.methodBlock(SpringJUnit4ClassRunner.java:253) [spring-test-4.1.0.RELEASE.jar:4.1.0.RELEASE]
	at org.springframework.test.context.junit4.SpringJUnit4ClassRunner.runChild(SpringJUnit4ClassRunner.java:216) [spring-test-4.1.0.RELEASE.jar:4.1.0.RELEASE]
	at org.springframework.test.context.junit4.SpringJUnit4ClassRunner.runChild(SpringJUnit4ClassRunner.java:82) [spring-test-4.1.0.RELEASE.jar:4.1.0.RELEASE]
	at org.junit.runners.ParentRunner$3.run(ParentRunner.java:231) [junit-4.10.jar:na]
	at org.junit.runners.ParentRunner$1.schedule(ParentRunner.java:60) [junit-4.10.jar:na]
	at org.junit.runners.ParentRunner.runChildren(ParentRunner.java:229) [junit-4.10.jar:na]
	at org.junit.runners.ParentRunner.access$000(ParentRunner.java:50) [junit-4.10.jar:na]
	at org.junit.runners.ParentRunner$2.evaluate(ParentRunner.java:222) [junit-4.10.jar:na]
	at org.springframework.test.context.junit4.statements.RunBeforeTestClassCallbacks.evaluate(RunBeforeTestClassCallbacks.java:60) [spring-test-4.1.0.RELEASE.jar:4.1.0.RELEASE]
	at org.springframework.test.context.junit4.statements.RunAfterTestClassCallbacks.evaluate(RunAfterTestClassCallbacks.java:67) [spring-test-4.1.0.RELEASE.jar:4.1.0.RELEASE]
	at org.junit.runners.ParentRunner.run(ParentRunner.java:300) [junit-4.10.jar:na]
	at org.springframework.test.context.junit4.SpringJUnit4ClassRunner.run(SpringJUnit4ClassRunner.java:162) [spring-test-4.1.0.RELEASE.jar:4.1.0.RELEASE]
	at org.junit.runner.JUnitCore.run(JUnitCore.java:157) [junit-4.10.jar:na]
	at com.intellij.junit4.JUnit4IdeaTestRunner.startRunnerWithArgs(JUnit4IdeaTestRunner.java:68) [junit-rt.jar:na]
	at com.intellij.rt.execution.junit.IdeaTestRunner$Repeater.startRunnerWithArgs(IdeaTestRunner.java:51) [junit-rt.jar:na]
	at com.intellij.rt.execution.junit.JUnitStarter.prepareStreamsAndStart(JUnitStarter.java:237) [junit-rt.jar:na]
	at com.intellij.rt.execution.junit.JUnitStarter.main(JUnitStarter.java:70) [junit-rt.jar:na]
Caused by: org.springframework.beans.factory.BeanCreationException: Error creating bean with name 'order.cartServiceProxy': Injection of resource dependencies failed; nested exception is org.springframework.beans.factory.BeanCreationException: Error creating bean with name 'order.cartManagerImpl': Injection of resource dependencies failed; nested exception is org.springframework.beans.factory.BeanCreationException: Error creating bean with name 'order.cartDao': Injection of autowired dependencies failed; nested exception is org.springframework.beans.factory.BeanCreationException: Could not autowire field: protected com.jk.framework.dao.base.MybatisDaoContext com.taisf.services.common.dao.BaseDao.mybatisDaoContext; nested exception is org.springframework.beans.factory.BeanCreationException: Error creating bean with name 'taisf.MybatisDaoContext' defined in class path resource [META-INF/spring/applicationContext-taisf.xml]: Cannot resolve reference to bean 'taisf.writeSqlSessionTemplate.M' while setting bean property 'writeSqlSessionTemplate'; nested exception is org.springframework.beans.factory.BeanCreationException: Error creating bean with name 'taisf.writeSqlSessionTemplate.M' defined in class path resource [META-INF/spring/applicationContext-taisf.xml]: Cannot resolve reference to bean 'taisf.sqlSessionFactory.M' while setting constructor argument; nested exception is org.springframework.beans.factory.BeanCreationException: Error creating bean with name 'taisf.sqlSessionFactory.M' defined in class path resource [META-INF/spring/applicationContext-taisf.xml]: Cannot resolve reference to bean 'taisf.datasource.M' while setting bean property 'dataSource'; nested exception is org.springframework.beans.factory.BeanCreationException: Error creating bean with name 'taisf.datasource.M' defined in class path resource [META-INF/spring/applicationContext-taisf.xml]: Initialization of bean failed; nested exception is org.springframework.beans.TypeMismatchException: Failed to convert property value of type 'java.lang.String' to required type 'int' for property 'initialSize'; nested exception is java.lang.NumberFormatException: For input string: "${druid.initialSize}"
	at org.springframework.context.annotation.CommonAnnotationBeanPostProcessor.postProcessPropertyValues(CommonAnnotationBeanPostProcessor.java:308) ~[spring-context-4.1.0.RELEASE.jar:4.1.0.RELEASE]
	at org.springframework.beans.factory.support.AbstractAutowireCapableBeanFactory.populateBean(AbstractAutowireCapableBeanFactory.java:1204) ~[spring-beans-4.1.0.RELEASE.jar:4.1.0.RELEASE]
	at org.springframework.beans.factory.support.AbstractAutowireCapableBeanFactory.doCreateBean(AbstractAutowireCapableBeanFactory.java:538) ~[spring-beans-4.1.0.RELEASE.jar:4.1.0.RELEASE]
	at org.springframework.beans.factory.support.AbstractAutowireCapableBeanFactory.createBean(AbstractAutowireCapableBeanFactory.java:476) ~[spring-beans-4.1.0.RELEASE.jar:4.1.0.RELEASE]
	at org.springframework.beans.factory.support.AbstractBeanFactory$1.getObject(AbstractBeanFactory.java:302) ~[spring-beans-4.1.0.RELEASE.jar:4.1.0.RELEASE]
	at org.springframework.beans.factory.support.DefaultSingletonBeanRegistry.getSingleton(DefaultSingletonBeanRegistry.java:229) ~[spring-beans-4.1.0.RELEASE.jar:4.1.0.RELEASE]
	at org.springframework.beans.factory.support.AbstractBeanFactory.doGetBean(AbstractBeanFactory.java:298) ~[spring-beans-4.1.0.RELEASE.jar:4.1.0.RELEASE]
	at org.springframework.beans.factory.support.AbstractBeanFactory.getBean(AbstractBeanFactory.java:193) ~[spring-beans-4.1.0.RELEASE.jar:4.1.0.RELEASE]
	at org.springframework.beans.factory.support.DefaultListableBeanFactory.preInstantiateSingletons(DefaultListableBeanFactory.java:725) ~[spring-beans-4.1.0.RELEASE.jar:4.1.0.RELEASE]
	at org.springframework.context.support.AbstractApplicationContext.finishBeanFactoryInitialization(AbstractApplicationContext.java:757) ~[spring-context-4.1.0.RELEASE.jar:4.1.0.RELEASE]
	at org.springframework.context.support.AbstractApplicationContext.refresh(AbstractApplicationContext.java:480) ~[spring-context-4.1.0.RELEASE.jar:4.1.0.RELEASE]
	at org.springframework.test.context.web.AbstractGenericWebContextLoader.loadContext(AbstractGenericWebContextLoader.java:132) ~[spring-test-4.1.0.RELEASE.jar:4.1.0.RELEASE]
	at org.springframework.test.context.web.AbstractGenericWebContextLoader.loadContext(AbstractGenericWebContextLoader.java:59) ~[spring-test-4.1.0.RELEASE.jar:4.1.0.RELEASE]
	at org.springframework.test.context.support.AbstractDelegatingSmartContextLoader.delegateLoading(AbstractDelegatingSmartContextLoader.java:108) ~[spring-test-4.1.0.RELEASE.jar:4.1.0.RELEASE]
	at org.springframework.test.context.support.AbstractDelegatingSmartContextLoader.loadContext(AbstractDelegatingSmartContextLoader.java:260) ~[spring-test-4.1.0.RELEASE.jar:4.1.0.RELEASE]
	at org.springframework.test.context.DefaultCacheAwareContextLoaderDelegate.loadContextInternal(DefaultCacheAwareContextLoaderDelegate.java:63) ~[spring-test-4.1.0.RELEASE.jar:4.1.0.RELEASE]
	at org.springframework.test.context.DefaultCacheAwareContextLoaderDelegate.loadContext(DefaultCacheAwareContextLoaderDelegate.java:83) ~[spring-test-4.1.0.RELEASE.jar:4.1.0.RELEASE]
	... 24 common frames omitted
Caused by: org.springframework.beans.factory.BeanCreationException: Error creating bean with name 'order.cartManagerImpl': Injection of resource dependencies failed; nested exception is org.springframework.beans.factory.BeanCreationException: Error creating bean with name 'order.cartDao': Injection of autowired dependencies failed; nested exception is org.springframework.beans.factory.BeanCreationException: Could not autowire field: protected com.jk.framework.dao.base.MybatisDaoContext com.taisf.services.common.dao.BaseDao.mybatisDaoContext; nested exception is org.springframework.beans.factory.BeanCreationException: Error creating bean with name 'taisf.MybatisDaoContext' defined in class path resource [META-INF/spring/applicationContext-taisf.xml]: Cannot resolve reference to bean 'taisf.writeSqlSessionTemplate.M' while setting bean property 'writeSqlSessionTemplate'; nested exception is org.springframework.beans.factory.BeanCreationException: Error creating bean with name 'taisf.writeSqlSessionTemplate.M' defined in class path resource [META-INF/spring/applicationContext-taisf.xml]: Cannot resolve reference to bean 'taisf.sqlSessionFactory.M' while setting constructor argument; nested exception is org.springframework.beans.factory.BeanCreationException: Error creating bean with name 'taisf.sqlSessionFactory.M' defined in class path resource [META-INF/spring/applicationContext-taisf.xml]: Cannot resolve reference to bean 'taisf.datasource.M' while setting bean property 'dataSource'; nested exception is org.springframework.beans.factory.BeanCreationException: Error creating bean with name 'taisf.datasource.M' defined in class path resource [META-INF/spring/applicationContext-taisf.xml]: Initialization of bean failed; nested exception is org.springframework.beans.TypeMismatchException: Failed to convert property value of type 'java.lang.String' to required type 'int' for property 'initialSize'; nested exception is java.lang.NumberFormatException: For input string: "${druid.initialSize}"
	at org.springframework.context.annotation.CommonAnnotationBeanPostProcessor.postProcessPropertyValues(CommonAnnotationBeanPostProcessor.java:308) ~[spring-context-4.1.0.RELEASE.jar:4.1.0.RELEASE]
	at org.springframework.beans.factory.support.AbstractAutowireCapableBeanFactory.populateBean(AbstractAutowireCapableBeanFactory.java:1204) ~[spring-beans-4.1.0.RELEASE.jar:4.1.0.RELEASE]
	at org.springframework.beans.factory.support.AbstractAutowireCapableBeanFactory.doCreateBean(AbstractAutowireCapableBeanFactory.java:538) ~[spring-beans-4.1.0.RELEASE.jar:4.1.0.RELEASE]
	at org.springframework.beans.factory.support.AbstractAutowireCapableBeanFactory.createBean(AbstractAutowireCapableBeanFactory.java:476) ~[spring-beans-4.1.0.RELEASE.jar:4.1.0.RELEASE]
	at org.springframework.beans.factory.support.AbstractBeanFactory$1.getObject(AbstractBeanFactory.java:302) ~[spring-beans-4.1.0.RELEASE.jar:4.1.0.RELEASE]
	at org.springframework.beans.factory.support.DefaultSingletonBeanRegistry.getSingleton(DefaultSingletonBeanRegistry.java:229) ~[spring-beans-4.1.0.RELEASE.jar:4.1.0.RELEASE]
	at org.springframework.beans.factory.support.AbstractBeanFactory.doGetBean(AbstractBeanFactory.java:298) ~[spring-beans-4.1.0.RELEASE.jar:4.1.0.RELEASE]
	at org.springframework.beans.factory.support.AbstractBeanFactory.getBean(AbstractBeanFactory.java:198) ~[spring-beans-4.1.0.RELEASE.jar:4.1.0.RELEASE]
	at org.springframework.context.annotation.CommonAnnotationBeanPostProcessor.autowireResource(CommonAnnotationBeanPostProcessor.java:446) ~[spring-context-4.1.0.RELEASE.jar:4.1.0.RELEASE]
	at org.springframework.context.annotation.CommonAnnotationBeanPostProcessor.getResource(CommonAnnotationBeanPostProcessor.java:420) ~[spring-context-4.1.0.RELEASE.jar:4.1.0.RELEASE]
	at org.springframework.context.annotation.CommonAnnotationBeanPostProcessor$ResourceElement.getResourceToInject(CommonAnnotationBeanPostProcessor.java:545) ~[spring-context-4.1.0.RELEASE.jar:4.1.0.RELEASE]
	at org.springframework.beans.factory.annotation.InjectionMetadata$InjectedElement.inject(InjectionMetadata.java:155) ~[spring-beans-4.1.0.RELEASE.jar:4.1.0.RELEASE]
	at org.springframework.beans.factory.annotation.InjectionMetadata.inject(InjectionMetadata.java:87) ~[spring-beans-4.1.0.RELEASE.jar:4.1.0.RELEASE]
	at org.springframework.context.annotation.CommonAnnotationBeanPostProcessor.postProcessPropertyValues(CommonAnnotationBeanPostProcessor.java:305) ~[spring-context-4.1.0.RELEASE.jar:4.1.0.RELEASE]
	... 40 common frames omitted
Caused by: org.springframework.beans.factory.BeanCreationException: Error creating bean with name 'order.cartDao': Injection of autowired dependencies failed; nested exception is org.springframework.beans.factory.BeanCreationException: Could not autowire field: protected com.jk.framework.dao.base.MybatisDaoContext com.taisf.services.common.dao.BaseDao.mybatisDaoContext; nested exception is org.springframework.beans.factory.BeanCreationException: Error creating bean with name 'taisf.MybatisDaoContext' defined in class path resource [META-INF/spring/applicationContext-taisf.xml]: Cannot resolve reference to bean 'taisf.writeSqlSessionTemplate.M' while setting bean property 'writeSqlSessionTemplate'; nested exception is org.springframework.beans.factory.BeanCreationException: Error creating bean with name 'taisf.writeSqlSessionTemplate.M' defined in class path resource [META-INF/spring/applicationContext-taisf.xml]: Cannot resolve reference to bean 'taisf.sqlSessionFactory.M' while setting constructor argument; nested exception is org.springframework.beans.factory.BeanCreationException: Error creating bean with name 'taisf.sqlSessionFactory.M' defined in class path resource [META-INF/spring/applicationContext-taisf.xml]: Cannot resolve reference to bean 'taisf.datasource.M' while setting bean property 'dataSource'; nested exception is org.springframework.beans.factory.BeanCreationException: Error creating bean with name 'taisf.datasource.M' defined in class path resource [META-INF/spring/applicationContext-taisf.xml]: Initialization of bean failed; nested exception is org.springframework.beans.TypeMismatchException: Failed to convert property value of type 'java.lang.String' to required type 'int' for property 'initialSize'; nested exception is java.lang.NumberFormatException: For input string: "${druid.initialSize}"
	at org.springframework.beans.factory.annotation.AutowiredAnnotationBeanPostProcessor.postProcessPropertyValues(AutowiredAnnotationBeanPostProcessor.java:326) ~[spring-beans-4.1.0.RELEASE.jar:4.1.0.RELEASE]
	at org.springframework.beans.factory.support.AbstractAutowireCapableBeanFactory.populateBean(AbstractAutowireCapableBeanFactory.java:1204) ~[spring-beans-4.1.0.RELEASE.jar:4.1.0.RELEASE]
	at org.springframework.beans.factory.support.AbstractAutowireCapableBeanFactory.doCreateBean(AbstractAutowireCapableBeanFactory.java:538) ~[spring-beans-4.1.0.RELEASE.jar:4.1.0.RELEASE]
	at org.springframework.beans.factory.support.AbstractAutowireCapableBeanFactory.createBean(AbstractAutowireCapableBeanFactory.java:476) ~[spring-beans-4.1.0.RELEASE.jar:4.1.0.RELEASE]
	at org.springframework.beans.factory.support.AbstractBeanFactory$1.getObject(AbstractBeanFactory.java:302) ~[spring-beans-4.1.0.RELEASE.jar:4.1.0.RELEASE]
	at org.springframework.beans.factory.support.DefaultSingletonBeanRegistry.getSingleton(DefaultSingletonBeanRegistry.java:229) ~[spring-beans-4.1.0.RELEASE.jar:4.1.0.RELEASE]
	at org.springframework.beans.factory.support.AbstractBeanFactory.doGetBean(AbstractBeanFactory.java:298) ~[spring-beans-4.1.0.RELEASE.jar:4.1.0.RELEASE]
	at org.springframework.beans.factory.support.AbstractBeanFactory.getBean(AbstractBeanFactory.java:198) ~[spring-beans-4.1.0.RELEASE.jar:4.1.0.RELEASE]
	at org.springframework.context.annotation.CommonAnnotationBeanPostProcessor.autowireResource(CommonAnnotationBeanPostProcessor.java:446) ~[spring-context-4.1.0.RELEASE.jar:4.1.0.RELEASE]
	at org.springframework.context.annotation.CommonAnnotationBeanPostProcessor.getResource(CommonAnnotationBeanPostProcessor.java:420) ~[spring-context-4.1.0.RELEASE.jar:4.1.0.RELEASE]
	at org.springframework.context.annotation.CommonAnnotationBeanPostProcessor$ResourceElement.getResourceToInject(CommonAnnotationBeanPostProcessor.java:545) ~[spring-context-4.1.0.RELEASE.jar:4.1.0.RELEASE]
	at org.springframework.beans.factory.annotation.InjectionMetadata$InjectedElement.inject(InjectionMetadata.java:155) ~[spring-beans-4.1.0.RELEASE.jar:4.1.0.RELEASE]
	at org.springframework.beans.factory.annotation.InjectionMetadata.inject(InjectionMetadata.java:87) ~[spring-beans-4.1.0.RELEASE.jar:4.1.0.RELEASE]
	at org.springframework.context.annotation.CommonAnnotationBeanPostProcessor.postProcessPropertyValues(CommonAnnotationBeanPostProcessor.java:305) ~[spring-context-4.1.0.RELEASE.jar:4.1.0.RELEASE]
	... 53 common frames omitted
Caused by: org.springframework.beans.factory.BeanCreationException: Could not autowire field: protected com.jk.framework.dao.base.MybatisDaoContext com.taisf.services.common.dao.BaseDao.mybatisDaoContext; nested exception is org.springframework.beans.factory.BeanCreationException: Error creating bean with name 'taisf.MybatisDaoContext' defined in class path resource [META-INF/spring/applicationContext-taisf.xml]: Cannot resolve reference to bean 'taisf.writeSqlSessionTemplate.M' while setting bean property 'writeSqlSessionTemplate'; nested exception is org.springframework.beans.factory.BeanCreationException: Error creating bean with name 'taisf.writeSqlSessionTemplate.M' defined in class path resource [META-INF/spring/applicationContext-taisf.xml]: Cannot resolve reference to bean 'taisf.sqlSessionFactory.M' while setting constructor argument; nested exception is org.springframework.beans.factory.BeanCreationException: Error creating bean with name 'taisf.sqlSessionFactory.M' defined in class path resource [META-INF/spring/applicationContext-taisf.xml]: Cannot resolve reference to bean 'taisf.datasource.M' while setting bean property 'dataSource'; nested exception is org.springframework.beans.factory.BeanCreationException: Error creating bean with name 'taisf.datasource.M' defined in class path resource [META-INF/spring/applicationContext-taisf.xml]: Initialization of bean failed; nested exception is org.springframework.beans.TypeMismatchException: Failed to convert property value of type 'java.lang.String' to required type 'int' for property 'initialSize'; nested exception is java.lang.NumberFormatException: For input string: "${druid.initialSize}"
	at org.springframework.beans.factory.annotation.AutowiredAnnotationBeanPostProcessor$AutowiredFieldElement.inject(AutowiredAnnotationBeanPostProcessor.java:542) ~[spring-beans-4.1.0.RELEASE.jar:4.1.0.RELEASE]
	at org.springframework.beans.factory.annotation.InjectionMetadata.inject(InjectionMetadata.java:87) ~[spring-beans-4.1.0.RELEASE.jar:4.1.0.RELEASE]
	at org.springframework.beans.factory.annotation.AutowiredAnnotationBeanPostProcessor.postProcessPropertyValues(AutowiredAnnotationBeanPostProcessor.java:323) ~[spring-beans-4.1.0.RELEASE.jar:4.1.0.RELEASE]
	... 66 common frames omitted
Caused by: org.springframework.beans.factory.BeanCreationException: Error creating bean with name 'taisf.MybatisDaoContext' defined in class path resource [META-INF/spring/applicationContext-taisf.xml]: Cannot resolve reference to bean 'taisf.writeSqlSessionTemplate.M' while setting bean property 'writeSqlSessionTemplate'; nested exception is org.springframework.beans.factory.BeanCreationException: Error creating bean with name 'taisf.writeSqlSessionTemplate.M' defined in class path resource [META-INF/spring/applicationContext-taisf.xml]: Cannot resolve reference to bean 'taisf.sqlSessionFactory.M' while setting constructor argument; nested exception is org.springframework.beans.factory.BeanCreationException: Error creating bean with name 'taisf.sqlSessionFactory.M' defined in class path resource [META-INF/spring/applicationContext-taisf.xml]: Cannot resolve reference to bean 'taisf.datasource.M' while setting bean property 'dataSource'; nested exception is org.springframework.beans.factory.BeanCreationException: Error creating bean with name 'taisf.datasource.M' defined in class path resource [META-INF/spring/applicationContext-taisf.xml]: Initialization of bean failed; nested exception is org.springframework.beans.TypeMismatchException: Failed to convert property value of type 'java.lang.String' to required type 'int' for property 'initialSize'; nested exception is java.lang.NumberFormatException: For input string: "${druid.initialSize}"
	at org.springframework.beans.factory.support.BeanDefinitionValueResolver.resolveReference(BeanDefinitionValueResolver.java:336) ~[spring-beans-4.1.0.RELEASE.jar:4.1.0.RELEASE]
	at org.springframework.beans.factory.support.BeanDefinitionValueResolver.resolveValueIfNecessary(BeanDefinitionValueResolver.java:108) ~[spring-beans-4.1.0.RELEASE.jar:4.1.0.RELEASE]
	at org.springframework.beans.factory.support.AbstractAutowireCapableBeanFactory.applyPropertyValues(AbstractAutowireCapableBeanFactory.java:1471) ~[spring-beans-4.1.0.RELEASE.jar:4.1.0.RELEASE]
	at org.springframework.beans.factory.support.AbstractAutowireCapableBeanFactory.populateBean(AbstractAutowireCapableBeanFactory.java:1216) ~[spring-beans-4.1.0.RELEASE.jar:4.1.0.RELEASE]
	at org.springframework.beans.factory.support.AbstractAutowireCapableBeanFactory.doCreateBean(AbstractAutowireCapableBeanFactory.java:538) ~[spring-beans-4.1.0.RELEASE.jar:4.1.0.RELEASE]
	at org.springframework.beans.factory.support.AbstractAutowireCapableBeanFactory.createBean(AbstractAutowireCapableBeanFactory.java:476) ~[spring-beans-4.1.0.RELEASE.jar:4.1.0.RELEASE]
	at org.springframework.beans.factory.support.AbstractBeanFactory$1.getObject(AbstractBeanFactory.java:302) ~[spring-beans-4.1.0.RELEASE.jar:4.1.0.RELEASE]
	at org.springframework.beans.factory.support.DefaultSingletonBeanRegistry.getSingleton(DefaultSingletonBeanRegistry.java:229) ~[spring-beans-4.1.0.RELEASE.jar:4.1.0.RELEASE]
	at org.springframework.beans.factory.support.AbstractBeanFactory.doGetBean(AbstractBeanFactory.java:298) ~[spring-beans-4.1.0.RELEASE.jar:4.1.0.RELEASE]
	at org.springframework.beans.factory.support.AbstractBeanFactory.getBean(AbstractBeanFactory.java:193) ~[spring-beans-4.1.0.RELEASE.jar:4.1.0.RELEASE]
	at org.springframework.beans.factory.support.DefaultListableBeanFactory.findAutowireCandidates(DefaultListableBeanFactory.java:1081) ~[spring-beans-4.1.0.RELEASE.jar:4.1.0.RELEASE]
	at org.springframework.beans.factory.support.DefaultListableBeanFactory.doResolveDependency(DefaultListableBeanFactory.java:1006) ~[spring-beans-4.1.0.RELEASE.jar:4.1.0.RELEASE]
	at org.springframework.beans.factory.support.DefaultListableBeanFactory.resolveDependency(DefaultListableBeanFactory.java:904) ~[spring-beans-4.1.0.RELEASE.jar:4.1.0.RELEASE]
	at org.springframework.beans.factory.annotation.AutowiredAnnotationBeanPostProcessor$AutowiredFieldElement.inject(AutowiredAnnotationBeanPostProcessor.java:514) ~[spring-beans-4.1.0.RELEASE.jar:4.1.0.RELEASE]
	... 68 common frames omitted
Caused by: org.springframework.beans.factory.BeanCreationException: Error creating bean with name 'taisf.writeSqlSessionTemplate.M' defined in class path resource [META-INF/spring/applicationContext-taisf.xml]: Cannot resolve reference to bean 'taisf.sqlSessionFactory.M' while setting constructor argument; nested exception is org.springframework.beans.factory.BeanCreationException: Error creating bean with name 'taisf.sqlSessionFactory.M' defined in class path resource [META-INF/spring/applicationContext-taisf.xml]: Cannot resolve reference to bean 'taisf.datasource.M' while setting bean property 'dataSource'; nested exception is org.springframework.beans.factory.BeanCreationException: Error creating bean with name 'taisf.datasource.M' defined in class path resource [META-INF/spring/applicationContext-taisf.xml]: Initialization of bean failed; nested exception is org.springframework.beans.TypeMismatchException: Failed to convert property value of type 'java.lang.String' to required type 'int' for property 'initialSize'; nested exception is java.lang.NumberFormatException: For input string: "${druid.initialSize}"
	at org.springframework.beans.factory.support.BeanDefinitionValueResolver.resolveReference(BeanDefinitionValueResolver.java:336) ~[spring-beans-4.1.0.RELEASE.jar:4.1.0.RELEASE]
	at org.springframework.beans.factory.support.BeanDefinitionValueResolver.resolveValueIfNecessary(BeanDefinitionValueResolver.java:108) ~[spring-beans-4.1.0.RELEASE.jar:4.1.0.RELEASE]
	at org.springframework.beans.factory.support.ConstructorResolver.resolveConstructorArguments(ConstructorResolver.java:636) ~[spring-beans-4.1.0.RELEASE.jar:4.1.0.RELEASE]
	at org.springframework.beans.factory.support.ConstructorResolver.autowireConstructor(ConstructorResolver.java:140) ~[spring-beans-4.1.0.RELEASE.jar:4.1.0.RELEASE]
	at org.springframework.beans.factory.support.AbstractAutowireCapableBeanFactory.autowireConstructor(AbstractAutowireCapableBeanFactory.java:1133) ~[spring-beans-4.1.0.RELEASE.jar:4.1.0.RELEASE]
	at org.springframework.beans.factory.support.AbstractAutowireCapableBeanFactory.createBeanInstance(AbstractAutowireCapableBeanFactory.java:1036) ~[spring-beans-4.1.0.RELEASE.jar:4.1.0.RELEASE]
	at org.springframework.beans.factory.support.AbstractAutowireCapableBeanFactory.doCreateBean(AbstractAutowireCapableBeanFactory.java:505) ~[spring-beans-4.1.0.RELEASE.jar:4.1.0.RELEASE]
	at org.springframework.beans.factory.support.AbstractAutowireCapableBeanFactory.createBean(AbstractAutowireCapableBeanFactory.java:476) ~[spring-beans-4.1.0.RELEASE.jar:4.1.0.RELEASE]
	at org.springframework.beans.factory.support.AbstractBeanFactory.doGetBean(AbstractBeanFactory.java:321) ~[spring-beans-4.1.0.RELEASE.jar:4.1.0.RELEASE]
	at org.springframework.beans.factory.support.AbstractBeanFactory.getBean(AbstractBeanFactory.java:193) ~[spring-beans-4.1.0.RELEASE.jar:4.1.0.RELEASE]
	at org.springframework.beans.factory.support.BeanDefinitionValueResolver.resolveReference(BeanDefinitionValueResolver.java:328) ~[spring-beans-4.1.0.RELEASE.jar:4.1.0.RELEASE]
	... 81 common frames omitted
Caused by: org.springframework.beans.factory.BeanCreationException: Error creating bean with name 'taisf.sqlSessionFactory.M' defined in class path resource [META-INF/spring/applicationContext-taisf.xml]: Cannot resolve reference to bean 'taisf.datasource.M' while setting bean property 'dataSource'; nested exception is org.springframework.beans.factory.BeanCreationException: Error creating bean with name 'taisf.datasource.M' defined in class path resource [META-INF/spring/applicationContext-taisf.xml]: Initialization of bean failed; nested exception is org.springframework.beans.TypeMismatchException: Failed to convert property value of type 'java.lang.String' to required type 'int' for property 'initialSize'; nested exception is java.lang.NumberFormatException: For input string: "${druid.initialSize}"
	at org.springframework.beans.factory.support.BeanDefinitionValueResolver.resolveReference(BeanDefinitionValueResolver.java:336) ~[spring-beans-4.1.0.RELEASE.jar:4.1.0.RELEASE]
	at org.springframework.beans.factory.support.BeanDefinitionValueResolver.resolveValueIfNecessary(BeanDefinitionValueResolver.java:108) ~[spring-beans-4.1.0.RELEASE.jar:4.1.0.RELEASE]
	at org.springframework.beans.factory.support.AbstractAutowireCapableBeanFactory.applyPropertyValues(AbstractAutowireCapableBeanFactory.java:1471) ~[spring-beans-4.1.0.RELEASE.jar:4.1.0.RELEASE]
	at org.springframework.beans.factory.support.AbstractAutowireCapableBeanFactory.populateBean(AbstractAutowireCapableBeanFactory.java:1216) ~[spring-beans-4.1.0.RELEASE.jar:4.1.0.RELEASE]
	at org.springframework.beans.factory.support.AbstractAutowireCapableBeanFactory.doCreateBean(AbstractAutowireCapableBeanFactory.java:538) ~[spring-beans-4.1.0.RELEASE.jar:4.1.0.RELEASE]
	at org.springframework.beans.factory.support.AbstractAutowireCapableBeanFactory.createBean(AbstractAutowireCapableBeanFactory.java:476) ~[spring-beans-4.1.0.RELEASE.jar:4.1.0.RELEASE]
	at org.springframework.beans.factory.support.AbstractBeanFactory$1.getObject(AbstractBeanFactory.java:302) ~[spring-beans-4.1.0.RELEASE.jar:4.1.0.RELEASE]
	at org.springframework.beans.factory.support.DefaultSingletonBeanRegistry.getSingleton(DefaultSingletonBeanRegistry.java:229) ~[spring-beans-4.1.0.RELEASE.jar:4.1.0.RELEASE]
	at org.springframework.beans.factory.support.AbstractBeanFactory.doGetBean(AbstractBeanFactory.java:298) ~[spring-beans-4.1.0.RELEASE.jar:4.1.0.RELEASE]
	at org.springframework.beans.factory.support.AbstractBeanFactory.getBean(AbstractBeanFactory.java:193) ~[spring-beans-4.1.0.RELEASE.jar:4.1.0.RELEASE]
	at org.springframework.beans.factory.support.BeanDefinitionValueResolver.resolveReference(BeanDefinitionValueResolver.java:328) ~[spring-beans-4.1.0.RELEASE.jar:4.1.0.RELEASE]
	... 91 common frames omitted
Caused by: org.springframework.beans.factory.BeanCreationException: Error creating bean with name 'taisf.datasource.M' defined in class path resource [META-INF/spring/applicationContext-taisf.xml]: Initialization of bean failed; nested exception is org.springframework.beans.TypeMismatchException: Failed to convert property value of type 'java.lang.String' to required type 'int' for property 'initialSize'; nested exception is java.lang.NumberFormatException: For input string: "${druid.initialSize}"
	at org.springframework.beans.factory.support.AbstractAutowireCapableBeanFactory.doCreateBean(AbstractAutowireCapableBeanFactory.java:548) ~[spring-beans-4.1.0.RELEASE.jar:4.1.0.RELEASE]
	at org.springframework.beans.factory.support.AbstractAutowireCapableBeanFactory.createBean(AbstractAutowireCapableBeanFactory.java:476) ~[spring-beans-4.1.0.RELEASE.jar:4.1.0.RELEASE]
	at org.springframework.beans.factory.support.AbstractBeanFactory$1.getObject(AbstractBeanFactory.java:302) ~[spring-beans-4.1.0.RELEASE.jar:4.1.0.RELEASE]
	at org.springframework.beans.factory.support.DefaultSingletonBeanRegistry.getSingleton(DefaultSingletonBeanRegistry.java:229) ~[spring-beans-4.1.0.RELEASE.jar:4.1.0.RELEASE]
	at org.springframework.beans.factory.support.AbstractBeanFactory.doGetBean(AbstractBeanFactory.java:298) ~[spring-beans-4.1.0.RELEASE.jar:4.1.0.RELEASE]
	at org.springframework.beans.factory.support.AbstractBeanFactory.getBean(AbstractBeanFactory.java:193) ~[spring-beans-4.1.0.RELEASE.jar:4.1.0.RELEASE]
	at org.springframework.beans.factory.support.BeanDefinitionValueResolver.resolveReference(BeanDefinitionValueResolver.java:328) ~[spring-beans-4.1.0.RELEASE.jar:4.1.0.RELEASE]
	... 101 common frames omitted
Caused by: org.springframework.beans.TypeMismatchException: Failed to convert property value of type 'java.lang.String' to required type 'int' for property 'initialSize'; nested exception is java.lang.NumberFormatException: For input string: "${druid.initialSize}"
	at org.springframework.beans.BeanWrapperImpl.convertIfNecessary(BeanWrapperImpl.java:460) ~[spring-beans-4.1.0.RELEASE.jar:4.1.0.RELEASE]
	at org.springframework.beans.BeanWrapperImpl.convertForProperty(BeanWrapperImpl.java:491) ~[spring-beans-4.1.0.RELEASE.jar:4.1.0.RELEASE]
	at org.springframework.beans.BeanWrapperImpl.convertForProperty(BeanWrapperImpl.java:485) ~[spring-beans-4.1.0.RELEASE.jar:4.1.0.RELEASE]
	at org.springframework.beans.factory.support.AbstractAutowireCapableBeanFactory.convertForProperty(AbstractAutowireCapableBeanFactory.java:1517) ~[spring-beans-4.1.0.RELEASE.jar:4.1.0.RELEASE]
	at org.springframework.beans.factory.support.AbstractAutowireCapableBeanFactory.applyPropertyValues(AbstractAutowireCapableBeanFactory.java:1476) ~[spring-beans-4.1.0.RELEASE.jar:4.1.0.RELEASE]
	at org.springframework.beans.factory.support.AbstractAutowireCapableBeanFactory.populateBean(AbstractAutowireCapableBeanFactory.java:1216) ~[spring-beans-4.1.0.RELEASE.jar:4.1.0.RELEASE]
	at org.springframework.beans.factory.support.AbstractAutowireCapableBeanFactory.doCreateBean(AbstractAutowireCapableBeanFactory.java:538) ~[spring-beans-4.1.0.RELEASE.jar:4.1.0.RELEASE]
	... 107 common frames omitted
Caused by: java.lang.NumberFormatException: For input string: "${druid.initialSize}"
	at java.lang.NumberFormatException.forInputString(NumberFormatException.java:65) ~[na:1.8.0_131]
	at java.lang.Integer.parseInt(Integer.java:569) ~[na:1.8.0_131]
	at java.lang.Integer.valueOf(Integer.java:766) ~[na:1.8.0_131]
	at org.springframework.util.NumberUtils.parseNumber(NumberUtils.java:193) ~[spring-core-4.1.0.RELEASE.jar:4.1.0.RELEASE]
	at org.springframework.beans.propertyeditors.CustomNumberEditor.setAsText(CustomNumberEditor.java:113) ~[spring-beans-4.1.0.RELEASE.jar:4.1.0.RELEASE]
	at org.springframework.beans.TypeConverterDelegate.doConvertTextValue(TypeConverterDelegate.java:450) ~[spring-beans-4.1.0.RELEASE.jar:4.1.0.RELEASE]
	at org.springframework.beans.TypeConverterDelegate.doConvertValue(TypeConverterDelegate.java:423) ~[spring-beans-4.1.0.RELEASE.jar:4.1.0.RELEASE]
	at org.springframework.beans.TypeConverterDelegate.convertIfNecessary(TypeConverterDelegate.java:195) ~[spring-beans-4.1.0.RELEASE.jar:4.1.0.RELEASE]
	at org.springframework.beans.BeanWrapperImpl.convertIfNecessary(BeanWrapperImpl.java:440) ~[spring-beans-4.1.0.RELEASE.jar:4.1.0.RELEASE]
	... 113 common frames omitted
2018-01-24 18:52:03.812 [main] ERROR o.springframework.test.context.TestContextManager - Caught exception while allowing TestExecutionListener [org.springframework.test.context.web.ServletTestExecutionListener@5dcd8c7a] to prepare test instance [com.taisf.services.test.order.proxy.CartServiceProxyTest@2250b9f2]
java.lang.IllegalStateException: Failed to load ApplicationContext
	at org.springframework.test.context.DefaultCacheAwareContextLoaderDelegate.loadContext(DefaultCacheAwareContextLoaderDelegate.java:91) ~[spring-test-4.1.0.RELEASE.jar:4.1.0.RELEASE]
	at org.springframework.test.context.DefaultTestContext.getApplicationContext(DefaultTestContext.java:74) ~[spring-test-4.1.0.RELEASE.jar:4.1.0.RELEASE]
	at org.springframework.test.context.web.ServletTestExecutionListener.setUpRequestContextIfNecessary(ServletTestExecutionListener.java:169) ~[spring-test-4.1.0.RELEASE.jar:4.1.0.RELEASE]
	at org.springframework.test.context.web.ServletTestExecutionListener.prepareTestInstance(ServletTestExecutionListener.java:109) ~[spring-test-4.1.0.RELEASE.jar:4.1.0.RELEASE]
	at org.springframework.test.context.TestContextManager.prepareTestInstance(TestContextManager.java:212) ~[spring-test-4.1.0.RELEASE.jar:4.1.0.RELEASE]
	at org.springframework.test.context.junit4.SpringJUnit4ClassRunner.createTest(SpringJUnit4ClassRunner.java:199) [spring-test-4.1.0.RELEASE.jar:4.1.0.RELEASE]
	at org.springframework.test.context.junit4.SpringJUnit4ClassRunner$1.runReflectiveCall(SpringJUnit4ClassRunner.java:251) [spring-test-4.1.0.RELEASE.jar:4.1.0.RELEASE]
	at org.junit.internal.runners.model.ReflectiveCallable.run(ReflectiveCallable.java:15) [junit-4.10.jar:na]
	at org.springframework.test.context.junit4.SpringJUnit4ClassRunner.methodBlock(SpringJUnit4ClassRunner.java:253) [spring-test-4.1.0.RELEASE.jar:4.1.0.RELEASE]
	at org.springframework.test.context.junit4.SpringJUnit4ClassRunner.runChild(SpringJUnit4ClassRunner.java:216) [spring-test-4.1.0.RELEASE.jar:4.1.0.RELEASE]
	at org.springframework.test.context.junit4.SpringJUnit4ClassRunner.runChild(SpringJUnit4ClassRunner.java:82) [spring-test-4.1.0.RELEASE.jar:4.1.0.RELEASE]
	at org.junit.runners.ParentRunner$3.run(ParentRunner.java:231) [junit-4.10.jar:na]
	at org.junit.runners.ParentRunner$1.schedule(ParentRunner.java:60) [junit-4.10.jar:na]
	at org.junit.runners.ParentRunner.runChildren(ParentRunner.java:229) [junit-4.10.jar:na]
	at org.junit.runners.ParentRunner.access$000(ParentRunner.java:50) [junit-4.10.jar:na]
	at org.junit.runners.ParentRunner$2.evaluate(ParentRunner.java:222) [junit-4.10.jar:na]
	at org.springframework.test.context.junit4.statements.RunBeforeTestClassCallbacks.evaluate(RunBeforeTestClassCallbacks.java:60) [spring-test-4.1.0.RELEASE.jar:4.1.0.RELEASE]
	at org.springframework.test.context.junit4.statements.RunAfterTestClassCallbacks.evaluate(RunAfterTestClassCallbacks.java:67) [spring-test-4.1.0.RELEASE.jar:4.1.0.RELEASE]
	at org.junit.runners.ParentRunner.run(ParentRunner.java:300) [junit-4.10.jar:na]
	at org.springframework.test.context.junit4.SpringJUnit4ClassRunner.run(SpringJUnit4ClassRunner.java:162) [spring-test-4.1.0.RELEASE.jar:4.1.0.RELEASE]
	at org.junit.runner.JUnitCore.run(JUnitCore.java:157) [junit-4.10.jar:na]
	at com.intellij.junit4.JUnit4IdeaTestRunner.startRunnerWithArgs(JUnit4IdeaTestRunner.java:68) [junit-rt.jar:na]
	at com.intellij.rt.execution.junit.IdeaTestRunner$Repeater.startRunnerWithArgs(IdeaTestRunner.java:51) [junit-rt.jar:na]
	at com.intellij.rt.execution.junit.JUnitStarter.prepareStreamsAndStart(JUnitStarter.java:237) [junit-rt.jar:na]
	at com.intellij.rt.execution.junit.JUnitStarter.main(JUnitStarter.java:70) [junit-rt.jar:na]
Caused by: org.springframework.beans.factory.BeanCreationException: Error creating bean with name 'order.cartServiceProxy': Injection of resource dependencies failed; nested exception is org.springframework.beans.factory.BeanCreationException: Error creating bean with name 'order.cartManagerImpl': Injection of resource dependencies failed; nested exception is org.springframework.beans.factory.BeanCreationException: Error creating bean with name 'order.cartDao': Injection of autowired dependencies failed; nested exception is org.springframework.beans.factory.BeanCreationException: Could not autowire field: protected com.jk.framework.dao.base.MybatisDaoContext com.taisf.services.common.dao.BaseDao.mybatisDaoContext; nested exception is org.springframework.beans.factory.BeanCreationException: Error creating bean with name 'taisf.MybatisDaoContext' defined in class path resource [META-INF/spring/applicationContext-taisf.xml]: Cannot resolve reference to bean 'taisf.writeSqlSessionTemplate.M' while setting bean property 'writeSqlSessionTemplate'; nested exception is org.springframework.beans.factory.BeanCreationException: Error creating bean with name 'taisf.writeSqlSessionTemplate.M' defined in class path resource [META-INF/spring/applicationContext-taisf.xml]: Cannot resolve reference to bean 'taisf.sqlSessionFactory.M' while setting constructor argument; nested exception is org.springframework.beans.factory.BeanCreationException: Error creating bean with name 'taisf.sqlSessionFactory.M' defined in class path resource [META-INF/spring/applicationContext-taisf.xml]: Cannot resolve reference to bean 'taisf.datasource.M' while setting bean property 'dataSource'; nested exception is org.springframework.beans.factory.BeanCreationException: Error creating bean with name 'taisf.datasource.M' defined in class path resource [META-INF/spring/applicationContext-taisf.xml]: Initialization of bean failed; nested exception is org.springframework.beans.TypeMismatchException: Failed to convert property value of type 'java.lang.String' to required type 'int' for property 'initialSize'; nested exception is java.lang.NumberFormatException: For input string: "${druid.initialSize}"
	at org.springframework.context.annotation.CommonAnnotationBeanPostProcessor.postProcessPropertyValues(CommonAnnotationBeanPostProcessor.java:308) ~[spring-context-4.1.0.RELEASE.jar:4.1.0.RELEASE]
	at org.springframework.beans.factory.support.AbstractAutowireCapableBeanFactory.populateBean(AbstractAutowireCapableBeanFactory.java:1204) ~[spring-beans-4.1.0.RELEASE.jar:4.1.0.RELEASE]
	at org.springframework.beans.factory.support.AbstractAutowireCapableBeanFactory.doCreateBean(AbstractAutowireCapableBeanFactory.java:538) ~[spring-beans-4.1.0.RELEASE.jar:4.1.0.RELEASE]
	at org.springframework.beans.factory.support.AbstractAutowireCapableBeanFactory.createBean(AbstractAutowireCapableBeanFactory.java:476) ~[spring-beans-4.1.0.RELEASE.jar:4.1.0.RELEASE]
	at org.springframework.beans.factory.support.AbstractBeanFactory$1.getObject(AbstractBeanFactory.java:302) ~[spring-beans-4.1.0.RELEASE.jar:4.1.0.RELEASE]
	at org.springframework.beans.factory.support.DefaultSingletonBeanRegistry.getSingleton(DefaultSingletonBeanRegistry.java:229) ~[spring-beans-4.1.0.RELEASE.jar:4.1.0.RELEASE]
	at org.springframework.beans.factory.support.AbstractBeanFactory.doGetBean(AbstractBeanFactory.java:298) ~[spring-beans-4.1.0.RELEASE.jar:4.1.0.RELEASE]
	at org.springframework.beans.factory.support.AbstractBeanFactory.getBean(AbstractBeanFactory.java:193) ~[spring-beans-4.1.0.RELEASE.jar:4.1.0.RELEASE]
	at org.springframework.beans.factory.support.DefaultListableBeanFactory.preInstantiateSingletons(DefaultListableBeanFactory.java:725) ~[spring-beans-4.1.0.RELEASE.jar:4.1.0.RELEASE]
	at org.springframework.context.support.AbstractApplicationContext.finishBeanFactoryInitialization(AbstractApplicationContext.java:757) ~[spring-context-4.1.0.RELEASE.jar:4.1.0.RELEASE]
	at org.springframework.context.support.AbstractApplicationContext.refresh(AbstractApplicationContext.java:480) ~[spring-context-4.1.0.RELEASE.jar:4.1.0.RELEASE]
	at org.springframework.test.context.web.AbstractGenericWebContextLoader.loadContext(AbstractGenericWebContextLoader.java:132) ~[spring-test-4.1.0.RELEASE.jar:4.1.0.RELEASE]
	at org.springframework.test.context.web.AbstractGenericWebContextLoader.loadContext(AbstractGenericWebContextLoader.java:59) ~[spring-test-4.1.0.RELEASE.jar:4.1.0.RELEASE]
	at org.springframework.test.context.support.AbstractDelegatingSmartContextLoader.delegateLoading(AbstractDelegatingSmartContextLoader.java:108) ~[spring-test-4.1.0.RELEASE.jar:4.1.0.RELEASE]
	at org.springframework.test.context.support.AbstractDelegatingSmartContextLoader.loadContext(AbstractDelegatingSmartContextLoader.java:260) ~[spring-test-4.1.0.RELEASE.jar:4.1.0.RELEASE]
	at org.springframework.test.context.DefaultCacheAwareContextLoaderDelegate.loadContextInternal(DefaultCacheAwareContextLoaderDelegate.java:63) ~[spring-test-4.1.0.RELEASE.jar:4.1.0.RELEASE]
	at org.springframework.test.context.DefaultCacheAwareContextLoaderDelegate.loadContext(DefaultCacheAwareContextLoaderDelegate.java:83) ~[spring-test-4.1.0.RELEASE.jar:4.1.0.RELEASE]
	... 24 common frames omitted
Caused by: org.springframework.beans.factory.BeanCreationException: Error creating bean with name 'order.cartManagerImpl': Injection of resource dependencies failed; nested exception is org.springframework.beans.factory.BeanCreationException: Error creating bean with name 'order.cartDao': Injection of autowired dependencies failed; nested exception is org.springframework.beans.factory.BeanCreationException: Could not autowire field: protected com.jk.framework.dao.base.MybatisDaoContext com.taisf.services.common.dao.BaseDao.mybatisDaoContext; nested exception is org.springframework.beans.factory.BeanCreationException: Error creating bean with name 'taisf.MybatisDaoContext' defined in class path resource [META-INF/spring/applicationContext-taisf.xml]: Cannot resolve reference to bean 'taisf.writeSqlSessionTemplate.M' while setting bean property 'writeSqlSessionTemplate'; nested exception is org.springframework.beans.factory.BeanCreationException: Error creating bean with name 'taisf.writeSqlSessionTemplate.M' defined in class path resource [META-INF/spring/applicationContext-taisf.xml]: Cannot resolve reference to bean 'taisf.sqlSessionFactory.M' while setting constructor argument; nested exception is org.springframework.beans.factory.BeanCreationException: Error creating bean with name 'taisf.sqlSessionFactory.M' defined in class path resource [META-INF/spring/applicationContext-taisf.xml]: Cannot resolve reference to bean 'taisf.datasource.M' while setting bean property 'dataSource'; nested exception is org.springframework.beans.factory.BeanCreationException: Error creating bean with name 'taisf.datasource.M' defined in class path resource [META-INF/spring/applicationContext-taisf.xml]: Initialization of bean failed; nested exception is org.springframework.beans.TypeMismatchException: Failed to convert property value of type 'java.lang.String' to required type 'int' for property 'initialSize'; nested exception is java.lang.NumberFormatException: For input string: "${druid.initialSize}"
	at org.springframework.context.annotation.CommonAnnotationBeanPostProcessor.postProcessPropertyValues(CommonAnnotationBeanPostProcessor.java:308) ~[spring-context-4.1.0.RELEASE.jar:4.1.0.RELEASE]
	at org.springframework.beans.factory.support.AbstractAutowireCapableBeanFactory.populateBean(AbstractAutowireCapableBeanFactory.java:1204) ~[spring-beans-4.1.0.RELEASE.jar:4.1.0.RELEASE]
	at org.springframework.beans.factory.support.AbstractAutowireCapableBeanFactory.doCreateBean(AbstractAutowireCapableBeanFactory.java:538) ~[spring-beans-4.1.0.RELEASE.jar:4.1.0.RELEASE]
	at org.springframework.beans.factory.support.AbstractAutowireCapableBeanFactory.createBean(AbstractAutowireCapableBeanFactory.java:476) ~[spring-beans-4.1.0.RELEASE.jar:4.1.0.RELEASE]
	at org.springframework.beans.factory.support.AbstractBeanFactory$1.getObject(AbstractBeanFactory.java:302) ~[spring-beans-4.1.0.RELEASE.jar:4.1.0.RELEASE]
	at org.springframework.beans.factory.support.DefaultSingletonBeanRegistry.getSingleton(DefaultSingletonBeanRegistry.java:229) ~[spring-beans-4.1.0.RELEASE.jar:4.1.0.RELEASE]
	at org.springframework.beans.factory.support.AbstractBeanFactory.doGetBean(AbstractBeanFactory.java:298) ~[spring-beans-4.1.0.RELEASE.jar:4.1.0.RELEASE]
	at org.springframework.beans.factory.support.AbstractBeanFactory.getBean(AbstractBeanFactory.java:198) ~[spring-beans-4.1.0.RELEASE.jar:4.1.0.RELEASE]
	at org.springframework.context.annotation.CommonAnnotationBeanPostProcessor.autowireResource(CommonAnnotationBeanPostProcessor.java:446) ~[spring-context-4.1.0.RELEASE.jar:4.1.0.RELEASE]
	at org.springframework.context.annotation.CommonAnnotationBeanPostProcessor.getResource(CommonAnnotationBeanPostProcessor.java:420) ~[spring-context-4.1.0.RELEASE.jar:4.1.0.RELEASE]
	at org.springframework.context.annotation.CommonAnnotationBeanPostProcessor$ResourceElement.getResourceToInject(CommonAnnotationBeanPostProcessor.java:545) ~[spring-context-4.1.0.RELEASE.jar:4.1.0.RELEASE]
	at org.springframework.beans.factory.annotation.InjectionMetadata$InjectedElement.inject(InjectionMetadata.java:155) ~[spring-beans-4.1.0.RELEASE.jar:4.1.0.RELEASE]
	at org.springframework.beans.factory.annotation.InjectionMetadata.inject(InjectionMetadata.java:87) ~[spring-beans-4.1.0.RELEASE.jar:4.1.0.RELEASE]
	at org.springframework.context.annotation.CommonAnnotationBeanPostProcessor.postProcessPropertyValues(CommonAnnotationBeanPostProcessor.java:305) ~[spring-context-4.1.0.RELEASE.jar:4.1.0.RELEASE]
	... 40 common frames omitted
Caused by: org.springframework.beans.factory.BeanCreationException: Error creating bean with name 'order.cartDao': Injection of autowired dependencies failed; nested exception is org.springframework.beans.factory.BeanCreationException: Could not autowire field: protected com.jk.framework.dao.base.MybatisDaoContext com.taisf.services.common.dao.BaseDao.mybatisDaoContext; nested exception is org.springframework.beans.factory.BeanCreationException: Error creating bean with name 'taisf.MybatisDaoContext' defined in class path resource [META-INF/spring/applicationContext-taisf.xml]: Cannot resolve reference to bean 'taisf.writeSqlSessionTemplate.M' while setting bean property 'writeSqlSessionTemplate'; nested exception is org.springframework.beans.factory.BeanCreationException: Error creating bean with name 'taisf.writeSqlSessionTemplate.M' defined in class path resource [META-INF/spring/applicationContext-taisf.xml]: Cannot resolve reference to bean 'taisf.sqlSessionFactory.M' while setting constructor argument; nested exception is org.springframework.beans.factory.BeanCreationException: Error creating bean with name 'taisf.sqlSessionFactory.M' defined in class path resource [META-INF/spring/applicationContext-taisf.xml]: Cannot resolve reference to bean 'taisf.datasource.M' while setting bean property 'dataSource'; nested exception is org.springframework.beans.factory.BeanCreationException: Error creating bean with name 'taisf.datasource.M' defined in class path resource [META-INF/spring/applicationContext-taisf.xml]: Initialization of bean failed; nested exception is org.springframework.beans.TypeMismatchException: Failed to convert property value of type 'java.lang.String' to required type 'int' for property 'initialSize'; nested exception is java.lang.NumberFormatException: For input string: "${druid.initialSize}"
	at org.springframework.beans.factory.annotation.AutowiredAnnotationBeanPostProcessor.postProcessPropertyValues(AutowiredAnnotationBeanPostProcessor.java:326) ~[spring-beans-4.1.0.RELEASE.jar:4.1.0.RELEASE]
	at org.springframework.beans.factory.support.AbstractAutowireCapableBeanFactory.populateBean(AbstractAutowireCapableBeanFactory.java:1204) ~[spring-beans-4.1.0.RELEASE.jar:4.1.0.RELEASE]
	at org.springframework.beans.factory.support.AbstractAutowireCapableBeanFactory.doCreateBean(AbstractAutowireCapableBeanFactory.java:538) ~[spring-beans-4.1.0.RELEASE.jar:4.1.0.RELEASE]
	at org.springframework.beans.factory.support.AbstractAutowireCapableBeanFactory.createBean(AbstractAutowireCapableBeanFactory.java:476) ~[spring-beans-4.1.0.RELEASE.jar:4.1.0.RELEASE]
	at org.springframework.beans.factory.support.AbstractBeanFactory$1.getObject(AbstractBeanFactory.java:302) ~[spring-beans-4.1.0.RELEASE.jar:4.1.0.RELEASE]
	at org.springframework.beans.factory.support.DefaultSingletonBeanRegistry.getSingleton(DefaultSingletonBeanRegistry.java:229) ~[spring-beans-4.1.0.RELEASE.jar:4.1.0.RELEASE]
	at org.springframework.beans.factory.support.AbstractBeanFactory.doGetBean(AbstractBeanFactory.java:298) ~[spring-beans-4.1.0.RELEASE.jar:4.1.0.RELEASE]
	at org.springframework.beans.factory.support.AbstractBeanFactory.getBean(AbstractBeanFactory.java:198) ~[spring-beans-4.1.0.RELEASE.jar:4.1.0.RELEASE]
	at org.springframework.context.annotation.CommonAnnotationBeanPostProcessor.autowireResource(CommonAnnotationBeanPostProcessor.java:446) ~[spring-context-4.1.0.RELEASE.jar:4.1.0.RELEASE]
	at org.springframework.context.annotation.CommonAnnotationBeanPostProcessor.getResource(CommonAnnotationBeanPostProcessor.java:420) ~[spring-context-4.1.0.RELEASE.jar:4.1.0.RELEASE]
	at org.springframework.context.annotation.CommonAnnotationBeanPostProcessor$ResourceElement.getResourceToInject(CommonAnnotationBeanPostProcessor.java:545) ~[spring-context-4.1.0.RELEASE.jar:4.1.0.RELEASE]
	at org.springframework.beans.factory.annotation.InjectionMetadata$InjectedElement.inject(InjectionMetadata.java:155) ~[spring-beans-4.1.0.RELEASE.jar:4.1.0.RELEASE]
	at org.springframework.beans.factory.annotation.InjectionMetadata.inject(InjectionMetadata.java:87) ~[spring-beans-4.1.0.RELEASE.jar:4.1.0.RELEASE]
	at org.springframework.context.annotation.CommonAnnotationBeanPostProcessor.postProcessPropertyValues(CommonAnnotationBeanPostProcessor.java:305) ~[spring-context-4.1.0.RELEASE.jar:4.1.0.RELEASE]
	... 53 common frames omitted
Caused by: org.springframework.beans.factory.BeanCreationException: Could not autowire field: protected com.jk.framework.dao.base.MybatisDaoContext com.taisf.services.common.dao.BaseDao.mybatisDaoContext; nested exception is org.springframework.beans.factory.BeanCreationException: Error creating bean with name 'taisf.MybatisDaoContext' defined in class path resource [META-INF/spring/applicationContext-taisf.xml]: Cannot resolve reference to bean 'taisf.writeSqlSessionTemplate.M' while setting bean property 'writeSqlSessionTemplate'; nested exception is org.springframework.beans.factory.BeanCreationException: Error creating bean with name 'taisf.writeSqlSessionTemplate.M' defined in class path resource [META-INF/spring/applicationContext-taisf.xml]: Cannot resolve reference to bean 'taisf.sqlSessionFactory.M' while setting constructor argument; nested exception is org.springframework.beans.factory.BeanCreationException: Error creating bean with name 'taisf.sqlSessionFactory.M' defined in class path resource [META-INF/spring/applicationContext-taisf.xml]: Cannot resolve reference to bean 'taisf.datasource.M' while setting bean property 'dataSource'; nested exception is org.springframework.beans.factory.BeanCreationException: Error creating bean with name 'taisf.datasource.M' defined in class path resource [META-INF/spring/applicationContext-taisf.xml]: Initialization of bean failed; nested exception is org.springframework.beans.TypeMismatchException: Failed to convert property value of type 'java.lang.String' to required type 'int' for property 'initialSize'; nested exception is java.lang.NumberFormatException: For input string: "${druid.initialSize}"
	at org.springframework.beans.factory.annotation.AutowiredAnnotationBeanPostProcessor$AutowiredFieldElement.inject(AutowiredAnnotationBeanPostProcessor.java:542) ~[spring-beans-4.1.0.RELEASE.jar:4.1.0.RELEASE]
	at org.springframework.beans.factory.annotation.InjectionMetadata.inject(InjectionMetadata.java:87) ~[spring-beans-4.1.0.RELEASE.jar:4.1.0.RELEASE]
	at org.springframework.beans.factory.annotation.AutowiredAnnotationBeanPostProcessor.postProcessPropertyValues(AutowiredAnnotationBeanPostProcessor.java:323) ~[spring-beans-4.1.0.RELEASE.jar:4.1.0.RELEASE]
	... 66 common frames omitted
Caused by: org.springframework.beans.factory.BeanCreationException: Error creating bean with name 'taisf.MybatisDaoContext' defined in class path resource [META-INF/spring/applicationContext-taisf.xml]: Cannot resolve reference to bean 'taisf.writeSqlSessionTemplate.M' while setting bean property 'writeSqlSessionTemplate'; nested exception is org.springframework.beans.factory.BeanCreationException: Error creating bean with name 'taisf.writeSqlSessionTemplate.M' defined in class path resource [META-INF/spring/applicationContext-taisf.xml]: Cannot resolve reference to bean 'taisf.sqlSessionFactory.M' while setting constructor argument; nested exception is org.springframework.beans.factory.BeanCreationException: Error creating bean with name 'taisf.sqlSessionFactory.M' defined in class path resource [META-INF/spring/applicationContext-taisf.xml]: Cannot resolve reference to bean 'taisf.datasource.M' while setting bean property 'dataSource'; nested exception is org.springframework.beans.factory.BeanCreationException: Error creating bean with name 'taisf.datasource.M' defined in class path resource [META-INF/spring/applicationContext-taisf.xml]: Initialization of bean failed; nested exception is org.springframework.beans.TypeMismatchException: Failed to convert property value of type 'java.lang.String' to required type 'int' for property 'initialSize'; nested exception is java.lang.NumberFormatException: For input string: "${druid.initialSize}"
	at org.springframework.beans.factory.support.BeanDefinitionValueResolver.resolveReference(BeanDefinitionValueResolver.java:336) ~[spring-beans-4.1.0.RELEASE.jar:4.1.0.RELEASE]
	at org.springframework.beans.factory.support.BeanDefinitionValueResolver.resolveValueIfNecessary(BeanDefinitionValueResolver.java:108) ~[spring-beans-4.1.0.RELEASE.jar:4.1.0.RELEASE]
	at org.springframework.beans.factory.support.AbstractAutowireCapableBeanFactory.applyPropertyValues(AbstractAutowireCapableBeanFactory.java:1471) ~[spring-beans-4.1.0.RELEASE.jar:4.1.0.RELEASE]
	at org.springframework.beans.factory.support.AbstractAutowireCapableBeanFactory.populateBean(AbstractAutowireCapableBeanFactory.java:1216) ~[spring-beans-4.1.0.RELEASE.jar:4.1.0.RELEASE]
	at org.springframework.beans.factory.support.AbstractAutowireCapableBeanFactory.doCreateBean(AbstractAutowireCapableBeanFactory.java:538) ~[spring-beans-4.1.0.RELEASE.jar:4.1.0.RELEASE]
	at org.springframework.beans.factory.support.AbstractAutowireCapableBeanFactory.createBean(AbstractAutowireCapableBeanFactory.java:476) ~[spring-beans-4.1.0.RELEASE.jar:4.1.0.RELEASE]
	at org.springframework.beans.factory.support.AbstractBeanFactory$1.getObject(AbstractBeanFactory.java:302) ~[spring-beans-4.1.0.RELEASE.jar:4.1.0.RELEASE]
	at org.springframework.beans.factory.support.DefaultSingletonBeanRegistry.getSingleton(DefaultSingletonBeanRegistry.java:229) ~[spring-beans-4.1.0.RELEASE.jar:4.1.0.RELEASE]
	at org.springframework.beans.factory.support.AbstractBeanFactory.doGetBean(AbstractBeanFactory.java:298) ~[spring-beans-4.1.0.RELEASE.jar:4.1.0.RELEASE]
	at org.springframework.beans.factory.support.AbstractBeanFactory.getBean(AbstractBeanFactory.java:193) ~[spring-beans-4.1.0.RELEASE.jar:4.1.0.RELEASE]
	at org.springframework.beans.factory.support.DefaultListableBeanFactory.findAutowireCandidates(DefaultListableBeanFactory.java:1081) ~[spring-beans-4.1.0.RELEASE.jar:4.1.0.RELEASE]
	at org.springframework.beans.factory.support.DefaultListableBeanFactory.doResolveDependency(DefaultListableBeanFactory.java:1006) ~[spring-beans-4.1.0.RELEASE.jar:4.1.0.RELEASE]
	at org.springframework.beans.factory.support.DefaultListableBeanFactory.resolveDependency(DefaultListableBeanFactory.java:904) ~[spring-beans-4.1.0.RELEASE.jar:4.1.0.RELEASE]
	at org.springframework.beans.factory.annotation.AutowiredAnnotationBeanPostProcessor$AutowiredFieldElement.inject(AutowiredAnnotationBeanPostProcessor.java:514) ~[spring-beans-4.1.0.RELEASE.jar:4.1.0.RELEASE]
	... 68 common frames omitted
Caused by: org.springframework.beans.factory.BeanCreationException: Error creating bean with name 'taisf.writeSqlSessionTemplate.M' defined in class path resource [META-INF/spring/applicationContext-taisf.xml]: Cannot resolve reference to bean 'taisf.sqlSessionFactory.M' while setting constructor argument; nested exception is org.springframework.beans.factory.BeanCreationException: Error creating bean with name 'taisf.sqlSessionFactory.M' defined in class path resource [META-INF/spring/applicationContext-taisf.xml]: Cannot resolve reference to bean 'taisf.datasource.M' while setting bean property 'dataSource'; nested exception is org.springframework.beans.factory.BeanCreationException: Error creating bean with name 'taisf.datasource.M' defined in class path resource [META-INF/spring/applicationContext-taisf.xml]: Initialization of bean failed; nested exception is org.springframework.beans.TypeMismatchException: Failed to convert property value of type 'java.lang.String' to required type 'int' for property 'initialSize'; nested exception is java.lang.NumberFormatException: For input string: "${druid.initialSize}"
	at org.springframework.beans.factory.support.BeanDefinitionValueResolver.resolveReference(BeanDefinitionValueResolver.java:336) ~[spring-beans-4.1.0.RELEASE.jar:4.1.0.RELEASE]
	at org.springframework.beans.factory.support.BeanDefinitionValueResolver.resolveValueIfNecessary(BeanDefinitionValueResolver.java:108) ~[spring-beans-4.1.0.RELEASE.jar:4.1.0.RELEASE]
	at org.springframework.beans.factory.support.ConstructorResolver.resolveConstructorArguments(ConstructorResolver.java:636) ~[spring-beans-4.1.0.RELEASE.jar:4.1.0.RELEASE]
	at org.springframework.beans.factory.support.ConstructorResolver.autowireConstructor(ConstructorResolver.java:140) ~[spring-beans-4.1.0.RELEASE.jar:4.1.0.RELEASE]
	at org.springframework.beans.factory.support.AbstractAutowireCapableBeanFactory.autowireConstructor(AbstractAutowireCapableBeanFactory.java:1133) ~[spring-beans-4.1.0.RELEASE.jar:4.1.0.RELEASE]
	at org.springframework.beans.factory.support.AbstractAutowireCapableBeanFactory.createBeanInstance(AbstractAutowireCapableBeanFactory.java:1036) ~[spring-beans-4.1.0.RELEASE.jar:4.1.0.RELEASE]
	at org.springframework.beans.factory.support.AbstractAutowireCapableBeanFactory.doCreateBean(AbstractAutowireCapableBeanFactory.java:505) ~[spring-beans-4.1.0.RELEASE.jar:4.1.0.RELEASE]
	at org.springframework.beans.factory.support.AbstractAutowireCapableBeanFactory.createBean(AbstractAutowireCapableBeanFactory.java:476) ~[spring-beans-4.1.0.RELEASE.jar:4.1.0.RELEASE]
	at org.springframework.beans.factory.support.AbstractBeanFactory.doGetBean(AbstractBeanFactory.java:321) ~[spring-beans-4.1.0.RELEASE.jar:4.1.0.RELEASE]
	at org.springframework.beans.factory.support.AbstractBeanFactory.getBean(AbstractBeanFactory.java:193) ~[spring-beans-4.1.0.RELEASE.jar:4.1.0.RELEASE]
	at org.springframework.beans.factory.support.BeanDefinitionValueResolver.resolveReference(BeanDefinitionValueResolver.java:328) ~[spring-beans-4.1.0.RELEASE.jar:4.1.0.RELEASE]
	... 81 common frames omitted
Caused by: org.springframework.beans.factory.BeanCreationException: Error creating bean with name 'taisf.sqlSessionFactory.M' defined in class path resource [META-INF/spring/applicationContext-taisf.xml]: Cannot resolve reference to bean 'taisf.datasource.M' while setting bean property 'dataSource'; nested exception is org.springframework.beans.factory.BeanCreationException: Error creating bean with name 'taisf.datasource.M' defined in class path resource [META-INF/spring/applicationContext-taisf.xml]: Initialization of bean failed; nested exception is org.springframework.beans.TypeMismatchException: Failed to convert property value of type 'java.lang.String' to required type 'int' for property 'initialSize'; nested exception is java.lang.NumberFormatException: For input string: "${druid.initialSize}"
	at org.springframework.beans.factory.support.BeanDefinitionValueResolver.resolveReference(BeanDefinitionValueResolver.java:336) ~[spring-beans-4.1.0.RELEASE.jar:4.1.0.RELEASE]
	at org.springframework.beans.factory.support.BeanDefinitionValueResolver.resolveValueIfNecessary(BeanDefinitionValueResolver.java:108) ~[spring-beans-4.1.0.RELEASE.jar:4.1.0.RELEASE]
	at org.springframework.beans.factory.support.AbstractAutowireCapableBeanFactory.applyPropertyValues(AbstractAutowireCapableBeanFactory.java:1471) ~[spring-beans-4.1.0.RELEASE.jar:4.1.0.RELEASE]
	at org.springframework.beans.factory.support.AbstractAutowireCapableBeanFactory.populateBean(AbstractAutowireCapableBeanFactory.java:1216) ~[spring-beans-4.1.0.RELEASE.jar:4.1.0.RELEASE]
	at org.springframework.beans.factory.support.AbstractAutowireCapableBeanFactory.doCreateBean(AbstractAutowireCapableBeanFactory.java:538) ~[spring-beans-4.1.0.RELEASE.jar:4.1.0.RELEASE]
	at org.springframework.beans.factory.support.AbstractAutowireCapableBeanFactory.createBean(AbstractAutowireCapableBeanFactory.java:476) ~[spring-beans-4.1.0.RELEASE.jar:4.1.0.RELEASE]
	at org.springframework.beans.factory.support.AbstractBeanFactory$1.getObject(AbstractBeanFactory.java:302) ~[spring-beans-4.1.0.RELEASE.jar:4.1.0.RELEASE]
	at org.springframework.beans.factory.support.DefaultSingletonBeanRegistry.getSingleton(DefaultSingletonBeanRegistry.java:229) ~[spring-beans-4.1.0.RELEASE.jar:4.1.0.RELEASE]
	at org.springframework.beans.factory.support.AbstractBeanFactory.doGetBean(AbstractBeanFactory.java:298) ~[spring-beans-4.1.0.RELEASE.jar:4.1.0.RELEASE]
	at org.springframework.beans.factory.support.AbstractBeanFactory.getBean(AbstractBeanFactory.java:193) ~[spring-beans-4.1.0.RELEASE.jar:4.1.0.RELEASE]
	at org.springframework.beans.factory.support.BeanDefinitionValueResolver.resolveReference(BeanDefinitionValueResolver.java:328) ~[spring-beans-4.1.0.RELEASE.jar:4.1.0.RELEASE]
	... 91 common frames omitted
Caused by: org.springframework.beans.factory.BeanCreationException: Error creating bean with name 'taisf.datasource.M' defined in class path resource [META-INF/spring/applicationContext-taisf.xml]: Initialization of bean failed; nested exception is org.springframework.beans.TypeMismatchException: Failed to convert property value of type 'java.lang.String' to required type 'int' for property 'initialSize'; nested exception is java.lang.NumberFormatException: For input string: "${druid.initialSize}"
	at org.springframework.beans.factory.support.AbstractAutowireCapableBeanFactory.doCreateBean(AbstractAutowireCapableBeanFactory.java:548) ~[spring-beans-4.1.0.RELEASE.jar:4.1.0.RELEASE]
	at org.springframework.beans.factory.support.AbstractAutowireCapableBeanFactory.createBean(AbstractAutowireCapableBeanFactory.java:476) ~[spring-beans-4.1.0.RELEASE.jar:4.1.0.RELEASE]
	at org.springframework.beans.factory.support.AbstractBeanFactory$1.getObject(AbstractBeanFactory.java:302) ~[spring-beans-4.1.0.RELEASE.jar:4.1.0.RELEASE]
	at org.springframework.beans.factory.support.DefaultSingletonBeanRegistry.getSingleton(DefaultSingletonBeanRegistry.java:229) ~[spring-beans-4.1.0.RELEASE.jar:4.1.0.RELEASE]
	at org.springframework.beans.factory.support.AbstractBeanFactory.doGetBean(AbstractBeanFactory.java:298) ~[spring-beans-4.1.0.RELEASE.jar:4.1.0.RELEASE]
	at org.springframework.beans.factory.support.AbstractBeanFactory.getBean(AbstractBeanFactory.java:193) ~[spring-beans-4.1.0.RELEASE.jar:4.1.0.RELEASE]
	at org.springframework.beans.factory.support.BeanDefinitionValueResolver.resolveReference(BeanDefinitionValueResolver.java:328) ~[spring-beans-4.1.0.RELEASE.jar:4.1.0.RELEASE]
	... 101 common frames omitted
Caused by: org.springframework.beans.TypeMismatchException: Failed to convert property value of type 'java.lang.String' to required type 'int' for property 'initialSize'; nested exception is java.lang.NumberFormatException: For input string: "${druid.initialSize}"
	at org.springframework.beans.BeanWrapperImpl.convertIfNecessary(BeanWrapperImpl.java:460) ~[spring-beans-4.1.0.RELEASE.jar:4.1.0.RELEASE]
	at org.springframework.beans.BeanWrapperImpl.convertForProperty(BeanWrapperImpl.java:491) ~[spring-beans-4.1.0.RELEASE.jar:4.1.0.RELEASE]
	at org.springframework.beans.BeanWrapperImpl.convertForProperty(BeanWrapperImpl.java:485) ~[spring-beans-4.1.0.RELEASE.jar:4.1.0.RELEASE]
	at org.springframework.beans.factory.support.AbstractAutowireCapableBeanFactory.convertForProperty(AbstractAutowireCapableBeanFactory.java:1517) ~[spring-beans-4.1.0.RELEASE.jar:4.1.0.RELEASE]
	at org.springframework.beans.factory.support.AbstractAutowireCapableBeanFactory.applyPropertyValues(AbstractAutowireCapableBeanFactory.java:1476) ~[spring-beans-4.1.0.RELEASE.jar:4.1.0.RELEASE]
	at org.springframework.beans.factory.support.AbstractAutowireCapableBeanFactory.populateBean(AbstractAutowireCapableBeanFactory.java:1216) ~[spring-beans-4.1.0.RELEASE.jar:4.1.0.RELEASE]
	at org.springframework.beans.factory.support.AbstractAutowireCapableBeanFactory.doCreateBean(AbstractAutowireCapableBeanFactory.java:538) ~[spring-beans-4.1.0.RELEASE.jar:4.1.0.RELEASE]
	... 107 common frames omitted
Caused by: java.lang.NumberFormatException: For input string: "${druid.initialSize}"
	at java.lang.NumberFormatException.forInputString(NumberFormatException.java:65) ~[na:1.8.0_131]
	at java.lang.Integer.parseInt(Integer.java:569) ~[na:1.8.0_131]
	at java.lang.Integer.valueOf(Integer.java:766) ~[na:1.8.0_131]
	at org.springframework.util.NumberUtils.parseNumber(NumberUtils.java:193) ~[spring-core-4.1.0.RELEASE.jar:4.1.0.RELEASE]
	at org.springframework.beans.propertyeditors.CustomNumberEditor.setAsText(CustomNumberEditor.java:113) ~[spring-beans-4.1.0.RELEASE.jar:4.1.0.RELEASE]
	at org.springframework.beans.TypeConverterDelegate.doConvertTextValue(TypeConverterDelegate.java:450) ~[spring-beans-4.1.0.RELEASE.jar:4.1.0.RELEASE]
	at org.springframework.beans.TypeConverterDelegate.doConvertValue(TypeConverterDelegate.java:423) ~[spring-beans-4.1.0.RELEASE.jar:4.1.0.RELEASE]
	at org.springframework.beans.TypeConverterDelegate.convertIfNecessary(TypeConverterDelegate.java:195) ~[spring-beans-4.1.0.RELEASE.jar:4.1.0.RELEASE]
	at org.springframework.beans.BeanWrapperImpl.convertIfNecessary(BeanWrapperImpl.java:440) ~[spring-beans-4.1.0.RELEASE.jar:4.1.0.RELEASE]
	... 113 common frames omitted
