2018-08-10 15:51:37.634 [main] ERROR druid.sql.Statement - {conn-10002, pstmt-20000} execute error. insert into t_activity
     ( act_sn,
      

      
        range_limit,
      
      
        range_money ) 
     values ( ?,
      


      
        ?,
      
      
         ? )
com.mysql.jdbc.exceptions.jdbc4.MySQLSyntaxErrorException: Unknown column 'range_limit' in 'field list'
	at sun.reflect.NativeConstructorAccessorImpl.newInstance0(Native Method) ~[na:1.8.0_131]
	at sun.reflect.NativeConstructorAccessorImpl.newInstance(NativeConstructorAccessorImpl.java:62) ~[na:1.8.0_131]
	at sun.reflect.DelegatingConstructorAccessorImpl.newInstance(DelegatingConstructorAccessorImpl.java:45) ~[na:1.8.0_131]
	at java.lang.reflect.Constructor.newInstance(Constructor.java:423) ~[na:1.8.0_131]
	at com.mysql.jdbc.Util.handleNewInstance(Util.java:377) ~[mysql-connector-java-5.1.33.jar:5.1.33]
	at com.mysql.jdbc.Util.getInstance(Util.java:360) ~[mysql-connector-java-5.1.33.jar:5.1.33]
	at com.mysql.jdbc.SQLError.createSQLException(SQLError.java:978) ~[mysql-connector-java-5.1.33.jar:5.1.33]
	at com.mysql.jdbc.MysqlIO.checkErrorPacket(MysqlIO.java:3887) ~[mysql-connector-java-5.1.33.jar:5.1.33]
	at com.mysql.jdbc.MysqlIO.checkErrorPacket(MysqlIO.java:3823) ~[mysql-connector-java-5.1.33.jar:5.1.33]
	at com.mysql.jdbc.MysqlIO.sendCommand(MysqlIO.java:2435) ~[mysql-connector-java-5.1.33.jar:5.1.33]
	at com.mysql.jdbc.MysqlIO.sqlQueryDirect(MysqlIO.java:2582) ~[mysql-connector-java-5.1.33.jar:5.1.33]
	at com.mysql.jdbc.ConnectionImpl.execSQL(ConnectionImpl.java:2530) ~[mysql-connector-java-5.1.33.jar:5.1.33]
	at com.mysql.jdbc.PreparedStatement.executeInternal(PreparedStatement.java:1907) ~[mysql-connector-java-5.1.33.jar:5.1.33]
	at com.mysql.jdbc.PreparedStatement.execute(PreparedStatement.java:1199) ~[mysql-connector-java-5.1.33.jar:5.1.33]
	at com.alibaba.druid.filter.FilterChainImpl.preparedStatement_execute(FilterChainImpl.java:2931) [druid-1.0.11.jar:1.0.11]
	at com.alibaba.druid.filter.FilterEventAdapter.preparedStatement_execute(FilterEventAdapter.java:440) [druid-1.0.11.jar:1.0.11]
	at com.alibaba.druid.filter.FilterChainImpl.preparedStatement_execute(FilterChainImpl.java:2929) [druid-1.0.11.jar:1.0.11]
	at com.alibaba.druid.filter.FilterEventAdapter.preparedStatement_execute(FilterEventAdapter.java:440) [druid-1.0.11.jar:1.0.11]
	at com.alibaba.druid.filter.FilterChainImpl.preparedStatement_execute(FilterChainImpl.java:2929) [druid-1.0.11.jar:1.0.11]
	at com.alibaba.druid.proxy.jdbc.PreparedStatementProxyImpl.execute(PreparedStatementProxyImpl.java:118) [druid-1.0.11.jar:1.0.11]
	at com.alibaba.druid.pool.DruidPooledPreparedStatement.execute(DruidPooledPreparedStatement.java:493) [druid-1.0.11.jar:1.0.11]
	at sun.reflect.NativeMethodAccessorImpl.invoke0(Native Method) ~[na:1.8.0_131]
	at sun.reflect.NativeMethodAccessorImpl.invoke(NativeMethodAccessorImpl.java:62) ~[na:1.8.0_131]
	at sun.reflect.DelegatingMethodAccessorImpl.invoke(DelegatingMethodAccessorImpl.java:43) ~[na:1.8.0_131]
	at java.lang.reflect.Method.invoke(Method.java:498) ~[na:1.8.0_131]
	at org.apache.ibatis.logging.jdbc.PreparedStatementLogger.invoke(PreparedStatementLogger.java:62) [mybatis-3.2.7.jar:3.2.7]
	at com.sun.proxy.$Proxy31.execute(Unknown Source) [na:na]
	at org.apache.ibatis.executor.statement.PreparedStatementHandler.update(PreparedStatementHandler.java:44) [mybatis-3.2.7.jar:3.2.7]
	at org.apache.ibatis.executor.statement.RoutingStatementHandler.update(RoutingStatementHandler.java:69) [mybatis-3.2.7.jar:3.2.7]
	at org.apache.ibatis.executor.SimpleExecutor.doUpdate(SimpleExecutor.java:48) [mybatis-3.2.7.jar:3.2.7]
	at org.apache.ibatis.executor.BaseExecutor.update(BaseExecutor.java:105) [mybatis-3.2.7.jar:3.2.7]
	at sun.reflect.NativeMethodAccessorImpl.invoke0(Native Method) ~[na:1.8.0_131]
	at sun.reflect.NativeMethodAccessorImpl.invoke(NativeMethodAccessorImpl.java:62) ~[na:1.8.0_131]
	at sun.reflect.DelegatingMethodAccessorImpl.invoke(DelegatingMethodAccessorImpl.java:43) ~[na:1.8.0_131]
	at java.lang.reflect.Method.invoke(Method.java:498) ~[na:1.8.0_131]
	at org.apache.ibatis.plugin.Plugin.invoke(Plugin.java:62) [mybatis-3.2.7.jar:3.2.7]
	at com.sun.proxy.$Proxy29.update(Unknown Source) [na:na]
	at org.apache.ibatis.session.defaults.DefaultSqlSession.update(DefaultSqlSession.java:152) [mybatis-3.2.7.jar:3.2.7]
	at org.apache.ibatis.session.defaults.DefaultSqlSession.insert(DefaultSqlSession.java:141) [mybatis-3.2.7.jar:3.2.7]
	at sun.reflect.NativeMethodAccessorImpl.invoke0(Native Method) ~[na:1.8.0_131]
	at sun.reflect.NativeMethodAccessorImpl.invoke(NativeMethodAccessorImpl.java:62) ~[na:1.8.0_131]
	at sun.reflect.DelegatingMethodAccessorImpl.invoke(DelegatingMethodAccessorImpl.java:43) ~[na:1.8.0_131]
	at java.lang.reflect.Method.invoke(Method.java:498) ~[na:1.8.0_131]
	at org.mybatis.spring.SqlSessionTemplate$SqlSessionInterceptor.invoke(SqlSessionTemplate.java:358) [mybatis-spring-1.2.2.jar:1.2.2]
	at com.sun.proxy.$Proxy25.insert(Unknown Source) [na:na]
	at org.mybatis.spring.SqlSessionTemplate.insert(SqlSessionTemplate.java:240) [mybatis-spring-1.2.2.jar:1.2.2]
	at com.jk.framework.dao.base.MybatisDaoContext.save(MybatisDaoContext.java:200) [jk-framework-dao-0.0.1.jar:0.0.1]
	at com.jk.framework.dao.base.MybatisDaoContext.batchSave(MybatisDaoContext.java:264) [jk-framework-dao-0.0.1.jar:0.0.1]
	at com.taisf.services.activity.dao.ActivityRangeDao.saveActRangeByList(ActivityRangeDao.java:49) [classes/:na]
	at com.taisf.services.test.activity.dao.ActivityRangeDaoTest.saveActRangeByListTest(ActivityRangeDaoTest.java:47) [test-classes/:na]
	at sun.reflect.NativeMethodAccessorImpl.invoke0(Native Method) ~[na:1.8.0_131]
	at sun.reflect.NativeMethodAccessorImpl.invoke(NativeMethodAccessorImpl.java:62) ~[na:1.8.0_131]
	at sun.reflect.DelegatingMethodAccessorImpl.invoke(DelegatingMethodAccessorImpl.java:43) ~[na:1.8.0_131]
	at java.lang.reflect.Method.invoke(Method.java:498) ~[na:1.8.0_131]
	at org.junit.runners.model.FrameworkMethod$1.runReflectiveCall(FrameworkMethod.java:45) [junit-4.10.jar:na]
	at org.junit.internal.runners.model.ReflectiveCallable.run(ReflectiveCallable.java:15) [junit-4.10.jar:na]
	at org.junit.runners.model.FrameworkMethod.invokeExplosively(FrameworkMethod.java:42) [junit-4.10.jar:na]
	at org.junit.internal.runners.statements.InvokeMethod.evaluate(InvokeMethod.java:20) [junit-4.10.jar:na]
	at org.springframework.test.context.junit4.statements.RunBeforeTestMethodCallbacks.evaluate(RunBeforeTestMethodCallbacks.java:75) [spring-test-4.2.5.RELEASE.jar:4.2.5.RELEASE]
	at org.springframework.test.context.junit4.statements.RunAfterTestMethodCallbacks.evaluate(RunAfterTestMethodCallbacks.java:86) [spring-test-4.2.5.RELEASE.jar:4.2.5.RELEASE]
	at org.springframework.test.context.junit4.statements.SpringRepeat.evaluate(SpringRepeat.java:84) [spring-test-4.2.5.RELEASE.jar:4.2.5.RELEASE]
	at org.junit.runners.ParentRunner.runLeaf(ParentRunner.java:263) [junit-4.10.jar:na]
	at org.springframework.test.context.junit4.SpringJUnit4ClassRunner.runChild(SpringJUnit4ClassRunner.java:254) [spring-test-4.2.5.RELEASE.jar:4.2.5.RELEASE]
	at org.springframework.test.context.junit4.SpringJUnit4ClassRunner.runChild(SpringJUnit4ClassRunner.java:89) [spring-test-4.2.5.RELEASE.jar:4.2.5.RELEASE]
	at org.junit.runners.ParentRunner$3.run(ParentRunner.java:231) [junit-4.10.jar:na]
	at org.junit.runners.ParentRunner$1.schedule(ParentRunner.java:60) [junit-4.10.jar:na]
	at org.junit.runners.ParentRunner.runChildren(ParentRunner.java:229) [junit-4.10.jar:na]
	at org.junit.runners.ParentRunner.access$000(ParentRunner.java:50) [junit-4.10.jar:na]
	at org.junit.runners.ParentRunner$2.evaluate(ParentRunner.java:222) [junit-4.10.jar:na]
	at org.springframework.test.context.junit4.statements.RunBeforeTestClassCallbacks.evaluate(RunBeforeTestClassCallbacks.java:61) [spring-test-4.2.5.RELEASE.jar:4.2.5.RELEASE]
	at org.springframework.test.context.junit4.statements.RunAfterTestClassCallbacks.evaluate(RunAfterTestClassCallbacks.java:70) [spring-test-4.2.5.RELEASE.jar:4.2.5.RELEASE]
	at org.junit.runners.ParentRunner.run(ParentRunner.java:300) [junit-4.10.jar:na]
	at org.springframework.test.context.junit4.SpringJUnit4ClassRunner.run(SpringJUnit4ClassRunner.java:193) [spring-test-4.2.5.RELEASE.jar:4.2.5.RELEASE]
	at org.junit.runner.JUnitCore.run(JUnitCore.java:157) [junit-4.10.jar:na]
	at com.intellij.junit4.JUnit4IdeaTestRunner.startRunnerWithArgs(JUnit4IdeaTestRunner.java:68) [junit-rt.jar:na]
	at com.intellij.rt.execution.junit.IdeaTestRunner$Repeater.startRunnerWithArgs(IdeaTestRunner.java:51) [junit-rt.jar:na]
	at com.intellij.rt.execution.junit.JUnitStarter.prepareStreamsAndStart(JUnitStarter.java:237) [junit-rt.jar:na]
	at com.intellij.rt.execution.junit.JUnitStarter.main(JUnitStarter.java:70) [junit-rt.jar:na]
2018-08-10 15:51:37.637 [main] ERROR druid.sql.Statement - {conn-10002, pstmt-20000} execute error. insert into t_activity
     ( act_sn,
      

      
        range_limit,
      
      
        range_money ) 
     values ( ?,
      


      
        ?,
      
      
         ? )
com.mysql.jdbc.exceptions.jdbc4.MySQLSyntaxErrorException: Unknown column 'range_limit' in 'field list'
	at sun.reflect.NativeConstructorAccessorImpl.newInstance0(Native Method) ~[na:1.8.0_131]
	at sun.reflect.NativeConstructorAccessorImpl.newInstance(NativeConstructorAccessorImpl.java:62) ~[na:1.8.0_131]
	at sun.reflect.DelegatingConstructorAccessorImpl.newInstance(DelegatingConstructorAccessorImpl.java:45) ~[na:1.8.0_131]
	at java.lang.reflect.Constructor.newInstance(Constructor.java:423) ~[na:1.8.0_131]
	at com.mysql.jdbc.Util.handleNewInstance(Util.java:377) ~[mysql-connector-java-5.1.33.jar:5.1.33]
	at com.mysql.jdbc.Util.getInstance(Util.java:360) ~[mysql-connector-java-5.1.33.jar:5.1.33]
	at com.mysql.jdbc.SQLError.createSQLException(SQLError.java:978) ~[mysql-connector-java-5.1.33.jar:5.1.33]
	at com.mysql.jdbc.MysqlIO.checkErrorPacket(MysqlIO.java:3887) ~[mysql-connector-java-5.1.33.jar:5.1.33]
	at com.mysql.jdbc.MysqlIO.checkErrorPacket(MysqlIO.java:3823) ~[mysql-connector-java-5.1.33.jar:5.1.33]
	at com.mysql.jdbc.MysqlIO.sendCommand(MysqlIO.java:2435) ~[mysql-connector-java-5.1.33.jar:5.1.33]
	at com.mysql.jdbc.MysqlIO.sqlQueryDirect(MysqlIO.java:2582) ~[mysql-connector-java-5.1.33.jar:5.1.33]
	at com.mysql.jdbc.ConnectionImpl.execSQL(ConnectionImpl.java:2530) ~[mysql-connector-java-5.1.33.jar:5.1.33]
	at com.mysql.jdbc.PreparedStatement.executeInternal(PreparedStatement.java:1907) ~[mysql-connector-java-5.1.33.jar:5.1.33]
	at com.mysql.jdbc.PreparedStatement.execute(PreparedStatement.java:1199) ~[mysql-connector-java-5.1.33.jar:5.1.33]
	at com.alibaba.druid.filter.FilterChainImpl.preparedStatement_execute(FilterChainImpl.java:2931) [druid-1.0.11.jar:1.0.11]
	at com.alibaba.druid.filter.FilterEventAdapter.preparedStatement_execute(FilterEventAdapter.java:440) ~[druid-1.0.11.jar:1.0.11]
	at com.alibaba.druid.filter.FilterChainImpl.preparedStatement_execute(FilterChainImpl.java:2929) [druid-1.0.11.jar:1.0.11]
	at com.alibaba.druid.filter.FilterEventAdapter.preparedStatement_execute(FilterEventAdapter.java:440) ~[druid-1.0.11.jar:1.0.11]
	at com.alibaba.druid.filter.FilterChainImpl.preparedStatement_execute(FilterChainImpl.java:2929) [druid-1.0.11.jar:1.0.11]
	at com.alibaba.druid.proxy.jdbc.PreparedStatementProxyImpl.execute(PreparedStatementProxyImpl.java:118) [druid-1.0.11.jar:1.0.11]
	at com.alibaba.druid.pool.DruidPooledPreparedStatement.execute(DruidPooledPreparedStatement.java:493) [druid-1.0.11.jar:1.0.11]
	at sun.reflect.NativeMethodAccessorImpl.invoke0(Native Method) ~[na:1.8.0_131]
	at sun.reflect.NativeMethodAccessorImpl.invoke(NativeMethodAccessorImpl.java:62) ~[na:1.8.0_131]
	at sun.reflect.DelegatingMethodAccessorImpl.invoke(DelegatingMethodAccessorImpl.java:43) ~[na:1.8.0_131]
	at java.lang.reflect.Method.invoke(Method.java:498) ~[na:1.8.0_131]
	at org.apache.ibatis.logging.jdbc.PreparedStatementLogger.invoke(PreparedStatementLogger.java:62) [mybatis-3.2.7.jar:3.2.7]
	at com.sun.proxy.$Proxy31.execute(Unknown Source) [na:na]
	at org.apache.ibatis.executor.statement.PreparedStatementHandler.update(PreparedStatementHandler.java:44) [mybatis-3.2.7.jar:3.2.7]
	at org.apache.ibatis.executor.statement.RoutingStatementHandler.update(RoutingStatementHandler.java:69) [mybatis-3.2.7.jar:3.2.7]
	at org.apache.ibatis.executor.SimpleExecutor.doUpdate(SimpleExecutor.java:48) [mybatis-3.2.7.jar:3.2.7]
	at org.apache.ibatis.executor.BaseExecutor.update(BaseExecutor.java:105) [mybatis-3.2.7.jar:3.2.7]
	at sun.reflect.NativeMethodAccessorImpl.invoke0(Native Method) ~[na:1.8.0_131]
	at sun.reflect.NativeMethodAccessorImpl.invoke(NativeMethodAccessorImpl.java:62) ~[na:1.8.0_131]
	at sun.reflect.DelegatingMethodAccessorImpl.invoke(DelegatingMethodAccessorImpl.java:43) ~[na:1.8.0_131]
	at java.lang.reflect.Method.invoke(Method.java:498) ~[na:1.8.0_131]
	at org.apache.ibatis.plugin.Plugin.invoke(Plugin.java:62) [mybatis-3.2.7.jar:3.2.7]
	at com.sun.proxy.$Proxy29.update(Unknown Source) [na:na]
	at org.apache.ibatis.session.defaults.DefaultSqlSession.update(DefaultSqlSession.java:152) [mybatis-3.2.7.jar:3.2.7]
	at org.apache.ibatis.session.defaults.DefaultSqlSession.insert(DefaultSqlSession.java:141) [mybatis-3.2.7.jar:3.2.7]
	at sun.reflect.NativeMethodAccessorImpl.invoke0(Native Method) ~[na:1.8.0_131]
	at sun.reflect.NativeMethodAccessorImpl.invoke(NativeMethodAccessorImpl.java:62) ~[na:1.8.0_131]
	at sun.reflect.DelegatingMethodAccessorImpl.invoke(DelegatingMethodAccessorImpl.java:43) ~[na:1.8.0_131]
	at java.lang.reflect.Method.invoke(Method.java:498) ~[na:1.8.0_131]
	at org.mybatis.spring.SqlSessionTemplate$SqlSessionInterceptor.invoke(SqlSessionTemplate.java:358) [mybatis-spring-1.2.2.jar:1.2.2]
	at com.sun.proxy.$Proxy25.insert(Unknown Source) [na:na]
	at org.mybatis.spring.SqlSessionTemplate.insert(SqlSessionTemplate.java:240) [mybatis-spring-1.2.2.jar:1.2.2]
	at com.jk.framework.dao.base.MybatisDaoContext.save(MybatisDaoContext.java:200) [jk-framework-dao-0.0.1.jar:0.0.1]
	at com.jk.framework.dao.base.MybatisDaoContext.batchSave(MybatisDaoContext.java:264) [jk-framework-dao-0.0.1.jar:0.0.1]
	at com.taisf.services.activity.dao.ActivityRangeDao.saveActRangeByList(ActivityRangeDao.java:49) [classes/:na]
	at com.taisf.services.test.activity.dao.ActivityRangeDaoTest.saveActRangeByListTest(ActivityRangeDaoTest.java:47) [test-classes/:na]
	at sun.reflect.NativeMethodAccessorImpl.invoke0(Native Method) ~[na:1.8.0_131]
	at sun.reflect.NativeMethodAccessorImpl.invoke(NativeMethodAccessorImpl.java:62) ~[na:1.8.0_131]
	at sun.reflect.DelegatingMethodAccessorImpl.invoke(DelegatingMethodAccessorImpl.java:43) ~[na:1.8.0_131]
	at java.lang.reflect.Method.invoke(Method.java:498) ~[na:1.8.0_131]
	at org.junit.runners.model.FrameworkMethod$1.runReflectiveCall(FrameworkMethod.java:45) [junit-4.10.jar:na]
	at org.junit.internal.runners.model.ReflectiveCallable.run(ReflectiveCallable.java:15) [junit-4.10.jar:na]
	at org.junit.runners.model.FrameworkMethod.invokeExplosively(FrameworkMethod.java:42) [junit-4.10.jar:na]
	at org.junit.internal.runners.statements.InvokeMethod.evaluate(InvokeMethod.java:20) [junit-4.10.jar:na]
	at org.springframework.test.context.junit4.statements.RunBeforeTestMethodCallbacks.evaluate(RunBeforeTestMethodCallbacks.java:75) [spring-test-4.2.5.RELEASE.jar:4.2.5.RELEASE]
	at org.springframework.test.context.junit4.statements.RunAfterTestMethodCallbacks.evaluate(RunAfterTestMethodCallbacks.java:86) [spring-test-4.2.5.RELEASE.jar:4.2.5.RELEASE]
	at org.springframework.test.context.junit4.statements.SpringRepeat.evaluate(SpringRepeat.java:84) [spring-test-4.2.5.RELEASE.jar:4.2.5.RELEASE]
	at org.junit.runners.ParentRunner.runLeaf(ParentRunner.java:263) [junit-4.10.jar:na]
	at org.springframework.test.context.junit4.SpringJUnit4ClassRunner.runChild(SpringJUnit4ClassRunner.java:254) [spring-test-4.2.5.RELEASE.jar:4.2.5.RELEASE]
	at org.springframework.test.context.junit4.SpringJUnit4ClassRunner.runChild(SpringJUnit4ClassRunner.java:89) [spring-test-4.2.5.RELEASE.jar:4.2.5.RELEASE]
	at org.junit.runners.ParentRunner$3.run(ParentRunner.java:231) [junit-4.10.jar:na]
	at org.junit.runners.ParentRunner$1.schedule(ParentRunner.java:60) [junit-4.10.jar:na]
	at org.junit.runners.ParentRunner.runChildren(ParentRunner.java:229) [junit-4.10.jar:na]
	at org.junit.runners.ParentRunner.access$000(ParentRunner.java:50) [junit-4.10.jar:na]
	at org.junit.runners.ParentRunner$2.evaluate(ParentRunner.java:222) [junit-4.10.jar:na]
	at org.springframework.test.context.junit4.statements.RunBeforeTestClassCallbacks.evaluate(RunBeforeTestClassCallbacks.java:61) [spring-test-4.2.5.RELEASE.jar:4.2.5.RELEASE]
	at org.springframework.test.context.junit4.statements.RunAfterTestClassCallbacks.evaluate(RunAfterTestClassCallbacks.java:70) [spring-test-4.2.5.RELEASE.jar:4.2.5.RELEASE]
	at org.junit.runners.ParentRunner.run(ParentRunner.java:300) [junit-4.10.jar:na]
	at org.springframework.test.context.junit4.SpringJUnit4ClassRunner.run(SpringJUnit4ClassRunner.java:193) [spring-test-4.2.5.RELEASE.jar:4.2.5.RELEASE]
	at org.junit.runner.JUnitCore.run(JUnitCore.java:157) [junit-4.10.jar:na]
	at com.intellij.junit4.JUnit4IdeaTestRunner.startRunnerWithArgs(JUnit4IdeaTestRunner.java:68) [junit-rt.jar:na]
	at com.intellij.rt.execution.junit.IdeaTestRunner$Repeater.startRunnerWithArgs(IdeaTestRunner.java:51) [junit-rt.jar:na]
	at com.intellij.rt.execution.junit.JUnitStarter.prepareStreamsAndStart(JUnitStarter.java:237) [junit-rt.jar:na]
	at com.intellij.rt.execution.junit.JUnitStarter.main(JUnitStarter.java:70) [junit-rt.jar:na]
