2020-11-09 17:08:31.349 [main] ERROR druid.sql.Statement - {conn-10002, pstmt-20000} execute error. insert into t_product_classify
     ( id,
      
      
        supplier_code,
      
      
        classify_code,
      
      
        classify_name,
      
      
        create_time,
      
      
        update_time,
      
     
       rank ) 
     values ( ?,
      
      
        ?,
      
      
        ?,
      
      
        ?,
      
      
        ?,
      
      
        ?,
      
     
        ? )
com.mysql.jdbc.exceptions.jdbc4.MySQLIntegrityConstraintViolationException: Duplicate entry '14' for key 'PRIMARY'
	at sun.reflect.NativeConstructorAccessorImpl.newInstance0(Native Method) ~[na:1.8.0_131]
	at sun.reflect.NativeConstructorAccessorImpl.newInstance(NativeConstructorAccessorImpl.java:62) ~[na:1.8.0_131]
	at sun.reflect.DelegatingConstructorAccessorImpl.newInstance(DelegatingConstructorAccessorImpl.java:45) ~[na:1.8.0_131]
	at java.lang.reflect.Constructor.newInstance(Constructor.java:423) ~[na:1.8.0_131]
	at com.mysql.jdbc.Util.handleNewInstance(Util.java:377) ~[mysql-connector-java-5.1.33.jar:5.1.33]
	at com.mysql.jdbc.Util.getInstance(Util.java:360) ~[mysql-connector-java-5.1.33.jar:5.1.33]
	at com.mysql.jdbc.SQLError.createSQLException(SQLError.java:971) ~[mysql-connector-java-5.1.33.jar:5.1.33]
	at com.mysql.jdbc.MysqlIO.checkErrorPacket(MysqlIO.java:3887) ~[mysql-connector-java-5.1.33.jar:5.1.33]
	at com.mysql.jdbc.MysqlIO.checkErrorPacket(MysqlIO.java:3823) ~[mysql-connector-java-5.1.33.jar:5.1.33]
	at com.mysql.jdbc.MysqlIO.sendCommand(MysqlIO.java:2435) ~[mysql-connector-java-5.1.33.jar:5.1.33]
	at com.mysql.jdbc.MysqlIO.sqlQueryDirect(MysqlIO.java:2582) ~[mysql-connector-java-5.1.33.jar:5.1.33]
	at com.mysql.jdbc.ConnectionImpl.execSQL(ConnectionImpl.java:2530) ~[mysql-connector-java-5.1.33.jar:5.1.33]
	at com.mysql.jdbc.PreparedStatement.executeInternal(PreparedStatement.java:1907) ~[mysql-connector-java-5.1.33.jar:5.1.33]
	at com.mysql.jdbc.PreparedStatement.execute(PreparedStatement.java:1199) ~[mysql-connector-java-5.1.33.jar:5.1.33]
	at com.alibaba.druid.filter.FilterChainImpl.preparedStatement_execute(FilterChainImpl.java:2931) [druid-1.0.11.jar:1.0.11]
	at com.alibaba.druid.filter.FilterEventAdapter.preparedStatement_execute(FilterEventAdapter.java:440) [druid-1.0.11.jar:1.0.11]
	at com.alibaba.druid.filter.FilterChainImpl.preparedStatement_execute(FilterChainImpl.java:2929) [druid-1.0.11.jar:1.0.11]
	at com.alibaba.druid.filter.FilterEventAdapter.preparedStatement_execute(FilterEventAdapter.java:440) [druid-1.0.11.jar:1.0.11]
	at com.alibaba.druid.filter.FilterChainImpl.preparedStatement_execute(FilterChainImpl.java:2929) [druid-1.0.11.jar:1.0.11]
	at com.alibaba.druid.proxy.jdbc.PreparedStatementProxyImpl.execute(PreparedStatementProxyImpl.java:118) [druid-1.0.11.jar:1.0.11]
	at com.alibaba.druid.pool.DruidPooledPreparedStatement.execute(DruidPooledPreparedStatement.java:493) [druid-1.0.11.jar:1.0.11]
	at sun.reflect.NativeMethodAccessorImpl.invoke0(Native Method) ~[na:1.8.0_131]
	at sun.reflect.NativeMethodAccessorImpl.invoke(NativeMethodAccessorImpl.java:62) ~[na:1.8.0_131]
	at sun.reflect.DelegatingMethodAccessorImpl.invoke(DelegatingMethodAccessorImpl.java:43) ~[na:1.8.0_131]
	at java.lang.reflect.Method.invoke(Method.java:498) ~[na:1.8.0_131]
	at org.apache.ibatis.logging.jdbc.PreparedStatementLogger.invoke(PreparedStatementLogger.java:62) [mybatis-3.2.7.jar:3.2.7]
	at com.sun.proxy.$Proxy30.execute(Unknown Source) [na:na]
	at org.apache.ibatis.executor.statement.PreparedStatementHandler.update(PreparedStatementHandler.java:44) [mybatis-3.2.7.jar:3.2.7]
	at org.apache.ibatis.executor.statement.RoutingStatementHandler.update(RoutingStatementHandler.java:69) [mybatis-3.2.7.jar:3.2.7]
	at org.apache.ibatis.executor.SimpleExecutor.doUpdate(SimpleExecutor.java:48) [mybatis-3.2.7.jar:3.2.7]
	at org.apache.ibatis.executor.BaseExecutor.update(BaseExecutor.java:105) [mybatis-3.2.7.jar:3.2.7]
	at sun.reflect.NativeMethodAccessorImpl.invoke0(Native Method) ~[na:1.8.0_131]
	at sun.reflect.NativeMethodAccessorImpl.invoke(NativeMethodAccessorImpl.java:62) ~[na:1.8.0_131]
	at sun.reflect.DelegatingMethodAccessorImpl.invoke(DelegatingMethodAccessorImpl.java:43) ~[na:1.8.0_131]
	at java.lang.reflect.Method.invoke(Method.java:498) ~[na:1.8.0_131]
	at org.apache.ibatis.plugin.Plugin.invoke(Plugin.java:62) [mybatis-3.2.7.jar:3.2.7]
	at com.sun.proxy.$Proxy28.update(Unknown Source) [na:na]
	at org.apache.ibatis.session.defaults.DefaultSqlSession.update(DefaultSqlSession.java:152) [mybatis-3.2.7.jar:3.2.7]
	at org.apache.ibatis.session.defaults.DefaultSqlSession.insert(DefaultSqlSession.java:141) [mybatis-3.2.7.jar:3.2.7]
	at sun.reflect.NativeMethodAccessorImpl.invoke0(Native Method) ~[na:1.8.0_131]
	at sun.reflect.NativeMethodAccessorImpl.invoke(NativeMethodAccessorImpl.java:62) ~[na:1.8.0_131]
	at sun.reflect.DelegatingMethodAccessorImpl.invoke(DelegatingMethodAccessorImpl.java:43) ~[na:1.8.0_131]
	at java.lang.reflect.Method.invoke(Method.java:498) ~[na:1.8.0_131]
	at org.mybatis.spring.SqlSessionTemplate$SqlSessionInterceptor.invoke(SqlSessionTemplate.java:358) [mybatis-spring-1.2.2.jar:1.2.2]
	at com.sun.proxy.$Proxy24.insert(Unknown Source) [na:na]
	at org.mybatis.spring.SqlSessionTemplate.insert(SqlSessionTemplate.java:240) [mybatis-spring-1.2.2.jar:1.2.2]
	at com.jk.framework.dao.base.MybatisDaoContext.save(MybatisDaoContext.java:206) [jk-framework-dao-0.0.1.jar:0.0.1]
	at com.taisf.services.classify.dao.ProductClassifyDao.saveProductClassify(ProductClassifyDao.java:50) [classes/:na]
	at com.taisf.services.test.product.proxy.CopyProductProxyTest.getSupplierClassifyProductTest(CopyProductProxyTest.java:71) [test-classes/:na]
	at sun.reflect.NativeMethodAccessorImpl.invoke0(Native Method) ~[na:1.8.0_131]
	at sun.reflect.NativeMethodAccessorImpl.invoke(NativeMethodAccessorImpl.java:62) ~[na:1.8.0_131]
	at sun.reflect.DelegatingMethodAccessorImpl.invoke(DelegatingMethodAccessorImpl.java:43) ~[na:1.8.0_131]
	at java.lang.reflect.Method.invoke(Method.java:498) ~[na:1.8.0_131]
	at org.junit.runners.model.FrameworkMethod$1.runReflectiveCall(FrameworkMethod.java:45) [junit-4.10.jar:na]
	at org.junit.internal.runners.model.ReflectiveCallable.run(ReflectiveCallable.java:15) [junit-4.10.jar:na]
	at org.junit.runners.model.FrameworkMethod.invokeExplosively(FrameworkMethod.java:42) [junit-4.10.jar:na]
	at org.junit.internal.runners.statements.InvokeMethod.evaluate(InvokeMethod.java:20) [junit-4.10.jar:na]
	at org.springframework.test.context.junit4.statements.RunBeforeTestMethodCallbacks.evaluate(RunBeforeTestMethodCallbacks.java:72) [spring-test-4.1.0.RELEASE.jar:4.1.0.RELEASE]
	at org.springframework.test.context.junit4.statements.RunAfterTestMethodCallbacks.evaluate(RunAfterTestMethodCallbacks.java:81) [spring-test-4.1.0.RELEASE.jar:4.1.0.RELEASE]
	at org.springframework.test.context.junit4.statements.SpringRepeat.evaluate(SpringRepeat.java:72) [spring-test-4.1.0.RELEASE.jar:4.1.0.RELEASE]
	at org.junit.runners.ParentRunner.runLeaf(ParentRunner.java:263) [junit-4.10.jar:na]
	at org.springframework.test.context.junit4.SpringJUnit4ClassRunner.runChild(SpringJUnit4ClassRunner.java:216) [spring-test-4.1.0.RELEASE.jar:4.1.0.RELEASE]
	at org.springframework.test.context.junit4.SpringJUnit4ClassRunner.runChild(SpringJUnit4ClassRunner.java:82) [spring-test-4.1.0.RELEASE.jar:4.1.0.RELEASE]
	at org.junit.runners.ParentRunner$3.run(ParentRunner.java:231) [junit-4.10.jar:na]
	at org.junit.runners.ParentRunner$1.schedule(ParentRunner.java:60) [junit-4.10.jar:na]
	at org.junit.runners.ParentRunner.runChildren(ParentRunner.java:229) [junit-4.10.jar:na]
	at org.junit.runners.ParentRunner.access$000(ParentRunner.java:50) [junit-4.10.jar:na]
	at org.junit.runners.ParentRunner$2.evaluate(ParentRunner.java:222) [junit-4.10.jar:na]
	at org.springframework.test.context.junit4.statements.RunBeforeTestClassCallbacks.evaluate(RunBeforeTestClassCallbacks.java:60) [spring-test-4.1.0.RELEASE.jar:4.1.0.RELEASE]
	at org.springframework.test.context.junit4.statements.RunAfterTestClassCallbacks.evaluate(RunAfterTestClassCallbacks.java:67) [spring-test-4.1.0.RELEASE.jar:4.1.0.RELEASE]
	at org.junit.runners.ParentRunner.run(ParentRunner.java:300) [junit-4.10.jar:na]
	at org.springframework.test.context.junit4.SpringJUnit4ClassRunner.run(SpringJUnit4ClassRunner.java:162) [spring-test-4.1.0.RELEASE.jar:4.1.0.RELEASE]
	at org.junit.runner.JUnitCore.run(JUnitCore.java:157) [junit-4.10.jar:na]
	at com.intellij.junit4.JUnit4IdeaTestRunner.startRunnerWithArgs(JUnit4IdeaTestRunner.java:68) [junit-rt.jar:na]
	at com.intellij.rt.junit.IdeaTestRunner$Repeater.startRunnerWithArgs(IdeaTestRunner.java:33) [junit-rt.jar:na]
	at com.intellij.rt.junit.JUnitStarter.prepareStreamsAndStart(JUnitStarter.java:230) [junit-rt.jar:na]
	at com.intellij.rt.junit.JUnitStarter.main(JUnitStarter.java:58) [junit-rt.jar:na]
2020-11-09 17:08:31.352 [main] ERROR druid.sql.Statement - {conn-10002, pstmt-20000} execute error. insert into t_product_classify
     ( id,
      
      
        supplier_code,
      
      
        classify_code,
      
      
        classify_name,
      
      
        create_time,
      
      
        update_time,
      
     
       rank ) 
     values ( ?,
      
      
        ?,
      
      
        ?,
      
      
        ?,
      
      
        ?,
      
      
        ?,
      
     
        ? )
com.mysql.jdbc.exceptions.jdbc4.MySQLIntegrityConstraintViolationException: Duplicate entry '14' for key 'PRIMARY'
	at sun.reflect.NativeConstructorAccessorImpl.newInstance0(Native Method) ~[na:1.8.0_131]
	at sun.reflect.NativeConstructorAccessorImpl.newInstance(NativeConstructorAccessorImpl.java:62) ~[na:1.8.0_131]
	at sun.reflect.DelegatingConstructorAccessorImpl.newInstance(DelegatingConstructorAccessorImpl.java:45) ~[na:1.8.0_131]
	at java.lang.reflect.Constructor.newInstance(Constructor.java:423) ~[na:1.8.0_131]
	at com.mysql.jdbc.Util.handleNewInstance(Util.java:377) ~[mysql-connector-java-5.1.33.jar:5.1.33]
	at com.mysql.jdbc.Util.getInstance(Util.java:360) ~[mysql-connector-java-5.1.33.jar:5.1.33]
	at com.mysql.jdbc.SQLError.createSQLException(SQLError.java:971) ~[mysql-connector-java-5.1.33.jar:5.1.33]
	at com.mysql.jdbc.MysqlIO.checkErrorPacket(MysqlIO.java:3887) ~[mysql-connector-java-5.1.33.jar:5.1.33]
	at com.mysql.jdbc.MysqlIO.checkErrorPacket(MysqlIO.java:3823) ~[mysql-connector-java-5.1.33.jar:5.1.33]
	at com.mysql.jdbc.MysqlIO.sendCommand(MysqlIO.java:2435) ~[mysql-connector-java-5.1.33.jar:5.1.33]
	at com.mysql.jdbc.MysqlIO.sqlQueryDirect(MysqlIO.java:2582) ~[mysql-connector-java-5.1.33.jar:5.1.33]
	at com.mysql.jdbc.ConnectionImpl.execSQL(ConnectionImpl.java:2530) ~[mysql-connector-java-5.1.33.jar:5.1.33]
	at com.mysql.jdbc.PreparedStatement.executeInternal(PreparedStatement.java:1907) ~[mysql-connector-java-5.1.33.jar:5.1.33]
	at com.mysql.jdbc.PreparedStatement.execute(PreparedStatement.java:1199) ~[mysql-connector-java-5.1.33.jar:5.1.33]
	at com.alibaba.druid.filter.FilterChainImpl.preparedStatement_execute(FilterChainImpl.java:2931) [druid-1.0.11.jar:1.0.11]
	at com.alibaba.druid.filter.FilterEventAdapter.preparedStatement_execute(FilterEventAdapter.java:440) ~[druid-1.0.11.jar:1.0.11]
	at com.alibaba.druid.filter.FilterChainImpl.preparedStatement_execute(FilterChainImpl.java:2929) [druid-1.0.11.jar:1.0.11]
	at com.alibaba.druid.filter.FilterEventAdapter.preparedStatement_execute(FilterEventAdapter.java:440) ~[druid-1.0.11.jar:1.0.11]
	at com.alibaba.druid.filter.FilterChainImpl.preparedStatement_execute(FilterChainImpl.java:2929) [druid-1.0.11.jar:1.0.11]
	at com.alibaba.druid.proxy.jdbc.PreparedStatementProxyImpl.execute(PreparedStatementProxyImpl.java:118) [druid-1.0.11.jar:1.0.11]
	at com.alibaba.druid.pool.DruidPooledPreparedStatement.execute(DruidPooledPreparedStatement.java:493) [druid-1.0.11.jar:1.0.11]
	at sun.reflect.NativeMethodAccessorImpl.invoke0(Native Method) ~[na:1.8.0_131]
	at sun.reflect.NativeMethodAccessorImpl.invoke(NativeMethodAccessorImpl.java:62) ~[na:1.8.0_131]
	at sun.reflect.DelegatingMethodAccessorImpl.invoke(DelegatingMethodAccessorImpl.java:43) ~[na:1.8.0_131]
	at java.lang.reflect.Method.invoke(Method.java:498) ~[na:1.8.0_131]
	at org.apache.ibatis.logging.jdbc.PreparedStatementLogger.invoke(PreparedStatementLogger.java:62) [mybatis-3.2.7.jar:3.2.7]
	at com.sun.proxy.$Proxy30.execute(Unknown Source) [na:na]
	at org.apache.ibatis.executor.statement.PreparedStatementHandler.update(PreparedStatementHandler.java:44) [mybatis-3.2.7.jar:3.2.7]
	at org.apache.ibatis.executor.statement.RoutingStatementHandler.update(RoutingStatementHandler.java:69) [mybatis-3.2.7.jar:3.2.7]
	at org.apache.ibatis.executor.SimpleExecutor.doUpdate(SimpleExecutor.java:48) [mybatis-3.2.7.jar:3.2.7]
	at org.apache.ibatis.executor.BaseExecutor.update(BaseExecutor.java:105) [mybatis-3.2.7.jar:3.2.7]
	at sun.reflect.NativeMethodAccessorImpl.invoke0(Native Method) ~[na:1.8.0_131]
	at sun.reflect.NativeMethodAccessorImpl.invoke(NativeMethodAccessorImpl.java:62) ~[na:1.8.0_131]
	at sun.reflect.DelegatingMethodAccessorImpl.invoke(DelegatingMethodAccessorImpl.java:43) ~[na:1.8.0_131]
	at java.lang.reflect.Method.invoke(Method.java:498) ~[na:1.8.0_131]
	at org.apache.ibatis.plugin.Plugin.invoke(Plugin.java:62) [mybatis-3.2.7.jar:3.2.7]
	at com.sun.proxy.$Proxy28.update(Unknown Source) [na:na]
	at org.apache.ibatis.session.defaults.DefaultSqlSession.update(DefaultSqlSession.java:152) [mybatis-3.2.7.jar:3.2.7]
	at org.apache.ibatis.session.defaults.DefaultSqlSession.insert(DefaultSqlSession.java:141) [mybatis-3.2.7.jar:3.2.7]
	at sun.reflect.NativeMethodAccessorImpl.invoke0(Native Method) ~[na:1.8.0_131]
	at sun.reflect.NativeMethodAccessorImpl.invoke(NativeMethodAccessorImpl.java:62) ~[na:1.8.0_131]
	at sun.reflect.DelegatingMethodAccessorImpl.invoke(DelegatingMethodAccessorImpl.java:43) ~[na:1.8.0_131]
	at java.lang.reflect.Method.invoke(Method.java:498) ~[na:1.8.0_131]
	at org.mybatis.spring.SqlSessionTemplate$SqlSessionInterceptor.invoke(SqlSessionTemplate.java:358) [mybatis-spring-1.2.2.jar:1.2.2]
	at com.sun.proxy.$Proxy24.insert(Unknown Source) [na:na]
	at org.mybatis.spring.SqlSessionTemplate.insert(SqlSessionTemplate.java:240) [mybatis-spring-1.2.2.jar:1.2.2]
	at com.jk.framework.dao.base.MybatisDaoContext.save(MybatisDaoContext.java:206) [jk-framework-dao-0.0.1.jar:0.0.1]
	at com.taisf.services.classify.dao.ProductClassifyDao.saveProductClassify(ProductClassifyDao.java:50) [classes/:na]
	at com.taisf.services.test.product.proxy.CopyProductProxyTest.getSupplierClassifyProductTest(CopyProductProxyTest.java:71) [test-classes/:na]
	at sun.reflect.NativeMethodAccessorImpl.invoke0(Native Method) ~[na:1.8.0_131]
	at sun.reflect.NativeMethodAccessorImpl.invoke(NativeMethodAccessorImpl.java:62) ~[na:1.8.0_131]
	at sun.reflect.DelegatingMethodAccessorImpl.invoke(DelegatingMethodAccessorImpl.java:43) ~[na:1.8.0_131]
	at java.lang.reflect.Method.invoke(Method.java:498) ~[na:1.8.0_131]
	at org.junit.runners.model.FrameworkMethod$1.runReflectiveCall(FrameworkMethod.java:45) [junit-4.10.jar:na]
	at org.junit.internal.runners.model.ReflectiveCallable.run(ReflectiveCallable.java:15) [junit-4.10.jar:na]
	at org.junit.runners.model.FrameworkMethod.invokeExplosively(FrameworkMethod.java:42) [junit-4.10.jar:na]
	at org.junit.internal.runners.statements.InvokeMethod.evaluate(InvokeMethod.java:20) [junit-4.10.jar:na]
	at org.springframework.test.context.junit4.statements.RunBeforeTestMethodCallbacks.evaluate(RunBeforeTestMethodCallbacks.java:72) [spring-test-4.1.0.RELEASE.jar:4.1.0.RELEASE]
	at org.springframework.test.context.junit4.statements.RunAfterTestMethodCallbacks.evaluate(RunAfterTestMethodCallbacks.java:81) [spring-test-4.1.0.RELEASE.jar:4.1.0.RELEASE]
	at org.springframework.test.context.junit4.statements.SpringRepeat.evaluate(SpringRepeat.java:72) [spring-test-4.1.0.RELEASE.jar:4.1.0.RELEASE]
	at org.junit.runners.ParentRunner.runLeaf(ParentRunner.java:263) [junit-4.10.jar:na]
	at org.springframework.test.context.junit4.SpringJUnit4ClassRunner.runChild(SpringJUnit4ClassRunner.java:216) [spring-test-4.1.0.RELEASE.jar:4.1.0.RELEASE]
	at org.springframework.test.context.junit4.SpringJUnit4ClassRunner.runChild(SpringJUnit4ClassRunner.java:82) [spring-test-4.1.0.RELEASE.jar:4.1.0.RELEASE]
	at org.junit.runners.ParentRunner$3.run(ParentRunner.java:231) [junit-4.10.jar:na]
	at org.junit.runners.ParentRunner$1.schedule(ParentRunner.java:60) [junit-4.10.jar:na]
	at org.junit.runners.ParentRunner.runChildren(ParentRunner.java:229) [junit-4.10.jar:na]
	at org.junit.runners.ParentRunner.access$000(ParentRunner.java:50) [junit-4.10.jar:na]
	at org.junit.runners.ParentRunner$2.evaluate(ParentRunner.java:222) [junit-4.10.jar:na]
	at org.springframework.test.context.junit4.statements.RunBeforeTestClassCallbacks.evaluate(RunBeforeTestClassCallbacks.java:60) [spring-test-4.1.0.RELEASE.jar:4.1.0.RELEASE]
	at org.springframework.test.context.junit4.statements.RunAfterTestClassCallbacks.evaluate(RunAfterTestClassCallbacks.java:67) [spring-test-4.1.0.RELEASE.jar:4.1.0.RELEASE]
	at org.junit.runners.ParentRunner.run(ParentRunner.java:300) [junit-4.10.jar:na]
	at org.springframework.test.context.junit4.SpringJUnit4ClassRunner.run(SpringJUnit4ClassRunner.java:162) [spring-test-4.1.0.RELEASE.jar:4.1.0.RELEASE]
	at org.junit.runner.JUnitCore.run(JUnitCore.java:157) [junit-4.10.jar:na]
	at com.intellij.junit4.JUnit4IdeaTestRunner.startRunnerWithArgs(JUnit4IdeaTestRunner.java:68) [junit-rt.jar:na]
	at com.intellij.rt.junit.IdeaTestRunner$Repeater.startRunnerWithArgs(IdeaTestRunner.java:33) [junit-rt.jar:na]
	at com.intellij.rt.junit.JUnitStarter.prepareStreamsAndStart(JUnitStarter.java:230) [junit-rt.jar:na]
	at com.intellij.rt.junit.JUnitStarter.main(JUnitStarter.java:58) [junit-rt.jar:na]
2020-11-09 17:11:39.678 [main] ERROR o.springframework.test.context.TestContextManager - Caught exception while allowing TestExecutionListener [org.springframework.test.context.web.ServletTestExecutionListener@6631cb64] to prepare test instance [com.taisf.services.test.product.proxy.CopyProductProxyTest@19962194]
java.lang.IllegalStateException: Failed to load ApplicationContext
	at org.springframework.test.context.DefaultCacheAwareContextLoaderDelegate.loadContext(DefaultCacheAwareContextLoaderDelegate.java:91) ~[spring-test-4.1.0.RELEASE.jar:4.1.0.RELEASE]
	at org.springframework.test.context.DefaultTestContext.getApplicationContext(DefaultTestContext.java:74) ~[spring-test-4.1.0.RELEASE.jar:4.1.0.RELEASE]
	at org.springframework.test.context.web.ServletTestExecutionListener.setUpRequestContextIfNecessary(ServletTestExecutionListener.java:169) ~[spring-test-4.1.0.RELEASE.jar:4.1.0.RELEASE]
	at org.springframework.test.context.web.ServletTestExecutionListener.prepareTestInstance(ServletTestExecutionListener.java:109) ~[spring-test-4.1.0.RELEASE.jar:4.1.0.RELEASE]
	at org.springframework.test.context.TestContextManager.prepareTestInstance(TestContextManager.java:212) ~[spring-test-4.1.0.RELEASE.jar:4.1.0.RELEASE]
	at org.springframework.test.context.junit4.SpringJUnit4ClassRunner.createTest(SpringJUnit4ClassRunner.java:199) [spring-test-4.1.0.RELEASE.jar:4.1.0.RELEASE]
	at org.springframework.test.context.junit4.SpringJUnit4ClassRunner$1.runReflectiveCall(SpringJUnit4ClassRunner.java:251) [spring-test-4.1.0.RELEASE.jar:4.1.0.RELEASE]
	at org.junit.internal.runners.model.ReflectiveCallable.run(ReflectiveCallable.java:15) [junit-4.10.jar:na]
	at org.springframework.test.context.junit4.SpringJUnit4ClassRunner.methodBlock(SpringJUnit4ClassRunner.java:253) [spring-test-4.1.0.RELEASE.jar:4.1.0.RELEASE]
	at org.springframework.test.context.junit4.SpringJUnit4ClassRunner.runChild(SpringJUnit4ClassRunner.java:216) [spring-test-4.1.0.RELEASE.jar:4.1.0.RELEASE]
	at org.springframework.test.context.junit4.SpringJUnit4ClassRunner.runChild(SpringJUnit4ClassRunner.java:82) [spring-test-4.1.0.RELEASE.jar:4.1.0.RELEASE]
	at org.junit.runners.ParentRunner$3.run(ParentRunner.java:231) [junit-4.10.jar:na]
	at org.junit.runners.ParentRunner$1.schedule(ParentRunner.java:60) [junit-4.10.jar:na]
	at org.junit.runners.ParentRunner.runChildren(ParentRunner.java:229) [junit-4.10.jar:na]
	at org.junit.runners.ParentRunner.access$000(ParentRunner.java:50) [junit-4.10.jar:na]
	at org.junit.runners.ParentRunner$2.evaluate(ParentRunner.java:222) [junit-4.10.jar:na]
	at org.springframework.test.context.junit4.statements.RunBeforeTestClassCallbacks.evaluate(RunBeforeTestClassCallbacks.java:60) [spring-test-4.1.0.RELEASE.jar:4.1.0.RELEASE]
	at org.springframework.test.context.junit4.statements.RunAfterTestClassCallbacks.evaluate(RunAfterTestClassCallbacks.java:67) [spring-test-4.1.0.RELEASE.jar:4.1.0.RELEASE]
	at org.junit.runners.ParentRunner.run(ParentRunner.java:300) [junit-4.10.jar:na]
	at org.springframework.test.context.junit4.SpringJUnit4ClassRunner.run(SpringJUnit4ClassRunner.java:162) [spring-test-4.1.0.RELEASE.jar:4.1.0.RELEASE]
	at org.junit.runner.JUnitCore.run(JUnitCore.java:157) [junit-4.10.jar:na]
	at com.intellij.junit4.JUnit4IdeaTestRunner.startRunnerWithArgs(JUnit4IdeaTestRunner.java:68) [junit-rt.jar:na]
	at com.intellij.rt.junit.IdeaTestRunner$Repeater.startRunnerWithArgs(IdeaTestRunner.java:33) [junit-rt.jar:na]
	at com.intellij.rt.junit.JUnitStarter.prepareStreamsAndStart(JUnitStarter.java:230) [junit-rt.jar:na]
	at com.intellij.rt.junit.JUnitStarter.main(JUnitStarter.java:58) [junit-rt.jar:na]
Caused by: org.springframework.beans.factory.BeanCreationException: Error creating bean with name 'order.cartServiceProxy': Injection of resource dependencies failed; nested exception is org.springframework.beans.factory.BeanCreationException: Error creating bean with name 'order.cartManagerImpl': Injection of resource dependencies failed; nested exception is org.springframework.beans.factory.BeanCreationException: Error creating bean with name 'order.cartDao': Injection of autowired dependencies failed; nested exception is org.springframework.beans.factory.BeanCreationException: Could not autowire field: protected com.jk.framework.dao.base.MybatisDaoContext com.taisf.services.common.dao.BaseDao.mybatisDaoContext; nested exception is org.springframework.beans.factory.BeanCreationException: Error creating bean with name 'taisf.MybatisDaoContext' defined in class path resource [META-INF/spring/applicationContext-taisf.xml]: Cannot resolve reference to bean 'taisf.writeSqlSessionTemplate.M' while setting bean property 'writeSqlSessionTemplate'; nested exception is org.springframework.beans.factory.BeanCreationException: Error creating bean with name 'taisf.writeSqlSessionTemplate.M' defined in class path resource [META-INF/spring/applicationContext-taisf.xml]: Cannot resolve reference to bean 'taisf.sqlSessionFactory.M' while setting constructor argument; nested exception is org.springframework.beans.factory.BeanCreationException: Error creating bean with name 'taisf.sqlSessionFactory.M' defined in class path resource [META-INF/spring/applicationContext-taisf.xml]: Cannot resolve reference to bean 'taisf.datasource.M' while setting bean property 'dataSource'; nested exception is org.springframework.beans.factory.BeanCreationException: Error creating bean with name 'taisf.datasource.M' defined in class path resource [META-INF/spring/applicationContext-taisf.xml]: Invocation of init method failed; nested exception is com.mysql.jdbc.exceptions.jdbc4.CommunicationsException: Communications link failure

The last packet sent successfully to the server was 0 milliseconds ago. The driver has not received any packets from the server.
	at org.springframework.context.annotation.CommonAnnotationBeanPostProcessor.postProcessPropertyValues(CommonAnnotationBeanPostProcessor.java:308) ~[spring-context-4.1.0.RELEASE.jar:4.1.0.RELEASE]
	at org.springframework.beans.factory.support.AbstractAutowireCapableBeanFactory.populateBean(AbstractAutowireCapableBeanFactory.java:1204) ~[spring-beans-4.1.0.RELEASE.jar:4.1.0.RELEASE]
	at org.springframework.beans.factory.support.AbstractAutowireCapableBeanFactory.doCreateBean(AbstractAutowireCapableBeanFactory.java:538) ~[spring-beans-4.1.0.RELEASE.jar:4.1.0.RELEASE]
	at org.springframework.beans.factory.support.AbstractAutowireCapableBeanFactory.createBean(AbstractAutowireCapableBeanFactory.java:476) ~[spring-beans-4.1.0.RELEASE.jar:4.1.0.RELEASE]
	at org.springframework.beans.factory.support.AbstractBeanFactory$1.getObject(AbstractBeanFactory.java:302) ~[spring-beans-4.1.0.RELEASE.jar:4.1.0.RELEASE]
	at org.springframework.beans.factory.support.DefaultSingletonBeanRegistry.getSingleton(DefaultSingletonBeanRegistry.java:229) ~[spring-beans-4.1.0.RELEASE.jar:4.1.0.RELEASE]
	at org.springframework.beans.factory.support.AbstractBeanFactory.doGetBean(AbstractBeanFactory.java:298) ~[spring-beans-4.1.0.RELEASE.jar:4.1.0.RELEASE]
	at org.springframework.beans.factory.support.AbstractBeanFactory.getBean(AbstractBeanFactory.java:193) ~[spring-beans-4.1.0.RELEASE.jar:4.1.0.RELEASE]
	at org.springframework.beans.factory.support.DefaultListableBeanFactory.preInstantiateSingletons(DefaultListableBeanFactory.java:725) ~[spring-beans-4.1.0.RELEASE.jar:4.1.0.RELEASE]
	at org.springframework.context.support.AbstractApplicationContext.finishBeanFactoryInitialization(AbstractApplicationContext.java:757) ~[spring-context-4.1.0.RELEASE.jar:4.1.0.RELEASE]
	at org.springframework.context.support.AbstractApplicationContext.refresh(AbstractApplicationContext.java:480) ~[spring-context-4.1.0.RELEASE.jar:4.1.0.RELEASE]
	at org.springframework.test.context.web.AbstractGenericWebContextLoader.loadContext(AbstractGenericWebContextLoader.java:132) ~[spring-test-4.1.0.RELEASE.jar:4.1.0.RELEASE]
	at org.springframework.test.context.web.AbstractGenericWebContextLoader.loadContext(AbstractGenericWebContextLoader.java:59) ~[spring-test-4.1.0.RELEASE.jar:4.1.0.RELEASE]
	at org.springframework.test.context.support.AbstractDelegatingSmartContextLoader.delegateLoading(AbstractDelegatingSmartContextLoader.java:108) ~[spring-test-4.1.0.RELEASE.jar:4.1.0.RELEASE]
	at org.springframework.test.context.support.AbstractDelegatingSmartContextLoader.loadContext(AbstractDelegatingSmartContextLoader.java:260) ~[spring-test-4.1.0.RELEASE.jar:4.1.0.RELEASE]
	at org.springframework.test.context.DefaultCacheAwareContextLoaderDelegate.loadContextInternal(DefaultCacheAwareContextLoaderDelegate.java:63) ~[spring-test-4.1.0.RELEASE.jar:4.1.0.RELEASE]
	at org.springframework.test.context.DefaultCacheAwareContextLoaderDelegate.loadContext(DefaultCacheAwareContextLoaderDelegate.java:83) ~[spring-test-4.1.0.RELEASE.jar:4.1.0.RELEASE]
	... 24 common frames omitted
Caused by: org.springframework.beans.factory.BeanCreationException: Error creating bean with name 'order.cartManagerImpl': Injection of resource dependencies failed; nested exception is org.springframework.beans.factory.BeanCreationException: Error creating bean with name 'order.cartDao': Injection of autowired dependencies failed; nested exception is org.springframework.beans.factory.BeanCreationException: Could not autowire field: protected com.jk.framework.dao.base.MybatisDaoContext com.taisf.services.common.dao.BaseDao.mybatisDaoContext; nested exception is org.springframework.beans.factory.BeanCreationException: Error creating bean with name 'taisf.MybatisDaoContext' defined in class path resource [META-INF/spring/applicationContext-taisf.xml]: Cannot resolve reference to bean 'taisf.writeSqlSessionTemplate.M' while setting bean property 'writeSqlSessionTemplate'; nested exception is org.springframework.beans.factory.BeanCreationException: Error creating bean with name 'taisf.writeSqlSessionTemplate.M' defined in class path resource [META-INF/spring/applicationContext-taisf.xml]: Cannot resolve reference to bean 'taisf.sqlSessionFactory.M' while setting constructor argument; nested exception is org.springframework.beans.factory.BeanCreationException: Error creating bean with name 'taisf.sqlSessionFactory.M' defined in class path resource [META-INF/spring/applicationContext-taisf.xml]: Cannot resolve reference to bean 'taisf.datasource.M' while setting bean property 'dataSource'; nested exception is org.springframework.beans.factory.BeanCreationException: Error creating bean with name 'taisf.datasource.M' defined in class path resource [META-INF/spring/applicationContext-taisf.xml]: Invocation of init method failed; nested exception is com.mysql.jdbc.exceptions.jdbc4.CommunicationsException: Communications link failure

The last packet sent successfully to the server was 0 milliseconds ago. The driver has not received any packets from the server.
	at org.springframework.context.annotation.CommonAnnotationBeanPostProcessor.postProcessPropertyValues(CommonAnnotationBeanPostProcessor.java:308) ~[spring-context-4.1.0.RELEASE.jar:4.1.0.RELEASE]
	at org.springframework.beans.factory.support.AbstractAutowireCapableBeanFactory.populateBean(AbstractAutowireCapableBeanFactory.java:1204) ~[spring-beans-4.1.0.RELEASE.jar:4.1.0.RELEASE]
	at org.springframework.beans.factory.support.AbstractAutowireCapableBeanFactory.doCreateBean(AbstractAutowireCapableBeanFactory.java:538) ~[spring-beans-4.1.0.RELEASE.jar:4.1.0.RELEASE]
	at org.springframework.beans.factory.support.AbstractAutowireCapableBeanFactory.createBean(AbstractAutowireCapableBeanFactory.java:476) ~[spring-beans-4.1.0.RELEASE.jar:4.1.0.RELEASE]
	at org.springframework.beans.factory.support.AbstractBeanFactory$1.getObject(AbstractBeanFactory.java:302) ~[spring-beans-4.1.0.RELEASE.jar:4.1.0.RELEASE]
	at org.springframework.beans.factory.support.DefaultSingletonBeanRegistry.getSingleton(DefaultSingletonBeanRegistry.java:229) ~[spring-beans-4.1.0.RELEASE.jar:4.1.0.RELEASE]
	at org.springframework.beans.factory.support.AbstractBeanFactory.doGetBean(AbstractBeanFactory.java:298) ~[spring-beans-4.1.0.RELEASE.jar:4.1.0.RELEASE]
	at org.springframework.beans.factory.support.AbstractBeanFactory.getBean(AbstractBeanFactory.java:198) ~[spring-beans-4.1.0.RELEASE.jar:4.1.0.RELEASE]
	at org.springframework.context.annotation.CommonAnnotationBeanPostProcessor.autowireResource(CommonAnnotationBeanPostProcessor.java:446) ~[spring-context-4.1.0.RELEASE.jar:4.1.0.RELEASE]
	at org.springframework.context.annotation.CommonAnnotationBeanPostProcessor.getResource(CommonAnnotationBeanPostProcessor.java:420) ~[spring-context-4.1.0.RELEASE.jar:4.1.0.RELEASE]
	at org.springframework.context.annotation.CommonAnnotationBeanPostProcessor$ResourceElement.getResourceToInject(CommonAnnotationBeanPostProcessor.java:545) ~[spring-context-4.1.0.RELEASE.jar:4.1.0.RELEASE]
	at org.springframework.beans.factory.annotation.InjectionMetadata$InjectedElement.inject(InjectionMetadata.java:155) ~[spring-beans-4.1.0.RELEASE.jar:4.1.0.RELEASE]
	at org.springframework.beans.factory.annotation.InjectionMetadata.inject(InjectionMetadata.java:87) ~[spring-beans-4.1.0.RELEASE.jar:4.1.0.RELEASE]
	at org.springframework.context.annotation.CommonAnnotationBeanPostProcessor.postProcessPropertyValues(CommonAnnotationBeanPostProcessor.java:305) ~[spring-context-4.1.0.RELEASE.jar:4.1.0.RELEASE]
	... 40 common frames omitted
Caused by: org.springframework.beans.factory.BeanCreationException: Error creating bean with name 'order.cartDao': Injection of autowired dependencies failed; nested exception is org.springframework.beans.factory.BeanCreationException: Could not autowire field: protected com.jk.framework.dao.base.MybatisDaoContext com.taisf.services.common.dao.BaseDao.mybatisDaoContext; nested exception is org.springframework.beans.factory.BeanCreationException: Error creating bean with name 'taisf.MybatisDaoContext' defined in class path resource [META-INF/spring/applicationContext-taisf.xml]: Cannot resolve reference to bean 'taisf.writeSqlSessionTemplate.M' while setting bean property 'writeSqlSessionTemplate'; nested exception is org.springframework.beans.factory.BeanCreationException: Error creating bean with name 'taisf.writeSqlSessionTemplate.M' defined in class path resource [META-INF/spring/applicationContext-taisf.xml]: Cannot resolve reference to bean 'taisf.sqlSessionFactory.M' while setting constructor argument; nested exception is org.springframework.beans.factory.BeanCreationException: Error creating bean with name 'taisf.sqlSessionFactory.M' defined in class path resource [META-INF/spring/applicationContext-taisf.xml]: Cannot resolve reference to bean 'taisf.datasource.M' while setting bean property 'dataSource'; nested exception is org.springframework.beans.factory.BeanCreationException: Error creating bean with name 'taisf.datasource.M' defined in class path resource [META-INF/spring/applicationContext-taisf.xml]: Invocation of init method failed; nested exception is com.mysql.jdbc.exceptions.jdbc4.CommunicationsException: Communications link failure

The last packet sent successfully to the server was 0 milliseconds ago. The driver has not received any packets from the server.
	at org.springframework.beans.factory.annotation.AutowiredAnnotationBeanPostProcessor.postProcessPropertyValues(AutowiredAnnotationBeanPostProcessor.java:326) ~[spring-beans-4.1.0.RELEASE.jar:4.1.0.RELEASE]
	at org.springframework.beans.factory.support.AbstractAutowireCapableBeanFactory.populateBean(AbstractAutowireCapableBeanFactory.java:1204) ~[spring-beans-4.1.0.RELEASE.jar:4.1.0.RELEASE]
	at org.springframework.beans.factory.support.AbstractAutowireCapableBeanFactory.doCreateBean(AbstractAutowireCapableBeanFactory.java:538) ~[spring-beans-4.1.0.RELEASE.jar:4.1.0.RELEASE]
	at org.springframework.beans.factory.support.AbstractAutowireCapableBeanFactory.createBean(AbstractAutowireCapableBeanFactory.java:476) ~[spring-beans-4.1.0.RELEASE.jar:4.1.0.RELEASE]
	at org.springframework.beans.factory.support.AbstractBeanFactory$1.getObject(AbstractBeanFactory.java:302) ~[spring-beans-4.1.0.RELEASE.jar:4.1.0.RELEASE]
	at org.springframework.beans.factory.support.DefaultSingletonBeanRegistry.getSingleton(DefaultSingletonBeanRegistry.java:229) ~[spring-beans-4.1.0.RELEASE.jar:4.1.0.RELEASE]
	at org.springframework.beans.factory.support.AbstractBeanFactory.doGetBean(AbstractBeanFactory.java:298) ~[spring-beans-4.1.0.RELEASE.jar:4.1.0.RELEASE]
	at org.springframework.beans.factory.support.AbstractBeanFactory.getBean(AbstractBeanFactory.java:198) ~[spring-beans-4.1.0.RELEASE.jar:4.1.0.RELEASE]
	at org.springframework.context.annotation.CommonAnnotationBeanPostProcessor.autowireResource(CommonAnnotationBeanPostProcessor.java:446) ~[spring-context-4.1.0.RELEASE.jar:4.1.0.RELEASE]
	at org.springframework.context.annotation.CommonAnnotationBeanPostProcessor.getResource(CommonAnnotationBeanPostProcessor.java:420) ~[spring-context-4.1.0.RELEASE.jar:4.1.0.RELEASE]
	at org.springframework.context.annotation.CommonAnnotationBeanPostProcessor$ResourceElement.getResourceToInject(CommonAnnotationBeanPostProcessor.java:545) ~[spring-context-4.1.0.RELEASE.jar:4.1.0.RELEASE]
	at org.springframework.beans.factory.annotation.InjectionMetadata$InjectedElement.inject(InjectionMetadata.java:155) ~[spring-beans-4.1.0.RELEASE.jar:4.1.0.RELEASE]
	at org.springframework.beans.factory.annotation.InjectionMetadata.inject(InjectionMetadata.java:87) ~[spring-beans-4.1.0.RELEASE.jar:4.1.0.RELEASE]
	at org.springframework.context.annotation.CommonAnnotationBeanPostProcessor.postProcessPropertyValues(CommonAnnotationBeanPostProcessor.java:305) ~[spring-context-4.1.0.RELEASE.jar:4.1.0.RELEASE]
	... 53 common frames omitted
Caused by: org.springframework.beans.factory.BeanCreationException: Could not autowire field: protected com.jk.framework.dao.base.MybatisDaoContext com.taisf.services.common.dao.BaseDao.mybatisDaoContext; nested exception is org.springframework.beans.factory.BeanCreationException: Error creating bean with name 'taisf.MybatisDaoContext' defined in class path resource [META-INF/spring/applicationContext-taisf.xml]: Cannot resolve reference to bean 'taisf.writeSqlSessionTemplate.M' while setting bean property 'writeSqlSessionTemplate'; nested exception is org.springframework.beans.factory.BeanCreationException: Error creating bean with name 'taisf.writeSqlSessionTemplate.M' defined in class path resource [META-INF/spring/applicationContext-taisf.xml]: Cannot resolve reference to bean 'taisf.sqlSessionFactory.M' while setting constructor argument; nested exception is org.springframework.beans.factory.BeanCreationException: Error creating bean with name 'taisf.sqlSessionFactory.M' defined in class path resource [META-INF/spring/applicationContext-taisf.xml]: Cannot resolve reference to bean 'taisf.datasource.M' while setting bean property 'dataSource'; nested exception is org.springframework.beans.factory.BeanCreationException: Error creating bean with name 'taisf.datasource.M' defined in class path resource [META-INF/spring/applicationContext-taisf.xml]: Invocation of init method failed; nested exception is com.mysql.jdbc.exceptions.jdbc4.CommunicationsException: Communications link failure

The last packet sent successfully to the server was 0 milliseconds ago. The driver has not received any packets from the server.
	at org.springframework.beans.factory.annotation.AutowiredAnnotationBeanPostProcessor$AutowiredFieldElement.inject(AutowiredAnnotationBeanPostProcessor.java:542) ~[spring-beans-4.1.0.RELEASE.jar:4.1.0.RELEASE]
	at org.springframework.beans.factory.annotation.InjectionMetadata.inject(InjectionMetadata.java:87) ~[spring-beans-4.1.0.RELEASE.jar:4.1.0.RELEASE]
	at org.springframework.beans.factory.annotation.AutowiredAnnotationBeanPostProcessor.postProcessPropertyValues(AutowiredAnnotationBeanPostProcessor.java:323) ~[spring-beans-4.1.0.RELEASE.jar:4.1.0.RELEASE]
	... 66 common frames omitted
Caused by: org.springframework.beans.factory.BeanCreationException: Error creating bean with name 'taisf.MybatisDaoContext' defined in class path resource [META-INF/spring/applicationContext-taisf.xml]: Cannot resolve reference to bean 'taisf.writeSqlSessionTemplate.M' while setting bean property 'writeSqlSessionTemplate'; nested exception is org.springframework.beans.factory.BeanCreationException: Error creating bean with name 'taisf.writeSqlSessionTemplate.M' defined in class path resource [META-INF/spring/applicationContext-taisf.xml]: Cannot resolve reference to bean 'taisf.sqlSessionFactory.M' while setting constructor argument; nested exception is org.springframework.beans.factory.BeanCreationException: Error creating bean with name 'taisf.sqlSessionFactory.M' defined in class path resource [META-INF/spring/applicationContext-taisf.xml]: Cannot resolve reference to bean 'taisf.datasource.M' while setting bean property 'dataSource'; nested exception is org.springframework.beans.factory.BeanCreationException: Error creating bean with name 'taisf.datasource.M' defined in class path resource [META-INF/spring/applicationContext-taisf.xml]: Invocation of init method failed; nested exception is com.mysql.jdbc.exceptions.jdbc4.CommunicationsException: Communications link failure

The last packet sent successfully to the server was 0 milliseconds ago. The driver has not received any packets from the server.
	at org.springframework.beans.factory.support.BeanDefinitionValueResolver.resolveReference(BeanDefinitionValueResolver.java:336) ~[spring-beans-4.1.0.RELEASE.jar:4.1.0.RELEASE]
	at org.springframework.beans.factory.support.BeanDefinitionValueResolver.resolveValueIfNecessary(BeanDefinitionValueResolver.java:108) ~[spring-beans-4.1.0.RELEASE.jar:4.1.0.RELEASE]
	at org.springframework.beans.factory.support.AbstractAutowireCapableBeanFactory.applyPropertyValues(AbstractAutowireCapableBeanFactory.java:1471) ~[spring-beans-4.1.0.RELEASE.jar:4.1.0.RELEASE]
	at org.springframework.beans.factory.support.AbstractAutowireCapableBeanFactory.populateBean(AbstractAutowireCapableBeanFactory.java:1216) ~[spring-beans-4.1.0.RELEASE.jar:4.1.0.RELEASE]
	at org.springframework.beans.factory.support.AbstractAutowireCapableBeanFactory.doCreateBean(AbstractAutowireCapableBeanFactory.java:538) ~[spring-beans-4.1.0.RELEASE.jar:4.1.0.RELEASE]
	at org.springframework.beans.factory.support.AbstractAutowireCapableBeanFactory.createBean(AbstractAutowireCapableBeanFactory.java:476) ~[spring-beans-4.1.0.RELEASE.jar:4.1.0.RELEASE]
	at org.springframework.beans.factory.support.AbstractBeanFactory$1.getObject(AbstractBeanFactory.java:302) ~[spring-beans-4.1.0.RELEASE.jar:4.1.0.RELEASE]
	at org.springframework.beans.factory.support.DefaultSingletonBeanRegistry.getSingleton(DefaultSingletonBeanRegistry.java:229) ~[spring-beans-4.1.0.RELEASE.jar:4.1.0.RELEASE]
	at org.springframework.beans.factory.support.AbstractBeanFactory.doGetBean(AbstractBeanFactory.java:298) ~[spring-beans-4.1.0.RELEASE.jar:4.1.0.RELEASE]
	at org.springframework.beans.factory.support.AbstractBeanFactory.getBean(AbstractBeanFactory.java:193) ~[spring-beans-4.1.0.RELEASE.jar:4.1.0.RELEASE]
	at org.springframework.beans.factory.support.DefaultListableBeanFactory.findAutowireCandidates(DefaultListableBeanFactory.java:1081) ~[spring-beans-4.1.0.RELEASE.jar:4.1.0.RELEASE]
	at org.springframework.beans.factory.support.DefaultListableBeanFactory.doResolveDependency(DefaultListableBeanFactory.java:1006) ~[spring-beans-4.1.0.RELEASE.jar:4.1.0.RELEASE]
	at org.springframework.beans.factory.support.DefaultListableBeanFactory.resolveDependency(DefaultListableBeanFactory.java:904) ~[spring-beans-4.1.0.RELEASE.jar:4.1.0.RELEASE]
	at org.springframework.beans.factory.annotation.AutowiredAnnotationBeanPostProcessor$AutowiredFieldElement.inject(AutowiredAnnotationBeanPostProcessor.java:514) ~[spring-beans-4.1.0.RELEASE.jar:4.1.0.RELEASE]
	... 68 common frames omitted
Caused by: org.springframework.beans.factory.BeanCreationException: Error creating bean with name 'taisf.writeSqlSessionTemplate.M' defined in class path resource [META-INF/spring/applicationContext-taisf.xml]: Cannot resolve reference to bean 'taisf.sqlSessionFactory.M' while setting constructor argument; nested exception is org.springframework.beans.factory.BeanCreationException: Error creating bean with name 'taisf.sqlSessionFactory.M' defined in class path resource [META-INF/spring/applicationContext-taisf.xml]: Cannot resolve reference to bean 'taisf.datasource.M' while setting bean property 'dataSource'; nested exception is org.springframework.beans.factory.BeanCreationException: Error creating bean with name 'taisf.datasource.M' defined in class path resource [META-INF/spring/applicationContext-taisf.xml]: Invocation of init method failed; nested exception is com.mysql.jdbc.exceptions.jdbc4.CommunicationsException: Communications link failure

The last packet sent successfully to the server was 0 milliseconds ago. The driver has not received any packets from the server.
	at org.springframework.beans.factory.support.BeanDefinitionValueResolver.resolveReference(BeanDefinitionValueResolver.java:336) ~[spring-beans-4.1.0.RELEASE.jar:4.1.0.RELEASE]
	at org.springframework.beans.factory.support.BeanDefinitionValueResolver.resolveValueIfNecessary(BeanDefinitionValueResolver.java:108) ~[spring-beans-4.1.0.RELEASE.jar:4.1.0.RELEASE]
	at org.springframework.beans.factory.support.ConstructorResolver.resolveConstructorArguments(ConstructorResolver.java:636) ~[spring-beans-4.1.0.RELEASE.jar:4.1.0.RELEASE]
	at org.springframework.beans.factory.support.ConstructorResolver.autowireConstructor(ConstructorResolver.java:140) ~[spring-beans-4.1.0.RELEASE.jar:4.1.0.RELEASE]
	at org.springframework.beans.factory.support.AbstractAutowireCapableBeanFactory.autowireConstructor(AbstractAutowireCapableBeanFactory.java:1133) ~[spring-beans-4.1.0.RELEASE.jar:4.1.0.RELEASE]
	at org.springframework.beans.factory.support.AbstractAutowireCapableBeanFactory.createBeanInstance(AbstractAutowireCapableBeanFactory.java:1036) ~[spring-beans-4.1.0.RELEASE.jar:4.1.0.RELEASE]
	at org.springframework.beans.factory.support.AbstractAutowireCapableBeanFactory.doCreateBean(AbstractAutowireCapableBeanFactory.java:505) ~[spring-beans-4.1.0.RELEASE.jar:4.1.0.RELEASE]
	at org.springframework.beans.factory.support.AbstractAutowireCapableBeanFactory.createBean(AbstractAutowireCapableBeanFactory.java:476) ~[spring-beans-4.1.0.RELEASE.jar:4.1.0.RELEASE]
	at org.springframework.beans.factory.support.AbstractBeanFactory.doGetBean(AbstractBeanFactory.java:321) ~[spring-beans-4.1.0.RELEASE.jar:4.1.0.RELEASE]
	at org.springframework.beans.factory.support.AbstractBeanFactory.getBean(AbstractBeanFactory.java:193) ~[spring-beans-4.1.0.RELEASE.jar:4.1.0.RELEASE]
	at org.springframework.beans.factory.support.BeanDefinitionValueResolver.resolveReference(BeanDefinitionValueResolver.java:328) ~[spring-beans-4.1.0.RELEASE.jar:4.1.0.RELEASE]
	... 81 common frames omitted
Caused by: org.springframework.beans.factory.BeanCreationException: Error creating bean with name 'taisf.sqlSessionFactory.M' defined in class path resource [META-INF/spring/applicationContext-taisf.xml]: Cannot resolve reference to bean 'taisf.datasource.M' while setting bean property 'dataSource'; nested exception is org.springframework.beans.factory.BeanCreationException: Error creating bean with name 'taisf.datasource.M' defined in class path resource [META-INF/spring/applicationContext-taisf.xml]: Invocation of init method failed; nested exception is com.mysql.jdbc.exceptions.jdbc4.CommunicationsException: Communications link failure

The last packet sent successfully to the server was 0 milliseconds ago. The driver has not received any packets from the server.
	at org.springframework.beans.factory.support.BeanDefinitionValueResolver.resolveReference(BeanDefinitionValueResolver.java:336) ~[spring-beans-4.1.0.RELEASE.jar:4.1.0.RELEASE]
	at org.springframework.beans.factory.support.BeanDefinitionValueResolver.resolveValueIfNecessary(BeanDefinitionValueResolver.java:108) ~[spring-beans-4.1.0.RELEASE.jar:4.1.0.RELEASE]
	at org.springframework.beans.factory.support.AbstractAutowireCapableBeanFactory.applyPropertyValues(AbstractAutowireCapableBeanFactory.java:1471) ~[spring-beans-4.1.0.RELEASE.jar:4.1.0.RELEASE]
	at org.springframework.beans.factory.support.AbstractAutowireCapableBeanFactory.populateBean(AbstractAutowireCapableBeanFactory.java:1216) ~[spring-beans-4.1.0.RELEASE.jar:4.1.0.RELEASE]
	at org.springframework.beans.factory.support.AbstractAutowireCapableBeanFactory.doCreateBean(AbstractAutowireCapableBeanFactory.java:538) ~[spring-beans-4.1.0.RELEASE.jar:4.1.0.RELEASE]
	at org.springframework.beans.factory.support.AbstractAutowireCapableBeanFactory.createBean(AbstractAutowireCapableBeanFactory.java:476) ~[spring-beans-4.1.0.RELEASE.jar:4.1.0.RELEASE]
	at org.springframework.beans.factory.support.AbstractBeanFactory$1.getObject(AbstractBeanFactory.java:302) ~[spring-beans-4.1.0.RELEASE.jar:4.1.0.RELEASE]
	at org.springframework.beans.factory.support.DefaultSingletonBeanRegistry.getSingleton(DefaultSingletonBeanRegistry.java:229) ~[spring-beans-4.1.0.RELEASE.jar:4.1.0.RELEASE]
	at org.springframework.beans.factory.support.AbstractBeanFactory.doGetBean(AbstractBeanFactory.java:298) ~[spring-beans-4.1.0.RELEASE.jar:4.1.0.RELEASE]
	at org.springframework.beans.factory.support.AbstractBeanFactory.getBean(AbstractBeanFactory.java:193) ~[spring-beans-4.1.0.RELEASE.jar:4.1.0.RELEASE]
	at org.springframework.beans.factory.support.BeanDefinitionValueResolver.resolveReference(BeanDefinitionValueResolver.java:328) ~[spring-beans-4.1.0.RELEASE.jar:4.1.0.RELEASE]
	... 91 common frames omitted
Caused by: org.springframework.beans.factory.BeanCreationException: Error creating bean with name 'taisf.datasource.M' defined in class path resource [META-INF/spring/applicationContext-taisf.xml]: Invocation of init method failed; nested exception is com.mysql.jdbc.exceptions.jdbc4.CommunicationsException: Communications link failure

The last packet sent successfully to the server was 0 milliseconds ago. The driver has not received any packets from the server.
	at org.springframework.beans.factory.support.AbstractAutowireCapableBeanFactory.initializeBean(AbstractAutowireCapableBeanFactory.java:1568) ~[spring-beans-4.1.0.RELEASE.jar:4.1.0.RELEASE]
	at org.springframework.beans.factory.support.AbstractAutowireCapableBeanFactory.doCreateBean(AbstractAutowireCapableBeanFactory.java:540) ~[spring-beans-4.1.0.RELEASE.jar:4.1.0.RELEASE]
	at org.springframework.beans.factory.support.AbstractAutowireCapableBeanFactory.createBean(AbstractAutowireCapableBeanFactory.java:476) ~[spring-beans-4.1.0.RELEASE.jar:4.1.0.RELEASE]
	at org.springframework.beans.factory.support.AbstractBeanFactory$1.getObject(AbstractBeanFactory.java:302) ~[spring-beans-4.1.0.RELEASE.jar:4.1.0.RELEASE]
	at org.springframework.beans.factory.support.DefaultSingletonBeanRegistry.getSingleton(DefaultSingletonBeanRegistry.java:229) ~[spring-beans-4.1.0.RELEASE.jar:4.1.0.RELEASE]
	at org.springframework.beans.factory.support.AbstractBeanFactory.doGetBean(AbstractBeanFactory.java:298) ~[spring-beans-4.1.0.RELEASE.jar:4.1.0.RELEASE]
	at org.springframework.beans.factory.support.AbstractBeanFactory.getBean(AbstractBeanFactory.java:193) ~[spring-beans-4.1.0.RELEASE.jar:4.1.0.RELEASE]
	at org.springframework.beans.factory.support.BeanDefinitionValueResolver.resolveReference(BeanDefinitionValueResolver.java:328) ~[spring-beans-4.1.0.RELEASE.jar:4.1.0.RELEASE]
	... 101 common frames omitted
Caused by: com.mysql.jdbc.exceptions.jdbc4.CommunicationsException: Communications link failure

The last packet sent successfully to the server was 0 milliseconds ago. The driver has not received any packets from the server.
	at sun.reflect.NativeConstructorAccessorImpl.newInstance0(Native Method) ~[na:1.8.0_131]
	at sun.reflect.NativeConstructorAccessorImpl.newInstance(NativeConstructorAccessorImpl.java:62) ~[na:1.8.0_131]
	at sun.reflect.DelegatingConstructorAccessorImpl.newInstance(DelegatingConstructorAccessorImpl.java:45) ~[na:1.8.0_131]
	at java.lang.reflect.Constructor.newInstance(Constructor.java:423) ~[na:1.8.0_131]
	at com.mysql.jdbc.Util.handleNewInstance(Util.java:377) ~[mysql-connector-java-5.1.33.jar:5.1.33]
	at com.mysql.jdbc.SQLError.createCommunicationsException(SQLError.java:1036) ~[mysql-connector-java-5.1.33.jar:5.1.33]
	at com.mysql.jdbc.MysqlIO.<init>(MysqlIO.java:338) ~[mysql-connector-java-5.1.33.jar:5.1.33]
	at com.mysql.jdbc.ConnectionImpl.coreConnect(ConnectionImpl.java:2232) ~[mysql-connector-java-5.1.33.jar:5.1.33]
	at com.mysql.jdbc.ConnectionImpl.connectOneTryOnly(ConnectionImpl.java:2265) ~[mysql-connector-java-5.1.33.jar:5.1.33]
	at com.mysql.jdbc.ConnectionImpl.createNewIO(ConnectionImpl.java:2064) ~[mysql-connector-java-5.1.33.jar:5.1.33]
	at com.mysql.jdbc.ConnectionImpl.<init>(ConnectionImpl.java:790) ~[mysql-connector-java-5.1.33.jar:5.1.33]
	at com.mysql.jdbc.JDBC4Connection.<init>(JDBC4Connection.java:44) ~[mysql-connector-java-5.1.33.jar:5.1.33]
	at sun.reflect.NativeConstructorAccessorImpl.newInstance0(Native Method) ~[na:1.8.0_131]
	at sun.reflect.NativeConstructorAccessorImpl.newInstance(NativeConstructorAccessorImpl.java:62) ~[na:1.8.0_131]
	at sun.reflect.DelegatingConstructorAccessorImpl.newInstance(DelegatingConstructorAccessorImpl.java:45) ~[na:1.8.0_131]
	at java.lang.reflect.Constructor.newInstance(Constructor.java:423) ~[na:1.8.0_131]
	at com.mysql.jdbc.Util.handleNewInstance(Util.java:377) ~[mysql-connector-java-5.1.33.jar:5.1.33]
	at com.mysql.jdbc.ConnectionImpl.getInstance(ConnectionImpl.java:395) ~[mysql-connector-java-5.1.33.jar:5.1.33]
	at com.mysql.jdbc.NonRegisteringDriver.connect(NonRegisteringDriver.java:325) ~[mysql-connector-java-5.1.33.jar:5.1.33]
	at com.alibaba.druid.filter.FilterChainImpl.connection_connect(FilterChainImpl.java:148) ~[druid-1.0.11.jar:1.0.11]
	at com.alibaba.druid.filter.FilterAdapter.connection_connect(FilterAdapter.java:785) ~[druid-1.0.11.jar:1.0.11]
	at com.alibaba.druid.filter.FilterEventAdapter.connection_connect(FilterEventAdapter.java:38) ~[druid-1.0.11.jar:1.0.11]
	at com.alibaba.druid.filter.FilterChainImpl.connection_connect(FilterChainImpl.java:142) ~[druid-1.0.11.jar:1.0.11]
	at com.alibaba.druid.filter.FilterAdapter.connection_connect(FilterAdapter.java:785) ~[druid-1.0.11.jar:1.0.11]
	at com.alibaba.druid.filter.FilterEventAdapter.connection_connect(FilterEventAdapter.java:38) ~[druid-1.0.11.jar:1.0.11]
	at com.alibaba.druid.filter.FilterChainImpl.connection_connect(FilterChainImpl.java:142) ~[druid-1.0.11.jar:1.0.11]
	at com.alibaba.druid.pool.DruidAbstractDataSource.createPhysicalConnection(DruidAbstractDataSource.java:1377) ~[druid-1.0.11.jar:1.0.11]
	at com.alibaba.druid.pool.DruidAbstractDataSource.createPhysicalConnection(DruidAbstractDataSource.java:1431) ~[druid-1.0.11.jar:1.0.11]
	at com.alibaba.druid.pool.DruidDataSource.init(DruidDataSource.java:630) ~[druid-1.0.11.jar:1.0.11]
	at sun.reflect.NativeMethodAccessorImpl.invoke0(Native Method) ~[na:1.8.0_131]
	at sun.reflect.NativeMethodAccessorImpl.invoke(NativeMethodAccessorImpl.java:62) ~[na:1.8.0_131]
	at sun.reflect.DelegatingMethodAccessorImpl.invoke(DelegatingMethodAccessorImpl.java:43) ~[na:1.8.0_131]
	at java.lang.reflect.Method.invoke(Method.java:498) ~[na:1.8.0_131]
	at org.springframework.beans.factory.support.AbstractAutowireCapableBeanFactory.invokeCustomInitMethod(AbstractAutowireCapableBeanFactory.java:1696) ~[spring-beans-4.1.0.RELEASE.jar:4.1.0.RELEASE]
	at org.springframework.beans.factory.support.AbstractAutowireCapableBeanFactory.invokeInitMethods(AbstractAutowireCapableBeanFactory.java:1635) ~[spring-beans-4.1.0.RELEASE.jar:4.1.0.RELEASE]
	at org.springframework.beans.factory.support.AbstractAutowireCapableBeanFactory.initializeBean(AbstractAutowireCapableBeanFactory.java:1564) ~[spring-beans-4.1.0.RELEASE.jar:4.1.0.RELEASE]
	... 108 common frames omitted
Caused by: java.net.ConnectException: Operation timed out (Connection timed out)
	at java.net.PlainSocketImpl.socketConnect(Native Method) ~[na:1.8.0_131]
	at java.net.AbstractPlainSocketImpl.doConnect(AbstractPlainSocketImpl.java:350) ~[na:1.8.0_131]
	at java.net.AbstractPlainSocketImpl.connectToAddress(AbstractPlainSocketImpl.java:206) ~[na:1.8.0_131]
	at java.net.AbstractPlainSocketImpl.connect(AbstractPlainSocketImpl.java:188) ~[na:1.8.0_131]
	at java.net.SocksSocketImpl.connect(SocksSocketImpl.java:392) ~[na:1.8.0_131]
	at java.net.Socket.connect(Socket.java:589) ~[na:1.8.0_131]
	at java.net.Socket.connect(Socket.java:538) ~[na:1.8.0_131]
	at java.net.Socket.<init>(Socket.java:434) ~[na:1.8.0_131]
	at java.net.Socket.<init>(Socket.java:244) ~[na:1.8.0_131]
	at com.mysql.jdbc.StandardSocketFactory.connect(StandardSocketFactory.java:243) ~[mysql-connector-java-5.1.33.jar:5.1.33]
	at com.mysql.jdbc.MysqlIO.<init>(MysqlIO.java:297) ~[mysql-connector-java-5.1.33.jar:5.1.33]
	... 137 common frames omitted
