2018-08-14 16:40:16.865 [main] ERROR o.springframework.test.context.TestContextManager - Caught exception while allowing TestExecutionListener [org.springframework.test.context.web.ServletTestExecutionListener@72fe8a4f] to prepare test instance [com.taisf.services.test.message.proxy.MessageServiceProxyTest@43effd89]
java.lang.IllegalStateException: Failed to load ApplicationContext
	at org.springframework.test.context.cache.DefaultCacheAwareContextLoaderDelegate.loadContext(DefaultCacheAwareContextLoaderDelegate.java:124) ~[spring-test-4.2.5.RELEASE.jar:4.2.5.RELEASE]
	at org.springframework.test.context.support.DefaultTestContext.getApplicationContext(DefaultTestContext.java:83) ~[spring-test-4.2.5.RELEASE.jar:4.2.5.RELEASE]
	at org.springframework.test.context.web.ServletTestExecutionListener.setUpRequestContextIfNecessary(ServletTestExecutionListener.java:183) ~[spring-test-4.2.5.RELEASE.jar:4.2.5.RELEASE]
	at org.springframework.test.context.web.ServletTestExecutionListener.prepareTestInstance(ServletTestExecutionListener.java:123) ~[spring-test-4.2.5.RELEASE.jar:4.2.5.RELEASE]
	at org.springframework.test.context.TestContextManager.prepareTestInstance(TestContextManager.java:228) ~[spring-test-4.2.5.RELEASE.jar:4.2.5.RELEASE]
	at org.springframework.test.context.junit4.SpringJUnit4ClassRunner.createTest(SpringJUnit4ClassRunner.java:230) [spring-test-4.2.5.RELEASE.jar:4.2.5.RELEASE]
	at org.springframework.test.context.junit4.SpringJUnit4ClassRunner$1.runReflectiveCall(SpringJUnit4ClassRunner.java:289) [spring-test-4.2.5.RELEASE.jar:4.2.5.RELEASE]
	at org.junit.internal.runners.model.ReflectiveCallable.run(ReflectiveCallable.java:15) [junit-4.10.jar:na]
	at org.springframework.test.context.junit4.SpringJUnit4ClassRunner.methodBlock(SpringJUnit4ClassRunner.java:291) [spring-test-4.2.5.RELEASE.jar:4.2.5.RELEASE]
	at org.springframework.test.context.junit4.SpringJUnit4ClassRunner.runChild(SpringJUnit4ClassRunner.java:249) [spring-test-4.2.5.RELEASE.jar:4.2.5.RELEASE]
	at org.springframework.test.context.junit4.SpringJUnit4ClassRunner.runChild(SpringJUnit4ClassRunner.java:89) [spring-test-4.2.5.RELEASE.jar:4.2.5.RELEASE]
	at org.junit.runners.ParentRunner$3.run(ParentRunner.java:231) [junit-4.10.jar:na]
	at org.junit.runners.ParentRunner$1.schedule(ParentRunner.java:60) [junit-4.10.jar:na]
	at org.junit.runners.ParentRunner.runChildren(ParentRunner.java:229) [junit-4.10.jar:na]
	at org.junit.runners.ParentRunner.access$000(ParentRunner.java:50) [junit-4.10.jar:na]
	at org.junit.runners.ParentRunner$2.evaluate(ParentRunner.java:222) [junit-4.10.jar:na]
	at org.springframework.test.context.junit4.statements.RunBeforeTestClassCallbacks.evaluate(RunBeforeTestClassCallbacks.java:61) [spring-test-4.2.5.RELEASE.jar:4.2.5.RELEASE]
	at org.springframework.test.context.junit4.statements.RunAfterTestClassCallbacks.evaluate(RunAfterTestClassCallbacks.java:70) [spring-test-4.2.5.RELEASE.jar:4.2.5.RELEASE]
	at org.junit.runners.ParentRunner.run(ParentRunner.java:300) [junit-4.10.jar:na]
	at org.springframework.test.context.junit4.SpringJUnit4ClassRunner.run(SpringJUnit4ClassRunner.java:193) [spring-test-4.2.5.RELEASE.jar:4.2.5.RELEASE]
	at org.junit.runner.JUnitCore.run(JUnitCore.java:157) [junit-4.10.jar:na]
	at com.intellij.junit4.JUnit4IdeaTestRunner.startRunnerWithArgs(JUnit4IdeaTestRunner.java:68) [junit-rt.jar:na]
	at com.intellij.rt.execution.junit.IdeaTestRunner$Repeater.startRunnerWithArgs(IdeaTestRunner.java:51) [junit-rt.jar:na]
	at com.intellij.rt.execution.junit.JUnitStarter.prepareStreamsAndStart(JUnitStarter.java:237) [junit-rt.jar:na]
	at com.intellij.rt.execution.junit.JUnitStarter.main(JUnitStarter.java:70) [junit-rt.jar:na]
Caused by: org.springframework.beans.factory.BeanCreationException: Error creating bean with name 'message.messageServiceProxy': Injection of resource dependencies failed; nested exception is org.springframework.beans.factory.BeanCreationException: Error creating bean with name 'message.messageManagerImpl': Injection of resource dependencies failed; nested exception is org.springframework.beans.factory.NoSuchBeanDefinitionException: No bean named 'diabetes.messageDao' is defined
	at org.springframework.context.annotation.CommonAnnotationBeanPostProcessor.postProcessPropertyValues(CommonAnnotationBeanPostProcessor.java:311) ~[spring-context-4.2.5.RELEASE.jar:4.2.5.RELEASE]
	at org.springframework.beans.factory.support.AbstractAutowireCapableBeanFactory.populateBean(AbstractAutowireCapableBeanFactory.java:1214) ~[spring-beans-4.2.5.RELEASE.jar:4.2.5.RELEASE]
	at org.springframework.beans.factory.support.AbstractAutowireCapableBeanFactory.doCreateBean(AbstractAutowireCapableBeanFactory.java:543) ~[spring-beans-4.2.5.RELEASE.jar:4.2.5.RELEASE]
	at org.springframework.beans.factory.support.AbstractAutowireCapableBeanFactory.createBean(AbstractAutowireCapableBeanFactory.java:482) ~[spring-beans-4.2.5.RELEASE.jar:4.2.5.RELEASE]
	at org.springframework.beans.factory.support.AbstractBeanFactory$1.getObject(AbstractBeanFactory.java:306) ~[spring-beans-4.2.5.RELEASE.jar:4.2.5.RELEASE]
	at org.springframework.beans.factory.support.DefaultSingletonBeanRegistry.getSingleton(DefaultSingletonBeanRegistry.java:230) ~[spring-beans-4.2.5.RELEASE.jar:4.2.5.RELEASE]
	at org.springframework.beans.factory.support.AbstractBeanFactory.doGetBean(AbstractBeanFactory.java:302) ~[spring-beans-4.2.5.RELEASE.jar:4.2.5.RELEASE]
	at org.springframework.beans.factory.support.AbstractBeanFactory.getBean(AbstractBeanFactory.java:197) ~[spring-beans-4.2.5.RELEASE.jar:4.2.5.RELEASE]
	at org.springframework.beans.factory.support.DefaultListableBeanFactory.preInstantiateSingletons(DefaultListableBeanFactory.java:772) ~[spring-beans-4.2.5.RELEASE.jar:4.2.5.RELEASE]
	at org.springframework.context.support.AbstractApplicationContext.finishBeanFactoryInitialization(AbstractApplicationContext.java:839) ~[spring-context-4.2.5.RELEASE.jar:4.2.5.RELEASE]
	at org.springframework.context.support.AbstractApplicationContext.refresh(AbstractApplicationContext.java:538) ~[spring-context-4.2.5.RELEASE.jar:4.2.5.RELEASE]
	at org.springframework.test.context.web.AbstractGenericWebContextLoader.loadContext(AbstractGenericWebContextLoader.java:133) ~[spring-test-4.2.5.RELEASE.jar:4.2.5.RELEASE]
	at org.springframework.test.context.web.AbstractGenericWebContextLoader.loadContext(AbstractGenericWebContextLoader.java:60) ~[spring-test-4.2.5.RELEASE.jar:4.2.5.RELEASE]
	at org.springframework.test.context.support.AbstractDelegatingSmartContextLoader.delegateLoading(AbstractDelegatingSmartContextLoader.java:109) ~[spring-test-4.2.5.RELEASE.jar:4.2.5.RELEASE]
	at org.springframework.test.context.support.AbstractDelegatingSmartContextLoader.loadContext(AbstractDelegatingSmartContextLoader.java:261) ~[spring-test-4.2.5.RELEASE.jar:4.2.5.RELEASE]
	at org.springframework.test.context.cache.DefaultCacheAwareContextLoaderDelegate.loadContextInternal(DefaultCacheAwareContextLoaderDelegate.java:98) ~[spring-test-4.2.5.RELEASE.jar:4.2.5.RELEASE]
	at org.springframework.test.context.cache.DefaultCacheAwareContextLoaderDelegate.loadContext(DefaultCacheAwareContextLoaderDelegate.java:116) ~[spring-test-4.2.5.RELEASE.jar:4.2.5.RELEASE]
	... 24 common frames omitted
Caused by: org.springframework.beans.factory.BeanCreationException: Error creating bean with name 'message.messageManagerImpl': Injection of resource dependencies failed; nested exception is org.springframework.beans.factory.NoSuchBeanDefinitionException: No bean named 'diabetes.messageDao' is defined
	at org.springframework.context.annotation.CommonAnnotationBeanPostProcessor.postProcessPropertyValues(CommonAnnotationBeanPostProcessor.java:311) ~[spring-context-4.2.5.RELEASE.jar:4.2.5.RELEASE]
	at org.springframework.beans.factory.support.AbstractAutowireCapableBeanFactory.populateBean(AbstractAutowireCapableBeanFactory.java:1214) ~[spring-beans-4.2.5.RELEASE.jar:4.2.5.RELEASE]
	at org.springframework.beans.factory.support.AbstractAutowireCapableBeanFactory.doCreateBean(AbstractAutowireCapableBeanFactory.java:543) ~[spring-beans-4.2.5.RELEASE.jar:4.2.5.RELEASE]
	at org.springframework.beans.factory.support.AbstractAutowireCapableBeanFactory.createBean(AbstractAutowireCapableBeanFactory.java:482) ~[spring-beans-4.2.5.RELEASE.jar:4.2.5.RELEASE]
	at org.springframework.beans.factory.support.AbstractBeanFactory$1.getObject(AbstractBeanFactory.java:306) ~[spring-beans-4.2.5.RELEASE.jar:4.2.5.RELEASE]
	at org.springframework.beans.factory.support.DefaultSingletonBeanRegistry.getSingleton(DefaultSingletonBeanRegistry.java:230) ~[spring-beans-4.2.5.RELEASE.jar:4.2.5.RELEASE]
	at org.springframework.beans.factory.support.AbstractBeanFactory.doGetBean(AbstractBeanFactory.java:302) ~[spring-beans-4.2.5.RELEASE.jar:4.2.5.RELEASE]
	at org.springframework.beans.factory.support.AbstractBeanFactory.getBean(AbstractBeanFactory.java:202) ~[spring-beans-4.2.5.RELEASE.jar:4.2.5.RELEASE]
	at org.springframework.context.annotation.CommonAnnotationBeanPostProcessor.autowireResource(CommonAnnotationBeanPostProcessor.java:512) ~[spring-context-4.2.5.RELEASE.jar:4.2.5.RELEASE]
	at org.springframework.context.annotation.CommonAnnotationBeanPostProcessor.getResource(CommonAnnotationBeanPostProcessor.java:486) ~[spring-context-4.2.5.RELEASE.jar:4.2.5.RELEASE]
	at org.springframework.context.annotation.CommonAnnotationBeanPostProcessor$ResourceElement.getResourceToInject(CommonAnnotationBeanPostProcessor.java:615) ~[spring-context-4.2.5.RELEASE.jar:4.2.5.RELEASE]
	at org.springframework.beans.factory.annotation.InjectionMetadata$InjectedElement.inject(InjectionMetadata.java:169) ~[spring-beans-4.2.5.RELEASE.jar:4.2.5.RELEASE]
	at org.springframework.beans.factory.annotation.InjectionMetadata.inject(InjectionMetadata.java:88) ~[spring-beans-4.2.5.RELEASE.jar:4.2.5.RELEASE]
	at org.springframework.context.annotation.CommonAnnotationBeanPostProcessor.postProcessPropertyValues(CommonAnnotationBeanPostProcessor.java:308) ~[spring-context-4.2.5.RELEASE.jar:4.2.5.RELEASE]
	... 40 common frames omitted
Caused by: org.springframework.beans.factory.NoSuchBeanDefinitionException: No bean named 'diabetes.messageDao' is defined
	at org.springframework.beans.factory.support.DefaultListableBeanFactory.getBeanDefinition(DefaultListableBeanFactory.java:698) ~[spring-beans-4.2.5.RELEASE.jar:4.2.5.RELEASE]
	at org.springframework.beans.factory.support.AbstractBeanFactory.getMergedLocalBeanDefinition(AbstractBeanFactory.java:1175) ~[spring-beans-4.2.5.RELEASE.jar:4.2.5.RELEASE]
	at org.springframework.beans.factory.support.AbstractBeanFactory.doGetBean(AbstractBeanFactory.java:284) ~[spring-beans-4.2.5.RELEASE.jar:4.2.5.RELEASE]
	at org.springframework.beans.factory.support.AbstractBeanFactory.getBean(AbstractBeanFactory.java:202) ~[spring-beans-4.2.5.RELEASE.jar:4.2.5.RELEASE]
	at org.springframework.context.annotation.CommonAnnotationBeanPostProcessor.autowireResource(CommonAnnotationBeanPostProcessor.java:512) ~[spring-context-4.2.5.RELEASE.jar:4.2.5.RELEASE]
	at org.springframework.context.annotation.CommonAnnotationBeanPostProcessor.getResource(CommonAnnotationBeanPostProcessor.java:486) ~[spring-context-4.2.5.RELEASE.jar:4.2.5.RELEASE]
	at org.springframework.context.annotation.CommonAnnotationBeanPostProcessor$ResourceElement.getResourceToInject(CommonAnnotationBeanPostProcessor.java:615) ~[spring-context-4.2.5.RELEASE.jar:4.2.5.RELEASE]
	at org.springframework.beans.factory.annotation.InjectionMetadata$InjectedElement.inject(InjectionMetadata.java:169) ~[spring-beans-4.2.5.RELEASE.jar:4.2.5.RELEASE]
	at org.springframework.beans.factory.annotation.InjectionMetadata.inject(InjectionMetadata.java:88) ~[spring-beans-4.2.5.RELEASE.jar:4.2.5.RELEASE]
	at org.springframework.context.annotation.CommonAnnotationBeanPostProcessor.postProcessPropertyValues(CommonAnnotationBeanPostProcessor.java:308) ~[spring-context-4.2.5.RELEASE.jar:4.2.5.RELEASE]
	... 53 common frames omitted
