2018-04-02 14:39:07.611 [main] ERROR druid.sql.Statement - {conn-110002, pstmt-120000} execute error. select
      t.id, t.user_id, t.title, t.account_type,  t.biz_money, t.biz_status, t.biz_sn, t.create_time
      u.user_name,  u.user_phone
    from t_user_account_log t
      inner join t_user u on t.user_id = u.user_uid
    where  t.account_type = 4  and u.biz_code = ?

     

     
     

    ORDER BY t.id DESC limit ?
com.mysql.jdbc.exceptions.jdbc4.MySQLSyntaxErrorException: You have an error in your SQL syntax; check the manual that corresponds to your MySQL server version for the right syntax to use near '.user_name,  u.user_phone
    from t_user_account_log t
      inner join t_user ' at line 3
	at sun.reflect.NativeConstructorAccessorImpl.newInstance0(Native Method) ~[na:1.8.0_131]
	at sun.reflect.NativeConstructorAccessorImpl.newInstance(NativeConstructorAccessorImpl.java:62) ~[na:1.8.0_131]
	at sun.reflect.DelegatingConstructorAccessorImpl.newInstance(DelegatingConstructorAccessorImpl.java:45) ~[na:1.8.0_131]
	at java.lang.reflect.Constructor.newInstance(Constructor.java:423) ~[na:1.8.0_131]
	at com.mysql.jdbc.Util.handleNewInstance(Util.java:377) ~[mysql-connector-java-5.1.33.jar:5.1.33]
	at com.mysql.jdbc.Util.getInstance(Util.java:360) ~[mysql-connector-java-5.1.33.jar:5.1.33]
	at com.mysql.jdbc.SQLError.createSQLException(SQLError.java:978) ~[mysql-connector-java-5.1.33.jar:5.1.33]
	at com.mysql.jdbc.MysqlIO.checkErrorPacket(MysqlIO.java:3887) ~[mysql-connector-java-5.1.33.jar:5.1.33]
	at com.mysql.jdbc.MysqlIO.checkErrorPacket(MysqlIO.java:3823) ~[mysql-connector-java-5.1.33.jar:5.1.33]
	at com.mysql.jdbc.MysqlIO.sendCommand(MysqlIO.java:2435) ~[mysql-connector-java-5.1.33.jar:5.1.33]
	at com.mysql.jdbc.MysqlIO.sqlQueryDirect(MysqlIO.java:2582) ~[mysql-connector-java-5.1.33.jar:5.1.33]
	at com.mysql.jdbc.ConnectionImpl.execSQL(ConnectionImpl.java:2530) ~[mysql-connector-java-5.1.33.jar:5.1.33]
	at com.mysql.jdbc.PreparedStatement.executeInternal(PreparedStatement.java:1907) ~[mysql-connector-java-5.1.33.jar:5.1.33]
	at com.mysql.jdbc.PreparedStatement.execute(PreparedStatement.java:1199) ~[mysql-connector-java-5.1.33.jar:5.1.33]
	at com.alibaba.druid.filter.FilterChainImpl.preparedStatement_execute(FilterChainImpl.java:2931) [druid-1.0.11.jar:1.0.11]
	at com.alibaba.druid.filter.FilterEventAdapter.preparedStatement_execute(FilterEventAdapter.java:440) [druid-1.0.11.jar:1.0.11]
	at com.alibaba.druid.filter.FilterChainImpl.preparedStatement_execute(FilterChainImpl.java:2929) [druid-1.0.11.jar:1.0.11]
	at com.alibaba.druid.filter.FilterEventAdapter.preparedStatement_execute(FilterEventAdapter.java:440) [druid-1.0.11.jar:1.0.11]
	at com.alibaba.druid.filter.FilterChainImpl.preparedStatement_execute(FilterChainImpl.java:2929) [druid-1.0.11.jar:1.0.11]
	at com.alibaba.druid.proxy.jdbc.PreparedStatementProxyImpl.execute(PreparedStatementProxyImpl.java:118) [druid-1.0.11.jar:1.0.11]
	at com.alibaba.druid.pool.DruidPooledPreparedStatement.execute(DruidPooledPreparedStatement.java:493) [druid-1.0.11.jar:1.0.11]
	at sun.reflect.NativeMethodAccessorImpl.invoke0(Native Method) ~[na:1.8.0_131]
	at sun.reflect.NativeMethodAccessorImpl.invoke(NativeMethodAccessorImpl.java:62) ~[na:1.8.0_131]
	at sun.reflect.DelegatingMethodAccessorImpl.invoke(DelegatingMethodAccessorImpl.java:43) ~[na:1.8.0_131]
	at java.lang.reflect.Method.invoke(Method.java:498) ~[na:1.8.0_131]
	at org.apache.ibatis.logging.jdbc.PreparedStatementLogger.invoke(PreparedStatementLogger.java:62) [mybatis-3.2.7.jar:3.2.7]
	at com.sun.proxy.$Proxy29.execute(Unknown Source) [na:na]
	at org.apache.ibatis.executor.statement.PreparedStatementHandler.query(PreparedStatementHandler.java:59) [mybatis-3.2.7.jar:3.2.7]
	at org.apache.ibatis.executor.statement.RoutingStatementHandler.query(RoutingStatementHandler.java:73) [mybatis-3.2.7.jar:3.2.7]
	at org.apache.ibatis.executor.SimpleExecutor.doQuery(SimpleExecutor.java:60) [mybatis-3.2.7.jar:3.2.7]
	at org.apache.ibatis.executor.BaseExecutor.queryFromDatabase(BaseExecutor.java:267) [mybatis-3.2.7.jar:3.2.7]
	at org.apache.ibatis.executor.BaseExecutor.query(BaseExecutor.java:137) [mybatis-3.2.7.jar:3.2.7]
	at org.apache.ibatis.executor.BaseExecutor.query(BaseExecutor.java:120) [mybatis-3.2.7.jar:3.2.7]
	at sun.reflect.NativeMethodAccessorImpl.invoke0(Native Method) ~[na:1.8.0_131]
	at sun.reflect.NativeMethodAccessorImpl.invoke(NativeMethodAccessorImpl.java:62) ~[na:1.8.0_131]
	at sun.reflect.DelegatingMethodAccessorImpl.invoke(DelegatingMethodAccessorImpl.java:43) ~[na:1.8.0_131]
	at java.lang.reflect.Method.invoke(Method.java:498) ~[na:1.8.0_131]
	at org.apache.ibatis.plugin.Invocation.proceed(Invocation.java:49) [mybatis-3.2.7.jar:3.2.7]
	at com.jk.framework.dao.paginator.OffsetLimitInterceptor$1.call(OffsetLimitInterceptor.java:93) [jk-framework-dao-0.0.1.jar:0.0.1]
	at com.jk.framework.dao.paginator.OffsetLimitInterceptor$1.call(OffsetLimitInterceptor.java:91) [jk-framework-dao-0.0.1.jar:0.0.1]
	at java.util.concurrent.FutureTask.run(FutureTask.java:266) [na:1.8.0_131]
	at com.jk.framework.dao.paginator.OffsetLimitInterceptor.call(OffsetLimitInterceptor.java:128) [jk-framework-dao-0.0.1.jar:0.0.1]
	at com.jk.framework.dao.paginator.OffsetLimitInterceptor.intercept(OffsetLimitInterceptor.java:91) [jk-framework-dao-0.0.1.jar:0.0.1]
	at org.apache.ibatis.plugin.Plugin.invoke(Plugin.java:60) [mybatis-3.2.7.jar:3.2.7]
	at com.sun.proxy.$Proxy27.query(Unknown Source) [na:na]
	at org.apache.ibatis.session.defaults.DefaultSqlSession.selectList(DefaultSqlSession.java:108) [mybatis-3.2.7.jar:3.2.7]
	at sun.reflect.NativeMethodAccessorImpl.invoke0(Native Method) ~[na:1.8.0_131]
	at sun.reflect.NativeMethodAccessorImpl.invoke(NativeMethodAccessorImpl.java:62) ~[na:1.8.0_131]
	at sun.reflect.DelegatingMethodAccessorImpl.invoke(DelegatingMethodAccessorImpl.java:43) ~[na:1.8.0_131]
	at java.lang.reflect.Method.invoke(Method.java:498) ~[na:1.8.0_131]
	at org.mybatis.spring.SqlSessionTemplate$SqlSessionInterceptor.invoke(SqlSessionTemplate.java:358) [mybatis-spring-1.2.2.jar:1.2.2]
	at com.sun.proxy.$Proxy23.selectList(Unknown Source) [na:na]
	at org.mybatis.spring.SqlSessionTemplate.selectList(SqlSessionTemplate.java:205) [mybatis-spring-1.2.2.jar:1.2.2]
	at com.jk.framework.dao.base.MybatisDaoContext.findForPage(MybatisDaoContext.java:68) [jk-framework-dao-0.0.1.jar:0.0.1]
	at com.taisf.services.user.dao.AccountLogDao.rechargeMoneyLogByPage(AccountLogDao.java:54) [classes/:na]
	at com.taisf.services.test.user.dao.AccountLogDaoTest.rechargeMoneyLogByPageTest(AccountLogDaoTest.java:39) [test-classes/:na]
	at sun.reflect.NativeMethodAccessorImpl.invoke0(Native Method) ~[na:1.8.0_131]
	at sun.reflect.NativeMethodAccessorImpl.invoke(NativeMethodAccessorImpl.java:62) ~[na:1.8.0_131]
	at sun.reflect.DelegatingMethodAccessorImpl.invoke(DelegatingMethodAccessorImpl.java:43) ~[na:1.8.0_131]
	at java.lang.reflect.Method.invoke(Method.java:498) ~[na:1.8.0_131]
	at org.junit.runners.model.FrameworkMethod$1.runReflectiveCall(FrameworkMethod.java:45) [junit-4.10.jar:na]
	at org.junit.internal.runners.model.ReflectiveCallable.run(ReflectiveCallable.java:15) [junit-4.10.jar:na]
	at org.junit.runners.model.FrameworkMethod.invokeExplosively(FrameworkMethod.java:42) [junit-4.10.jar:na]
	at org.junit.internal.runners.statements.InvokeMethod.evaluate(InvokeMethod.java:20) [junit-4.10.jar:na]
	at org.springframework.test.context.junit4.statements.RunBeforeTestMethodCallbacks.evaluate(RunBeforeTestMethodCallbacks.java:72) [spring-test-4.1.0.RELEASE.jar:4.1.0.RELEASE]
	at org.springframework.test.context.junit4.statements.RunAfterTestMethodCallbacks.evaluate(RunAfterTestMethodCallbacks.java:81) [spring-test-4.1.0.RELEASE.jar:4.1.0.RELEASE]
	at org.springframework.test.context.junit4.statements.SpringRepeat.evaluate(SpringRepeat.java:72) [spring-test-4.1.0.RELEASE.jar:4.1.0.RELEASE]
	at org.junit.runners.ParentRunner.runLeaf(ParentRunner.java:263) [junit-4.10.jar:na]
	at org.springframework.test.context.junit4.SpringJUnit4ClassRunner.runChild(SpringJUnit4ClassRunner.java:216) [spring-test-4.1.0.RELEASE.jar:4.1.0.RELEASE]
	at org.springframework.test.context.junit4.SpringJUnit4ClassRunner.runChild(SpringJUnit4ClassRunner.java:82) [spring-test-4.1.0.RELEASE.jar:4.1.0.RELEASE]
	at org.junit.runners.ParentRunner$3.run(ParentRunner.java:231) [junit-4.10.jar:na]
	at org.junit.runners.ParentRunner$1.schedule(ParentRunner.java:60) [junit-4.10.jar:na]
	at org.junit.runners.ParentRunner.runChildren(ParentRunner.java:229) [junit-4.10.jar:na]
	at org.junit.runners.ParentRunner.access$000(ParentRunner.java:50) [junit-4.10.jar:na]
	at org.junit.runners.ParentRunner$2.evaluate(ParentRunner.java:222) [junit-4.10.jar:na]
	at org.springframework.test.context.junit4.statements.RunBeforeTestClassCallbacks.evaluate(RunBeforeTestClassCallbacks.java:60) [spring-test-4.1.0.RELEASE.jar:4.1.0.RELEASE]
	at org.springframework.test.context.junit4.statements.RunAfterTestClassCallbacks.evaluate(RunAfterTestClassCallbacks.java:67) [spring-test-4.1.0.RELEASE.jar:4.1.0.RELEASE]
	at org.junit.runners.ParentRunner.run(ParentRunner.java:300) [junit-4.10.jar:na]
	at org.springframework.test.context.junit4.SpringJUnit4ClassRunner.run(SpringJUnit4ClassRunner.java:162) [spring-test-4.1.0.RELEASE.jar:4.1.0.RELEASE]
	at org.junit.runner.JUnitCore.run(JUnitCore.java:157) [junit-4.10.jar:na]
	at com.intellij.junit4.JUnit4IdeaTestRunner.startRunnerWithArgs(JUnit4IdeaTestRunner.java:68) [junit-rt.jar:na]
	at com.intellij.rt.execution.junit.IdeaTestRunner$Repeater.startRunnerWithArgs(IdeaTestRunner.java:51) [junit-rt.jar:na]
	at com.intellij.rt.execution.junit.JUnitStarter.prepareStreamsAndStart(JUnitStarter.java:237) [junit-rt.jar:na]
	at com.intellij.rt.execution.junit.JUnitStarter.main(JUnitStarter.java:70) [junit-rt.jar:na]
2018-04-02 14:39:07.614 [main] ERROR druid.sql.Statement - {conn-110002, pstmt-120000} execute error. select
      t.id, t.user_id, t.title, t.account_type,  t.biz_money, t.biz_status, t.biz_sn, t.create_time
      u.user_name,  u.user_phone
    from t_user_account_log t
      inner join t_user u on t.user_id = u.user_uid
    where  t.account_type = 4  and u.biz_code = ?

     

     
     

    ORDER BY t.id DESC limit ?
com.mysql.jdbc.exceptions.jdbc4.MySQLSyntaxErrorException: You have an error in your SQL syntax; check the manual that corresponds to your MySQL server version for the right syntax to use near '.user_name,  u.user_phone
    from t_user_account_log t
      inner join t_user ' at line 3
	at sun.reflect.NativeConstructorAccessorImpl.newInstance0(Native Method) ~[na:1.8.0_131]
	at sun.reflect.NativeConstructorAccessorImpl.newInstance(NativeConstructorAccessorImpl.java:62) ~[na:1.8.0_131]
	at sun.reflect.DelegatingConstructorAccessorImpl.newInstance(DelegatingConstructorAccessorImpl.java:45) ~[na:1.8.0_131]
	at java.lang.reflect.Constructor.newInstance(Constructor.java:423) ~[na:1.8.0_131]
	at com.mysql.jdbc.Util.handleNewInstance(Util.java:377) ~[mysql-connector-java-5.1.33.jar:5.1.33]
	at com.mysql.jdbc.Util.getInstance(Util.java:360) ~[mysql-connector-java-5.1.33.jar:5.1.33]
	at com.mysql.jdbc.SQLError.createSQLException(SQLError.java:978) ~[mysql-connector-java-5.1.33.jar:5.1.33]
	at com.mysql.jdbc.MysqlIO.checkErrorPacket(MysqlIO.java:3887) ~[mysql-connector-java-5.1.33.jar:5.1.33]
	at com.mysql.jdbc.MysqlIO.checkErrorPacket(MysqlIO.java:3823) ~[mysql-connector-java-5.1.33.jar:5.1.33]
	at com.mysql.jdbc.MysqlIO.sendCommand(MysqlIO.java:2435) ~[mysql-connector-java-5.1.33.jar:5.1.33]
	at com.mysql.jdbc.MysqlIO.sqlQueryDirect(MysqlIO.java:2582) ~[mysql-connector-java-5.1.33.jar:5.1.33]
	at com.mysql.jdbc.ConnectionImpl.execSQL(ConnectionImpl.java:2530) ~[mysql-connector-java-5.1.33.jar:5.1.33]
	at com.mysql.jdbc.PreparedStatement.executeInternal(PreparedStatement.java:1907) ~[mysql-connector-java-5.1.33.jar:5.1.33]
	at com.mysql.jdbc.PreparedStatement.execute(PreparedStatement.java:1199) ~[mysql-connector-java-5.1.33.jar:5.1.33]
	at com.alibaba.druid.filter.FilterChainImpl.preparedStatement_execute(FilterChainImpl.java:2931) [druid-1.0.11.jar:1.0.11]
	at com.alibaba.druid.filter.FilterEventAdapter.preparedStatement_execute(FilterEventAdapter.java:440) ~[druid-1.0.11.jar:1.0.11]
	at com.alibaba.druid.filter.FilterChainImpl.preparedStatement_execute(FilterChainImpl.java:2929) [druid-1.0.11.jar:1.0.11]
	at com.alibaba.druid.filter.FilterEventAdapter.preparedStatement_execute(FilterEventAdapter.java:440) ~[druid-1.0.11.jar:1.0.11]
	at com.alibaba.druid.filter.FilterChainImpl.preparedStatement_execute(FilterChainImpl.java:2929) [druid-1.0.11.jar:1.0.11]
	at com.alibaba.druid.proxy.jdbc.PreparedStatementProxyImpl.execute(PreparedStatementProxyImpl.java:118) [druid-1.0.11.jar:1.0.11]
	at com.alibaba.druid.pool.DruidPooledPreparedStatement.execute(DruidPooledPreparedStatement.java:493) [druid-1.0.11.jar:1.0.11]
	at sun.reflect.NativeMethodAccessorImpl.invoke0(Native Method) ~[na:1.8.0_131]
	at sun.reflect.NativeMethodAccessorImpl.invoke(NativeMethodAccessorImpl.java:62) ~[na:1.8.0_131]
	at sun.reflect.DelegatingMethodAccessorImpl.invoke(DelegatingMethodAccessorImpl.java:43) ~[na:1.8.0_131]
	at java.lang.reflect.Method.invoke(Method.java:498) ~[na:1.8.0_131]
	at org.apache.ibatis.logging.jdbc.PreparedStatementLogger.invoke(PreparedStatementLogger.java:62) [mybatis-3.2.7.jar:3.2.7]
	at com.sun.proxy.$Proxy29.execute(Unknown Source) [na:na]
	at org.apache.ibatis.executor.statement.PreparedStatementHandler.query(PreparedStatementHandler.java:59) [mybatis-3.2.7.jar:3.2.7]
	at org.apache.ibatis.executor.statement.RoutingStatementHandler.query(RoutingStatementHandler.java:73) [mybatis-3.2.7.jar:3.2.7]
	at org.apache.ibatis.executor.SimpleExecutor.doQuery(SimpleExecutor.java:60) [mybatis-3.2.7.jar:3.2.7]
	at org.apache.ibatis.executor.BaseExecutor.queryFromDatabase(BaseExecutor.java:267) [mybatis-3.2.7.jar:3.2.7]
	at org.apache.ibatis.executor.BaseExecutor.query(BaseExecutor.java:137) [mybatis-3.2.7.jar:3.2.7]
	at org.apache.ibatis.executor.BaseExecutor.query(BaseExecutor.java:120) [mybatis-3.2.7.jar:3.2.7]
	at sun.reflect.NativeMethodAccessorImpl.invoke0(Native Method) ~[na:1.8.0_131]
	at sun.reflect.NativeMethodAccessorImpl.invoke(NativeMethodAccessorImpl.java:62) ~[na:1.8.0_131]
	at sun.reflect.DelegatingMethodAccessorImpl.invoke(DelegatingMethodAccessorImpl.java:43) ~[na:1.8.0_131]
	at java.lang.reflect.Method.invoke(Method.java:498) ~[na:1.8.0_131]
	at org.apache.ibatis.plugin.Invocation.proceed(Invocation.java:49) [mybatis-3.2.7.jar:3.2.7]
	at com.jk.framework.dao.paginator.OffsetLimitInterceptor$1.call(OffsetLimitInterceptor.java:93) [jk-framework-dao-0.0.1.jar:0.0.1]
	at com.jk.framework.dao.paginator.OffsetLimitInterceptor$1.call(OffsetLimitInterceptor.java:91) [jk-framework-dao-0.0.1.jar:0.0.1]
	at java.util.concurrent.FutureTask.run(FutureTask.java:266) [na:1.8.0_131]
	at com.jk.framework.dao.paginator.OffsetLimitInterceptor.call(OffsetLimitInterceptor.java:128) [jk-framework-dao-0.0.1.jar:0.0.1]
	at com.jk.framework.dao.paginator.OffsetLimitInterceptor.intercept(OffsetLimitInterceptor.java:91) [jk-framework-dao-0.0.1.jar:0.0.1]
	at org.apache.ibatis.plugin.Plugin.invoke(Plugin.java:60) [mybatis-3.2.7.jar:3.2.7]
	at com.sun.proxy.$Proxy27.query(Unknown Source) [na:na]
	at org.apache.ibatis.session.defaults.DefaultSqlSession.selectList(DefaultSqlSession.java:108) [mybatis-3.2.7.jar:3.2.7]
	at sun.reflect.NativeMethodAccessorImpl.invoke0(Native Method) ~[na:1.8.0_131]
	at sun.reflect.NativeMethodAccessorImpl.invoke(NativeMethodAccessorImpl.java:62) ~[na:1.8.0_131]
	at sun.reflect.DelegatingMethodAccessorImpl.invoke(DelegatingMethodAccessorImpl.java:43) ~[na:1.8.0_131]
	at java.lang.reflect.Method.invoke(Method.java:498) ~[na:1.8.0_131]
	at org.mybatis.spring.SqlSessionTemplate$SqlSessionInterceptor.invoke(SqlSessionTemplate.java:358) [mybatis-spring-1.2.2.jar:1.2.2]
	at com.sun.proxy.$Proxy23.selectList(Unknown Source) [na:na]
	at org.mybatis.spring.SqlSessionTemplate.selectList(SqlSessionTemplate.java:205) [mybatis-spring-1.2.2.jar:1.2.2]
	at com.jk.framework.dao.base.MybatisDaoContext.findForPage(MybatisDaoContext.java:68) [jk-framework-dao-0.0.1.jar:0.0.1]
	at com.taisf.services.user.dao.AccountLogDao.rechargeMoneyLogByPage(AccountLogDao.java:54) [classes/:na]
	at com.taisf.services.test.user.dao.AccountLogDaoTest.rechargeMoneyLogByPageTest(AccountLogDaoTest.java:39) [test-classes/:na]
	at sun.reflect.NativeMethodAccessorImpl.invoke0(Native Method) ~[na:1.8.0_131]
	at sun.reflect.NativeMethodAccessorImpl.invoke(NativeMethodAccessorImpl.java:62) ~[na:1.8.0_131]
	at sun.reflect.DelegatingMethodAccessorImpl.invoke(DelegatingMethodAccessorImpl.java:43) ~[na:1.8.0_131]
	at java.lang.reflect.Method.invoke(Method.java:498) ~[na:1.8.0_131]
	at org.junit.runners.model.FrameworkMethod$1.runReflectiveCall(FrameworkMethod.java:45) [junit-4.10.jar:na]
	at org.junit.internal.runners.model.ReflectiveCallable.run(ReflectiveCallable.java:15) [junit-4.10.jar:na]
	at org.junit.runners.model.FrameworkMethod.invokeExplosively(FrameworkMethod.java:42) [junit-4.10.jar:na]
	at org.junit.internal.runners.statements.InvokeMethod.evaluate(InvokeMethod.java:20) [junit-4.10.jar:na]
	at org.springframework.test.context.junit4.statements.RunBeforeTestMethodCallbacks.evaluate(RunBeforeTestMethodCallbacks.java:72) [spring-test-4.1.0.RELEASE.jar:4.1.0.RELEASE]
	at org.springframework.test.context.junit4.statements.RunAfterTestMethodCallbacks.evaluate(RunAfterTestMethodCallbacks.java:81) [spring-test-4.1.0.RELEASE.jar:4.1.0.RELEASE]
	at org.springframework.test.context.junit4.statements.SpringRepeat.evaluate(SpringRepeat.java:72) [spring-test-4.1.0.RELEASE.jar:4.1.0.RELEASE]
	at org.junit.runners.ParentRunner.runLeaf(ParentRunner.java:263) [junit-4.10.jar:na]
	at org.springframework.test.context.junit4.SpringJUnit4ClassRunner.runChild(SpringJUnit4ClassRunner.java:216) [spring-test-4.1.0.RELEASE.jar:4.1.0.RELEASE]
	at org.springframework.test.context.junit4.SpringJUnit4ClassRunner.runChild(SpringJUnit4ClassRunner.java:82) [spring-test-4.1.0.RELEASE.jar:4.1.0.RELEASE]
	at org.junit.runners.ParentRunner$3.run(ParentRunner.java:231) [junit-4.10.jar:na]
	at org.junit.runners.ParentRunner$1.schedule(ParentRunner.java:60) [junit-4.10.jar:na]
	at org.junit.runners.ParentRunner.runChildren(ParentRunner.java:229) [junit-4.10.jar:na]
	at org.junit.runners.ParentRunner.access$000(ParentRunner.java:50) [junit-4.10.jar:na]
	at org.junit.runners.ParentRunner$2.evaluate(ParentRunner.java:222) [junit-4.10.jar:na]
	at org.springframework.test.context.junit4.statements.RunBeforeTestClassCallbacks.evaluate(RunBeforeTestClassCallbacks.java:60) [spring-test-4.1.0.RELEASE.jar:4.1.0.RELEASE]
	at org.springframework.test.context.junit4.statements.RunAfterTestClassCallbacks.evaluate(RunAfterTestClassCallbacks.java:67) [spring-test-4.1.0.RELEASE.jar:4.1.0.RELEASE]
	at org.junit.runners.ParentRunner.run(ParentRunner.java:300) [junit-4.10.jar:na]
	at org.springframework.test.context.junit4.SpringJUnit4ClassRunner.run(SpringJUnit4ClassRunner.java:162) [spring-test-4.1.0.RELEASE.jar:4.1.0.RELEASE]
	at org.junit.runner.JUnitCore.run(JUnitCore.java:157) [junit-4.10.jar:na]
	at com.intellij.junit4.JUnit4IdeaTestRunner.startRunnerWithArgs(JUnit4IdeaTestRunner.java:68) [junit-rt.jar:na]
	at com.intellij.rt.execution.junit.IdeaTestRunner$Repeater.startRunnerWithArgs(IdeaTestRunner.java:51) [junit-rt.jar:na]
	at com.intellij.rt.execution.junit.JUnitStarter.prepareStreamsAndStart(JUnitStarter.java:237) [junit-rt.jar:na]
	at com.intellij.rt.execution.junit.JUnitStarter.main(JUnitStarter.java:70) [junit-rt.jar:na]
2018-04-02 14:39:07.628 [main] ERROR druid.sql.Statement - {conn-110002, pstmt-120001} execute error. select count(1) from (select
      t.id, t.user_id, t.title, t.account_type,  t.biz_money, t.biz_status, t.biz_sn, t.create_time
      u.user_name,  u.user_phone
    from t_user_account_log t
      inner join t_user u on t.user_id = u.user_uid
    where  t.account_type = 4  and u.biz_code = ?

     

     
     

    ORDER BY t.id DESC) tmp_count
com.mysql.jdbc.exceptions.jdbc4.MySQLSyntaxErrorException: You have an error in your SQL syntax; check the manual that corresponds to your MySQL server version for the right syntax to use near '.user_name,  u.user_phone
    from t_user_account_log t
      inner join t_user ' at line 3
	at sun.reflect.NativeConstructorAccessorImpl.newInstance0(Native Method) ~[na:1.8.0_131]
	at sun.reflect.NativeConstructorAccessorImpl.newInstance(NativeConstructorAccessorImpl.java:62) ~[na:1.8.0_131]
	at sun.reflect.DelegatingConstructorAccessorImpl.newInstance(DelegatingConstructorAccessorImpl.java:45) ~[na:1.8.0_131]
	at java.lang.reflect.Constructor.newInstance(Constructor.java:423) ~[na:1.8.0_131]
	at com.mysql.jdbc.Util.handleNewInstance(Util.java:377) ~[mysql-connector-java-5.1.33.jar:5.1.33]
	at com.mysql.jdbc.Util.getInstance(Util.java:360) ~[mysql-connector-java-5.1.33.jar:5.1.33]
	at com.mysql.jdbc.SQLError.createSQLException(SQLError.java:978) ~[mysql-connector-java-5.1.33.jar:5.1.33]
	at com.mysql.jdbc.MysqlIO.checkErrorPacket(MysqlIO.java:3887) ~[mysql-connector-java-5.1.33.jar:5.1.33]
	at com.mysql.jdbc.MysqlIO.checkErrorPacket(MysqlIO.java:3823) ~[mysql-connector-java-5.1.33.jar:5.1.33]
	at com.mysql.jdbc.MysqlIO.sendCommand(MysqlIO.java:2435) ~[mysql-connector-java-5.1.33.jar:5.1.33]
	at com.mysql.jdbc.MysqlIO.sqlQueryDirect(MysqlIO.java:2582) ~[mysql-connector-java-5.1.33.jar:5.1.33]
	at com.mysql.jdbc.ConnectionImpl.execSQL(ConnectionImpl.java:2530) ~[mysql-connector-java-5.1.33.jar:5.1.33]
	at com.mysql.jdbc.PreparedStatement.executeInternal(PreparedStatement.java:1907) ~[mysql-connector-java-5.1.33.jar:5.1.33]
	at com.mysql.jdbc.PreparedStatement.executeQuery(PreparedStatement.java:2030) ~[mysql-connector-java-5.1.33.jar:5.1.33]
	at com.alibaba.druid.filter.FilterChainImpl.preparedStatement_executeQuery(FilterChainImpl.java:2714) [druid-1.0.11.jar:1.0.11]
	at com.alibaba.druid.filter.FilterEventAdapter.preparedStatement_executeQuery(FilterEventAdapter.java:465) [druid-1.0.11.jar:1.0.11]
	at com.alibaba.druid.filter.FilterChainImpl.preparedStatement_executeQuery(FilterChainImpl.java:2711) [druid-1.0.11.jar:1.0.11]
	at com.alibaba.druid.filter.FilterEventAdapter.preparedStatement_executeQuery(FilterEventAdapter.java:465) [druid-1.0.11.jar:1.0.11]
	at com.alibaba.druid.filter.FilterChainImpl.preparedStatement_executeQuery(FilterChainImpl.java:2711) [druid-1.0.11.jar:1.0.11]
	at com.alibaba.druid.proxy.jdbc.PreparedStatementProxyImpl.executeQuery(PreparedStatementProxyImpl.java:132) [druid-1.0.11.jar:1.0.11]
	at com.alibaba.druid.pool.DruidPooledPreparedStatement.executeQuery(DruidPooledPreparedStatement.java:227) [druid-1.0.11.jar:1.0.11]
	at com.jk.framework.dao.support.SQLHelp.getCount(SQLHelp.java:45) [jk-framework-dao-0.0.1.jar:0.0.1]
	at com.jk.framework.dao.paginator.OffsetLimitInterceptor$2.call(OffsetLimitInterceptor.java:111) [jk-framework-dao-0.0.1.jar:0.0.1]
	at java.util.concurrent.FutureTask.run(FutureTask.java:266) [na:1.8.0_131]
	at com.jk.framework.dao.paginator.OffsetLimitInterceptor.call(OffsetLimitInterceptor.java:128) [jk-framework-dao-0.0.1.jar:0.0.1]
	at com.jk.framework.dao.paginator.OffsetLimitInterceptor.intercept(OffsetLimitInterceptor.java:116) [jk-framework-dao-0.0.1.jar:0.0.1]
	at org.apache.ibatis.plugin.Plugin.invoke(Plugin.java:60) [mybatis-3.2.7.jar:3.2.7]
	at com.sun.proxy.$Proxy27.query(Unknown Source) [na:na]
	at org.apache.ibatis.session.defaults.DefaultSqlSession.selectList(DefaultSqlSession.java:108) [mybatis-3.2.7.jar:3.2.7]
	at sun.reflect.NativeMethodAccessorImpl.invoke0(Native Method) ~[na:1.8.0_131]
	at sun.reflect.NativeMethodAccessorImpl.invoke(NativeMethodAccessorImpl.java:62) ~[na:1.8.0_131]
	at sun.reflect.DelegatingMethodAccessorImpl.invoke(DelegatingMethodAccessorImpl.java:43) ~[na:1.8.0_131]
	at java.lang.reflect.Method.invoke(Method.java:498) ~[na:1.8.0_131]
	at org.mybatis.spring.SqlSessionTemplate$SqlSessionInterceptor.invoke(SqlSessionTemplate.java:358) [mybatis-spring-1.2.2.jar:1.2.2]
	at com.sun.proxy.$Proxy23.selectList(Unknown Source) [na:na]
	at org.mybatis.spring.SqlSessionTemplate.selectList(SqlSessionTemplate.java:205) [mybatis-spring-1.2.2.jar:1.2.2]
	at com.jk.framework.dao.base.MybatisDaoContext.findForPage(MybatisDaoContext.java:68) [jk-framework-dao-0.0.1.jar:0.0.1]
	at com.taisf.services.user.dao.AccountLogDao.rechargeMoneyLogByPage(AccountLogDao.java:54) [classes/:na]
	at com.taisf.services.test.user.dao.AccountLogDaoTest.rechargeMoneyLogByPageTest(AccountLogDaoTest.java:39) [test-classes/:na]
	at sun.reflect.NativeMethodAccessorImpl.invoke0(Native Method) ~[na:1.8.0_131]
	at sun.reflect.NativeMethodAccessorImpl.invoke(NativeMethodAccessorImpl.java:62) ~[na:1.8.0_131]
	at sun.reflect.DelegatingMethodAccessorImpl.invoke(DelegatingMethodAccessorImpl.java:43) ~[na:1.8.0_131]
	at java.lang.reflect.Method.invoke(Method.java:498) ~[na:1.8.0_131]
	at org.junit.runners.model.FrameworkMethod$1.runReflectiveCall(FrameworkMethod.java:45) [junit-4.10.jar:na]
	at org.junit.internal.runners.model.ReflectiveCallable.run(ReflectiveCallable.java:15) [junit-4.10.jar:na]
	at org.junit.runners.model.FrameworkMethod.invokeExplosively(FrameworkMethod.java:42) [junit-4.10.jar:na]
	at org.junit.internal.runners.statements.InvokeMethod.evaluate(InvokeMethod.java:20) [junit-4.10.jar:na]
	at org.springframework.test.context.junit4.statements.RunBeforeTestMethodCallbacks.evaluate(RunBeforeTestMethodCallbacks.java:72) [spring-test-4.1.0.RELEASE.jar:4.1.0.RELEASE]
	at org.springframework.test.context.junit4.statements.RunAfterTestMethodCallbacks.evaluate(RunAfterTestMethodCallbacks.java:81) [spring-test-4.1.0.RELEASE.jar:4.1.0.RELEASE]
	at org.springframework.test.context.junit4.statements.SpringRepeat.evaluate(SpringRepeat.java:72) [spring-test-4.1.0.RELEASE.jar:4.1.0.RELEASE]
	at org.junit.runners.ParentRunner.runLeaf(ParentRunner.java:263) [junit-4.10.jar:na]
	at org.springframework.test.context.junit4.SpringJUnit4ClassRunner.runChild(SpringJUnit4ClassRunner.java:216) [spring-test-4.1.0.RELEASE.jar:4.1.0.RELEASE]
	at org.springframework.test.context.junit4.SpringJUnit4ClassRunner.runChild(SpringJUnit4ClassRunner.java:82) [spring-test-4.1.0.RELEASE.jar:4.1.0.RELEASE]
	at org.junit.runners.ParentRunner$3.run(ParentRunner.java:231) [junit-4.10.jar:na]
	at org.junit.runners.ParentRunner$1.schedule(ParentRunner.java:60) [junit-4.10.jar:na]
	at org.junit.runners.ParentRunner.runChildren(ParentRunner.java:229) [junit-4.10.jar:na]
	at org.junit.runners.ParentRunner.access$000(ParentRunner.java:50) [junit-4.10.jar:na]
	at org.junit.runners.ParentRunner$2.evaluate(ParentRunner.java:222) [junit-4.10.jar:na]
	at org.springframework.test.context.junit4.statements.RunBeforeTestClassCallbacks.evaluate(RunBeforeTestClassCallbacks.java:60) [spring-test-4.1.0.RELEASE.jar:4.1.0.RELEASE]
	at org.springframework.test.context.junit4.statements.RunAfterTestClassCallbacks.evaluate(RunAfterTestClassCallbacks.java:67) [spring-test-4.1.0.RELEASE.jar:4.1.0.RELEASE]
	at org.junit.runners.ParentRunner.run(ParentRunner.java:300) [junit-4.10.jar:na]
	at org.springframework.test.context.junit4.SpringJUnit4ClassRunner.run(SpringJUnit4ClassRunner.java:162) [spring-test-4.1.0.RELEASE.jar:4.1.0.RELEASE]
	at org.junit.runner.JUnitCore.run(JUnitCore.java:157) [junit-4.10.jar:na]
	at com.intellij.junit4.JUnit4IdeaTestRunner.startRunnerWithArgs(JUnit4IdeaTestRunner.java:68) [junit-rt.jar:na]
	at com.intellij.rt.execution.junit.IdeaTestRunner$Repeater.startRunnerWithArgs(IdeaTestRunner.java:51) [junit-rt.jar:na]
	at com.intellij.rt.execution.junit.JUnitStarter.prepareStreamsAndStart(JUnitStarter.java:237) [junit-rt.jar:na]
	at com.intellij.rt.execution.junit.JUnitStarter.main(JUnitStarter.java:70) [junit-rt.jar:na]
2018-04-02 14:39:07.630 [main] ERROR druid.sql.Statement - {conn-110002, pstmt-120001} execute error. select count(1) from (select
      t.id, t.user_id, t.title, t.account_type,  t.biz_money, t.biz_status, t.biz_sn, t.create_time
      u.user_name,  u.user_phone
    from t_user_account_log t
      inner join t_user u on t.user_id = u.user_uid
    where  t.account_type = 4  and u.biz_code = ?

     

     
     

    ORDER BY t.id DESC) tmp_count
com.mysql.jdbc.exceptions.jdbc4.MySQLSyntaxErrorException: You have an error in your SQL syntax; check the manual that corresponds to your MySQL server version for the right syntax to use near '.user_name,  u.user_phone
    from t_user_account_log t
      inner join t_user ' at line 3
	at sun.reflect.NativeConstructorAccessorImpl.newInstance0(Native Method) ~[na:1.8.0_131]
	at sun.reflect.NativeConstructorAccessorImpl.newInstance(NativeConstructorAccessorImpl.java:62) ~[na:1.8.0_131]
	at sun.reflect.DelegatingConstructorAccessorImpl.newInstance(DelegatingConstructorAccessorImpl.java:45) ~[na:1.8.0_131]
	at java.lang.reflect.Constructor.newInstance(Constructor.java:423) ~[na:1.8.0_131]
	at com.mysql.jdbc.Util.handleNewInstance(Util.java:377) ~[mysql-connector-java-5.1.33.jar:5.1.33]
	at com.mysql.jdbc.Util.getInstance(Util.java:360) ~[mysql-connector-java-5.1.33.jar:5.1.33]
	at com.mysql.jdbc.SQLError.createSQLException(SQLError.java:978) ~[mysql-connector-java-5.1.33.jar:5.1.33]
	at com.mysql.jdbc.MysqlIO.checkErrorPacket(MysqlIO.java:3887) ~[mysql-connector-java-5.1.33.jar:5.1.33]
	at com.mysql.jdbc.MysqlIO.checkErrorPacket(MysqlIO.java:3823) ~[mysql-connector-java-5.1.33.jar:5.1.33]
	at com.mysql.jdbc.MysqlIO.sendCommand(MysqlIO.java:2435) ~[mysql-connector-java-5.1.33.jar:5.1.33]
	at com.mysql.jdbc.MysqlIO.sqlQueryDirect(MysqlIO.java:2582) ~[mysql-connector-java-5.1.33.jar:5.1.33]
	at com.mysql.jdbc.ConnectionImpl.execSQL(ConnectionImpl.java:2530) ~[mysql-connector-java-5.1.33.jar:5.1.33]
	at com.mysql.jdbc.PreparedStatement.executeInternal(PreparedStatement.java:1907) ~[mysql-connector-java-5.1.33.jar:5.1.33]
	at com.mysql.jdbc.PreparedStatement.executeQuery(PreparedStatement.java:2030) ~[mysql-connector-java-5.1.33.jar:5.1.33]
	at com.alibaba.druid.filter.FilterChainImpl.preparedStatement_executeQuery(FilterChainImpl.java:2714) [druid-1.0.11.jar:1.0.11]
	at com.alibaba.druid.filter.FilterEventAdapter.preparedStatement_executeQuery(FilterEventAdapter.java:465) ~[druid-1.0.11.jar:1.0.11]
	at com.alibaba.druid.filter.FilterChainImpl.preparedStatement_executeQuery(FilterChainImpl.java:2711) [druid-1.0.11.jar:1.0.11]
	at com.alibaba.druid.filter.FilterEventAdapter.preparedStatement_executeQuery(FilterEventAdapter.java:465) ~[druid-1.0.11.jar:1.0.11]
	at com.alibaba.druid.filter.FilterChainImpl.preparedStatement_executeQuery(FilterChainImpl.java:2711) [druid-1.0.11.jar:1.0.11]
	at com.alibaba.druid.proxy.jdbc.PreparedStatementProxyImpl.executeQuery(PreparedStatementProxyImpl.java:132) [druid-1.0.11.jar:1.0.11]
	at com.alibaba.druid.pool.DruidPooledPreparedStatement.executeQuery(DruidPooledPreparedStatement.java:227) [druid-1.0.11.jar:1.0.11]
	at com.jk.framework.dao.support.SQLHelp.getCount(SQLHelp.java:45) [jk-framework-dao-0.0.1.jar:0.0.1]
	at com.jk.framework.dao.paginator.OffsetLimitInterceptor$2.call(OffsetLimitInterceptor.java:111) [jk-framework-dao-0.0.1.jar:0.0.1]
	at java.util.concurrent.FutureTask.run(FutureTask.java:266) [na:1.8.0_131]
	at com.jk.framework.dao.paginator.OffsetLimitInterceptor.call(OffsetLimitInterceptor.java:128) [jk-framework-dao-0.0.1.jar:0.0.1]
	at com.jk.framework.dao.paginator.OffsetLimitInterceptor.intercept(OffsetLimitInterceptor.java:116) [jk-framework-dao-0.0.1.jar:0.0.1]
	at org.apache.ibatis.plugin.Plugin.invoke(Plugin.java:60) [mybatis-3.2.7.jar:3.2.7]
	at com.sun.proxy.$Proxy27.query(Unknown Source) [na:na]
	at org.apache.ibatis.session.defaults.DefaultSqlSession.selectList(DefaultSqlSession.java:108) [mybatis-3.2.7.jar:3.2.7]
	at sun.reflect.NativeMethodAccessorImpl.invoke0(Native Method) ~[na:1.8.0_131]
	at sun.reflect.NativeMethodAccessorImpl.invoke(NativeMethodAccessorImpl.java:62) ~[na:1.8.0_131]
	at sun.reflect.DelegatingMethodAccessorImpl.invoke(DelegatingMethodAccessorImpl.java:43) ~[na:1.8.0_131]
	at java.lang.reflect.Method.invoke(Method.java:498) ~[na:1.8.0_131]
	at org.mybatis.spring.SqlSessionTemplate$SqlSessionInterceptor.invoke(SqlSessionTemplate.java:358) [mybatis-spring-1.2.2.jar:1.2.2]
	at com.sun.proxy.$Proxy23.selectList(Unknown Source) [na:na]
	at org.mybatis.spring.SqlSessionTemplate.selectList(SqlSessionTemplate.java:205) [mybatis-spring-1.2.2.jar:1.2.2]
	at com.jk.framework.dao.base.MybatisDaoContext.findForPage(MybatisDaoContext.java:68) [jk-framework-dao-0.0.1.jar:0.0.1]
	at com.taisf.services.user.dao.AccountLogDao.rechargeMoneyLogByPage(AccountLogDao.java:54) [classes/:na]
	at com.taisf.services.test.user.dao.AccountLogDaoTest.rechargeMoneyLogByPageTest(AccountLogDaoTest.java:39) [test-classes/:na]
	at sun.reflect.NativeMethodAccessorImpl.invoke0(Native Method) ~[na:1.8.0_131]
	at sun.reflect.NativeMethodAccessorImpl.invoke(NativeMethodAccessorImpl.java:62) ~[na:1.8.0_131]
	at sun.reflect.DelegatingMethodAccessorImpl.invoke(DelegatingMethodAccessorImpl.java:43) ~[na:1.8.0_131]
	at java.lang.reflect.Method.invoke(Method.java:498) ~[na:1.8.0_131]
	at org.junit.runners.model.FrameworkMethod$1.runReflectiveCall(FrameworkMethod.java:45) [junit-4.10.jar:na]
	at org.junit.internal.runners.model.ReflectiveCallable.run(ReflectiveCallable.java:15) [junit-4.10.jar:na]
	at org.junit.runners.model.FrameworkMethod.invokeExplosively(FrameworkMethod.java:42) [junit-4.10.jar:na]
	at org.junit.internal.runners.statements.InvokeMethod.evaluate(InvokeMethod.java:20) [junit-4.10.jar:na]
	at org.springframework.test.context.junit4.statements.RunBeforeTestMethodCallbacks.evaluate(RunBeforeTestMethodCallbacks.java:72) [spring-test-4.1.0.RELEASE.jar:4.1.0.RELEASE]
	at org.springframework.test.context.junit4.statements.RunAfterTestMethodCallbacks.evaluate(RunAfterTestMethodCallbacks.java:81) [spring-test-4.1.0.RELEASE.jar:4.1.0.RELEASE]
	at org.springframework.test.context.junit4.statements.SpringRepeat.evaluate(SpringRepeat.java:72) [spring-test-4.1.0.RELEASE.jar:4.1.0.RELEASE]
	at org.junit.runners.ParentRunner.runLeaf(ParentRunner.java:263) [junit-4.10.jar:na]
	at org.springframework.test.context.junit4.SpringJUnit4ClassRunner.runChild(SpringJUnit4ClassRunner.java:216) [spring-test-4.1.0.RELEASE.jar:4.1.0.RELEASE]
	at org.springframework.test.context.junit4.SpringJUnit4ClassRunner.runChild(SpringJUnit4ClassRunner.java:82) [spring-test-4.1.0.RELEASE.jar:4.1.0.RELEASE]
	at org.junit.runners.ParentRunner$3.run(ParentRunner.java:231) [junit-4.10.jar:na]
	at org.junit.runners.ParentRunner$1.schedule(ParentRunner.java:60) [junit-4.10.jar:na]
	at org.junit.runners.ParentRunner.runChildren(ParentRunner.java:229) [junit-4.10.jar:na]
	at org.junit.runners.ParentRunner.access$000(ParentRunner.java:50) [junit-4.10.jar:na]
	at org.junit.runners.ParentRunner$2.evaluate(ParentRunner.java:222) [junit-4.10.jar:na]
	at org.springframework.test.context.junit4.statements.RunBeforeTestClassCallbacks.evaluate(RunBeforeTestClassCallbacks.java:60) [spring-test-4.1.0.RELEASE.jar:4.1.0.RELEASE]
	at org.springframework.test.context.junit4.statements.RunAfterTestClassCallbacks.evaluate(RunAfterTestClassCallbacks.java:67) [spring-test-4.1.0.RELEASE.jar:4.1.0.RELEASE]
	at org.junit.runners.ParentRunner.run(ParentRunner.java:300) [junit-4.10.jar:na]
	at org.springframework.test.context.junit4.SpringJUnit4ClassRunner.run(SpringJUnit4ClassRunner.java:162) [spring-test-4.1.0.RELEASE.jar:4.1.0.RELEASE]
	at org.junit.runner.JUnitCore.run(JUnitCore.java:157) [junit-4.10.jar:na]
	at com.intellij.junit4.JUnit4IdeaTestRunner.startRunnerWithArgs(JUnit4IdeaTestRunner.java:68) [junit-rt.jar:na]
	at com.intellij.rt.execution.junit.IdeaTestRunner$Repeater.startRunnerWithArgs(IdeaTestRunner.java:51) [junit-rt.jar:na]
	at com.intellij.rt.execution.junit.JUnitStarter.prepareStreamsAndStart(JUnitStarter.java:237) [junit-rt.jar:na]
	at com.intellij.rt.execution.junit.JUnitStarter.main(JUnitStarter.java:70) [junit-rt.jar:na]
2018-04-02 14:39:56.949 [main] ERROR druid.sql.Statement - {conn-110002, pstmt-120000} execute error. select
      t.id, t.user_id, t.title, t.account_type,  t.biz_money, t.biz_status, t.biz_sn, t.create_time
      u.user_name,  u.user_phone
    from t_user_account_log t
      inner join t_user u on t.user_id = u.user_uid
    where  t.account_type = 4  and u.biz_code = ?

     

     
     

    ORDER BY t.id DESC limit ?
com.mysql.jdbc.exceptions.jdbc4.MySQLSyntaxErrorException: You have an error in your SQL syntax; check the manual that corresponds to your MySQL server version for the right syntax to use near '.user_name,  u.user_phone
    from t_user_account_log t
      inner join t_user ' at line 3
	at sun.reflect.NativeConstructorAccessorImpl.newInstance0(Native Method) ~[na:1.8.0_131]
	at sun.reflect.NativeConstructorAccessorImpl.newInstance(NativeConstructorAccessorImpl.java:62) ~[na:1.8.0_131]
	at sun.reflect.DelegatingConstructorAccessorImpl.newInstance(DelegatingConstructorAccessorImpl.java:45) ~[na:1.8.0_131]
	at java.lang.reflect.Constructor.newInstance(Constructor.java:423) ~[na:1.8.0_131]
	at com.mysql.jdbc.Util.handleNewInstance(Util.java:377) ~[mysql-connector-java-5.1.33.jar:5.1.33]
	at com.mysql.jdbc.Util.getInstance(Util.java:360) ~[mysql-connector-java-5.1.33.jar:5.1.33]
	at com.mysql.jdbc.SQLError.createSQLException(SQLError.java:978) ~[mysql-connector-java-5.1.33.jar:5.1.33]
	at com.mysql.jdbc.MysqlIO.checkErrorPacket(MysqlIO.java:3887) ~[mysql-connector-java-5.1.33.jar:5.1.33]
	at com.mysql.jdbc.MysqlIO.checkErrorPacket(MysqlIO.java:3823) ~[mysql-connector-java-5.1.33.jar:5.1.33]
	at com.mysql.jdbc.MysqlIO.sendCommand(MysqlIO.java:2435) ~[mysql-connector-java-5.1.33.jar:5.1.33]
	at com.mysql.jdbc.MysqlIO.sqlQueryDirect(MysqlIO.java:2582) ~[mysql-connector-java-5.1.33.jar:5.1.33]
	at com.mysql.jdbc.ConnectionImpl.execSQL(ConnectionImpl.java:2530) ~[mysql-connector-java-5.1.33.jar:5.1.33]
	at com.mysql.jdbc.PreparedStatement.executeInternal(PreparedStatement.java:1907) ~[mysql-connector-java-5.1.33.jar:5.1.33]
	at com.mysql.jdbc.PreparedStatement.execute(PreparedStatement.java:1199) ~[mysql-connector-java-5.1.33.jar:5.1.33]
	at com.alibaba.druid.filter.FilterChainImpl.preparedStatement_execute(FilterChainImpl.java:2931) [druid-1.0.11.jar:1.0.11]
	at com.alibaba.druid.filter.FilterEventAdapter.preparedStatement_execute(FilterEventAdapter.java:440) [druid-1.0.11.jar:1.0.11]
	at com.alibaba.druid.filter.FilterChainImpl.preparedStatement_execute(FilterChainImpl.java:2929) [druid-1.0.11.jar:1.0.11]
	at com.alibaba.druid.filter.FilterEventAdapter.preparedStatement_execute(FilterEventAdapter.java:440) [druid-1.0.11.jar:1.0.11]
	at com.alibaba.druid.filter.FilterChainImpl.preparedStatement_execute(FilterChainImpl.java:2929) [druid-1.0.11.jar:1.0.11]
	at com.alibaba.druid.proxy.jdbc.PreparedStatementProxyImpl.execute(PreparedStatementProxyImpl.java:118) [druid-1.0.11.jar:1.0.11]
	at com.alibaba.druid.pool.DruidPooledPreparedStatement.execute(DruidPooledPreparedStatement.java:493) [druid-1.0.11.jar:1.0.11]
	at sun.reflect.NativeMethodAccessorImpl.invoke0(Native Method) ~[na:1.8.0_131]
	at sun.reflect.NativeMethodAccessorImpl.invoke(NativeMethodAccessorImpl.java:62) ~[na:1.8.0_131]
	at sun.reflect.DelegatingMethodAccessorImpl.invoke(DelegatingMethodAccessorImpl.java:43) ~[na:1.8.0_131]
	at java.lang.reflect.Method.invoke(Method.java:498) ~[na:1.8.0_131]
	at org.apache.ibatis.logging.jdbc.PreparedStatementLogger.invoke(PreparedStatementLogger.java:62) [mybatis-3.2.7.jar:3.2.7]
	at com.sun.proxy.$Proxy29.execute(Unknown Source) [na:na]
	at org.apache.ibatis.executor.statement.PreparedStatementHandler.query(PreparedStatementHandler.java:59) [mybatis-3.2.7.jar:3.2.7]
	at org.apache.ibatis.executor.statement.RoutingStatementHandler.query(RoutingStatementHandler.java:73) [mybatis-3.2.7.jar:3.2.7]
	at org.apache.ibatis.executor.SimpleExecutor.doQuery(SimpleExecutor.java:60) [mybatis-3.2.7.jar:3.2.7]
	at org.apache.ibatis.executor.BaseExecutor.queryFromDatabase(BaseExecutor.java:267) [mybatis-3.2.7.jar:3.2.7]
	at org.apache.ibatis.executor.BaseExecutor.query(BaseExecutor.java:137) [mybatis-3.2.7.jar:3.2.7]
	at org.apache.ibatis.executor.BaseExecutor.query(BaseExecutor.java:120) [mybatis-3.2.7.jar:3.2.7]
	at sun.reflect.NativeMethodAccessorImpl.invoke0(Native Method) ~[na:1.8.0_131]
	at sun.reflect.NativeMethodAccessorImpl.invoke(NativeMethodAccessorImpl.java:62) ~[na:1.8.0_131]
	at sun.reflect.DelegatingMethodAccessorImpl.invoke(DelegatingMethodAccessorImpl.java:43) ~[na:1.8.0_131]
	at java.lang.reflect.Method.invoke(Method.java:498) ~[na:1.8.0_131]
	at org.apache.ibatis.plugin.Invocation.proceed(Invocation.java:49) [mybatis-3.2.7.jar:3.2.7]
	at com.jk.framework.dao.paginator.OffsetLimitInterceptor$1.call(OffsetLimitInterceptor.java:93) [jk-framework-dao-0.0.1.jar:0.0.1]
	at com.jk.framework.dao.paginator.OffsetLimitInterceptor$1.call(OffsetLimitInterceptor.java:91) [jk-framework-dao-0.0.1.jar:0.0.1]
	at java.util.concurrent.FutureTask.run(FutureTask.java:266) [na:1.8.0_131]
	at com.jk.framework.dao.paginator.OffsetLimitInterceptor.call(OffsetLimitInterceptor.java:128) [jk-framework-dao-0.0.1.jar:0.0.1]
	at com.jk.framework.dao.paginator.OffsetLimitInterceptor.intercept(OffsetLimitInterceptor.java:91) [jk-framework-dao-0.0.1.jar:0.0.1]
	at org.apache.ibatis.plugin.Plugin.invoke(Plugin.java:60) [mybatis-3.2.7.jar:3.2.7]
	at com.sun.proxy.$Proxy27.query(Unknown Source) [na:na]
	at org.apache.ibatis.session.defaults.DefaultSqlSession.selectList(DefaultSqlSession.java:108) [mybatis-3.2.7.jar:3.2.7]
	at sun.reflect.NativeMethodAccessorImpl.invoke0(Native Method) ~[na:1.8.0_131]
	at sun.reflect.NativeMethodAccessorImpl.invoke(NativeMethodAccessorImpl.java:62) ~[na:1.8.0_131]
	at sun.reflect.DelegatingMethodAccessorImpl.invoke(DelegatingMethodAccessorImpl.java:43) ~[na:1.8.0_131]
	at java.lang.reflect.Method.invoke(Method.java:498) ~[na:1.8.0_131]
	at org.mybatis.spring.SqlSessionTemplate$SqlSessionInterceptor.invoke(SqlSessionTemplate.java:358) [mybatis-spring-1.2.2.jar:1.2.2]
	at com.sun.proxy.$Proxy23.selectList(Unknown Source) [na:na]
	at org.mybatis.spring.SqlSessionTemplate.selectList(SqlSessionTemplate.java:205) [mybatis-spring-1.2.2.jar:1.2.2]
	at com.jk.framework.dao.base.MybatisDaoContext.findForPage(MybatisDaoContext.java:68) [jk-framework-dao-0.0.1.jar:0.0.1]
	at com.taisf.services.user.dao.AccountLogDao.rechargeMoneyLogByPage(AccountLogDao.java:54) [classes/:na]
	at com.taisf.services.test.user.dao.AccountLogDaoTest.rechargeMoneyLogByPageTest(AccountLogDaoTest.java:40) [test-classes/:na]
	at sun.reflect.NativeMethodAccessorImpl.invoke0(Native Method) ~[na:1.8.0_131]
	at sun.reflect.NativeMethodAccessorImpl.invoke(NativeMethodAccessorImpl.java:62) ~[na:1.8.0_131]
	at sun.reflect.DelegatingMethodAccessorImpl.invoke(DelegatingMethodAccessorImpl.java:43) ~[na:1.8.0_131]
	at java.lang.reflect.Method.invoke(Method.java:498) ~[na:1.8.0_131]
	at org.junit.runners.model.FrameworkMethod$1.runReflectiveCall(FrameworkMethod.java:45) [junit-4.10.jar:na]
	at org.junit.internal.runners.model.ReflectiveCallable.run(ReflectiveCallable.java:15) [junit-4.10.jar:na]
	at org.junit.runners.model.FrameworkMethod.invokeExplosively(FrameworkMethod.java:42) [junit-4.10.jar:na]
	at org.junit.internal.runners.statements.InvokeMethod.evaluate(InvokeMethod.java:20) [junit-4.10.jar:na]
	at org.springframework.test.context.junit4.statements.RunBeforeTestMethodCallbacks.evaluate(RunBeforeTestMethodCallbacks.java:72) [spring-test-4.1.0.RELEASE.jar:4.1.0.RELEASE]
	at org.springframework.test.context.junit4.statements.RunAfterTestMethodCallbacks.evaluate(RunAfterTestMethodCallbacks.java:81) [spring-test-4.1.0.RELEASE.jar:4.1.0.RELEASE]
	at org.springframework.test.context.junit4.statements.SpringRepeat.evaluate(SpringRepeat.java:72) [spring-test-4.1.0.RELEASE.jar:4.1.0.RELEASE]
	at org.junit.runners.ParentRunner.runLeaf(ParentRunner.java:263) [junit-4.10.jar:na]
	at org.springframework.test.context.junit4.SpringJUnit4ClassRunner.runChild(SpringJUnit4ClassRunner.java:216) [spring-test-4.1.0.RELEASE.jar:4.1.0.RELEASE]
	at org.springframework.test.context.junit4.SpringJUnit4ClassRunner.runChild(SpringJUnit4ClassRunner.java:82) [spring-test-4.1.0.RELEASE.jar:4.1.0.RELEASE]
	at org.junit.runners.ParentRunner$3.run(ParentRunner.java:231) [junit-4.10.jar:na]
	at org.junit.runners.ParentRunner$1.schedule(ParentRunner.java:60) [junit-4.10.jar:na]
	at org.junit.runners.ParentRunner.runChildren(ParentRunner.java:229) [junit-4.10.jar:na]
	at org.junit.runners.ParentRunner.access$000(ParentRunner.java:50) [junit-4.10.jar:na]
	at org.junit.runners.ParentRunner$2.evaluate(ParentRunner.java:222) [junit-4.10.jar:na]
	at org.springframework.test.context.junit4.statements.RunBeforeTestClassCallbacks.evaluate(RunBeforeTestClassCallbacks.java:60) [spring-test-4.1.0.RELEASE.jar:4.1.0.RELEASE]
	at org.springframework.test.context.junit4.statements.RunAfterTestClassCallbacks.evaluate(RunAfterTestClassCallbacks.java:67) [spring-test-4.1.0.RELEASE.jar:4.1.0.RELEASE]
	at org.junit.runners.ParentRunner.run(ParentRunner.java:300) [junit-4.10.jar:na]
	at org.springframework.test.context.junit4.SpringJUnit4ClassRunner.run(SpringJUnit4ClassRunner.java:162) [spring-test-4.1.0.RELEASE.jar:4.1.0.RELEASE]
	at org.junit.runner.JUnitCore.run(JUnitCore.java:157) [junit-4.10.jar:na]
	at com.intellij.junit4.JUnit4IdeaTestRunner.startRunnerWithArgs(JUnit4IdeaTestRunner.java:68) [junit-rt.jar:na]
	at com.intellij.rt.execution.junit.IdeaTestRunner$Repeater.startRunnerWithArgs(IdeaTestRunner.java:51) [junit-rt.jar:na]
	at com.intellij.rt.execution.junit.JUnitStarter.prepareStreamsAndStart(JUnitStarter.java:237) [junit-rt.jar:na]
	at com.intellij.rt.execution.junit.JUnitStarter.main(JUnitStarter.java:70) [junit-rt.jar:na]
2018-04-02 14:39:56.951 [main] ERROR druid.sql.Statement - {conn-110002, pstmt-120000} execute error. select
      t.id, t.user_id, t.title, t.account_type,  t.biz_money, t.biz_status, t.biz_sn, t.create_time
      u.user_name,  u.user_phone
    from t_user_account_log t
      inner join t_user u on t.user_id = u.user_uid
    where  t.account_type = 4  and u.biz_code = ?

     

     
     

    ORDER BY t.id DESC limit ?
com.mysql.jdbc.exceptions.jdbc4.MySQLSyntaxErrorException: You have an error in your SQL syntax; check the manual that corresponds to your MySQL server version for the right syntax to use near '.user_name,  u.user_phone
    from t_user_account_log t
      inner join t_user ' at line 3
	at sun.reflect.NativeConstructorAccessorImpl.newInstance0(Native Method) ~[na:1.8.0_131]
	at sun.reflect.NativeConstructorAccessorImpl.newInstance(NativeConstructorAccessorImpl.java:62) ~[na:1.8.0_131]
	at sun.reflect.DelegatingConstructorAccessorImpl.newInstance(DelegatingConstructorAccessorImpl.java:45) ~[na:1.8.0_131]
	at java.lang.reflect.Constructor.newInstance(Constructor.java:423) ~[na:1.8.0_131]
	at com.mysql.jdbc.Util.handleNewInstance(Util.java:377) ~[mysql-connector-java-5.1.33.jar:5.1.33]
	at com.mysql.jdbc.Util.getInstance(Util.java:360) ~[mysql-connector-java-5.1.33.jar:5.1.33]
	at com.mysql.jdbc.SQLError.createSQLException(SQLError.java:978) ~[mysql-connector-java-5.1.33.jar:5.1.33]
	at com.mysql.jdbc.MysqlIO.checkErrorPacket(MysqlIO.java:3887) ~[mysql-connector-java-5.1.33.jar:5.1.33]
	at com.mysql.jdbc.MysqlIO.checkErrorPacket(MysqlIO.java:3823) ~[mysql-connector-java-5.1.33.jar:5.1.33]
	at com.mysql.jdbc.MysqlIO.sendCommand(MysqlIO.java:2435) ~[mysql-connector-java-5.1.33.jar:5.1.33]
	at com.mysql.jdbc.MysqlIO.sqlQueryDirect(MysqlIO.java:2582) ~[mysql-connector-java-5.1.33.jar:5.1.33]
	at com.mysql.jdbc.ConnectionImpl.execSQL(ConnectionImpl.java:2530) ~[mysql-connector-java-5.1.33.jar:5.1.33]
	at com.mysql.jdbc.PreparedStatement.executeInternal(PreparedStatement.java:1907) ~[mysql-connector-java-5.1.33.jar:5.1.33]
	at com.mysql.jdbc.PreparedStatement.execute(PreparedStatement.java:1199) ~[mysql-connector-java-5.1.33.jar:5.1.33]
	at com.alibaba.druid.filter.FilterChainImpl.preparedStatement_execute(FilterChainImpl.java:2931) [druid-1.0.11.jar:1.0.11]
	at com.alibaba.druid.filter.FilterEventAdapter.preparedStatement_execute(FilterEventAdapter.java:440) ~[druid-1.0.11.jar:1.0.11]
	at com.alibaba.druid.filter.FilterChainImpl.preparedStatement_execute(FilterChainImpl.java:2929) [druid-1.0.11.jar:1.0.11]
	at com.alibaba.druid.filter.FilterEventAdapter.preparedStatement_execute(FilterEventAdapter.java:440) ~[druid-1.0.11.jar:1.0.11]
	at com.alibaba.druid.filter.FilterChainImpl.preparedStatement_execute(FilterChainImpl.java:2929) [druid-1.0.11.jar:1.0.11]
	at com.alibaba.druid.proxy.jdbc.PreparedStatementProxyImpl.execute(PreparedStatementProxyImpl.java:118) [druid-1.0.11.jar:1.0.11]
	at com.alibaba.druid.pool.DruidPooledPreparedStatement.execute(DruidPooledPreparedStatement.java:493) [druid-1.0.11.jar:1.0.11]
	at sun.reflect.NativeMethodAccessorImpl.invoke0(Native Method) ~[na:1.8.0_131]
	at sun.reflect.NativeMethodAccessorImpl.invoke(NativeMethodAccessorImpl.java:62) ~[na:1.8.0_131]
	at sun.reflect.DelegatingMethodAccessorImpl.invoke(DelegatingMethodAccessorImpl.java:43) ~[na:1.8.0_131]
	at java.lang.reflect.Method.invoke(Method.java:498) ~[na:1.8.0_131]
	at org.apache.ibatis.logging.jdbc.PreparedStatementLogger.invoke(PreparedStatementLogger.java:62) [mybatis-3.2.7.jar:3.2.7]
	at com.sun.proxy.$Proxy29.execute(Unknown Source) [na:na]
	at org.apache.ibatis.executor.statement.PreparedStatementHandler.query(PreparedStatementHandler.java:59) [mybatis-3.2.7.jar:3.2.7]
	at org.apache.ibatis.executor.statement.RoutingStatementHandler.query(RoutingStatementHandler.java:73) [mybatis-3.2.7.jar:3.2.7]
	at org.apache.ibatis.executor.SimpleExecutor.doQuery(SimpleExecutor.java:60) [mybatis-3.2.7.jar:3.2.7]
	at org.apache.ibatis.executor.BaseExecutor.queryFromDatabase(BaseExecutor.java:267) [mybatis-3.2.7.jar:3.2.7]
	at org.apache.ibatis.executor.BaseExecutor.query(BaseExecutor.java:137) [mybatis-3.2.7.jar:3.2.7]
	at org.apache.ibatis.executor.BaseExecutor.query(BaseExecutor.java:120) [mybatis-3.2.7.jar:3.2.7]
	at sun.reflect.NativeMethodAccessorImpl.invoke0(Native Method) ~[na:1.8.0_131]
	at sun.reflect.NativeMethodAccessorImpl.invoke(NativeMethodAccessorImpl.java:62) ~[na:1.8.0_131]
	at sun.reflect.DelegatingMethodAccessorImpl.invoke(DelegatingMethodAccessorImpl.java:43) ~[na:1.8.0_131]
	at java.lang.reflect.Method.invoke(Method.java:498) ~[na:1.8.0_131]
	at org.apache.ibatis.plugin.Invocation.proceed(Invocation.java:49) [mybatis-3.2.7.jar:3.2.7]
	at com.jk.framework.dao.paginator.OffsetLimitInterceptor$1.call(OffsetLimitInterceptor.java:93) [jk-framework-dao-0.0.1.jar:0.0.1]
	at com.jk.framework.dao.paginator.OffsetLimitInterceptor$1.call(OffsetLimitInterceptor.java:91) [jk-framework-dao-0.0.1.jar:0.0.1]
	at java.util.concurrent.FutureTask.run(FutureTask.java:266) [na:1.8.0_131]
	at com.jk.framework.dao.paginator.OffsetLimitInterceptor.call(OffsetLimitInterceptor.java:128) [jk-framework-dao-0.0.1.jar:0.0.1]
	at com.jk.framework.dao.paginator.OffsetLimitInterceptor.intercept(OffsetLimitInterceptor.java:91) [jk-framework-dao-0.0.1.jar:0.0.1]
	at org.apache.ibatis.plugin.Plugin.invoke(Plugin.java:60) [mybatis-3.2.7.jar:3.2.7]
	at com.sun.proxy.$Proxy27.query(Unknown Source) [na:na]
	at org.apache.ibatis.session.defaults.DefaultSqlSession.selectList(DefaultSqlSession.java:108) [mybatis-3.2.7.jar:3.2.7]
	at sun.reflect.NativeMethodAccessorImpl.invoke0(Native Method) ~[na:1.8.0_131]
	at sun.reflect.NativeMethodAccessorImpl.invoke(NativeMethodAccessorImpl.java:62) ~[na:1.8.0_131]
	at sun.reflect.DelegatingMethodAccessorImpl.invoke(DelegatingMethodAccessorImpl.java:43) ~[na:1.8.0_131]
	at java.lang.reflect.Method.invoke(Method.java:498) ~[na:1.8.0_131]
	at org.mybatis.spring.SqlSessionTemplate$SqlSessionInterceptor.invoke(SqlSessionTemplate.java:358) [mybatis-spring-1.2.2.jar:1.2.2]
	at com.sun.proxy.$Proxy23.selectList(Unknown Source) [na:na]
	at org.mybatis.spring.SqlSessionTemplate.selectList(SqlSessionTemplate.java:205) [mybatis-spring-1.2.2.jar:1.2.2]
	at com.jk.framework.dao.base.MybatisDaoContext.findForPage(MybatisDaoContext.java:68) [jk-framework-dao-0.0.1.jar:0.0.1]
	at com.taisf.services.user.dao.AccountLogDao.rechargeMoneyLogByPage(AccountLogDao.java:54) [classes/:na]
	at com.taisf.services.test.user.dao.AccountLogDaoTest.rechargeMoneyLogByPageTest(AccountLogDaoTest.java:40) [test-classes/:na]
	at sun.reflect.NativeMethodAccessorImpl.invoke0(Native Method) ~[na:1.8.0_131]
	at sun.reflect.NativeMethodAccessorImpl.invoke(NativeMethodAccessorImpl.java:62) ~[na:1.8.0_131]
	at sun.reflect.DelegatingMethodAccessorImpl.invoke(DelegatingMethodAccessorImpl.java:43) ~[na:1.8.0_131]
	at java.lang.reflect.Method.invoke(Method.java:498) ~[na:1.8.0_131]
	at org.junit.runners.model.FrameworkMethod$1.runReflectiveCall(FrameworkMethod.java:45) [junit-4.10.jar:na]
	at org.junit.internal.runners.model.ReflectiveCallable.run(ReflectiveCallable.java:15) [junit-4.10.jar:na]
	at org.junit.runners.model.FrameworkMethod.invokeExplosively(FrameworkMethod.java:42) [junit-4.10.jar:na]
	at org.junit.internal.runners.statements.InvokeMethod.evaluate(InvokeMethod.java:20) [junit-4.10.jar:na]
	at org.springframework.test.context.junit4.statements.RunBeforeTestMethodCallbacks.evaluate(RunBeforeTestMethodCallbacks.java:72) [spring-test-4.1.0.RELEASE.jar:4.1.0.RELEASE]
	at org.springframework.test.context.junit4.statements.RunAfterTestMethodCallbacks.evaluate(RunAfterTestMethodCallbacks.java:81) [spring-test-4.1.0.RELEASE.jar:4.1.0.RELEASE]
	at org.springframework.test.context.junit4.statements.SpringRepeat.evaluate(SpringRepeat.java:72) [spring-test-4.1.0.RELEASE.jar:4.1.0.RELEASE]
	at org.junit.runners.ParentRunner.runLeaf(ParentRunner.java:263) [junit-4.10.jar:na]
	at org.springframework.test.context.junit4.SpringJUnit4ClassRunner.runChild(SpringJUnit4ClassRunner.java:216) [spring-test-4.1.0.RELEASE.jar:4.1.0.RELEASE]
	at org.springframework.test.context.junit4.SpringJUnit4ClassRunner.runChild(SpringJUnit4ClassRunner.java:82) [spring-test-4.1.0.RELEASE.jar:4.1.0.RELEASE]
	at org.junit.runners.ParentRunner$3.run(ParentRunner.java:231) [junit-4.10.jar:na]
	at org.junit.runners.ParentRunner$1.schedule(ParentRunner.java:60) [junit-4.10.jar:na]
	at org.junit.runners.ParentRunner.runChildren(ParentRunner.java:229) [junit-4.10.jar:na]
	at org.junit.runners.ParentRunner.access$000(ParentRunner.java:50) [junit-4.10.jar:na]
	at org.junit.runners.ParentRunner$2.evaluate(ParentRunner.java:222) [junit-4.10.jar:na]
	at org.springframework.test.context.junit4.statements.RunBeforeTestClassCallbacks.evaluate(RunBeforeTestClassCallbacks.java:60) [spring-test-4.1.0.RELEASE.jar:4.1.0.RELEASE]
	at org.springframework.test.context.junit4.statements.RunAfterTestClassCallbacks.evaluate(RunAfterTestClassCallbacks.java:67) [spring-test-4.1.0.RELEASE.jar:4.1.0.RELEASE]
	at org.junit.runners.ParentRunner.run(ParentRunner.java:300) [junit-4.10.jar:na]
	at org.springframework.test.context.junit4.SpringJUnit4ClassRunner.run(SpringJUnit4ClassRunner.java:162) [spring-test-4.1.0.RELEASE.jar:4.1.0.RELEASE]
	at org.junit.runner.JUnitCore.run(JUnitCore.java:157) [junit-4.10.jar:na]
	at com.intellij.junit4.JUnit4IdeaTestRunner.startRunnerWithArgs(JUnit4IdeaTestRunner.java:68) [junit-rt.jar:na]
	at com.intellij.rt.execution.junit.IdeaTestRunner$Repeater.startRunnerWithArgs(IdeaTestRunner.java:51) [junit-rt.jar:na]
	at com.intellij.rt.execution.junit.JUnitStarter.prepareStreamsAndStart(JUnitStarter.java:237) [junit-rt.jar:na]
	at com.intellij.rt.execution.junit.JUnitStarter.main(JUnitStarter.java:70) [junit-rt.jar:na]
2018-04-02 14:39:56.962 [main] ERROR druid.sql.Statement - {conn-110002, pstmt-120001} execute error. select count(1) from (select
      t.id, t.user_id, t.title, t.account_type,  t.biz_money, t.biz_status, t.biz_sn, t.create_time
      u.user_name,  u.user_phone
    from t_user_account_log t
      inner join t_user u on t.user_id = u.user_uid
    where  t.account_type = 4  and u.biz_code = ?

     

     
     

    ORDER BY t.id DESC) tmp_count
com.mysql.jdbc.exceptions.jdbc4.MySQLSyntaxErrorException: You have an error in your SQL syntax; check the manual that corresponds to your MySQL server version for the right syntax to use near '.user_name,  u.user_phone
    from t_user_account_log t
      inner join t_user ' at line 3
	at sun.reflect.NativeConstructorAccessorImpl.newInstance0(Native Method) ~[na:1.8.0_131]
	at sun.reflect.NativeConstructorAccessorImpl.newInstance(NativeConstructorAccessorImpl.java:62) ~[na:1.8.0_131]
	at sun.reflect.DelegatingConstructorAccessorImpl.newInstance(DelegatingConstructorAccessorImpl.java:45) ~[na:1.8.0_131]
	at java.lang.reflect.Constructor.newInstance(Constructor.java:423) ~[na:1.8.0_131]
	at com.mysql.jdbc.Util.handleNewInstance(Util.java:377) ~[mysql-connector-java-5.1.33.jar:5.1.33]
	at com.mysql.jdbc.Util.getInstance(Util.java:360) ~[mysql-connector-java-5.1.33.jar:5.1.33]
	at com.mysql.jdbc.SQLError.createSQLException(SQLError.java:978) ~[mysql-connector-java-5.1.33.jar:5.1.33]
	at com.mysql.jdbc.MysqlIO.checkErrorPacket(MysqlIO.java:3887) ~[mysql-connector-java-5.1.33.jar:5.1.33]
	at com.mysql.jdbc.MysqlIO.checkErrorPacket(MysqlIO.java:3823) ~[mysql-connector-java-5.1.33.jar:5.1.33]
	at com.mysql.jdbc.MysqlIO.sendCommand(MysqlIO.java:2435) ~[mysql-connector-java-5.1.33.jar:5.1.33]
	at com.mysql.jdbc.MysqlIO.sqlQueryDirect(MysqlIO.java:2582) ~[mysql-connector-java-5.1.33.jar:5.1.33]
	at com.mysql.jdbc.ConnectionImpl.execSQL(ConnectionImpl.java:2530) ~[mysql-connector-java-5.1.33.jar:5.1.33]
	at com.mysql.jdbc.PreparedStatement.executeInternal(PreparedStatement.java:1907) ~[mysql-connector-java-5.1.33.jar:5.1.33]
	at com.mysql.jdbc.PreparedStatement.executeQuery(PreparedStatement.java:2030) ~[mysql-connector-java-5.1.33.jar:5.1.33]
	at com.alibaba.druid.filter.FilterChainImpl.preparedStatement_executeQuery(FilterChainImpl.java:2714) [druid-1.0.11.jar:1.0.11]
	at com.alibaba.druid.filter.FilterEventAdapter.preparedStatement_executeQuery(FilterEventAdapter.java:465) [druid-1.0.11.jar:1.0.11]
	at com.alibaba.druid.filter.FilterChainImpl.preparedStatement_executeQuery(FilterChainImpl.java:2711) [druid-1.0.11.jar:1.0.11]
	at com.alibaba.druid.filter.FilterEventAdapter.preparedStatement_executeQuery(FilterEventAdapter.java:465) [druid-1.0.11.jar:1.0.11]
	at com.alibaba.druid.filter.FilterChainImpl.preparedStatement_executeQuery(FilterChainImpl.java:2711) [druid-1.0.11.jar:1.0.11]
	at com.alibaba.druid.proxy.jdbc.PreparedStatementProxyImpl.executeQuery(PreparedStatementProxyImpl.java:132) [druid-1.0.11.jar:1.0.11]
	at com.alibaba.druid.pool.DruidPooledPreparedStatement.executeQuery(DruidPooledPreparedStatement.java:227) [druid-1.0.11.jar:1.0.11]
	at com.jk.framework.dao.support.SQLHelp.getCount(SQLHelp.java:45) [jk-framework-dao-0.0.1.jar:0.0.1]
	at com.jk.framework.dao.paginator.OffsetLimitInterceptor$2.call(OffsetLimitInterceptor.java:111) [jk-framework-dao-0.0.1.jar:0.0.1]
	at java.util.concurrent.FutureTask.run(FutureTask.java:266) [na:1.8.0_131]
	at com.jk.framework.dao.paginator.OffsetLimitInterceptor.call(OffsetLimitInterceptor.java:128) [jk-framework-dao-0.0.1.jar:0.0.1]
	at com.jk.framework.dao.paginator.OffsetLimitInterceptor.intercept(OffsetLimitInterceptor.java:116) [jk-framework-dao-0.0.1.jar:0.0.1]
	at org.apache.ibatis.plugin.Plugin.invoke(Plugin.java:60) [mybatis-3.2.7.jar:3.2.7]
	at com.sun.proxy.$Proxy27.query(Unknown Source) [na:na]
	at org.apache.ibatis.session.defaults.DefaultSqlSession.selectList(DefaultSqlSession.java:108) [mybatis-3.2.7.jar:3.2.7]
	at sun.reflect.NativeMethodAccessorImpl.invoke0(Native Method) ~[na:1.8.0_131]
	at sun.reflect.NativeMethodAccessorImpl.invoke(NativeMethodAccessorImpl.java:62) ~[na:1.8.0_131]
	at sun.reflect.DelegatingMethodAccessorImpl.invoke(DelegatingMethodAccessorImpl.java:43) ~[na:1.8.0_131]
	at java.lang.reflect.Method.invoke(Method.java:498) ~[na:1.8.0_131]
	at org.mybatis.spring.SqlSessionTemplate$SqlSessionInterceptor.invoke(SqlSessionTemplate.java:358) [mybatis-spring-1.2.2.jar:1.2.2]
	at com.sun.proxy.$Proxy23.selectList(Unknown Source) [na:na]
	at org.mybatis.spring.SqlSessionTemplate.selectList(SqlSessionTemplate.java:205) [mybatis-spring-1.2.2.jar:1.2.2]
	at com.jk.framework.dao.base.MybatisDaoContext.findForPage(MybatisDaoContext.java:68) [jk-framework-dao-0.0.1.jar:0.0.1]
	at com.taisf.services.user.dao.AccountLogDao.rechargeMoneyLogByPage(AccountLogDao.java:54) [classes/:na]
	at com.taisf.services.test.user.dao.AccountLogDaoTest.rechargeMoneyLogByPageTest(AccountLogDaoTest.java:40) [test-classes/:na]
	at sun.reflect.NativeMethodAccessorImpl.invoke0(Native Method) ~[na:1.8.0_131]
	at sun.reflect.NativeMethodAccessorImpl.invoke(NativeMethodAccessorImpl.java:62) ~[na:1.8.0_131]
	at sun.reflect.DelegatingMethodAccessorImpl.invoke(DelegatingMethodAccessorImpl.java:43) ~[na:1.8.0_131]
	at java.lang.reflect.Method.invoke(Method.java:498) ~[na:1.8.0_131]
	at org.junit.runners.model.FrameworkMethod$1.runReflectiveCall(FrameworkMethod.java:45) [junit-4.10.jar:na]
	at org.junit.internal.runners.model.ReflectiveCallable.run(ReflectiveCallable.java:15) [junit-4.10.jar:na]
	at org.junit.runners.model.FrameworkMethod.invokeExplosively(FrameworkMethod.java:42) [junit-4.10.jar:na]
	at org.junit.internal.runners.statements.InvokeMethod.evaluate(InvokeMethod.java:20) [junit-4.10.jar:na]
	at org.springframework.test.context.junit4.statements.RunBeforeTestMethodCallbacks.evaluate(RunBeforeTestMethodCallbacks.java:72) [spring-test-4.1.0.RELEASE.jar:4.1.0.RELEASE]
	at org.springframework.test.context.junit4.statements.RunAfterTestMethodCallbacks.evaluate(RunAfterTestMethodCallbacks.java:81) [spring-test-4.1.0.RELEASE.jar:4.1.0.RELEASE]
	at org.springframework.test.context.junit4.statements.SpringRepeat.evaluate(SpringRepeat.java:72) [spring-test-4.1.0.RELEASE.jar:4.1.0.RELEASE]
	at org.junit.runners.ParentRunner.runLeaf(ParentRunner.java:263) [junit-4.10.jar:na]
	at org.springframework.test.context.junit4.SpringJUnit4ClassRunner.runChild(SpringJUnit4ClassRunner.java:216) [spring-test-4.1.0.RELEASE.jar:4.1.0.RELEASE]
	at org.springframework.test.context.junit4.SpringJUnit4ClassRunner.runChild(SpringJUnit4ClassRunner.java:82) [spring-test-4.1.0.RELEASE.jar:4.1.0.RELEASE]
	at org.junit.runners.ParentRunner$3.run(ParentRunner.java:231) [junit-4.10.jar:na]
	at org.junit.runners.ParentRunner$1.schedule(ParentRunner.java:60) [junit-4.10.jar:na]
	at org.junit.runners.ParentRunner.runChildren(ParentRunner.java:229) [junit-4.10.jar:na]
	at org.junit.runners.ParentRunner.access$000(ParentRunner.java:50) [junit-4.10.jar:na]
	at org.junit.runners.ParentRunner$2.evaluate(ParentRunner.java:222) [junit-4.10.jar:na]
	at org.springframework.test.context.junit4.statements.RunBeforeTestClassCallbacks.evaluate(RunBeforeTestClassCallbacks.java:60) [spring-test-4.1.0.RELEASE.jar:4.1.0.RELEASE]
	at org.springframework.test.context.junit4.statements.RunAfterTestClassCallbacks.evaluate(RunAfterTestClassCallbacks.java:67) [spring-test-4.1.0.RELEASE.jar:4.1.0.RELEASE]
	at org.junit.runners.ParentRunner.run(ParentRunner.java:300) [junit-4.10.jar:na]
	at org.springframework.test.context.junit4.SpringJUnit4ClassRunner.run(SpringJUnit4ClassRunner.java:162) [spring-test-4.1.0.RELEASE.jar:4.1.0.RELEASE]
	at org.junit.runner.JUnitCore.run(JUnitCore.java:157) [junit-4.10.jar:na]
	at com.intellij.junit4.JUnit4IdeaTestRunner.startRunnerWithArgs(JUnit4IdeaTestRunner.java:68) [junit-rt.jar:na]
	at com.intellij.rt.execution.junit.IdeaTestRunner$Repeater.startRunnerWithArgs(IdeaTestRunner.java:51) [junit-rt.jar:na]
	at com.intellij.rt.execution.junit.JUnitStarter.prepareStreamsAndStart(JUnitStarter.java:237) [junit-rt.jar:na]
	at com.intellij.rt.execution.junit.JUnitStarter.main(JUnitStarter.java:70) [junit-rt.jar:na]
2018-04-02 14:39:56.963 [main] ERROR druid.sql.Statement - {conn-110002, pstmt-120001} execute error. select count(1) from (select
      t.id, t.user_id, t.title, t.account_type,  t.biz_money, t.biz_status, t.biz_sn, t.create_time
      u.user_name,  u.user_phone
    from t_user_account_log t
      inner join t_user u on t.user_id = u.user_uid
    where  t.account_type = 4  and u.biz_code = ?

     

     
     

    ORDER BY t.id DESC) tmp_count
com.mysql.jdbc.exceptions.jdbc4.MySQLSyntaxErrorException: You have an error in your SQL syntax; check the manual that corresponds to your MySQL server version for the right syntax to use near '.user_name,  u.user_phone
    from t_user_account_log t
      inner join t_user ' at line 3
	at sun.reflect.NativeConstructorAccessorImpl.newInstance0(Native Method) ~[na:1.8.0_131]
	at sun.reflect.NativeConstructorAccessorImpl.newInstance(NativeConstructorAccessorImpl.java:62) ~[na:1.8.0_131]
	at sun.reflect.DelegatingConstructorAccessorImpl.newInstance(DelegatingConstructorAccessorImpl.java:45) ~[na:1.8.0_131]
	at java.lang.reflect.Constructor.newInstance(Constructor.java:423) ~[na:1.8.0_131]
	at com.mysql.jdbc.Util.handleNewInstance(Util.java:377) ~[mysql-connector-java-5.1.33.jar:5.1.33]
	at com.mysql.jdbc.Util.getInstance(Util.java:360) ~[mysql-connector-java-5.1.33.jar:5.1.33]
	at com.mysql.jdbc.SQLError.createSQLException(SQLError.java:978) ~[mysql-connector-java-5.1.33.jar:5.1.33]
	at com.mysql.jdbc.MysqlIO.checkErrorPacket(MysqlIO.java:3887) ~[mysql-connector-java-5.1.33.jar:5.1.33]
	at com.mysql.jdbc.MysqlIO.checkErrorPacket(MysqlIO.java:3823) ~[mysql-connector-java-5.1.33.jar:5.1.33]
	at com.mysql.jdbc.MysqlIO.sendCommand(MysqlIO.java:2435) ~[mysql-connector-java-5.1.33.jar:5.1.33]
	at com.mysql.jdbc.MysqlIO.sqlQueryDirect(MysqlIO.java:2582) ~[mysql-connector-java-5.1.33.jar:5.1.33]
	at com.mysql.jdbc.ConnectionImpl.execSQL(ConnectionImpl.java:2530) ~[mysql-connector-java-5.1.33.jar:5.1.33]
	at com.mysql.jdbc.PreparedStatement.executeInternal(PreparedStatement.java:1907) ~[mysql-connector-java-5.1.33.jar:5.1.33]
	at com.mysql.jdbc.PreparedStatement.executeQuery(PreparedStatement.java:2030) ~[mysql-connector-java-5.1.33.jar:5.1.33]
	at com.alibaba.druid.filter.FilterChainImpl.preparedStatement_executeQuery(FilterChainImpl.java:2714) [druid-1.0.11.jar:1.0.11]
	at com.alibaba.druid.filter.FilterEventAdapter.preparedStatement_executeQuery(FilterEventAdapter.java:465) ~[druid-1.0.11.jar:1.0.11]
	at com.alibaba.druid.filter.FilterChainImpl.preparedStatement_executeQuery(FilterChainImpl.java:2711) [druid-1.0.11.jar:1.0.11]
	at com.alibaba.druid.filter.FilterEventAdapter.preparedStatement_executeQuery(FilterEventAdapter.java:465) ~[druid-1.0.11.jar:1.0.11]
	at com.alibaba.druid.filter.FilterChainImpl.preparedStatement_executeQuery(FilterChainImpl.java:2711) [druid-1.0.11.jar:1.0.11]
	at com.alibaba.druid.proxy.jdbc.PreparedStatementProxyImpl.executeQuery(PreparedStatementProxyImpl.java:132) [druid-1.0.11.jar:1.0.11]
	at com.alibaba.druid.pool.DruidPooledPreparedStatement.executeQuery(DruidPooledPreparedStatement.java:227) [druid-1.0.11.jar:1.0.11]
	at com.jk.framework.dao.support.SQLHelp.getCount(SQLHelp.java:45) [jk-framework-dao-0.0.1.jar:0.0.1]
	at com.jk.framework.dao.paginator.OffsetLimitInterceptor$2.call(OffsetLimitInterceptor.java:111) [jk-framework-dao-0.0.1.jar:0.0.1]
	at java.util.concurrent.FutureTask.run(FutureTask.java:266) [na:1.8.0_131]
	at com.jk.framework.dao.paginator.OffsetLimitInterceptor.call(OffsetLimitInterceptor.java:128) [jk-framework-dao-0.0.1.jar:0.0.1]
	at com.jk.framework.dao.paginator.OffsetLimitInterceptor.intercept(OffsetLimitInterceptor.java:116) [jk-framework-dao-0.0.1.jar:0.0.1]
	at org.apache.ibatis.plugin.Plugin.invoke(Plugin.java:60) [mybatis-3.2.7.jar:3.2.7]
	at com.sun.proxy.$Proxy27.query(Unknown Source) [na:na]
	at org.apache.ibatis.session.defaults.DefaultSqlSession.selectList(DefaultSqlSession.java:108) [mybatis-3.2.7.jar:3.2.7]
	at sun.reflect.NativeMethodAccessorImpl.invoke0(Native Method) ~[na:1.8.0_131]
	at sun.reflect.NativeMethodAccessorImpl.invoke(NativeMethodAccessorImpl.java:62) ~[na:1.8.0_131]
	at sun.reflect.DelegatingMethodAccessorImpl.invoke(DelegatingMethodAccessorImpl.java:43) ~[na:1.8.0_131]
	at java.lang.reflect.Method.invoke(Method.java:498) ~[na:1.8.0_131]
	at org.mybatis.spring.SqlSessionTemplate$SqlSessionInterceptor.invoke(SqlSessionTemplate.java:358) [mybatis-spring-1.2.2.jar:1.2.2]
	at com.sun.proxy.$Proxy23.selectList(Unknown Source) [na:na]
	at org.mybatis.spring.SqlSessionTemplate.selectList(SqlSessionTemplate.java:205) [mybatis-spring-1.2.2.jar:1.2.2]
	at com.jk.framework.dao.base.MybatisDaoContext.findForPage(MybatisDaoContext.java:68) [jk-framework-dao-0.0.1.jar:0.0.1]
	at com.taisf.services.user.dao.AccountLogDao.rechargeMoneyLogByPage(AccountLogDao.java:54) [classes/:na]
	at com.taisf.services.test.user.dao.AccountLogDaoTest.rechargeMoneyLogByPageTest(AccountLogDaoTest.java:40) [test-classes/:na]
	at sun.reflect.NativeMethodAccessorImpl.invoke0(Native Method) ~[na:1.8.0_131]
	at sun.reflect.NativeMethodAccessorImpl.invoke(NativeMethodAccessorImpl.java:62) ~[na:1.8.0_131]
	at sun.reflect.DelegatingMethodAccessorImpl.invoke(DelegatingMethodAccessorImpl.java:43) ~[na:1.8.0_131]
	at java.lang.reflect.Method.invoke(Method.java:498) ~[na:1.8.0_131]
	at org.junit.runners.model.FrameworkMethod$1.runReflectiveCall(FrameworkMethod.java:45) [junit-4.10.jar:na]
	at org.junit.internal.runners.model.ReflectiveCallable.run(ReflectiveCallable.java:15) [junit-4.10.jar:na]
	at org.junit.runners.model.FrameworkMethod.invokeExplosively(FrameworkMethod.java:42) [junit-4.10.jar:na]
	at org.junit.internal.runners.statements.InvokeMethod.evaluate(InvokeMethod.java:20) [junit-4.10.jar:na]
	at org.springframework.test.context.junit4.statements.RunBeforeTestMethodCallbacks.evaluate(RunBeforeTestMethodCallbacks.java:72) [spring-test-4.1.0.RELEASE.jar:4.1.0.RELEASE]
	at org.springframework.test.context.junit4.statements.RunAfterTestMethodCallbacks.evaluate(RunAfterTestMethodCallbacks.java:81) [spring-test-4.1.0.RELEASE.jar:4.1.0.RELEASE]
	at org.springframework.test.context.junit4.statements.SpringRepeat.evaluate(SpringRepeat.java:72) [spring-test-4.1.0.RELEASE.jar:4.1.0.RELEASE]
	at org.junit.runners.ParentRunner.runLeaf(ParentRunner.java:263) [junit-4.10.jar:na]
	at org.springframework.test.context.junit4.SpringJUnit4ClassRunner.runChild(SpringJUnit4ClassRunner.java:216) [spring-test-4.1.0.RELEASE.jar:4.1.0.RELEASE]
	at org.springframework.test.context.junit4.SpringJUnit4ClassRunner.runChild(SpringJUnit4ClassRunner.java:82) [spring-test-4.1.0.RELEASE.jar:4.1.0.RELEASE]
	at org.junit.runners.ParentRunner$3.run(ParentRunner.java:231) [junit-4.10.jar:na]
	at org.junit.runners.ParentRunner$1.schedule(ParentRunner.java:60) [junit-4.10.jar:na]
	at org.junit.runners.ParentRunner.runChildren(ParentRunner.java:229) [junit-4.10.jar:na]
	at org.junit.runners.ParentRunner.access$000(ParentRunner.java:50) [junit-4.10.jar:na]
	at org.junit.runners.ParentRunner$2.evaluate(ParentRunner.java:222) [junit-4.10.jar:na]
	at org.springframework.test.context.junit4.statements.RunBeforeTestClassCallbacks.evaluate(RunBeforeTestClassCallbacks.java:60) [spring-test-4.1.0.RELEASE.jar:4.1.0.RELEASE]
	at org.springframework.test.context.junit4.statements.RunAfterTestClassCallbacks.evaluate(RunAfterTestClassCallbacks.java:67) [spring-test-4.1.0.RELEASE.jar:4.1.0.RELEASE]
	at org.junit.runners.ParentRunner.run(ParentRunner.java:300) [junit-4.10.jar:na]
	at org.springframework.test.context.junit4.SpringJUnit4ClassRunner.run(SpringJUnit4ClassRunner.java:162) [spring-test-4.1.0.RELEASE.jar:4.1.0.RELEASE]
	at org.junit.runner.JUnitCore.run(JUnitCore.java:157) [junit-4.10.jar:na]
	at com.intellij.junit4.JUnit4IdeaTestRunner.startRunnerWithArgs(JUnit4IdeaTestRunner.java:68) [junit-rt.jar:na]
	at com.intellij.rt.execution.junit.IdeaTestRunner$Repeater.startRunnerWithArgs(IdeaTestRunner.java:51) [junit-rt.jar:na]
	at com.intellij.rt.execution.junit.JUnitStarter.prepareStreamsAndStart(JUnitStarter.java:237) [junit-rt.jar:na]
	at com.intellij.rt.execution.junit.JUnitStarter.main(JUnitStarter.java:70) [junit-rt.jar:na]
