2019-09-25 10:33:53.373 [main] ERROR com.jk.framework.common.utils.CloseableHttpUtil - 调用参数 url:http://open.iplitz.com/api/open/digest/get，param：{"AppId":"350a78e474ae4459b195d2af1a29f2d4","Timestamp":1569378802571,"Digest":null,"DeviceId":"1f088093eb117f8520da8e7758bc3e8e"}，headerMap：null rst:null
2019-09-25 10:33:53.383 [main] ERROR com.jk.framework.common.utils.CloseableHttpUtil - 执行远程调用失败 e:{}
java.net.UnknownHostException: open.iplitz.com: nodename nor servname provided, or not known
	at java.net.Inet6AddressImpl.lookupAllHostAddr(Native Method) ~[na:1.8.0_131]
	at java.net.InetAddress$2.lookupAllHostAddr(InetAddress.java:928) ~[na:1.8.0_131]
	at java.net.InetAddress.getAddressesFromNameService(InetAddress.java:1323) ~[na:1.8.0_131]
	at java.net.InetAddress.getAllByName0(InetAddress.java:1276) ~[na:1.8.0_131]
	at java.net.InetAddress.getAllByName(InetAddress.java:1192) ~[na:1.8.0_131]
	at java.net.InetAddress.getAllByName(InetAddress.java:1126) ~[na:1.8.0_131]
	at org.apache.http.impl.conn.SystemDefaultDnsResolver.resolve(SystemDefaultDnsResolver.java:45) ~[httpclient-4.4.1.jar:4.4.1]
	at org.apache.http.impl.conn.DefaultHttpClientConnectionOperator.connect(DefaultHttpClientConnectionOperator.java:111) ~[httpclient-4.4.1.jar:4.4.1]
	at org.apache.http.impl.conn.PoolingHttpClientConnectionManager.connect(PoolingHttpClientConnectionManager.java:353) ~[httpclient-4.4.1.jar:4.4.1]
	at org.apache.http.impl.execchain.MainClientExec.establishRoute(MainClientExec.java:380) ~[httpclient-4.4.1.jar:4.4.1]
	at org.apache.http.impl.execchain.MainClientExec.execute(MainClientExec.java:236) ~[httpclient-4.4.1.jar:4.4.1]
	at org.apache.http.impl.execchain.ProtocolExec.execute(ProtocolExec.java:184) ~[httpclient-4.4.1.jar:4.4.1]
	at org.apache.http.impl.execchain.RetryExec.execute(RetryExec.java:88) ~[httpclient-4.4.1.jar:4.4.1]
	at org.apache.http.impl.execchain.RedirectExec.execute(RedirectExec.java:110) ~[httpclient-4.4.1.jar:4.4.1]
	at org.apache.http.impl.client.InternalHttpClient.doExecute(InternalHttpClient.java:184) ~[httpclient-4.4.1.jar:4.4.1]
	at org.apache.http.impl.client.CloseableHttpClient.execute(CloseableHttpClient.java:82) ~[httpclient-4.4.1.jar:4.4.1]
	at org.apache.http.impl.client.CloseableHttpClient.execute(CloseableHttpClient.java:107) ~[httpclient-4.4.1.jar:4.4.1]
	at com.jk.framework.common.utils.CloseableHttpUtil.sendPost(CloseableHttpUtil.java:131) [jk-framework-common-0.0.1.jar:0.0.1]
	at com.jk.framework.common.utils.CloseableHttpUtil.sendPost(CloseableHttpUtil.java:102) [jk-framework-common-0.0.1.jar:0.0.1]
	at com.taisf.services.link.command.client.LinkClient.trans2Sign(LinkClient.java:81) [classes/:na]
	at com.taisf.services.link.service.LinkServoice.getDeviceStatus(LinkServoice.java:73) [classes/:na]
	at com.taisf.services.link.base.LinkServiceTest.getDeviceStatusTest(LinkServiceTest.java:33) [test-classes/:na]
	at sun.reflect.NativeMethodAccessorImpl.invoke0(Native Method) ~[na:1.8.0_131]
	at sun.reflect.NativeMethodAccessorImpl.invoke(NativeMethodAccessorImpl.java:62) ~[na:1.8.0_131]
	at sun.reflect.DelegatingMethodAccessorImpl.invoke(DelegatingMethodAccessorImpl.java:43) ~[na:1.8.0_131]
	at java.lang.reflect.Method.invoke(Method.java:498) ~[na:1.8.0_131]
	at org.junit.runners.model.FrameworkMethod$1.runReflectiveCall(FrameworkMethod.java:45) [junit-4.10.jar:na]
	at org.junit.internal.runners.model.ReflectiveCallable.run(ReflectiveCallable.java:15) [junit-4.10.jar:na]
	at org.junit.runners.model.FrameworkMethod.invokeExplosively(FrameworkMethod.java:42) [junit-4.10.jar:na]
	at org.junit.internal.runners.statements.InvokeMethod.evaluate(InvokeMethod.java:20) [junit-4.10.jar:na]
	at org.springframework.test.context.junit4.statements.RunBeforeTestMethodCallbacks.evaluate(RunBeforeTestMethodCallbacks.java:72) [spring-test-4.1.0.RELEASE.jar:4.1.0.RELEASE]
	at org.springframework.test.context.junit4.statements.RunAfterTestMethodCallbacks.evaluate(RunAfterTestMethodCallbacks.java:81) [spring-test-4.1.0.RELEASE.jar:4.1.0.RELEASE]
	at org.springframework.test.context.junit4.statements.SpringRepeat.evaluate(SpringRepeat.java:72) [spring-test-4.1.0.RELEASE.jar:4.1.0.RELEASE]
	at org.junit.runners.ParentRunner.runLeaf(ParentRunner.java:263) [junit-4.10.jar:na]
	at org.springframework.test.context.junit4.SpringJUnit4ClassRunner.runChild(SpringJUnit4ClassRunner.java:216) [spring-test-4.1.0.RELEASE.jar:4.1.0.RELEASE]
	at org.springframework.test.context.junit4.SpringJUnit4ClassRunner.runChild(SpringJUnit4ClassRunner.java:82) [spring-test-4.1.0.RELEASE.jar:4.1.0.RELEASE]
	at org.junit.runners.ParentRunner$3.run(ParentRunner.java:231) [junit-4.10.jar:na]
	at org.junit.runners.ParentRunner$1.schedule(ParentRunner.java:60) [junit-4.10.jar:na]
	at org.junit.runners.ParentRunner.runChildren(ParentRunner.java:229) [junit-4.10.jar:na]
	at org.junit.runners.ParentRunner.access$000(ParentRunner.java:50) [junit-4.10.jar:na]
	at org.junit.runners.ParentRunner$2.evaluate(ParentRunner.java:222) [junit-4.10.jar:na]
	at org.springframework.test.context.junit4.statements.RunBeforeTestClassCallbacks.evaluate(RunBeforeTestClassCallbacks.java:60) [spring-test-4.1.0.RELEASE.jar:4.1.0.RELEASE]
	at org.springframework.test.context.junit4.statements.RunAfterTestClassCallbacks.evaluate(RunAfterTestClassCallbacks.java:67) [spring-test-4.1.0.RELEASE.jar:4.1.0.RELEASE]
	at org.junit.runners.ParentRunner.run(ParentRunner.java:300) [junit-4.10.jar:na]
	at org.springframework.test.context.junit4.SpringJUnit4ClassRunner.run(SpringJUnit4ClassRunner.java:162) [spring-test-4.1.0.RELEASE.jar:4.1.0.RELEASE]
	at org.junit.runner.JUnitCore.run(JUnitCore.java:157) [junit-4.10.jar:na]
	at com.intellij.junit4.JUnit4IdeaTestRunner.startRunnerWithArgs(JUnit4IdeaTestRunner.java:68) [junit-rt.jar:na]
	at com.intellij.rt.execution.junit.IdeaTestRunner$Repeater.startRunnerWithArgs(IdeaTestRunner.java:51) [junit-rt.jar:na]
	at com.intellij.rt.execution.junit.JUnitStarter.prepareStreamsAndStart(JUnitStarter.java:237) [junit-rt.jar:na]
	at com.intellij.rt.execution.junit.JUnitStarter.main(JUnitStarter.java:70) [junit-rt.jar:na]
2019-09-25 10:35:34.864 [main] ERROR com.jk.framework.common.utils.CloseableHttpUtil - 调用参数 url:http://open.iplitz.com/api/open/digest/get，param：{"AppId":"350a78e474ae4459b195d2af1a29f2d4","Timestamp":1569378904232,"Digest":null,"DeviceId":"1f088093eb117f8520da8e7758bc3e8e"}，headerMap：null rst:null
2019-09-25 10:35:34.871 [main] ERROR com.jk.framework.common.utils.CloseableHttpUtil - 执行远程调用失败 e:{}
java.net.UnknownHostException: open.iplitz.com: nodename nor servname provided, or not known
	at java.net.Inet6AddressImpl.lookupAllHostAddr(Native Method) ~[na:1.8.0_131]
	at java.net.InetAddress$2.lookupAllHostAddr(InetAddress.java:928) ~[na:1.8.0_131]
	at java.net.InetAddress.getAddressesFromNameService(InetAddress.java:1323) ~[na:1.8.0_131]
	at java.net.InetAddress.getAllByName0(InetAddress.java:1276) ~[na:1.8.0_131]
	at java.net.InetAddress.getAllByName(InetAddress.java:1192) ~[na:1.8.0_131]
	at java.net.InetAddress.getAllByName(InetAddress.java:1126) ~[na:1.8.0_131]
	at org.apache.http.impl.conn.SystemDefaultDnsResolver.resolve(SystemDefaultDnsResolver.java:45) ~[httpclient-4.4.1.jar:4.4.1]
	at org.apache.http.impl.conn.DefaultHttpClientConnectionOperator.connect(DefaultHttpClientConnectionOperator.java:111) ~[httpclient-4.4.1.jar:4.4.1]
	at org.apache.http.impl.conn.PoolingHttpClientConnectionManager.connect(PoolingHttpClientConnectionManager.java:353) ~[httpclient-4.4.1.jar:4.4.1]
	at org.apache.http.impl.execchain.MainClientExec.establishRoute(MainClientExec.java:380) ~[httpclient-4.4.1.jar:4.4.1]
	at org.apache.http.impl.execchain.MainClientExec.execute(MainClientExec.java:236) ~[httpclient-4.4.1.jar:4.4.1]
	at org.apache.http.impl.execchain.ProtocolExec.execute(ProtocolExec.java:184) ~[httpclient-4.4.1.jar:4.4.1]
	at org.apache.http.impl.execchain.RetryExec.execute(RetryExec.java:88) ~[httpclient-4.4.1.jar:4.4.1]
	at org.apache.http.impl.execchain.RedirectExec.execute(RedirectExec.java:110) ~[httpclient-4.4.1.jar:4.4.1]
	at org.apache.http.impl.client.InternalHttpClient.doExecute(InternalHttpClient.java:184) ~[httpclient-4.4.1.jar:4.4.1]
	at org.apache.http.impl.client.CloseableHttpClient.execute(CloseableHttpClient.java:82) ~[httpclient-4.4.1.jar:4.4.1]
	at org.apache.http.impl.client.CloseableHttpClient.execute(CloseableHttpClient.java:107) ~[httpclient-4.4.1.jar:4.4.1]
	at com.jk.framework.common.utils.CloseableHttpUtil.sendPost(CloseableHttpUtil.java:131) [jk-framework-common-0.0.1.jar:0.0.1]
	at com.jk.framework.common.utils.CloseableHttpUtil.sendPost(CloseableHttpUtil.java:102) [jk-framework-common-0.0.1.jar:0.0.1]
	at com.taisf.services.link.command.client.LinkClient.trans2Sign(LinkClient.java:81) [classes/:na]
	at com.taisf.services.link.service.LinkServoice.getDeviceStatus(LinkServoice.java:73) [classes/:na]
	at com.taisf.services.link.base.LinkServiceTest.getDeviceStatusTest(LinkServiceTest.java:33) [test-classes/:na]
	at sun.reflect.NativeMethodAccessorImpl.invoke0(Native Method) ~[na:1.8.0_131]
	at sun.reflect.NativeMethodAccessorImpl.invoke(NativeMethodAccessorImpl.java:62) ~[na:1.8.0_131]
	at sun.reflect.DelegatingMethodAccessorImpl.invoke(DelegatingMethodAccessorImpl.java:43) ~[na:1.8.0_131]
	at java.lang.reflect.Method.invoke(Method.java:498) ~[na:1.8.0_131]
	at org.junit.runners.model.FrameworkMethod$1.runReflectiveCall(FrameworkMethod.java:45) [junit-4.10.jar:na]
	at org.junit.internal.runners.model.ReflectiveCallable.run(ReflectiveCallable.java:15) [junit-4.10.jar:na]
	at org.junit.runners.model.FrameworkMethod.invokeExplosively(FrameworkMethod.java:42) [junit-4.10.jar:na]
	at org.junit.internal.runners.statements.InvokeMethod.evaluate(InvokeMethod.java:20) [junit-4.10.jar:na]
	at org.springframework.test.context.junit4.statements.RunBeforeTestMethodCallbacks.evaluate(RunBeforeTestMethodCallbacks.java:72) [spring-test-4.1.0.RELEASE.jar:4.1.0.RELEASE]
	at org.springframework.test.context.junit4.statements.RunAfterTestMethodCallbacks.evaluate(RunAfterTestMethodCallbacks.java:81) [spring-test-4.1.0.RELEASE.jar:4.1.0.RELEASE]
	at org.springframework.test.context.junit4.statements.SpringRepeat.evaluate(SpringRepeat.java:72) [spring-test-4.1.0.RELEASE.jar:4.1.0.RELEASE]
	at org.junit.runners.ParentRunner.runLeaf(ParentRunner.java:263) [junit-4.10.jar:na]
	at org.springframework.test.context.junit4.SpringJUnit4ClassRunner.runChild(SpringJUnit4ClassRunner.java:216) [spring-test-4.1.0.RELEASE.jar:4.1.0.RELEASE]
	at org.springframework.test.context.junit4.SpringJUnit4ClassRunner.runChild(SpringJUnit4ClassRunner.java:82) [spring-test-4.1.0.RELEASE.jar:4.1.0.RELEASE]
	at org.junit.runners.ParentRunner$3.run(ParentRunner.java:231) [junit-4.10.jar:na]
	at org.junit.runners.ParentRunner$1.schedule(ParentRunner.java:60) [junit-4.10.jar:na]
	at org.junit.runners.ParentRunner.runChildren(ParentRunner.java:229) [junit-4.10.jar:na]
	at org.junit.runners.ParentRunner.access$000(ParentRunner.java:50) [junit-4.10.jar:na]
	at org.junit.runners.ParentRunner$2.evaluate(ParentRunner.java:222) [junit-4.10.jar:na]
	at org.springframework.test.context.junit4.statements.RunBeforeTestClassCallbacks.evaluate(RunBeforeTestClassCallbacks.java:60) [spring-test-4.1.0.RELEASE.jar:4.1.0.RELEASE]
	at org.springframework.test.context.junit4.statements.RunAfterTestClassCallbacks.evaluate(RunAfterTestClassCallbacks.java:67) [spring-test-4.1.0.RELEASE.jar:4.1.0.RELEASE]
	at org.junit.runners.ParentRunner.run(ParentRunner.java:300) [junit-4.10.jar:na]
	at org.springframework.test.context.junit4.SpringJUnit4ClassRunner.run(SpringJUnit4ClassRunner.java:162) [spring-test-4.1.0.RELEASE.jar:4.1.0.RELEASE]
	at org.junit.runner.JUnitCore.run(JUnitCore.java:157) [junit-4.10.jar:na]
	at com.intellij.junit4.JUnit4IdeaTestRunner.startRunnerWithArgs(JUnit4IdeaTestRunner.java:68) [junit-rt.jar:na]
	at com.intellij.rt.execution.junit.IdeaTestRunner$Repeater.startRunnerWithArgs(IdeaTestRunner.java:51) [junit-rt.jar:na]
	at com.intellij.rt.execution.junit.JUnitStarter.prepareStreamsAndStart(JUnitStarter.java:237) [junit-rt.jar:na]
	at com.intellij.rt.execution.junit.JUnitStarter.main(JUnitStarter.java:70) [junit-rt.jar:na]
